Time : 2/2/2017 4:02:55 AM
1.486951 INFO Goes into Track mode.
5.938917 INFO Goes into Escape mode.
5.972077 INFO Goes into Track mode.
5.97209 INFO Goes into Escape mode.
5.98864 INFO Goes into Track mode.
5.988662 INFO Goes into Escape mode.
6.005177 INFO Goes into Track mode.
6.0052 INFO Goes into Escape mode.
6.02182 INFO Goes into Track mode.
6.021842 INFO Goes into Escape mode.
6.038324 INFO Goes into Track mode.
6.038345 INFO Goes into Escape mode.
6.071435 INFO Goes into Track mode.
6.071456 INFO Goes into Escape mode.
6.088095 INFO Goes into Track mode.
6.088116 INFO Goes into Escape mode.
6.10472 INFO Goes into Track mode.
6.104742 INFO Goes into Escape mode.
6.121121 INFO Goes into Track mode.
6.121142 INFO Goes into Escape mode.
6.137683 INFO Goes into Track mode.
6.137704 INFO Goes into Escape mode.
6.170829 INFO Goes into Track mode.
6.170852 INFO Goes into Escape mode.
6.187438 INFO Goes into Track mode.
6.187458 INFO Goes into Escape mode.
6.203945 INFO Goes into Track mode.
6.203965 INFO Goes into Escape mode.
6.220552 INFO Goes into Track mode.
6.220573 INFO Goes into Escape mode.
6.237178 INFO Goes into Track mode.
6.2372 INFO Goes into Escape mode.
6.270216 INFO Goes into Track mode.
6.270236 INFO Goes into Escape mode.
6.286777 INFO Goes into Track mode.
6.286797 INFO Goes into Escape mode.
6.303397 INFO Goes into Track mode.
6.303419 INFO Goes into Escape mode.
6.31991 INFO Goes into Track mode.
6.319931 INFO Goes into Escape mode.
6.336494 INFO Goes into Track mode.
6.336515 INFO Goes into Escape mode.
6.369622 INFO Goes into Track mode.
6.369642 INFO Goes into Escape mode.
6.386185 INFO Goes into Track mode.
6.386205 INFO Goes into Escape mode.
6.402878 INFO Goes into Track mode.
6.4029 INFO Goes into Escape mode.
6.419366 INFO Goes into Track mode.
6.419389 INFO Goes into Escape mode.
6.435897 INFO Goes into Track mode.
6.435919 INFO Goes into Escape mode.
6.469018 INFO Goes into Track mode.
6.469038 INFO Goes into Escape mode.
6.485607 INFO Goes into Track mode.
6.485629 INFO Goes into Escape mode.
6.502161 INFO Goes into Track mode.
6.502182 INFO Goes into Escape mode.
6.518916 INFO Goes into Track mode.
6.51894 INFO Goes into Escape mode.
6.551861 INFO Goes into Track mode.
6.551884 INFO Goes into Escape mode.
6.568503 INFO Goes into Track mode.
6.568523 INFO Goes into Escape mode.
6.584987 INFO Goes into Track mode.
6.585008 INFO Goes into Escape mode.
6.601616 INFO Goes into Track mode.
6.601638 INFO Goes into Escape mode.
6.61811 INFO Goes into Track mode.
6.61813 INFO Goes into Escape mode.
6.651269 INFO Goes into Track mode.
6.651291 INFO Goes into Escape mode.
6.667808 INFO Goes into Track mode.
6.66783 INFO Goes into Escape mode.
6.684448 INFO Goes into Track mode.
6.68447 INFO Goes into Escape mode.
6.700984 INFO Goes into Track mode.
6.701005 INFO Goes into Escape mode.
6.717515 INFO Goes into Track mode.
6.717534 INFO Goes into Escape mode.
6.750655 INFO Goes into Track mode.
6.750676 INFO Goes into Escape mode.
6.76721 INFO Goes into Track mode.
6.767231 INFO Goes into Escape mode.
6.78378 INFO Goes into Track mode.
6.783801 INFO Goes into Escape mode.
6.800362 INFO Goes into Track mode.
6.800383 INFO Goes into Escape mode.
6.816909 INFO Goes into Track mode.
6.816933 INFO Goes into Escape mode.
6.850073 INFO Goes into Track mode.
6.850094 INFO Goes into Escape mode.
6.866605 INFO Goes into Track mode.
6.866624 INFO Goes into Escape mode.
6.883185 INFO Goes into Track mode.
6.883206 INFO Goes into Escape mode.
6.899812 INFO Goes into Track mode.
6.899831 INFO Goes into Escape mode.
6.91634 INFO Goes into Track mode.
6.916372 INFO Goes into Escape mode.
6.949467 INFO Goes into Track mode.
6.949486 INFO Goes into Escape mode.
6.966003 INFO Goes into Track mode.
6.966024 INFO Goes into Escape mode.
6.98257 INFO Goes into Track mode.
6.982591 INFO Goes into Escape mode.
6.99913 INFO Goes into Track mode.
6.999151 INFO Goes into Escape mode.
7.03226 INFO Goes into Track mode.
7.032281 INFO Goes into Escape mode.
7.04883 INFO Goes into Track mode.
7.048851 INFO Goes into Escape mode.
7.065512 INFO Goes into Track mode.
7.065533 INFO Goes into Escape mode.
7.081975 INFO Goes into Track mode.
7.081995 INFO Goes into Escape mode.
7.098527 INFO Goes into Track mode.
7.098546 INFO Goes into Escape mode.
7.131658 INFO Goes into Track mode.
7.131678 INFO Goes into Escape mode.
7.148216 INFO Goes into Track mode.
7.148242 INFO Goes into Escape mode.
7.164774 INFO Goes into Track mode.
7.164799 INFO Goes into Escape mode.
7.181345 INFO Goes into Track mode.
7.181366 INFO Goes into Escape mode.
7.197955 INFO Goes into Track mode.
7.197976 INFO Goes into Escape mode.
7.231199 INFO Goes into Track mode.
7.23122 INFO Goes into Escape mode.
7.247723 INFO Goes into Track mode.
7.247743 INFO Goes into Escape mode.
7.264175 INFO Goes into Track mode.
7.264196 INFO Goes into Escape mode.
7.280762 INFO Goes into Track mode.
7.280783 INFO Goes into Escape mode.
7.297293 INFO Goes into Track mode.
7.297313 INFO Goes into Escape mode.
7.330472 INFO Goes into Track mode.
7.330492 INFO Goes into Escape mode.
7.347002 INFO Goes into Track mode.
7.347021 INFO Goes into Escape mode.
7.363588 INFO Goes into Track mode.
7.36361 INFO Goes into Escape mode.
7.380151 INFO Goes into Track mode.
7.38017 INFO Goes into Escape mode.
7.396822 INFO Goes into Track mode.
7.396842 INFO Goes into Escape mode.
7.429847 INFO Goes into Track mode.
7.429868 INFO Goes into Escape mode.
7.446439 INFO Goes into Track mode.
7.446459 INFO Goes into Escape mode.
7.462987 INFO Goes into Track mode.
7.463011 INFO Goes into Escape mode.
7.479563 INFO Goes into Track mode.
7.479583 INFO Goes into Escape mode.
7.496131 INFO Goes into Track mode.
7.496151 INFO Goes into Escape mode.
7.529248 INFO Goes into Track mode.
7.529271 INFO Goes into Escape mode.
7.545897 INFO Goes into Track mode.
7.545917 INFO Goes into Escape mode.
7.562503 INFO Goes into Track mode.
7.562524 INFO Goes into Escape mode.
7.578949 INFO Goes into Track mode.
7.578969 INFO Goes into Escape mode.
7.612161 INFO Goes into Track mode.
7.612183 INFO Goes into Escape mode.
7.628666 INFO Goes into Track mode.
7.628687 INFO Goes into Escape mode.
7.645219 INFO Goes into Track mode.
7.645238 INFO Goes into Escape mode.
7.661778 INFO Goes into Track mode.
7.661803 INFO Goes into Escape mode.
7.678348 INFO Goes into Track mode.
7.678379 INFO Goes into Escape mode.
7.711505 INFO Goes into Track mode.
7.711525 INFO Goes into Escape mode.
7.728139 INFO Goes into Track mode.
7.728159 INFO Goes into Escape mode.
7.744617 INFO Goes into Track mode.
7.744637 INFO Goes into Escape mode.
7.761216 INFO Goes into Track mode.
7.761238 INFO Goes into Escape mode.
7.777806 INFO Goes into Track mode.
7.777826 INFO Goes into Escape mode.
7.810891 INFO Goes into Track mode.
7.810912 INFO Goes into Escape mode.
7.827462 INFO Goes into Track mode.
7.827486 INFO Goes into Escape mode.
7.844028 INFO Goes into Track mode.
7.844049 INFO Goes into Escape mode.
7.860617 INFO Goes into Track mode.
7.860637 INFO Goes into Escape mode.
7.877143 INFO Goes into Track mode.
7.877162 INFO Goes into Escape mode.
7.910542 INFO Goes into Track mode.
7.910563 INFO Goes into Escape mode.
7.927046 INFO Goes into Track mode.
7.927066 INFO Goes into Escape mode.
7.943445 INFO Goes into Track mode.
7.943465 INFO Goes into Escape mode.
7.959986 INFO Goes into Track mode.
7.960007 INFO Goes into Escape mode.
7.976572 INFO Goes into Track mode.
7.976593 INFO Goes into Escape mode.
8.009728 INFO Goes into Track mode.
8.00975 INFO Goes into Escape mode.
8.026248 INFO Goes into Track mode.
8.026268 INFO Goes into Escape mode.
8.042938 INFO Goes into Track mode.
8.042959 INFO Goes into Escape mode.
8.059437 INFO Goes into Track mode.
8.059458 INFO Goes into Escape mode.
8.076016 INFO Goes into Track mode.
8.076038 INFO Goes into Escape mode.
8.109132 INFO Goes into Track mode.
8.109158 INFO Goes into Escape mode.
8.12569 INFO Goes into Track mode.
8.125765 INFO Goes into Escape mode.
8.142266 INFO Goes into Track mode.
8.142288 INFO Goes into Escape mode.
8.158824 INFO Goes into Track mode.
8.158844 INFO Goes into Escape mode.
8.191967 INFO Goes into Track mode.
8.191988 INFO Goes into Escape mode.
8.208612 INFO Goes into Track mode.
8.208632 INFO Goes into Escape mode.
8.225061 INFO Goes into Track mode.
8.225081 INFO Goes into Escape mode.
8.241657 INFO Goes into Track mode.
8.241676 INFO Goes into Escape mode.
8.258235 INFO Goes into Track mode.
8.258255 INFO Goes into Escape mode.
8.291381 INFO Goes into Track mode.
8.291411 INFO Goes into Escape mode.
8.307905 INFO Goes into Track mode.
8.307926 INFO Goes into Escape mode.
8.32446 INFO Goes into Track mode.
8.324481 INFO Goes into Escape mode.
8.341013 INFO Goes into Track mode.
8.341033 INFO Goes into Escape mode.
8.357618 INFO Goes into Track mode.
8.357641 INFO Goes into Escape mode.
8.39077 INFO Goes into Track mode.
8.390791 INFO Goes into Escape mode.
8.407319 INFO Goes into Track mode.
8.407345 INFO Goes into Escape mode.
8.423853 INFO Goes into Track mode.
8.423872 INFO Goes into Escape mode.
8.440484 INFO Goes into Track mode.
8.440504 INFO Goes into Escape mode.
8.457036 INFO Goes into Track mode.
8.457057 INFO Goes into Escape mode.
8.490148 INFO Goes into Track mode.
8.490168 INFO Goes into Escape mode.
8.506714 INFO Goes into Track mode.
8.506733 INFO Goes into Escape mode.
8.523269 INFO Goes into Track mode.
8.52329 INFO Goes into Escape mode.
8.539852 INFO Goes into Track mode.
8.539874 INFO Goes into Escape mode.
8.556395 INFO Goes into Track mode.
8.556424 INFO Goes into Escape mode.
8.589577 INFO Goes into Track mode.
8.589598 INFO Goes into Escape mode.
8.606182 INFO Goes into Track mode.
8.606205 INFO Goes into Escape mode.
8.622682 INFO Goes into Track mode.
8.622702 INFO Goes into Escape mode.
8.639235 INFO Goes into Track mode.
8.639255 INFO Goes into Escape mode.
8.655825 INFO Goes into Track mode.
8.655847 INFO Goes into Escape mode.
8.689087 INFO Goes into Track mode.
8.689108 INFO Goes into Escape mode.
8.705553 INFO Goes into Track mode.
8.705575 INFO Goes into Escape mode.
8.722066 INFO Goes into Track mode.
8.722086 INFO Goes into Escape mode.
8.738657 INFO Goes into Track mode.
8.738679 INFO Goes into Escape mode.
8.771775 INFO Goes into Track mode.
8.771798 INFO Goes into Escape mode.
8.788344 INFO Goes into Track mode.
8.788364 INFO Goes into Escape mode.
8.804914 INFO Goes into Track mode.
8.804936 INFO Goes into Escape mode.
8.821485 INFO Goes into Track mode.
8.821506 INFO Goes into Escape mode.
8.838027 INFO Goes into Track mode.
8.838047 INFO Goes into Escape mode.
8.871181 INFO Goes into Track mode.
8.871203 INFO Goes into Escape mode.
8.887746 INFO Goes into Track mode.
8.887767 INFO Goes into Escape mode.
8.904299 INFO Goes into Track mode.
8.904319 INFO Goes into Escape mode.
8.920854 INFO Goes into Track mode.
8.920874 INFO Goes into Escape mode.
8.937437 INFO Goes into Track mode.
8.937458 INFO Goes into Escape mode.
8.970589 INFO Goes into Track mode.
8.970611 INFO Goes into Escape mode.
8.987142 INFO Goes into Track mode.
8.987162 INFO Goes into Escape mode.
9.003702 INFO Goes into Track mode.
9.003722 INFO Goes into Escape mode.
9.020348 INFO Goes into Track mode.
9.020368 INFO Goes into Escape mode.
9.036842 INFO Goes into Track mode.
9.036867 INFO Goes into Escape mode.
9.069978 INFO Goes into Track mode.
9.069998 INFO Goes into Escape mode.
9.086564 INFO Goes into Track mode.
9.086587 INFO Goes into Escape mode.
9.103096 INFO Goes into Track mode.
9.103119 INFO Goes into Escape mode.
9.119666 INFO Goes into Track mode.
9.119685 INFO Goes into Escape mode.
9.136228 INFO Goes into Track mode.
9.13625 INFO Goes into Escape mode.
9.169354 INFO Goes into Track mode.
9.169374 INFO Goes into Escape mode.
9.186047 INFO Goes into Track mode.
9.186068 INFO Goes into Escape mode.
9.202531 INFO Goes into Track mode.
9.202552 INFO Goes into Escape mode.
9.219086 INFO Goes into Track mode.
9.219114 INFO Goes into Escape mode.
9.252211 INFO Goes into Track mode.
9.252233 INFO Goes into Escape mode.
9.268781 INFO Goes into Track mode.
9.268802 INFO Goes into Escape mode.
9.285335 INFO Goes into Track mode.
9.285356 INFO Goes into Escape mode.
9.301898 INFO Goes into Track mode.
9.301919 INFO Goes into Escape mode.
9.318466 INFO Goes into Track mode.
9.318487 INFO Goes into Escape mode.
9.35161 INFO Goes into Track mode.
9.351632 INFO Goes into Escape mode.
9.368155 INFO Goes into Track mode.
9.368176 INFO Goes into Escape mode.
9.384742 INFO Goes into Track mode.
9.384762 INFO Goes into Escape mode.
9.401292 INFO Goes into Track mode.
9.401313 INFO Goes into Escape mode.
9.417872 INFO Goes into Track mode.
9.417894 INFO Goes into Escape mode.
9.451004 INFO Goes into Track mode.
9.451026 INFO Goes into Escape mode.
9.467567 INFO Goes into Track mode.
9.467589 INFO Goes into Escape mode.
9.484159 INFO Goes into Track mode.
9.484179 INFO Goes into Escape mode.
9.500785 INFO Goes into Track mode.
9.500805 INFO Goes into Escape mode.
9.517344 INFO Goes into Track mode.
9.517365 INFO Goes into Escape mode.
9.5504 INFO Goes into Track mode.
9.55042 INFO Goes into Escape mode.
9.566966 INFO Goes into Track mode.
9.566986 INFO Goes into Escape mode.
9.583529 INFO Goes into Track mode.
9.58355 INFO Goes into Escape mode.
9.600091 INFO Goes into Track mode.
9.600112 INFO Goes into Escape mode.
9.616743 INFO Goes into Track mode.
9.616763 INFO Goes into Escape mode.
9.64981 INFO Goes into Track mode.
9.649834 INFO Goes into Escape mode.
9.666362 INFO Goes into Track mode.
9.666382 INFO Goes into Escape mode.
9.683064 INFO Goes into Track mode.
9.683085 INFO Goes into Escape mode.
9.699766 INFO Goes into Track mode.
9.699786 INFO Goes into Escape mode.
9.716091 INFO Goes into Track mode.
9.716111 INFO Goes into Escape mode.
9.749195 INFO Goes into Track mode.
9.749216 INFO Goes into Escape mode.
9.7658 INFO Goes into Track mode.
9.765821 INFO Goes into Escape mode.
9.782341 INFO Goes into Track mode.
9.782361 INFO Goes into Escape mode.
9.79889 INFO Goes into Track mode.
9.79891 INFO Goes into Escape mode.
9.832045 INFO Goes into Track mode.
9.832066 INFO Goes into Escape mode.
9.84871 INFO Goes into Track mode.
9.848731 INFO Goes into Escape mode.
9.865215 INFO Goes into Track mode.
9.865229 INFO Goes into Escape mode.
9.881746 INFO Goes into Track mode.
9.881767 INFO Goes into Escape mode.
9.898291 INFO Goes into Track mode.
9.898311 INFO Goes into Escape mode.
9.931427 INFO Goes into Track mode.
9.931447 INFO Goes into Escape mode.
9.948011 INFO Goes into Track mode.
9.948031 INFO Goes into Escape mode.
9.964586 INFO Goes into Track mode.
9.964607 INFO Goes into Escape mode.
9.981156 INFO Goes into Track mode.
9.981177 INFO Goes into Escape mode.
9.997713 INFO Goes into Track mode.
9.997733 INFO Goes into Escape mode.
10.0309 INFO Goes into Track mode.
10.03092 INFO Goes into Escape mode.
10.04742 INFO Goes into Track mode.
10.04745 INFO Goes into Escape mode.
10.064 INFO Goes into Track mode.
10.06402 INFO Goes into Escape mode.
10.08058 INFO Goes into Track mode.
10.0806 INFO Goes into Escape mode.
10.09711 INFO Goes into Track mode.
10.09713 INFO Goes into Escape mode.
10.13023 INFO Goes into Track mode.
10.13026 INFO Goes into Escape mode.
10.1469 INFO Goes into Track mode.
10.14692 INFO Goes into Escape mode.
10.16339 INFO Goes into Track mode.
10.16341 INFO Goes into Escape mode.
10.18009 INFO Goes into Track mode.
10.18012 INFO Goes into Escape mode.
10.19653 INFO Goes into Track mode.
10.19655 INFO Goes into Escape mode.
10.22991 INFO Goes into Track mode.
10.22992 INFO Goes into Escape mode.
10.24622 INFO Goes into Track mode.
10.24624 INFO Goes into Escape mode.
10.26304 INFO Goes into Track mode.
10.26306 INFO Goes into Escape mode.
10.27933 INFO Goes into Track mode.
10.27935 INFO Goes into Escape mode.
10.29591 INFO Goes into Track mode.
10.29593 INFO Goes into Escape mode.
10.32905 INFO Goes into Track mode.
10.32907 INFO Goes into Escape mode.
10.34564 INFO Goes into Track mode.
10.34566 INFO Goes into Escape mode.
10.36217 INFO Goes into Track mode.
10.36219 INFO Goes into Escape mode.
10.37875 INFO Goes into Track mode.
10.37877 INFO Goes into Escape mode.
10.41191 INFO Goes into Track mode.
10.41193 INFO Goes into Escape mode.
10.42843 INFO Goes into Track mode.
10.42845 INFO Goes into Escape mode.
10.44499 INFO Goes into Track mode.
10.44502 INFO Goes into Escape mode.
10.46157 INFO Goes into Track mode.
10.4616 INFO Goes into Escape mode.
10.4784 INFO Goes into Track mode.
10.47842 INFO Goes into Escape mode.
10.51125 INFO Goes into Track mode.
10.51127 INFO Goes into Escape mode.
10.52795 INFO Goes into Track mode.
10.52797 INFO Goes into Escape mode.
10.54442 INFO Goes into Track mode.
10.54444 INFO Goes into Escape mode.
10.56101 INFO Goes into Track mode.
10.56103 INFO Goes into Escape mode.
10.57757 INFO Goes into Track mode.
10.57759 INFO Goes into Escape mode.
10.61074 INFO Goes into Track mode.
10.61076 INFO Goes into Escape mode.
10.62724 INFO Goes into Track mode.
10.62726 INFO Goes into Escape mode.
10.64382 INFO Goes into Track mode.
10.64384 INFO Goes into Escape mode.
10.66046 INFO Goes into Track mode.
10.66048 INFO Goes into Escape mode.
10.67696 INFO Goes into Track mode.
10.67697 INFO Goes into Escape mode.
10.7101 INFO Goes into Track mode.
10.71011 INFO Goes into Escape mode.
10.72668 INFO Goes into Track mode.
10.72669 INFO Goes into Escape mode.
10.74324 INFO Goes into Track mode.
10.74325 INFO Goes into Escape mode.
10.75984 INFO Goes into Track mode.
10.75985 INFO Goes into Escape mode.
10.77636 INFO Goes into Track mode.
10.77637 INFO Goes into Escape mode.
10.80955 INFO Goes into Track mode.
10.80957 INFO Goes into Escape mode.
10.82608 INFO Goes into Track mode.
10.82609 INFO Goes into Escape mode.
10.84265 INFO Goes into Track mode.
10.84266 INFO Goes into Escape mode.
10.85921 INFO Goes into Track mode.
10.85922 INFO Goes into Escape mode.
10.87579 INFO Goes into Track mode.
10.8758 INFO Goes into Escape mode.
10.90891 INFO Goes into Track mode.
10.90892 INFO Goes into Escape mode.
10.92547 INFO Goes into Track mode.
10.92548 INFO Goes into Escape mode.
10.94205 INFO Goes into Track mode.
10.94207 INFO Goes into Escape mode.
10.95862 INFO Goes into Track mode.
10.95863 INFO Goes into Escape mode.
10.99175 INFO Goes into Track mode.
10.99177 INFO Goes into Escape mode.
11.00831 INFO Goes into Track mode.
11.00832 INFO Goes into Escape mode.
11.02485 INFO Goes into Track mode.
11.02486 INFO Goes into Escape mode.
11.04146 INFO Goes into Track mode.
11.04147 INFO Goes into Escape mode.
11.05803 INFO Goes into Track mode.
11.05805 INFO Goes into Escape mode.
11.09117 INFO Goes into Track mode.
11.09118 INFO Goes into Escape mode.
11.10771 INFO Goes into Track mode.
11.10772 INFO Goes into Escape mode.
11.12426 INFO Goes into Track mode.
11.12427 INFO Goes into Escape mode.
11.14099 INFO Goes into Track mode.
11.141 INFO Goes into Escape mode.
11.15743 INFO Goes into Track mode.
11.15744 INFO Goes into Escape mode.
11.19055 INFO Goes into Track mode.
11.19057 INFO Goes into Escape mode.
11.20708 INFO Goes into Track mode.
11.2071 INFO Goes into Escape mode.
11.22363 INFO Goes into Track mode.
11.22365 INFO Goes into Escape mode.
11.2402 INFO Goes into Track mode.
11.24022 INFO Goes into Escape mode.
11.2568 INFO Goes into Track mode.
11.25682 INFO Goes into Escape mode.
11.28995 INFO Goes into Track mode.
11.28998 INFO Goes into Escape mode.
11.30649 INFO Goes into Track mode.
11.30651 INFO Goes into Escape mode.
11.32304 INFO Goes into Track mode.
11.32306 INFO Goes into Escape mode.
11.33963 INFO Goes into Track mode.
11.33965 INFO Goes into Escape mode.
11.35619 INFO Goes into Track mode.
11.35621 INFO Goes into Escape mode.
11.38934 INFO Goes into Track mode.
11.38936 INFO Goes into Escape mode.
11.4059 INFO Goes into Track mode.
11.40598 INFO Goes into Escape mode.
11.42245 INFO Goes into Track mode.
11.42247 INFO Goes into Escape mode.
11.439 INFO Goes into Track mode.
11.43902 INFO Goes into Escape mode.
11.47214 INFO Goes into Track mode.
11.47217 INFO Goes into Escape mode.
11.48872 INFO Goes into Track mode.
11.48874 INFO Goes into Escape mode.
11.50527 INFO Goes into Track mode.
11.50529 INFO Goes into Escape mode.
11.52186 INFO Goes into Track mode.
13.47682 INFO Goes into Dodge mode.
14.30515 INFO Goes into Track mode.
27.26099 INFO Has hit NightHunter_AI_B2.
29.43033 INFO Goes into Escape mode.
29.44699 INFO Goes into Track mode.
29.44701 INFO Goes into Escape mode.
29.46347 INFO Goes into Track mode.
29.46349 INFO Goes into Escape mode.
29.48003 INFO Goes into Track mode.
29.48005 INFO Goes into Escape mode.
29.49661 INFO Goes into Track mode.
29.49663 INFO Goes into Escape mode.
29.52974 INFO Goes into Track mode.
29.52976 INFO Goes into Escape mode.
29.54631 INFO Goes into Track mode.
29.54633 INFO Goes into Escape mode.
29.56286 INFO Goes into Track mode.
29.56289 INFO Goes into Escape mode.
29.57943 INFO Goes into Track mode.
29.57945 INFO Goes into Escape mode.
29.59601 INFO Goes into Track mode.
29.59604 INFO Goes into Escape mode.
29.62913 INFO Goes into Track mode.
29.62915 INFO Goes into Escape mode.
29.64567 INFO Goes into Track mode.
29.64569 INFO Goes into Escape mode.
29.66226 INFO Goes into Track mode.
29.66228 INFO Goes into Escape mode.
29.67883 INFO Goes into Track mode.
29.67885 INFO Goes into Escape mode.
29.71198 INFO Goes into Track mode.
29.712 INFO Goes into Escape mode.
29.72852 INFO Goes into Track mode.
29.72854 INFO Goes into Escape mode.
29.74517 INFO Goes into Track mode.
29.74519 INFO Goes into Escape mode.
29.76189 INFO Goes into Track mode.
29.76191 INFO Goes into Escape mode.
29.77833 INFO Goes into Track mode.
29.77835 INFO Goes into Escape mode.
29.8114 INFO Goes into Track mode.
29.81142 INFO Goes into Escape mode.
29.82794 INFO Goes into Track mode.
29.82796 INFO Goes into Escape mode.
29.84452 INFO Goes into Track mode.
29.84454 INFO Goes into Escape mode.
29.86105 INFO Goes into Track mode.
29.86107 INFO Goes into Escape mode.
29.87766 INFO Goes into Track mode.
29.87768 INFO Goes into Escape mode.
29.91076 INFO Goes into Track mode.
29.91079 INFO Goes into Escape mode.
29.92731 INFO Goes into Track mode.
29.92733 INFO Goes into Escape mode.
29.94397 INFO Goes into Track mode.
29.94399 INFO Goes into Escape mode.
29.96047 INFO Goes into Track mode.
29.96049 INFO Goes into Escape mode.
29.97704 INFO Goes into Track mode.
29.97705 INFO Goes into Escape mode.
30.01017 INFO Goes into Track mode.
30.0102 INFO Goes into Escape mode.
30.02672 INFO Goes into Track mode.
30.02674 INFO Goes into Escape mode.
30.04328 INFO Goes into Track mode.
30.0433 INFO Goes into Escape mode.
30.05989 INFO Goes into Track mode.
30.05992 INFO Goes into Escape mode.
30.07645 INFO Goes into Track mode.
30.07647 INFO Goes into Escape mode.
30.1097 INFO Goes into Track mode.
30.10972 INFO Goes into Escape mode.
30.12611 INFO Goes into Track mode.
30.12613 INFO Goes into Escape mode.
30.14272 INFO Goes into Track mode.
30.14275 INFO Goes into Escape mode.
30.15928 INFO Goes into Track mode.
30.1593 INFO Goes into Escape mode.
30.17583 INFO Goes into Track mode.
30.17586 INFO Goes into Escape mode.
30.20897 INFO Goes into Track mode.
30.20899 INFO Goes into Escape mode.
30.22555 INFO Goes into Track mode.
30.22556 INFO Goes into Escape mode.
30.24209 INFO Goes into Track mode.
30.24211 INFO Goes into Escape mode.
30.25869 INFO Goes into Track mode.
30.25871 INFO Goes into Escape mode.
30.29183 INFO Goes into Track mode.
30.29185 INFO Goes into Escape mode.
30.30839 INFO Goes into Track mode.
30.30841 INFO Goes into Escape mode.
30.32494 INFO Goes into Track mode.
30.32496 INFO Goes into Escape mode.
30.34151 INFO Goes into Track mode.
30.34153 INFO Goes into Escape mode.
30.35806 INFO Goes into Track mode.
30.35809 INFO Goes into Escape mode.
30.39126 INFO Goes into Track mode.
30.39128 INFO Goes into Escape mode.
30.40778 INFO Goes into Track mode.
30.4078 INFO Goes into Escape mode.
30.42432 INFO Goes into Track mode.
30.42434 INFO Goes into Escape mode.
30.44097 INFO Goes into Track mode.
30.44099 INFO Goes into Escape mode.
30.45747 INFO Goes into Track mode.
30.45749 INFO Goes into Escape mode.
30.49063 INFO Goes into Track mode.
30.49065 INFO Goes into Escape mode.
30.50721 INFO Goes into Track mode.
30.50723 INFO Goes into Escape mode.
30.52376 INFO Goes into Track mode.
30.52378 INFO Goes into Escape mode.
30.54032 INFO Goes into Track mode.
30.54034 INFO Goes into Escape mode.
30.55687 INFO Goes into Track mode.
30.55689 INFO Goes into Escape mode.
30.58999 INFO Goes into Track mode.
30.59001 INFO Goes into Escape mode.
30.60656 INFO Goes into Track mode.
30.60658 INFO Goes into Escape mode.
30.62312 INFO Goes into Track mode.
30.62314 INFO Goes into Escape mode.
30.63969 INFO Goes into Track mode.
30.63971 INFO Goes into Escape mode.
30.65629 INFO Goes into Track mode.
30.65631 INFO Goes into Escape mode.
30.68954 INFO Goes into Track mode.
30.68956 INFO Goes into Escape mode.
30.706 INFO Goes into Track mode.
30.70601 INFO Goes into Escape mode.
30.72259 INFO Goes into Track mode.
30.7226 INFO Goes into Escape mode.
30.73912 INFO Goes into Track mode.
30.73914 INFO Goes into Escape mode.
30.75576 INFO Goes into Track mode.
30.75577 INFO Goes into Escape mode.
30.78885 INFO Goes into Track mode.
30.78886 INFO Goes into Escape mode.
30.8054 INFO Goes into Track mode.
30.80542 INFO Goes into Escape mode.
30.82195 INFO Goes into Track mode.
30.82196 INFO Goes into Escape mode.
30.83855 INFO Goes into Track mode.
30.83857 INFO Goes into Escape mode.
30.8717 INFO Goes into Track mode.
30.87172 INFO Goes into Escape mode.
30.88825 INFO Goes into Track mode.
30.88826 INFO Goes into Escape mode.
30.90478 INFO Goes into Track mode.
30.9048 INFO Goes into Escape mode.
30.92135 INFO Goes into Track mode.
30.92136 INFO Goes into Escape mode.
30.93801 INFO Goes into Track mode.
30.93802 INFO Goes into Escape mode.
30.97108 INFO Goes into Track mode.
30.97109 INFO Goes into Escape mode.
30.98763 INFO Goes into Track mode.
30.98764 INFO Goes into Escape mode.
31.0042 INFO Goes into Track mode.
31.00422 INFO Goes into Escape mode.
31.02075 INFO Goes into Track mode.
31.02076 INFO Goes into Escape mode.
31.03733 INFO Goes into Track mode.
31.03734 INFO Goes into Escape mode.
31.07047 INFO Goes into Track mode.
31.07049 INFO Goes into Escape mode.
31.08706 INFO Goes into Track mode.
31.08707 INFO Goes into Escape mode.
31.10371 INFO Goes into Track mode.
31.10373 INFO Goes into Escape mode.
31.12016 INFO Goes into Track mode.
31.12017 INFO Goes into Escape mode.
31.13684 INFO Goes into Track mode.
31.13685 INFO Goes into Escape mode.
31.16987 INFO Goes into Track mode.
31.16989 INFO Goes into Escape mode.
31.18647 INFO Goes into Track mode.
31.18648 INFO Goes into Escape mode.
31.203 INFO Goes into Track mode.
31.20301 INFO Goes into Escape mode.
31.21959 INFO Goes into Track mode.
31.2196 INFO Goes into Escape mode.
31.23613 INFO Goes into Track mode.
31.23614 INFO Goes into Escape mode.
31.26927 INFO Goes into Track mode.
31.26928 INFO Goes into Escape mode.
31.2859 INFO Goes into Track mode.
31.28591 INFO Goes into Escape mode.
31.30242 INFO Goes into Track mode.
31.30244 INFO Goes into Escape mode.
31.31898 INFO Goes into Track mode.
31.31899 INFO Goes into Escape mode.
31.35211 INFO Goes into Track mode.
31.35212 INFO Goes into Escape mode.
31.36869 INFO Goes into Track mode.
31.3687 INFO Goes into Escape mode.
31.38531 INFO Goes into Track mode.
31.38532 INFO Goes into Escape mode.
31.40195 INFO Goes into Track mode.
31.40196 INFO Goes into Escape mode.
31.41838 INFO Goes into Track mode.
31.4184 INFO Goes into Escape mode.
31.45155 INFO Goes into Track mode.
31.45156 INFO Goes into Escape mode.
31.4681 INFO Goes into Track mode.
31.46817 INFO Goes into Escape mode.
31.48467 INFO Goes into Track mode.
31.48468 INFO Goes into Escape mode.
31.50121 INFO Goes into Track mode.
31.50122 INFO Goes into Escape mode.
31.5178 INFO Goes into Track mode.
31.51781 INFO Goes into Escape mode.
31.55094 INFO Goes into Track mode.
31.55095 INFO Goes into Escape mode.
31.5675 INFO Goes into Track mode.
31.56752 INFO Goes into Escape mode.
31.58405 INFO Goes into Track mode.
31.58407 INFO Goes into Escape mode.
31.60075 INFO Goes into Track mode.
31.60077 INFO Goes into Escape mode.
31.6172 INFO Goes into Track mode.
31.61721 INFO Goes into Escape mode.
31.65033 INFO Goes into Track mode.
31.65034 INFO Goes into Escape mode.
31.66692 INFO Goes into Track mode.
31.66693 INFO Goes into Escape mode.
31.68347 INFO Goes into Track mode.
31.68348 INFO Goes into Escape mode.
31.70004 INFO Goes into Track mode.
31.70005 INFO Goes into Escape mode.
31.71659 INFO Goes into Track mode.
31.7166 INFO Goes into Escape mode.
31.74978 INFO Goes into Track mode.
31.7498 INFO Goes into Escape mode.
31.7664 INFO Goes into Track mode.
31.76641 INFO Goes into Escape mode.
31.78285 INFO Goes into Track mode.
31.78286 INFO Goes into Escape mode.
31.79941 INFO Goes into Track mode.
31.79942 INFO Goes into Escape mode.
31.81601 INFO Goes into Track mode.
31.81602 INFO Goes into Escape mode.
31.84912 INFO Goes into Track mode.
31.84913 INFO Goes into Escape mode.
31.86569 INFO Goes into Track mode.
31.8657 INFO Goes into Escape mode.
31.88226 INFO Goes into Track mode.
31.88228 INFO Goes into Escape mode.
31.89882 INFO Goes into Track mode.
31.89883 INFO Goes into Escape mode.
31.93204 INFO Goes into Track mode.
31.93205 INFO Goes into Escape mode.
31.94851 INFO Goes into Track mode.
31.94852 INFO Goes into Escape mode.
31.96508 INFO Goes into Track mode.
31.96509 INFO Goes into Escape mode.
31.98166 INFO Goes into Track mode.
31.98168 INFO Goes into Escape mode.
31.9982 INFO Goes into Track mode.
31.99821 INFO Goes into Escape mode.
32.03135 INFO Goes into Track mode.
32.03137 INFO Goes into Escape mode.
32.04791 INFO Goes into Track mode.
32.04792 INFO Goes into Escape mode.
32.06448 INFO Goes into Track mode.
32.0645 INFO Goes into Escape mode.
32.08106 INFO Goes into Track mode.
32.08107 INFO Goes into Escape mode.
32.09763 INFO Goes into Track mode.
32.09764 INFO Goes into Escape mode.
32.13074 INFO Goes into Track mode.
32.13075 INFO Goes into Escape mode.
32.14757 INFO Goes into Track mode.
32.14758 INFO Goes into Escape mode.
32.16391 INFO Goes into Track mode.
32.16393 INFO Goes into Escape mode.
32.18044 INFO Goes into Track mode.
32.18045 INFO Goes into Escape mode.
32.19703 INFO Goes into Track mode.
32.19704 INFO Goes into Escape mode.
32.23015 INFO Goes into Track mode.
32.23016 INFO Goes into Escape mode.
32.24672 INFO Goes into Track mode.
32.24673 INFO Goes into Escape mode.
32.26338 INFO Goes into Track mode.
32.26339 INFO Goes into Escape mode.
32.27985 INFO Goes into Track mode.
32.27987 INFO Goes into Escape mode.
32.29641 INFO Goes into Track mode.
32.29642 INFO Goes into Escape mode.
32.32957 INFO Goes into Track mode.
32.32958 INFO Goes into Escape mode.
32.3461 INFO Goes into Track mode.
32.34611 INFO Goes into Escape mode.
32.36271 INFO Goes into Track mode.
32.36272 INFO Goes into Escape mode.
32.37926 INFO Goes into Track mode.
32.37928 INFO Goes into Escape mode.
32.39583 INFO Goes into Track mode.
32.39584 INFO Goes into Escape mode.
32.42895 INFO Goes into Track mode.
32.42897 INFO Goes into Escape mode.
32.44555 INFO Goes into Track mode.
32.44556 INFO Goes into Escape mode.
32.46208 INFO Goes into Track mode.
32.46209 INFO Goes into Escape mode.
32.47872 INFO Goes into Track mode.
32.47874 INFO Goes into Escape mode.
32.51178 INFO Goes into Track mode.
32.5118 INFO Goes into Escape mode.
32.52834 INFO Goes into Track mode.
32.52835 INFO Goes into Escape mode.
32.54498 INFO Goes into Track mode.
32.54499 INFO Goes into Escape mode.
32.56149 INFO Goes into Track mode.
32.5616 INFO Goes into Escape mode.
32.57815 INFO Goes into Track mode.
32.57816 INFO Goes into Escape mode.
32.61117 INFO Goes into Track mode.
32.61118 INFO Goes into Escape mode.
32.62774 INFO Goes into Track mode.
32.62775 INFO Goes into Escape mode.
32.64431 INFO Goes into Track mode.
32.64433 INFO Goes into Escape mode.
32.66095 INFO Goes into Track mode.
32.66096 INFO Goes into Escape mode.
32.67744 INFO Goes into Track mode.
32.67746 INFO Goes into Escape mode.
32.71059 INFO Goes into Track mode.
32.71061 INFO Goes into Escape mode.
32.72713 INFO Goes into Track mode.
32.72714 INFO Goes into Escape mode.
32.74385 INFO Goes into Track mode.
32.74386 INFO Goes into Escape mode.
32.76033 INFO Goes into Track mode.
32.76035 INFO Goes into Escape mode.
32.77689 INFO Goes into Track mode.
32.77691 INFO Goes into Escape mode.
32.81 INFO Goes into Track mode.
32.81001 INFO Goes into Escape mode.
32.82655 INFO Goes into Track mode.
32.82657 INFO Goes into Escape mode.
32.84311 INFO Goes into Track mode.
32.84312 INFO Goes into Escape mode.
32.85971 INFO Goes into Track mode.
32.85973 INFO Goes into Escape mode.
32.87628 INFO Goes into Track mode.
32.87629 INFO Goes into Escape mode.
32.9095 INFO Goes into Track mode.
32.90952 INFO Goes into Escape mode.
32.92598 INFO Goes into Track mode.
32.92599 INFO Goes into Escape mode.
32.9425 INFO Goes into Track mode.
32.94252 INFO Goes into Escape mode.
32.95908 INFO Goes into Track mode.
32.9591 INFO Goes into Escape mode.
32.99224 INFO Goes into Track mode.
32.99225 INFO Goes into Escape mode.
33.00879 INFO Goes into Track mode.
33.0088 INFO Goes into Escape mode.
33.02534 INFO Goes into Track mode.
33.02535 INFO Goes into Escape mode.
33.0419 INFO Goes into Track mode.
33.04191 INFO Goes into Escape mode.
33.0585 INFO Goes into Track mode.
33.05851 INFO Goes into Escape mode.
33.09169 INFO Goes into Track mode.
33.0917 INFO Goes into Escape mode.
33.10818 INFO Goes into Track mode.
33.10819 INFO Goes into Escape mode.
33.12475 INFO Goes into Track mode.
33.12476 INFO Goes into Escape mode.
33.1413 INFO Goes into Track mode.
33.14132 INFO Goes into Escape mode.
33.15797 INFO Goes into Track mode.
33.15798 INFO Goes into Escape mode.
33.19104 INFO Goes into Track mode.
33.19105 INFO Goes into Escape mode.
33.20758 INFO Goes into Track mode.
33.2076 INFO Goes into Escape mode.
33.22422 INFO Goes into Track mode.
33.22423 INFO Goes into Escape mode.
33.24072 INFO Goes into Track mode.
33.24073 INFO Goes into Escape mode.
33.25729 INFO Goes into Track mode.
33.25731 INFO Goes into Escape mode.
33.29042 INFO Goes into Track mode.
33.29044 INFO Goes into Escape mode.
33.307 INFO Goes into Track mode.
33.30701 INFO Goes into Escape mode.
33.32354 INFO Goes into Track mode.
33.32355 INFO Goes into Escape mode.
33.34011 INFO Goes into Track mode.
33.34012 INFO Goes into Escape mode.
33.35669 INFO Goes into Track mode.
33.3567 INFO Goes into Escape mode.
33.38983 INFO Goes into Track mode.
33.38984 INFO Goes into Escape mode.
33.40651 INFO Goes into Track mode.
33.40653 INFO Goes into Escape mode.
33.42292 INFO Goes into Track mode.
33.42294 INFO Goes into Escape mode.
33.4395 INFO Goes into Track mode.
33.43951 INFO Goes into Escape mode.
33.45607 INFO Goes into Track mode.
33.45609 INFO Goes into Escape mode.
33.48926 INFO Goes into Track mode.
33.48927 INFO Goes into Escape mode.
33.50578 INFO Goes into Track mode.
33.50579 INFO Goes into Escape mode.
33.52235 INFO Goes into Track mode.
33.52236 INFO Goes into Escape mode.
33.53889 INFO Goes into Track mode.
33.53891 INFO Goes into Escape mode.
33.5722 INFO Goes into Track mode.
33.57222 INFO Goes into Escape mode.
33.58862 INFO Goes into Track mode.
33.58863 INFO Goes into Escape mode.
33.60516 INFO Goes into Track mode.
33.60518 INFO Goes into Escape mode.
33.62174 INFO Goes into Track mode.
33.62175 INFO Goes into Escape mode.
33.63853 INFO Goes into Track mode.
33.63854 INFO Goes into Escape mode.
33.67147 INFO Goes into Track mode.
33.67165 INFO Goes into Escape mode.
33.68803 INFO Goes into Track mode.
33.68804 INFO Goes into Escape mode.
33.70461 INFO Goes into Track mode.
33.70462 INFO Goes into Escape mode.
33.72114 INFO Goes into Track mode.
33.72116 INFO Goes into Escape mode.
33.73801 INFO Goes into Track mode.
33.73803 INFO Goes into Escape mode.
33.77087 INFO Goes into Track mode.
33.77089 INFO Goes into Escape mode.
33.78741 INFO Goes into Track mode.
33.78742 INFO Goes into Escape mode.
33.80397 INFO Goes into Track mode.
33.80398 INFO Goes into Escape mode.
33.82052 INFO Goes into Track mode.
33.82053 INFO Goes into Escape mode.
33.83708 INFO Goes into Track mode.
33.83709 INFO Goes into Escape mode.
33.87024 INFO Goes into Track mode.
33.87025 INFO Goes into Escape mode.
33.88681 INFO Goes into Track mode.
33.88682 INFO Goes into Escape mode.
33.90344 INFO Goes into Track mode.
33.90345 INFO Goes into Escape mode.
33.91992 INFO Goes into Track mode.
33.91993 INFO Goes into Escape mode.
33.93648 INFO Goes into Track mode.
33.93649 INFO Goes into Escape mode.
33.96963 INFO Goes into Track mode.
33.96964 INFO Goes into Escape mode.
33.98619 INFO Goes into Track mode.
33.9862 INFO Goes into Escape mode.
34.00285 INFO Goes into Track mode.
34.00286 INFO Goes into Escape mode.
34.01934 INFO Goes into Track mode.
34.01935 INFO Goes into Escape mode.
34.03587 INFO Goes into Track mode.
34.03588 INFO Goes into Escape mode.
34.06913 INFO Goes into Track mode.
34.06914 INFO Goes into Escape mode.
34.08562 INFO Goes into Track mode.
34.08564 INFO Goes into Escape mode.
34.10215 INFO Goes into Track mode.
34.10216 INFO Goes into Escape mode.
34.11872 INFO Goes into Track mode.
34.11873 INFO Goes into Escape mode.
34.15185 INFO Goes into Track mode.
34.15186 INFO Goes into Escape mode.
34.16847 INFO Goes into Track mode.
34.16849 INFO Goes into Escape mode.
34.18509 INFO Goes into Track mode.
34.1851 INFO Goes into Escape mode.
34.20161 INFO Goes into Track mode.
34.20162 INFO Goes into Escape mode.
34.21814 INFO Goes into Track mode.
34.21815 INFO Goes into Escape mode.
34.25127 INFO Goes into Track mode.
34.25128 INFO Goes into Escape mode.
34.26785 INFO Goes into Track mode.
34.26787 INFO Goes into Escape mode.
34.28443 INFO Goes into Track mode.
34.28444 INFO Goes into Escape mode.
34.301 INFO Goes into Track mode.
34.30101 INFO Goes into Escape mode.
34.31755 INFO Goes into Track mode.
34.31757 INFO Goes into Escape mode.
34.3507 INFO Goes into Track mode.
34.35072 INFO Goes into Escape mode.
34.36726 INFO Goes into Track mode.
34.36727 INFO Goes into Escape mode.
34.38379 INFO Goes into Track mode.
34.3838 INFO Goes into Escape mode.
34.40045 INFO Goes into Track mode.
34.40047 INFO Goes into Escape mode.
34.41691 INFO Goes into Track mode.
34.41693 INFO Goes into Escape mode.
34.45005 INFO Goes into Track mode.
34.45007 INFO Goes into Escape mode.
34.4666 INFO Goes into Track mode.
34.46663 INFO Goes into Escape mode.
34.48317 INFO Goes into Track mode.
34.48319 INFO Goes into Escape mode.
34.49975 INFO Goes into Track mode.
34.49977 INFO Goes into Escape mode.
34.51629 INFO Goes into Track mode.
34.51631 INFO Goes into Escape mode.
34.54943 INFO Goes into Track mode.
34.54945 INFO Goes into Escape mode.
34.5661 INFO Goes into Track mode.
34.56612 INFO Goes into Escape mode.
34.58256 INFO Goes into Track mode.
34.58258 INFO Goes into Escape mode.
34.59918 INFO Goes into Track mode.
34.59919 INFO Goes into Escape mode.
34.61575 INFO Goes into Track mode.
34.61576 INFO Goes into Escape mode.
34.64885 INFO Goes into Track mode.
34.64886 INFO Goes into Escape mode.
34.66544 INFO Goes into Track mode.
34.66545 INFO Goes into Escape mode.
34.68207 INFO Goes into Track mode.
34.68208 INFO Goes into Escape mode.
34.69859 INFO Goes into Track mode.
34.6986 INFO Goes into Escape mode.
34.73171 INFO Goes into Track mode.
34.73172 INFO Goes into Escape mode.
34.74825 INFO Goes into Track mode.
34.74826 INFO Goes into Escape mode.
34.7649 INFO Goes into Track mode.
34.76491 INFO Goes into Escape mode.
34.78141 INFO Goes into Track mode.
34.78143 INFO Goes into Escape mode.
34.79797 INFO Goes into Track mode.
34.79798 INFO Goes into Escape mode.
34.83112 INFO Goes into Track mode.
34.83113 INFO Goes into Escape mode.
34.8479 INFO Goes into Track mode.
34.84791 INFO Goes into Escape mode.
34.86425 INFO Goes into Track mode.
34.86426 INFO Goes into Escape mode.
34.88102 INFO Goes into Track mode.
34.88103 INFO Goes into Escape mode.
34.89739 INFO Goes into Track mode.
34.8974 INFO Goes into Escape mode.
34.93051 INFO Goes into Track mode.
34.93052 INFO Goes into Escape mode.
34.94707 INFO Goes into Track mode.
34.94709 INFO Goes into Escape mode.
34.96364 INFO Goes into Track mode.
34.96365 INFO Goes into Escape mode.
34.98021 INFO Goes into Track mode.
34.98022 INFO Goes into Escape mode.
34.99677 INFO Goes into Track mode.
34.99678 INFO Goes into Escape mode.
35.0299 INFO Goes into Track mode.
35.02991 INFO Goes into Escape mode.
35.04657 INFO Goes into Track mode.
35.04658 INFO Goes into Escape mode.
35.06303 INFO Goes into Track mode.
35.06304 INFO Goes into Escape mode.
35.07959 INFO Goes into Track mode.
35.07961 INFO Goes into Escape mode.
35.09617 INFO Goes into Track mode.
35.09618 INFO Goes into Escape mode.
35.1293 INFO Goes into Track mode.
35.12932 INFO Goes into Escape mode.
35.14585 INFO Goes into Track mode.
35.14587 INFO Goes into Escape mode.
35.16242 INFO Goes into Track mode.
35.16243 INFO Goes into Escape mode.
35.17898 INFO Goes into Track mode.
35.17899 INFO Goes into Escape mode.
35.21215 INFO Goes into Track mode.
35.21217 INFO Goes into Escape mode.
35.22868 INFO Goes into Track mode.
35.22869 INFO Goes into Escape mode.
35.24525 INFO Goes into Track mode.
35.24527 INFO Goes into Escape mode.
35.26187 INFO Goes into Track mode.
35.26188 INFO Goes into Escape mode.
35.27839 INFO Goes into Track mode.
35.2784 INFO Goes into Escape mode.
35.31153 INFO Goes into Track mode.
35.31154 INFO Goes into Escape mode.
35.32808 INFO Goes into Track mode.
35.32809 INFO Goes into Escape mode.
35.34467 INFO Goes into Track mode.
35.34468 INFO Goes into Escape mode.
35.36122 INFO Goes into Track mode.
35.36123 INFO Goes into Escape mode.
35.37783 INFO Goes into Track mode.
35.37784 INFO Goes into Escape mode.
35.41095 INFO Goes into Track mode.
35.41097 INFO Goes into Escape mode.
35.4275 INFO Goes into Track mode.
35.42752 INFO Goes into Escape mode.
35.44406 INFO Goes into Track mode.
35.44407 INFO Goes into Escape mode.
35.46064 INFO Goes into Track mode.
35.46066 INFO Goes into Escape mode.
35.4772 INFO Goes into Track mode.
35.47721 INFO Goes into Escape mode.
35.51036 INFO Goes into Track mode.
35.51037 INFO Goes into Escape mode.
35.527 INFO Goes into Track mode.
35.52702 INFO Goes into Escape mode.
35.54346 INFO Goes into Track mode.
35.54348 INFO Goes into Escape mode.
35.56003 INFO Goes into Track mode.
35.56005 INFO Goes into Escape mode.
35.5766 INFO Goes into Track mode.
35.57662 INFO Goes into Escape mode.
35.60976 INFO Goes into Track mode.
35.60978 INFO Goes into Escape mode.
35.62629 INFO Goes into Track mode.
35.6263 INFO Goes into Escape mode.
35.64287 INFO Goes into Track mode.
35.64288 INFO Goes into Escape mode.
35.65944 INFO Goes into Track mode.
35.65945 INFO Goes into Escape mode.
35.67609 INFO Goes into Track mode.
35.67611 INFO Goes into Escape mode.
35.70914 INFO Goes into Track mode.
35.70915 INFO Goes into Escape mode.
35.72572 INFO Goes into Track mode.
35.72574 INFO Goes into Escape mode.
35.74226 INFO Goes into Track mode.
35.74228 INFO Goes into Escape mode.
35.75889 INFO Goes into Track mode.
35.7589 INFO Goes into Escape mode.
35.79197 INFO Goes into Track mode.
35.79198 INFO Goes into Escape mode.
35.80854 INFO Goes into Track mode.
35.80855 INFO Goes into Escape mode.
35.82508 INFO Goes into Track mode.
35.82509 INFO Goes into Escape mode.
35.84176 INFO Goes into Track mode.
35.84177 INFO Goes into Escape mode.
35.85822 INFO Goes into Track mode.
35.85823 INFO Goes into Escape mode.
35.89136 INFO Goes into Track mode.
35.89137 INFO Goes into Escape mode.
35.90792 INFO Goes into Track mode.
35.90793 INFO Goes into Escape mode.
35.92448 INFO Goes into Track mode.
35.92449 INFO Goes into Escape mode.
35.94105 INFO Goes into Track mode.
35.94107 INFO Goes into Escape mode.
35.95763 INFO Goes into Track mode.
35.95765 INFO Goes into Escape mode.
35.99084 INFO Goes into Track mode.
35.99086 INFO Goes into Escape mode.
36.00743 INFO Goes into Track mode.
36.00744 INFO Goes into Escape mode.
36.0239 INFO Goes into Track mode.
36.02391 INFO Goes into Escape mode.
36.04045 INFO Goes into Track mode.
36.04046 INFO Goes into Escape mode.
36.05702 INFO Goes into Track mode.
36.05704 INFO Goes into Escape mode.
36.09016 INFO Goes into Track mode.
36.09018 INFO Goes into Escape mode.
36.10674 INFO Goes into Track mode.
36.10675 INFO Goes into Escape mode.
36.12328 INFO Goes into Track mode.
36.12329 INFO Goes into Escape mode.
36.13982 INFO Goes into Track mode.
36.13985 INFO Goes into Escape mode.
36.15639 INFO Goes into Track mode.
37.48182 INFO Goes into Escape mode.
37.49827 INFO Goes into Track mode.
37.49829 INFO Goes into Escape mode.
37.5314 INFO Goes into Track mode.
37.53143 INFO Goes into Escape mode.
37.54798 INFO Goes into Track mode.
37.548 INFO Goes into Escape mode.
37.56455 INFO Goes into Track mode.
37.56457 INFO Goes into Escape mode.
37.58111 INFO Goes into Track mode.
37.58113 INFO Goes into Escape mode.
37.59767 INFO Goes into Track mode.
37.59769 INFO Goes into Escape mode.
37.63081 INFO Goes into Track mode.
37.63084 INFO Goes into Escape mode.
37.64746 INFO Goes into Track mode.
37.64748 INFO Goes into Escape mode.
37.66408 INFO Goes into Track mode.
37.6641 INFO Goes into Escape mode.
37.68052 INFO Goes into Track mode.
37.68054 INFO Goes into Escape mode.
37.69709 INFO Goes into Track mode.
37.69711 INFO Goes into Escape mode.
37.73023 INFO Goes into Track mode.
37.73025 INFO Goes into Escape mode.
37.7468 INFO Goes into Track mode.
37.74681 INFO Goes into Escape mode.
37.76342 INFO Goes into Track mode.
37.76344 INFO Goes into Escape mode.
37.77991 INFO Goes into Track mode.
37.77993 INFO Goes into Escape mode.
37.79647 INFO Goes into Track mode.
37.79649 INFO Goes into Escape mode.
37.8296 INFO Goes into Track mode.
37.82962 INFO Goes into Escape mode.
37.84617 INFO Goes into Track mode.
37.84619 INFO Goes into Escape mode.
37.86276 INFO Goes into Track mode.
37.86279 INFO Goes into Escape mode.
37.87933 INFO Goes into Track mode.
37.87935 INFO Goes into Escape mode.
37.89588 INFO Goes into Track mode.
37.8959 INFO Goes into Escape mode.
37.929 INFO Goes into Track mode.
37.92902 INFO Goes into Escape mode.
37.94556 INFO Goes into Track mode.
37.94558 INFO Goes into Escape mode.
37.96214 INFO Goes into Track mode.
37.96215 INFO Goes into Escape mode.
37.97872 INFO Goes into Track mode.
37.97874 INFO Goes into Escape mode.
38.01186 INFO Goes into Track mode.
38.01188 INFO Goes into Escape mode.
38.0284 INFO Goes into Track mode.
38.02842 INFO Goes into Escape mode.
38.04498 INFO Goes into Track mode.
38.04499 INFO Goes into Escape mode.
38.06153 INFO Goes into Track mode.
38.06155 INFO Goes into Escape mode.
38.07811 INFO Goes into Track mode.
38.07813 INFO Goes into Escape mode.
38.11124 INFO Goes into Track mode.
38.11126 INFO Goes into Escape mode.
38.12784 INFO Goes into Track mode.
38.12785 INFO Goes into Escape mode.
38.14442 INFO Goes into Track mode.
38.14444 INFO Goes into Escape mode.
38.16101 INFO Goes into Track mode.
38.16102 INFO Goes into Escape mode.
38.17755 INFO Goes into Track mode.
38.17756 INFO Goes into Escape mode.
38.21071 INFO Goes into Track mode.
38.21072 INFO Goes into Escape mode.
38.22728 INFO Goes into Track mode.
38.22729 INFO Goes into Escape mode.
38.24389 INFO Goes into Track mode.
38.2439 INFO Goes into Escape mode.
38.2604 INFO Goes into Track