Time : 2/2/2017 3:59:04 AM
1.444317 INFO Goes into Track mode.
4.675603 INFO Goes into Escape mode.
4.692464 INFO Goes into Track mode.
4.692476 INFO Goes into Escape mode.
4.708726 INFO Goes into Track mode.
4.708738 INFO Goes into Escape mode.
4.725287 INFO Goes into Track mode.
4.725301 INFO Goes into Escape mode.
4.758426 INFO Goes into Track mode.
4.758438 INFO Goes into Escape mode.
4.774994 INFO Goes into Track mode.
4.775006 INFO Goes into Escape mode.
4.791553 INFO Goes into Track mode.
4.791565 INFO Goes into Escape mode.
4.808169 INFO Goes into Track mode.
4.808181 INFO Goes into Escape mode.
4.824714 INFO Goes into Track mode.
4.824727 INFO Goes into Escape mode.
4.858066 INFO Goes into Track mode.
4.858077 INFO Goes into Escape mode.
4.874453 INFO Goes into Track mode.
4.874467 INFO Goes into Escape mode.
4.890969 INFO Goes into Track mode.
4.89098 INFO Goes into Escape mode.
4.907544 INFO Goes into Track mode.
4.907555 INFO Goes into Escape mode.
4.924184 INFO Goes into Track mode.
4.924197 INFO Goes into Escape mode.
4.957268 INFO Goes into Track mode.
4.957279 INFO Goes into Escape mode.
4.973871 INFO Goes into Track mode.
4.973883 INFO Goes into Escape mode.
4.990387 INFO Goes into Track mode.
4.990399 INFO Goes into Escape mode.
5.006951 INFO Goes into Track mode.
5.006963 INFO Goes into Escape mode.
5.040083 INFO Goes into Track mode.
5.040094 INFO Goes into Escape mode.
5.056626 INFO Goes into Track mode.
5.056638 INFO Goes into Escape mode.
5.073277 INFO Goes into Track mode.
5.073287 INFO Goes into Escape mode.
5.089767 INFO Goes into Track mode.
5.089779 INFO Goes into Escape mode.
5.106351 INFO Goes into Track mode.
5.106365 INFO Goes into Escape mode.
5.139545 INFO Goes into Track mode.
5.139557 INFO Goes into Escape mode.
5.15607 INFO Goes into Track mode.
5.156081 INFO Goes into Escape mode.
5.172673 INFO Goes into Track mode.
5.172684 INFO Goes into Escape mode.
5.189447 INFO Goes into Track mode.
5.189459 INFO Goes into Escape mode.
5.205777 INFO Goes into Track mode.
5.20579 INFO Goes into Escape mode.
5.238894 INFO Goes into Track mode.
5.238904 INFO Goes into Escape mode.
5.255467 INFO Goes into Track mode.
5.255479 INFO Goes into Escape mode.
5.27204 INFO Goes into Track mode.
5.272052 INFO Goes into Escape mode.
5.288608 INFO Goes into Track mode.
5.288619 INFO Goes into Escape mode.
5.305272 INFO Goes into Track mode.
5.305285 INFO Goes into Escape mode.
5.338312 INFO Goes into Track mode.
5.338325 INFO Goes into Escape mode.
5.355112 INFO Goes into Track mode.
5.355124 INFO Goes into Escape mode.
5.371443 INFO Goes into Track mode.
5.371454 INFO Goes into Escape mode.
5.388008 INFO Goes into Track mode.
5.388021 INFO Goes into Escape mode.
5.404587 INFO Goes into Track mode.
5.404599 INFO Goes into Escape mode.
5.437844 INFO Goes into Track mode.
5.437856 INFO Goes into Escape mode.
5.454298 INFO Goes into Track mode.
5.45431 INFO Goes into Escape mode.
5.470912 INFO Goes into Track mode.
5.470923 INFO Goes into Escape mode.
5.487414 INFO Goes into Track mode.
5.487426 INFO Goes into Escape mode.
5.520846 INFO Goes into Track mode.
5.520858 INFO Goes into Escape mode.
5.537136 INFO Goes into Track mode.
5.537147 INFO Goes into Escape mode.
5.553668 INFO Goes into Track mode.
5.55368 INFO Goes into Escape mode.
5.570229 INFO Goes into Track mode.
5.570249 INFO Goes into Escape mode.
5.586809 INFO Goes into Track mode.
5.58682 INFO Goes into Escape mode.
5.619943 INFO Goes into Track mode.
5.619955 INFO Goes into Escape mode.
5.636505 INFO Goes into Track mode.
5.636517 INFO Goes into Escape mode.
5.653085 INFO Goes into Track mode.
5.653097 INFO Goes into Escape mode.
5.669671 INFO Goes into Track mode.
5.669683 INFO Goes into Escape mode.
5.686471 INFO Goes into Track mode.
5.686481 INFO Goes into Escape mode.
5.719363 INFO Goes into Track mode.
13.8118 INFO Goes into Escape mode.
13.82831 INFO Goes into Track mode.
13.82833 INFO Goes into Escape mode.
13.84488 INFO Goes into Track mode.
13.84495 INFO Goes into Escape mode.
13.87804 INFO Goes into Track mode.
13.87805 INFO Goes into Escape mode.
13.89461 INFO Goes into Track mode.
13.89462 INFO Goes into Escape mode.
13.91116 INFO Goes into Track mode.
13.91117 INFO Goes into Escape mode.
13.92772 INFO Goes into Track mode.
13.92773 INFO Goes into Escape mode.
13.94426 INFO Goes into Track mode.
13.94427 INFO Goes into Escape mode.
13.97741 INFO Goes into Track mode.
13.97742 INFO Goes into Escape mode.
13.99397 INFO Goes into Track mode.
13.99399 INFO Goes into Escape mode.
14.01053 INFO Goes into Track mode.
14.01055 INFO Goes into Escape mode.
14.02734 INFO Goes into Track mode.
14.02736 INFO Goes into Escape mode.
14.06023 INFO Goes into Track mode.
14.06024 INFO Goes into Escape mode.
14.07681 INFO Goes into Track mode.
14.07682 INFO Goes into Escape mode.
14.09338 INFO Goes into Track mode.
14.0934 INFO Goes into Escape mode.
14.10994 INFO Goes into Track mode.
14.10995 INFO Goes into Escape mode.
14.1265 INFO Goes into Track mode.
14.12651 INFO Goes into Escape mode.
14.15964 INFO Goes into Track mode.
14.15966 INFO Goes into Escape mode.
14.1762 INFO Goes into Track mode.
14.17622 INFO Goes into Escape mode.
14.19305 INFO Goes into Track mode.
14.19306 INFO Goes into Escape mode.
14.20933 INFO Goes into Track mode.
14.20934 INFO Goes into Escape mode.
14.22589 INFO Goes into Track mode.
14.2259 INFO Goes into Escape mode.
14.25909 INFO Goes into Track mode.
14.2591 INFO Goes into Escape mode.
14.27562 INFO Goes into Track mode.
14.27563 INFO Goes into Escape mode.
14.29217 INFO Goes into Track mode.
14.29218 INFO Goes into Escape mode.
14.3088 INFO Goes into Track mode.
14.30882 INFO Goes into Escape mode.
14.32531 INFO Goes into Track mode.
14.32532 INFO Goes into Escape mode.
14.3587 INFO Goes into Track mode.
14.35872 INFO Goes into Escape mode.
14.375 INFO Goes into Track mode.
14.37501 INFO Goes into Escape mode.
14.39155 INFO Goes into Track mode.
14.39156 INFO Goes into Escape mode.
14.40813 INFO Goes into Track mode.
14.40814 INFO Goes into Escape mode.
14.4247 INFO Goes into Track mode.
14.42471 INFO Goes into Escape mode.
14.45783 INFO Goes into Track mode.
14.45785 INFO Goes into Escape mode.
14.47442 INFO Goes into Track mode.
14.47443 INFO Goes into Escape mode.
14.49101 INFO Goes into Track mode.
14.49104 INFO Goes into Escape mode.
14.50754 INFO Goes into Track mode.
14.50755 INFO Goes into Escape mode.
14.5244 INFO Goes into Track mode.
14.52441 INFO Goes into Escape mode.
14.55723 INFO Goes into Track mode.
14.55724 INFO Goes into Escape mode.
14.57383 INFO Goes into Track mode.
14.57384 INFO Goes into Escape mode.
14.59035 INFO Goes into Track mode.
14.59036 INFO Goes into Escape mode.
14.60694 INFO Goes into Track mode.
14.60695 INFO Goes into Escape mode.
14.64019 INFO Goes into Track mode.
14.64021 INFO Goes into Escape mode.
14.65663 INFO Goes into Track mode.
14.65664 INFO Goes into Escape mode.
14.67324 INFO Goes into Track mode.
14.67325 INFO Goes into Escape mode.
14.69002 INFO Goes into Track mode.
14.69003 INFO Goes into Escape mode.
14.70636 INFO Goes into Track mode.
14.70638 INFO Goes into Escape mode.
14.73945 INFO Goes into Track mode.
14.73946 INFO Goes into Escape mode.
14.75604 INFO Goes into Track mode.
14.75605 INFO Goes into Escape mode.
14.77261 INFO Goes into Track mode.
14.77262 INFO Goes into Escape mode.
14.78916 INFO Goes into Track mode.
14.78918 INFO Goes into Escape mode.
14.80579 INFO Goes into Track mode.
14.8058 INFO Goes into Escape mode.
14.83887 INFO Goes into Track mode.
14.83889 INFO Goes into Escape mode.
14.85571 INFO Goes into Track mode.
14.85573 INFO Goes into Escape mode.
14.87201 INFO Goes into Track mode.
14.87202 INFO Goes into Escape mode.
14.88859 INFO Goes into Track mode.
14.8886 INFO Goes into Escape mode.
14.90516 INFO Goes into Track mode.
14.90517 INFO Goes into Escape mode.
14.93827 INFO Goes into Track mode.
14.93828 INFO Goes into Escape mode.
14.95485 INFO Goes into Track mode.
14.95493 INFO Goes into Escape mode.
14.97138 INFO Goes into Track mode.
14.97139 INFO Goes into Escape mode.
14.98817 INFO Goes into Track mode.
14.98818 INFO Goes into Escape mode.
15.00456 INFO Goes into Track mode.
15.00458 INFO Goes into Escape mode.
15.03767 INFO Goes into Track mode.
15.03769 INFO Goes into Escape mode.
15.05423 INFO Goes into Track mode.
15.05425 INFO Goes into Escape mode.
15.07083 INFO Goes into Track mode.
15.07084 INFO Goes into Escape mode.
15.08736 INFO Goes into Track mode.
15.08737 INFO Goes into Escape mode.
15.1205 INFO Goes into Track mode.
15.12052 INFO Goes into Escape mode.
15.13704 INFO Goes into Track mode.
15.13705 INFO Goes into Escape mode.
15.15372 INFO Goes into Track mode.
15.15373 INFO Goes into Escape mode.
15.17042 INFO Goes into Track mode.
15.17043 INFO Goes into Escape mode.
15.18681 INFO Goes into Track mode.
15.18682 INFO Goes into Escape mode.
15.21992 INFO Goes into Track mode.
15.21993 INFO Goes into Escape mode.
15.23647 INFO Goes into Track mode.
15.23648 INFO Goes into Escape mode.
15.25303 INFO Goes into Track mode.
15.25305 INFO Goes into Escape mode.
15.26961 INFO Goes into Track mode.
15.26962 INFO Goes into Escape mode.
15.28618 INFO Goes into Track mode.
15.28619 INFO Goes into Escape mode.
15.31936 INFO Goes into Track mode.
15.31937 INFO Goes into Escape mode.
15.33613 INFO Goes into Track mode.
15.33615 INFO Goes into Escape mode.
15.3524 INFO Goes into Track mode.
15.35242 INFO Goes into Escape mode.
15.36897 INFO Goes into Track mode.
15.36899 INFO Goes into Escape mode.
15.38556 INFO Goes into Track mode.
15.38557 INFO Goes into Escape mode.
15.41869 INFO Goes into Track mode.
15.4187 INFO Goes into Escape mode.
15.43526 INFO Goes into Track mode.
15.43527 INFO Goes into Escape mode.
15.45181 INFO Goes into Track mode.
15.45182 INFO Goes into Escape mode.
15.46839 INFO Goes into Track mode.
15.4684 INFO Goes into Escape mode.
15.48495 INFO Goes into Track mode.
15.48497 INFO Goes into Escape mode.
15.51812 INFO Goes into Track mode.
15.51814 INFO Goes into Escape mode.
15.53471 INFO Goes into Track mode.
15.53472 INFO Goes into Escape mode.
15.55121 INFO Goes into Track mode.
15.55122 INFO Goes into Escape mode.
15.56781 INFO Goes into Track mode.
15.56782 INFO Goes into Escape mode.
15.5844 INFO Goes into Track mode.
15.58441 INFO Goes into Escape mode.
15.61756 INFO Goes into Track mode.
15.61757 INFO Goes into Escape mode.
15.63408 INFO Goes into Track mode.
15.63409 INFO Goes into Escape mode.
15.65064 INFO Goes into Track mode.
15.65065 INFO Goes into Escape mode.
15.66748 INFO Goes into Track mode.
15.66749 INFO Goes into Escape mode.
15.70041 INFO Goes into Track mode.
15.70042 INFO Goes into Escape mode.
15.71692 INFO Goes into Track mode.
15.71693 INFO Goes into Escape mode.
15.73345 INFO Goes into Track mode.
15.73346 INFO Goes into Escape mode.
15.75004 INFO Goes into Track mode.
15.75006 INFO Goes into Escape mode.
15.7666 INFO Goes into Track mode.
19.85611 INFO Goes into Escape mode.
19.8727 INFO Goes into Track mode.
19.87272 INFO Goes into Escape mode.
19.88924 INFO Goes into Track mode.
19.88925 INFO Goes into Escape mode.
19.90584 INFO Goes into Track mode.
19.90586 INFO Goes into Escape mode.
19.93904 INFO Goes into Track mode.
19.93906 INFO Goes into Escape mode.
19.95557 INFO Goes into Track mode.
19.95559 INFO Goes into Escape mode.
19.97211 INFO Goes into Track mode.
19.97213 INFO Goes into Escape mode.
19.98864 INFO Goes into Track mode.
19.98866 INFO Goes into Escape mode.
20.00522 INFO Goes into Track mode.
20.00524 INFO Goes into Escape mode.
20.03835 INFO Goes into Track mode.
20.03837 INFO Goes into Escape mode.
20.05491 INFO Goes into Track mode.
20.05493 INFO Goes into Escape mode.
20.07173 INFO Goes into Track mode.
20.07175 INFO Goes into Escape mode.
20.08807 INFO Goes into Track mode.
20.08809 INFO Goes into Escape mode.
20.10461 INFO Goes into Track mode.
20.10463 INFO Goes into Escape mode.
20.13774 INFO Goes into Track mode.
20.13776 INFO Goes into Escape mode.
20.15432 INFO Goes into Track mode.
20.15434 INFO Goes into Escape mode.
20.17088 INFO Goes into Track mode.
20.1709 INFO Goes into Escape mode.
20.18744 INFO Goes into Track mode.
20.18746 INFO Goes into Escape mode.
20.20403 INFO Goes into Track mode.
20.20405 INFO Goes into Escape mode.
20.23737 INFO Goes into Track mode.
20.23739 INFO Goes into Escape mode.
20.25371 INFO Goes into Track mode.
20.25373 INFO Goes into Escape mode.
20.27027 INFO Goes into Track mode.
20.27028 INFO Goes into Escape mode.
20.28687 INFO Goes into Track mode.
20.28689 INFO Goes into Escape mode.
20.32089 INFO Goes into Track mode.
20.3209 INFO Goes into Escape mode.
20.33743 INFO Goes into Track mode.
20.33745 INFO Goes into Escape mode.
20.35421 INFO Goes into Track mode.
20.35423 INFO Goes into Escape mode.
20.37058 INFO Goes into Track mode.
20.3706 INFO Goes into Escape mode.
20.38714 INFO Goes into Track mode.
20.38716 INFO Goes into Escape mode.
20.4204 INFO Goes into Track mode.
20.42041 INFO Goes into Escape mode.
20.43682 INFO Goes into Track mode.
20.43684 INFO Goes into Escape mode.
20.45339 INFO Goes into Track mode.
20.45341 INFO Goes into Escape mode.
20.46998 INFO Goes into Track mode.
20.47 INFO Goes into Escape mode.
20.48722 INFO Goes into Track mode.
20.48725 INFO Goes into Escape mode.
20.52037 INFO Goes into Track mode.
20.52039 INFO Goes into Escape mode.
20.53699 INFO Goes into Track mode.
20.53701 INFO Goes into Escape mode.
20.55352 INFO Goes into Track mode.
20.55354 INFO Goes into Escape mode.
20.5703 INFO Goes into Track mode.
20.57032 INFO Goes into Escape mode.
20.58671 INFO Goes into Track mode.
20.58672 INFO Goes into Escape mode.
20.61975 INFO Goes into Track mode.
20.61977 INFO Goes into Escape mode.
20.63633 INFO Goes into Track mode.
20.63635 INFO Goes into Escape mode.
20.65292 INFO Goes into Track mode.
20.65294 INFO Goes into Escape mode.
20.66948 INFO Goes into Track mode.
20.6695 INFO Goes into Escape mode.
20.68604 INFO Goes into Track mode.
20.68606 INFO Goes into Escape mode.
20.71919 INFO Goes into Track mode.
20.71921 INFO Goes into Escape mode.
20.73601 INFO Goes into Track mode.
20.73602 INFO Goes into Escape mode.
20.75234 INFO Goes into Track mode.
20.75236 INFO Goes into Escape mode.
20.7691 INFO Goes into Track mode.
20.76912 INFO Goes into Escape mode.
20.78543 INFO Goes into Track mode.
20.78544 INFO Goes into Escape mode.
20.81898 INFO Goes into Track mode.
20.819 INFO Goes into Escape mode.
20.83555 INFO Goes into Track mode.
20.83557 INFO Goes into Escape mode.
20.85212 INFO Goes into Track mode.
20.85214 INFO Goes into Escape mode.
20.86868 INFO Goes into Track mode.
20.8687 INFO Goes into Escape mode.
20.88524 INFO Goes into Track mode.
20.88526 INFO Goes into Escape mode.
20.91844 INFO Goes into Track mode.
20.91846 INFO Goes into Escape mode.
20.93495 INFO Goes into Track mode.
20.93497 INFO Goes into Escape mode.
20.95157 INFO Goes into Track mode.
20.9516 INFO Goes into Escape mode.
20.96808 INFO Goes into Track mode.
20.9681 INFO Goes into Escape mode.
20.98551 INFO Goes into Track mode.
20.98552 INFO Goes into Escape mode.
21.01865 INFO Goes into Track mode.
21.01866 INFO Goes into Escape mode.
21.0352 INFO Goes into Track mode.
21.03522 INFO Goes into Escape mode.
21.05179 INFO Goes into Track mode.
21.05181 INFO Goes into Escape mode.
21.06861 INFO Goes into Track mode.
21.06863 INFO Goes into Escape mode.
21.085 INFO Goes into Track mode.
21.08502 INFO Goes into Escape mode.
21.11806 INFO Goes into Track mode.
21.11808 INFO Goes into Escape mode.
21.13461 INFO Goes into Track mode.
21.13462 INFO Goes into Escape mode.
21.15117 INFO Goes into Track mode.
21.15119 INFO Goes into Escape mode.
21.16776 INFO Goes into Track mode.
21.16778 INFO Goes into Escape mode.
21.18432 INFO Goes into Track mode.
21.18434 INFO Goes into Escape mode.
21.21743 INFO Goes into Track mode.
21.21745 INFO Goes into Escape mode.
21.23431 INFO Goes into Track mode.
21.23433 INFO Goes into Escape mode.
21.25059 INFO Goes into Track mode.
21.2506 INFO Goes into Escape mode.
21.26717 INFO Goes into Track mode.
21.26719 INFO Goes into Escape mode.
21.30033 INFO Goes into Track mode.
21.30036 INFO Goes into Escape mode.
21.31683 INFO Goes into Track mode.
21.31685 INFO Goes into Escape mode.
21.33342 INFO Goes into Track mode.
21.33344 INFO Goes into Escape mode.
21.34995 INFO Goes into Track mode.
21.34997 INFO Goes into Escape mode.
21.36654 INFO Goes into Track mode.
21.36656 INFO Goes into Escape mode.
21.39992 INFO Goes into Track mode.
21.39994 INFO Goes into Escape mode.
21.41625 INFO Goes into Track mode.
21.41627 INFO Goes into Escape mode.
21.4328 INFO Goes into Track mode.
21.43282 INFO Goes into Escape mode.
21.44939 INFO Goes into Track mode.
21.4494 INFO Goes into Escape mode.
21.46594 INFO Goes into Track mode.
21.46596 INFO Goes into Escape mode.
21.49912 INFO Goes into Track mode.
21.49914 INFO Goes into Escape mode.
21.51564 INFO Goes into Track mode.
21.51566 INFO Goes into Escape mode.
21.53223 INFO Goes into Track mode.
21.53225 INFO Goes into Escape mode.
21.54877 INFO Goes into Track mode.
21.54879 INFO Goes into Escape mode.
21.56563 INFO Goes into Track mode.
21.56565 INFO Goes into Escape mode.
21.59848 INFO Goes into Track mode.
21.5985 INFO Goes into Escape mode.
21.61504 INFO Goes into Track mode.
21.61506 INFO Goes into Escape mode.
21.6316 INFO Goes into Track mode.
21.63162 INFO Goes into Escape mode.
21.64819 INFO Goes into Track mode.
21.6482 INFO Goes into Escape mode.
21.66475 INFO Goes into Track mode.
21.66477 INFO Goes into Escape mode.
21.69788 INFO Goes into Track mode.
21.6979 INFO Goes into Escape mode.
21.71446 INFO Goes into Track mode.
21.71448 INFO Goes into Escape mode.
21.73125 INFO Goes into Track mode.
21.73127 INFO Goes into Escape mode.
21.74757 INFO Goes into Track mode.
21.74759 INFO Goes into Escape mode.
21.76415 INFO Goes into Track mode.
21.76416 INFO Goes into Escape mode.
21.79728 INFO Goes into Track mode.
21.7973 INFO Goes into Escape mode.
21.81385 INFO Goes into Track mode.
21.81387 INFO Goes into Escape mode.
21.83039 INFO Goes into Track mode.
21.83041 INFO Goes into Escape mode.
21.84696 INFO Goes into Track mode.
21.84698 INFO Goes into Escape mode.
21.88012 INFO Goes into Track mode.
21.88014 INFO Goes into Escape mode.
21.89693 INFO Goes into Track mode.
21.89695 INFO Goes into Escape mode.
21.91325 INFO Goes into Track mode.
21.91327 INFO Goes into Escape mode.
21.92982 INFO Goes into Track mode.
21.92983 INFO Goes into Escape mode.
21.94636 INFO Goes into Track mode.
21.94638 INFO Goes into Escape mode.
21.97952 INFO Goes into Track mode.
21.97954 INFO Goes into Escape mode.
21.99609 INFO Goes into Track mode.
21.99611 INFO Goes into Escape mode.
22.01267 INFO Goes into Track mode.
22.01269 INFO Goes into Escape mode.
22.02925 INFO Goes into Track mode.
22.02926 INFO Goes into Escape mode.
22.04577 INFO Goes into Track mode.
22.04579 INFO Goes into Escape mode.
22.07891 INFO Goes into Track mode.
22.07893 INFO Goes into Escape mode.
22.09548 INFO Goes into Track mode.
22.0955 INFO Goes into Escape mode.
22.11204 INFO Goes into Track mode.
22.11206 INFO Goes into Escape mode.
22.12859 INFO Goes into Track mode.
22.1286 INFO Goes into Escape mode.
22.14519 INFO Goes into Track mode.
22.1452 INFO Goes into Escape mode.
22.17832 INFO Goes into Track mode.
22.17834 INFO Goes into Escape mode.
22.19487 INFO Goes into Track mode.
22.19489 INFO Goes into Escape mode.
22.21145 INFO Goes into Track mode.
22.21146 INFO Goes into Escape mode.
22.22825 INFO Goes into Track mode.
22.22827 INFO Goes into Escape mode.
22.24457 INFO Goes into Track mode.
22.24459 INFO Goes into Escape mode.
22.27774 INFO Goes into Track mode.
22.27776 INFO Goes into Escape mode.
22.2943 INFO Goes into Track mode.
22.29432 INFO Goes into Escape mode.
22.31085 INFO Goes into Track mode.
22.31093 INFO Goes into Escape mode.
22.32741 INFO Goes into Track mode.
22.32743 INFO Goes into Escape mode.
22.34398 INFO Goes into Track mode.
22.34402 INFO Goes into Escape mode.
22.37712 INFO Goes into Track mode.
22.37714 INFO Goes into Escape mode.
22.39391 INFO Goes into Track mode.
22.39393 INFO Goes into Escape mode.
22.41026 INFO Goes into Track mode.
22.41028 INFO Goes into Escape mode.
22.42681 INFO Goes into Track mode.
22.42683 INFO Goes into Escape mode.
22.45994 INFO Goes into Track mode.
22.45996 INFO Goes into Escape mode.
22.4885 INFO Goes into Track mode.
22.48852 INFO Goes into Escape mode.
22.48907 INFO Goes into Track mode.
22.48908 INFO Goes into Escape mode.
22.50505 INFO Goes into Track mode.
22.50507 INFO Goes into Escape mode.
22.53819 INFO Goes into Track mode.
22.53821 INFO Goes into Escape mode.
22.55472 INFO Goes into Track mode.
22.55474 INFO Goes into Escape mode.
22.57152 INFO Goes into Track mode.
22.57154 INFO Goes into Escape mode.
22.58791 INFO Goes into Track mode.
22.58793 INFO Goes into Escape mode.
22.60448 INFO Goes into Track mode.
22.6045 INFO Goes into Escape mode.
22.63757 INFO Goes into Track mode.
22.63758 INFO Goes into Escape mode.
22.65412 INFO Goes into Track mode.
22.65414 INFO Goes into Escape mode.
22.6707 INFO Goes into Track mode.
22.67072 INFO Goes into Escape mode.
22.68726 INFO Goes into Track mode.
22.68728 INFO Goes into Escape mode.
22.72062 INFO Goes into Track mode.
22.72064 INFO Goes into Escape mode.
22.73692 INFO Goes into Track mode.
22.73694 INFO Goes into Escape mode.
22.75352 INFO Goes into Track mode.
22.75353 INFO Goes into Escape mode.
22.77008 INFO Goes into Track mode.
22.7701 INFO Goes into Escape mode.
22.78664 INFO Goes into Track mode.
22.78666 INFO Goes into Escape mode.
22.82009 INFO Goes into Track mode.
22.82011 INFO Goes into Escape mode.
22.83667 INFO Goes into Track mode.
22.83669 INFO Goes into Escape mode.
22.85321 INFO Goes into Track mode.
22.85323 INFO Goes into Escape mode.
22.86977 INFO Goes into Track mode.
22.86979 INFO Goes into Escape mode.
22.88668 INFO Goes into Track mode.
22.8867 INFO Goes into Escape mode.
22.91949 INFO Goes into Track mode.
22.91951 INFO Goes into Escape mode.
22.93605 INFO Goes into Track mode.
22.93608 INFO Goes into Escape mode.
22.95267 INFO Goes into Track mode.
22.95269 INFO Goes into Escape mode.
22.96918 INFO Goes into Track mode.
22.9692 INFO Goes into Escape mode.
22.98576 INFO Goes into Track mode.
22.98578 INFO Goes into Escape mode.
23.01887 INFO Goes into Track mode.
23.01889 INFO Goes into Escape mode.
23.03544 INFO Goes into Track mode.
23.03546 INFO Goes into Escape mode.
23.05225 INFO Goes into Track mode.
23.05227 INFO Goes into Escape mode.
23.06857 INFO Goes into Track mode.
23.06859 INFO Goes into Escape mode.
23.08515 INFO Goes into Track mode.
23.08517 INFO Goes into Escape mode.
23.11829 INFO Goes into Track mode.
23.11831 INFO Goes into Escape mode.
23.13485 INFO Goes into Track mode.
23.13486 INFO Goes into Escape mode.
23.1514 INFO Goes into Track mode.
23.15142 INFO Goes into Escape mode.
23.16797 INFO Goes into Track mode.
23.16799 INFO Goes into Escape mode.
23.18453 INFO Goes into Track mode.
23.18455 INFO Goes into Escape mode.
23.21791 INFO Goes into Track mode.
23.21793 INFO Goes into Escape mode.
23.23424 INFO Goes into Track mode.
23.23426 INFO Goes into Escape mode.
23.25078 INFO Goes into Track mode.
23.2508 INFO Goes into Escape mode.
23.26736 INFO Goes into Track mode.
23.26738 INFO Goes into Escape mode.
23.30053 INFO Goes into Track mode.
23.30055 INFO Goes into Escape mode.
23.31731 INFO Goes into Track mode.
23.31733 INFO Goes into Escape mode.
23.33365 INFO Goes into Track mode.
23.33367 INFO Goes into Escape mode.
23.3502 INFO Goes into Track mode.
23.35022 INFO Goes into Escape mode.
23.36675 INFO Goes into Track mode.
23.36677 INFO Goes into Escape mode.
23.39992 INFO Goes into Track mode.
23.39994 INFO Goes into Escape mode.
23.41647 INFO Goes into Track mode.
23.41664 INFO Goes into Escape mode.
23.43302 INFO Goes into Track mode.
23.43303 INFO Goes into Escape mode.
23.44962 INFO Goes into Track mode.
23.44963 INFO Goes into Escape mode.
23.46666 INFO Goes into Track mode.
23.46668 INFO Goes into Escape mode.
23.4998 INFO Goes into Track mode.
23.49982 INFO Goes into Escape mode.
23.51639 INFO Goes into Track mode.
23.51641 INFO Goes into Escape mode.
23.53295 INFO Goes into Track mode.
23.53298 INFO Goes into Escape mode.
23.54973 INFO Goes into Track mode.
23.54975 INFO Goes into Escape mode.
23.56615 INFO Goes into Track mode.
23.56618 INFO Goes into Escape mode.
23.5992 INFO Goes into Track mode.
23.59922 INFO Goes into Escape mode.
23.61574 INFO Goes into Track mode.
23.61576 INFO Goes into Escape mode.
23.63232 INFO Goes into Track mode.
23.63234 INFO Goes into Escape mode.
23.64888 INFO Goes into Track mode.
23.6489 INFO Goes into Escape mode.
23.66545 INFO Goes into Track mode.
23.66547 INFO Goes into Escape mode.
23.69861 INFO Goes into Track mode.
23.69863 INFO Goes into Escape mode.
23.71541 INFO Goes into Track mode.
23.71543 INFO Goes into Escape mode.
23.73172 INFO Goes into Track mode.
23.73173 INFO Goes into Escape mode.
23.74829 INFO Goes into Track mode.
23.7483 INFO Goes into Escape mode.
23.76484 INFO Goes into Track mode.
23.76485 INFO Goes into Escape mode.
23.798 INFO Goes into Track mode.
23.79801 INFO Goes into Escape mode.
23.81459 INFO Goes into Track mode.
23.81461 INFO Goes into Escape mode.
23.83113 INFO Goes into Track mode.
23.83114 INFO Goes into Escape mode.
23.84768 INFO Goes into Track mode.
23.8477 INFO Goes into Escape mode.
23.86426 INFO Goes into Track mode.
23.86428 INFO Goes into Escape mode.
23.89749 INFO Goes into Track mode.
23.89751 INFO Goes into Escape mode.
23.91396 INFO Goes into Track mode.
23.91397 INFO Goes into Escape mode.
23.93054 INFO Goes into Track mode.
23.93056 INFO Goes into Escape mode.
23.94709 INFO Goes into Track mode.
23.9471 INFO Goes into Escape mode.
23.98026 INFO Goes into Track mode.
23.98028 INFO Goes into Escape mode.
23.9968 INFO Goes into Track mode.
23.99682 INFO Goes into Escape mode.
24.01339 INFO Goes into Track mode.
24.01341 INFO Goes into Escape mode.
24.02991 INFO Goes into Track mode.
24.02993 INFO Goes into Escape mode.
24.04671 INFO Goes into Track mode.
24.04672 INFO Goes into Escape mode.
24.07964 INFO Goes into Track mode.
24.07966 INFO Goes into Escape mode.
24.0962 INFO Goes into Track mode.
24.09622 INFO Goes into Escape mode.
24.11277 INFO Goes into Track mode.
24.11279 INFO Goes into Escape mode.
24.12932 INFO Goes into Track mode.
24.12934 INFO Goes into Escape mode.
24.1459 INFO Goes into Track mode.
24.14592 INFO Goes into Escape mode.
24.17925 INFO Goes into Track mode.
24.17927 INFO Goes into Escape mode.
24.19559 INFO Goes into Track mode.
24.19561 INFO Goes into Escape mode.
24.21239 INFO Goes into Track mode.
24.21241 INFO Goes into Escape mode.
24.22871 INFO Goes into Track mode.
24.22873 INFO Goes into Escape mode.
24.24529 INFO Goes into Track mode.
24.24531 INFO Goes into Escape mode.
24.27844 INFO Goes into Track mode.
24.27846 INFO Goes into Escape mode.
24.29586 INFO Goes into Track mode.
24.29588 INFO Goes into Escape mode.
24.31248 INFO Goes into Track mode.
24.3125 INFO Goes into Escape mode.
24.329 INFO Goes into Track mode.
24.32902 INFO Goes into Escape mode.
24.34557 INFO Goes into Track mode.
24.34559 INFO Goes into Escape mode.
24.37897 INFO Goes into Track mode.
24.37899 INFO Goes into Escape mode.
24.39535 INFO Goes into Track mode.
24.39537 INFO Goes into Escape mode.
24.41186 INFO Goes into Track mode.
24.41188 INFO Goes into Escape mode.
24.4284 INFO Goes into Track mode.
24.42842 INFO Goes into Escape mode.
24.44526 INFO Goes into Track mode.
24.44528 INFO Goes into Escape mode.
24.47841 INFO Goes into Track mode.
24.47843 INFO Goes into Escape mode.
24.49496 INFO Goes into Track mode.
24.49498 INFO Goes into Escape mode.
24.51155 INFO Goes into Track mode.
24.51162 INFO Goes into Escape mode.
24.52838 INFO Goes into Track mode.
24.5284 INFO Goes into Escape mode.
24.54476 INFO Goes into Track mode.
24.54478 INFO Goes into Escape mode.
24.5778 INFO Goes into Track mode.
24.57782 INFO Goes into Escape mode.
24.59436 INFO Goes into Track mode.
24.59438 INFO Goes into Escape mode.
24.61094 INFO Goes into Track mode.
24.61096 INFO Goes into Escape mode.
24.6275 INFO Goes into Track mode.
24.62752 INFO Goes into Escape mode.
24.64405 INFO Goes into Track mode.
24.64406 INFO Goes into Escape mode.
24.67723 INFO Goes into Track mode.
24.67724 INFO Goes into Escape mode.
24.69403 INFO Goes into Track mode.
24.69405 INFO Goes into Escape mode.
24.71039 INFO Goes into Track mode.
24.7104 INFO Goes into Escape mode.
24.72689 INFO Goes into Track mode.
24.7269 INFO Goes into Escape mode.
24.76002 INFO Goes into Track mode.
24.76004 INFO Goes into Escape mode.
24.7766 INFO Goes into Track mode.
24.77662 INFO Goes into Escape mode.
24.7932 INFO Goes into Track mode.
24.79321 INFO Goes into Escape mode.
24.80975 INFO Goes into Track mode.
24.80976 INFO Goes into Escape mode.
24.82631 INFO Goes into Track mode.
24.82633 INFO Goes into Escape mode.
24.85966 INFO Goes into Track mode.
24.85967 INFO Goes into Escape mode.
24.87602 INFO Goes into Track mode.
24.87604 INFO Goes into Escape mode.
24.89255 INFO Goes into Track mode.
24.89257 INFO Goes into Escape mode.
24.90914 INFO Goes into Track mode.
24.90915 INFO Goes into Escape mode.
24.9257 INFO Goes into Track mode.
24.92571 INFO Goes into Escape mode.
24.95891 INFO Goes into Track mode.
24.95893 INFO Goes into Escape mode.
24.97542 INFO Goes into Track mode.
24.97544 INFO Goes into Escape mode.
24.99196 INFO Goes into Track mode.
24.99198 INFO Goes into Escape mode.
25.00854 INFO Goes into Track mode.
25.00856 INFO Goes into Escape mode.
25.02538 INFO Goes into Track mode.
25.02539 INFO Goes into Escape mode.
25.05823 INFO Goes into Track mode.
33.26675 INFO Goes into Escape mode.
33.29993 INFO Goes into Track mode.
33.29995 INFO Goes into Escape mode.
33.31667 INFO Goes into Track mode.
33.31668 INFO Goes into Escape mode.
33.33307 INFO Goes into Track mode.
33.33309 INFO Goes into Escape mode.
33.34959 INFO Goes into Track mode.
33.34961 INFO Goes into Escape mode.
33.36612 INFO Goes into Track mode.
33.36613 INFO Goes into Escape mode.
33.40071 INFO Goes into Track mode.
33.40072 INFO Goes into Escape mode.
33.41726 INFO Goes into Track mode.
33.41727 INFO Goes into Escape mode.
33.43383 INFO Goes into Track mode.
33.43385 INFO Goes into Escape mode.
33.45039 INFO Goes into Track mode.
33.45041 INFO Goes into Escape mode.
33.46696 INFO Goes into Track mode.
33.46698 INFO Goes into Escape mode.
33.50018 INFO Goes into Track mode.
33.5002 INFO Goes into Escape mode.
33.51667 INFO Goes into Track mode.
33.51668 INFO Goes into Escape mode.
33.53323 INFO Goes into Track mode.
33.53325 INFO Goes into Escape mode.
33.54978 INFO Goes into Track mode.
33.5498 INFO Goes into Escape mode.
33.56635 INFO Goes into Track mode.
33.56637 INFO Goes into Escape mode.
33.59949 INFO Goes into Track mode.
33.59951 INFO Goes into Escape mode.
33.61607 INFO Goes into Track mode.
33.61609 INFO Goes into Escape mode.
33.63292 INFO Goes into Track mode.
33.63294 INFO Goes into Escape mode.
33.64922 INFO Goes into Track mode.
33.64923 INFO Goes into Escape mode.
33.66578 INFO Goes into Track mode.
33.66581 INFO Goes into Escape mode.
33.6989 INFO Goes into Track mode.
33.69892 INFO Goes into Escape mode.
33.71643 INFO Goes into Track mode.
33.71645 INFO Goes into Escape mode.
33.73301 INFO Goes into Track mode.
33.73303 INFO Goes into Escape mode.
33.74958 INFO Goes into Track mode.
33.7496 INFO Goes into Escape mode.
33.76614 INFO Goes into Track mode.
33.76616 INFO Goes into Escape mode.
33.79952 INFO Goes into Track mode.
33.79955 INFO Goes into Escape mode.
33.81594 INFO Goes into Track mode.
33.81596 INFO Goes into Escape mode.
33.83241 INFO Goes into Track mode.
33.83242 INFO Goes into Escape mode.
33.84896 INFO Goes into Track mode.
33.84898 INFO Goes into Escape mode.
33.86556 INFO Goes into Track mode.
33.86558 INFO Goes into Escape mode.
33.89871 INFO Goes into Track mode.
33.89872 INFO Goes into Escape mode.
33.91526 INFO Goes into Track mode.
33.91528 INFO Goes into Escape mode.
33.9318 INFO Goes into Track mode.
33.93182 INFO Goes into Escape mode.
33.94863 INFO Goes into Track mode.
33.94865 INFO Goes into Escape mode.
33.96494 INFO Goes into Track mode.
33.96495 INFO Goes into Escape mode.
33.9981 INFO Goes into Track mode.
33.99812 INFO Goes into Escape mode.
34.01468 INFO Goes into Track mode.
34.0147 INFO Goes into Escape mode.
34.03121 INFO Goes into Track mode.
34.03123 INFO Goes into Escape mode.
34.04778 INFO Goes into Track mode.
34.04779 INFO Goes into Escape mode.
34.06435 INFO Goes into Track mode.
34.06437 INFO Goes into Escape mode.
34.09748 INFO Goes into Track mode.
34.0975 INFO Goes into Escape mode.
34.11431 INFO Goes into Track mode.
34.11433 INFO Goes into Escape mode.
34.13062 INFO Goes into Track mode.
34.13063 INFO Goes into Escape mode.
34.14717 INFO Goes into Track mode.
34.14719 INFO Goes into Escape mode.
34.1803 INFO Goes into Track mode.
34.18032 INFO Goes into Escape mode.
34.19688 INFO Goes into Track mode.
34.1969 INFO Goes into Escape mode.
34.21347 INFO Goes into Track mode.
34.21349 INFO Goes into Escape mode.
34.23001 INFO Goes into Track mode.
34.23003 INFO Goes into Escape mode.
34.24657 INFO Goes into Track mode.
34.24658 INFO Goes into Escape mode.
34.28001 INFO Goes into Track mode.
34.28003 INFO Goes into Escape mode.
34.2963 INFO Goes into Track mode.
34.29632 INFO Goes into Escape mode.
34.31287 INFO Goes into Track mode.
34.31289 INFO Goes into Escape mode.
34.3294 INFO Goes into Track mode.
34.32941 INFO Goes into Escape mode.
34.34598 INFO Goes into Track mode.
34.346 INFO Goes into Escape mode.
34.37989 INFO Goes into Track mode.
34.37991 INFO Goes into Escape mode.
34.39647 INFO Goes into Track mode.
34.39648 INFO Goes into Escape mode.
34.41304 INFO Goes into Track mode.
34.41307 INFO Goes into Escape mode.
34.4296 INFO Goes into Track mode.
34.42962 INFO Goes into Escape mode.
34.44641 INFO Goes into Track mode.
34.44643 INFO Goes into Escape mode.
34.47932 INFO Goes into Track mode.
34.47934 INFO Goes into Escape mode.
34.49586 INFO Goes into Track mode.
34.49588 INFO Goes into Escape mode.
34.51244 INFO Goes into Track mode.
34.51246 INFO Goes into Escape mode.
34.52979 INFO Goes into Track mode.
34.52981 INFO Goes into Escape mode.
34.54639 INFO Goes into Track mode.
34.54641 INFO Goes into Escape mode.
34.57951 INFO Goes into Track mode.
34.57952 INFO Goes into Escape mode.
34.59607 INFO Goes into Track mode.
34.59609 INFO Goes into Escape mode.
34.6129 INFO Goes into Track mode.
34.61292 INFO Goes into Escape mode.
34.62925 INFO Goes into Track mode.
34.62926 INFO Goes into Escape mode.
34.64579 INFO Goes into Track mode.
34.64581 INFO Goes into Escape mode.
34.67889 INFO Goes into Track mode.
34.67891 INFO Goes into Escape mode.
34.69547 INFO Goes into Track mode.
34.69548 INFO Goes into Escape mode.
34.71205 INFO Goes into Track mode.
34.71207 INFO Goes into Escape mode.
34.72861 INFO Goes into Track mode.
34.72863 INFO Goes into Escape mode.
34.74516 INFO Goes into Track mode.
34.74517 INFO Goes into Escape mode.
34.77831 INFO Goes into Track mode.
34.77833 INFO Goes into Escape mode.
34.79487 INFO Goes into Track mode.
34.79489 INFO Goes into Escape mode.
34.81144 INFO Goes into Track mode.
34.81146 INFO Goes into Escape mode.
34.828 INFO Goes into Track mode.
34.82802 INFO Goes into Escape mode.
34.84564 INFO Goes into Track mode.
34.84566 INFO Goes into Escape mode.
34.8788 INFO Goes into Track mode.
34.87881 INFO Goes into Escape mode.
34.89534 INFO Goes into Track mode.
34.89536 INFO Goes into Escape mode.
34.89571 INFO Has hit obstacle
34.91193 INFO Goes into Track mode.
34.912 INFO Goes into Escape mode.
34.92871 INFO Goes into Track mode.
34.92873 INFO Goes into Escape mode.
34.94513 INFO Goes into Track mode.
34.94515 INFO Goes into Escape mode.
34.97824 INFO Goes into Track mode.
34.97826 INFO Goes into Escape mode.
34.99477 INFO Goes into Track mode.
34.99479 INFO Goes into Escape mode.
35.0113 INFO Goes into Track mode.
35.01131 INFO Goes into Escape mode.
35.0279 INFO Goes into Track mode.
35.02792 INFO Goes into Escape mode.
35.04445 INFO Goes into Track mode.
35.04446 INFO Goes into Escape mode.
35.07761 INFO Goes into Track mode.
35.07763 INFO Goes into Escape mode.
35.0944 INFO Goes into Track mode.
35.09443 INFO Goes into Escape mode.
35.11073 INFO Goes into Track mode.
35.11074 INFO Goes into Escape mode.
35.12727 INFO Goes into Track mode.
35.12729 INFO Goes into Escape mode.
35.1604 INFO Goes into Track mode.
35.16042 INFO Goes into Escape mode.
35.17857 INFO Goes into Track mode.
35.17859 INFO Goes into Escape mode.
35.19516 INFO Goes into Track mode.
35.19518 INFO Goes into Escape mode.
35.21172 INFO Goes into Track mode.
35.21173 INFO Goes into Escape mode.
35.22825 INFO Goes into Track mode.
35.22827 INFO Goes into Escape mode.
35.24484 INFO Goes into Track mode.
35.24486 INFO Goes into Escape mode.
35.27805 INFO Goes into Track mode.
35.27808 INFO Goes into Escape mode.
35.29456 INFO Goes into Track mode.
35.29459 INFO Goes into Escape mode.
35.31117 INFO Goes into Track mode.
35.3112 INFO Goes into Escape mode.
35.32846 INFO Goes into Track mode.
35.32848 INFO Goes into Escape mode.
35.34504 INFO Goes into Track mode.
35.34506 INFO Goes into Escape mode.
35.37817 INFO Goes into Track mode.
35.37819 INFO Goes into Escape mode.
35.39474 INFO Goes into Track mode.
35.39475 INFO Goes into Escape mode.
35.41151 INFO Goes into Track mode.
35.41153 INFO Goes into Escape mode.
35.4279 INFO Goes into Track mode.
35.42791 INFO Goes into Escape mode.
35.44442 INFO Goes into Track mode.
35.44444 INFO Goes into Escape mode.
35.48648 INFO Goes into Track mode.
35.4865 INFO Goes into Escape mode.
35.48703 INFO Goes into Track mode.
35.48705 INFO Goes into Escape mode.
35.51967 INFO Goes into Track mode.
35.51969 INFO Goes into Escape mode.
35.55067 INFO Shots : 10. Precision : 0 %.
Time : 2/2/2017 3:59:38 AM logfile now closed.
