Time : 02/01/2017 18:14:28
1.600364 INFO Goes into Track mode.
4.231878 INFO Has hit NightHunter.
4.231905 INFO Has hit NightHunter.
5.70218 INFO Missed a shot.
5.702221 INFO Missed a shot.
5.916443 INFO Missed a shot.
5.916485 INFO Missed a shot.
14.66832 INFO Has hit NightHunter.
14.6875 INFO Has hit NightHunter.
15.84115 INFO Missed a shot.
15.84118 INFO Missed a shot.
16.08874 INFO Missed a shot.
16.08879 INFO Missed a shot.
23.05569 INFO Has hit NightHunter.
23.05573 INFO Has hit NightHunter.
24.65983 INFO Missed a shot.
24.65986 INFO Missed a shot.
31.00662 INFO Missed a shot.
31.00666 INFO Missed a shot.
31.90655 INFO Goes into Dodge mode.
32.19134 INFO Has hit obstacle
32.20806 INFO Goes into Track mode.
35.24652 INFO Has hit NightHunter.
36.98513 INFO Missed a shot.
36.98519 INFO Missed a shot.
37.58688 INFO Has hit NightHunter.
39.3398 INFO Missed a shot.
39.33984 INFO Missed a shot.
39.6575 INFO Has hit NightHunter.
41.25951 INFO Missed a shot.
41.25956 INFO Missed a shot.
41.4771 INFO Missed a shot.
41.47715 INFO Missed a shot.
43.20065 INFO Missed a shot.
43.20068 INFO Missed a shot.
44.53247 INFO Goes into Dodge mode.
45.06906 INFO Goes into Track mode.
45.06973 INFO Has hit obstacle
46.23917 INFO Goes into Dodge mode.
46.7175 INFO Has hit obstacle
46.7375 INFO Goes into Track mode.
47.0701 INFO Goes into Dodge mode.
47.07047 INFO Has hit obstacle
47.0863 INFO Goes into Track mode.
75.59895 INFO Missed a shot.
75.59899 INFO Missed a shot.
75.82066 INFO Missed a shot.
75.82069 INFO Missed a shot.
76.01997 INFO Missed a shot.
76.02 INFO Missed a shot.
77.40266 INFO Missed a shot.
77.40269 INFO Missed a shot.
77.60735 INFO Missed a shot.
77.60738 INFO Missed a shot.
77.83926 INFO Missed a shot.
77.83931 INFO Missed a shot.
78.05472 INFO Missed a shot.
78.05476 INFO Missed a shot.
78.25524 INFO Missed a shot.
78.25527 INFO Missed a shot.
79.00769 INFO Missed a shot.
79.00774 INFO Missed a shot.
79.20881 INFO Missed a shot.
79.20884 INFO Missed a shot.
79.40855 INFO Missed a shot.
79.4086 INFO Missed a shot.
79.61161 INFO Missed a shot.
79.61165 INFO Missed a shot.
79.812 INFO Missed a shot.
79.81203 INFO Missed a shot.
80.04327 INFO Missed a shot.
80.0433 INFO Missed a shot.
80.24236 INFO Missed a shot.
80.24241 INFO Missed a shot.
80.44283 INFO Missed a shot.
80.44288 INFO Missed a shot.
80.66444 INFO Missed a shot.
80.66447 INFO Missed a shot.
90.93079 INFO Goes into Dodge mode.
90.94921 INFO Goes into Track mode.
93.1067 INFO Goes into Dodge mode.
93.62098 INFO Goes into Track mode.
94.8369 INFO Missed a shot.
94.83693 INFO Missed a shot.
95.79361 INFO Has hit NightHunter.
97.59864 INFO Missed a shot.
97.59867 INFO Missed a shot.
100.7535 INFO Shots : 64. Precision : 15.625 %.
Time : 02/01/2017 18:16:07 logfile now closed.
