Time : 2/2/2017 4:02:55 AM
1.482907 INFO Goes into Track mode.
12.86365 INFO Goes into Escape mode.
12.8802 INFO Goes into Track mode.
12.88023 INFO Goes into Escape mode.
12.8969 INFO Goes into Track mode.
12.89692 INFO Goes into Escape mode.
12.93003 INFO Goes into Track mode.
12.93005 INFO Goes into Escape mode.
12.94651 INFO Goes into Track mode.
12.94654 INFO Goes into Escape mode.
12.96305 INFO Goes into Track mode.
12.96307 INFO Goes into Escape mode.
12.97961 INFO Goes into Track mode.
12.97964 INFO Goes into Escape mode.
12.99615 INFO Goes into Track mode.
12.99617 INFO Goes into Escape mode.
13.02928 INFO Goes into Track mode.
13.02931 INFO Goes into Escape mode.
13.04587 INFO Goes into Track mode.
13.04589 INFO Goes into Escape mode.
13.06254 INFO Goes into Track mode.
13.06256 INFO Goes into Escape mode.
13.079 INFO Goes into Track mode.
13.07902 INFO Goes into Escape mode.
13.11213 INFO Goes into Track mode.
13.11215 INFO Goes into Escape mode.
13.12871 INFO Goes into Track mode.
13.12873 INFO Goes into Escape mode.
13.14529 INFO Goes into Track mode.
13.14531 INFO Goes into Escape mode.
13.16183 INFO Goes into Track mode.
13.16185 INFO Goes into Escape mode.
13.17839 INFO Goes into Track mode.
13.17841 INFO Goes into Escape mode.
13.21155 INFO Goes into Track mode.
13.21157 INFO Goes into Escape mode.
13.22819 INFO Goes into Track mode.
13.22821 INFO Goes into Escape mode.
13.24466 INFO Goes into Track mode.
13.24468 INFO Goes into Escape mode.
13.26126 INFO Goes into Track mode.
13.26129 INFO Goes into Escape mode.
13.27783 INFO Goes into Track mode.
13.27785 INFO Goes into Escape mode.
13.31094 INFO Goes into Track mode.
13.31096 INFO Goes into Escape mode.
13.32749 INFO Goes into Track mode.
13.32751 INFO Goes into Escape mode.
13.34405 INFO Goes into Track mode.
13.34407 INFO Goes into Escape mode.
13.36062 INFO Goes into Track mode.
13.36065 INFO Goes into Escape mode.
13.37719 INFO Goes into Track mode.
13.37721 INFO Goes into Escape mode.
13.41039 INFO Goes into Track mode.
13.41041 INFO Goes into Escape mode.
13.42688 INFO Goes into Track mode.
13.4269 INFO Goes into Escape mode.
13.44346 INFO Goes into Track mode.
13.44348 INFO Goes into Escape mode.
13.46003 INFO Goes into Track mode.
13.46005 INFO Goes into Escape mode.
13.47659 INFO Goes into Track mode.
13.47661 INFO Goes into Escape mode.
13.50976 INFO Goes into Track mode.
13.50978 INFO Goes into Escape mode.
13.52629 INFO Goes into Track mode.
13.52631 INFO Goes into Escape mode.
13.54285 INFO Goes into Track mode.
13.54287 INFO Goes into Escape mode.
13.55946 INFO Goes into Track mode.
13.55948 INFO Goes into Escape mode.
13.576 INFO Goes into Track mode.
13.57602 INFO Goes into Escape mode.
13.60913 INFO Goes into Track mode.
13.60915 INFO Goes into Escape mode.
13.62569 INFO Goes into Track mode.
13.62572 INFO Goes into Escape mode.
13.64227 INFO Goes into Track mode.
13.64229 INFO Goes into Escape mode.
13.65883 INFO Goes into Track mode.
13.65885 INFO Goes into Escape mode.
13.69208 INFO Goes into Track mode.
13.6921 INFO Goes into Escape mode.
13.70856 INFO Goes into Track mode.
13.70858 INFO Goes into Escape mode.
13.72508 INFO Goes into Track mode.
13.7251 INFO Goes into Escape mode.
13.74166 INFO Goes into Track mode.
13.74168 INFO Goes into Escape mode.
13.75825 INFO Goes into Track mode.
13.75827 INFO Goes into Escape mode.
13.79137 INFO Goes into Track mode.
13.79139 INFO Goes into Escape mode.
13.80793 INFO Goes into Track mode.
13.80795 INFO Goes into Escape mode.
13.82449 INFO Goes into Track mode.
13.82451 INFO Goes into Escape mode.
13.84106 INFO Goes into Track mode.
13.84109 INFO Goes into Escape mode.
13.85778 INFO Goes into Track mode.
13.8578 INFO Goes into Escape mode.
13.89081 INFO Goes into Track mode.
13.89084 INFO Goes into Escape mode.
13.90733 INFO Goes into Track mode.
13.90735 INFO Goes into Escape mode.
13.92399 INFO Goes into Track mode.
13.92402 INFO Goes into Escape mode.
13.94048 INFO Goes into Track mode.
13.94055 INFO Goes into Escape mode.
13.95705 INFO Goes into Track mode.
13.95707 INFO Goes into Escape mode.
13.99017 INFO Goes into Track mode.
13.99019 INFO Goes into Escape mode.
14.00674 INFO Goes into Track mode.
14.00676 INFO Goes into Escape mode.
14.0234 INFO Goes into Track mode.
14.02342 INFO Goes into Escape mode.
14.0399 INFO Goes into Track mode.
14.03993 INFO Goes into Escape mode.
14.05647 INFO Goes into Track mode.
14.0565 INFO Goes into Escape mode.
14.08959 INFO Goes into Track mode.
14.08961 INFO Goes into Escape mode.
14.10614 INFO Goes into Track mode.
14.10616 INFO Goes into Escape mode.
14.12271 INFO Goes into Track mode.
14.12273 INFO Goes into Escape mode.
14.13927 INFO Goes into Track mode.
14.13929 INFO Goes into Escape mode.
14.15585 INFO Goes into Track mode.
14.15588 INFO Goes into Escape mode.
14.18913 INFO Goes into Track mode.
14.18915 INFO Goes into Escape mode.
14.20556 INFO Goes into Track mode.
14.20558 INFO Goes into Escape mode.
14.22211 INFO Goes into Track mode.
14.22213 INFO Goes into Escape mode.
14.23867 INFO Goes into Track mode.
14.2387 INFO Goes into Escape mode.
14.27182 INFO Goes into Track mode.
14.27184 INFO Goes into Escape mode.
14.28839 INFO Goes into Track mode.
14.28841 INFO Goes into Escape mode.
14.30495 INFO Goes into Track mode.
14.30497 INFO Goes into Escape mode.
14.3215 INFO Goes into Track mode.
14.32152 INFO Goes into Escape mode.
14.33807 INFO Goes into Track mode.
14.33809 INFO Goes into Escape mode.
14.37121 INFO Goes into Track mode.
14.37123 INFO Goes into Escape mode.
14.38779 INFO Goes into Track mode.
14.38781 INFO Goes into Escape mode.
14.40435 INFO Goes into Track mode.
14.40437 INFO Goes into Escape mode.
14.42091 INFO Goes into Track mode.
14.42093 INFO Goes into Escape mode.
14.43747 INFO Goes into Track mode.
14.43749 INFO Goes into Escape mode.
14.4706 INFO Goes into Track mode.
14.47062 INFO Goes into Escape mode.
14.48719 INFO Goes into Track mode.
14.48721 INFO Goes into Escape mode.
14.50374 INFO Goes into Track mode.
14.50376 INFO Goes into Escape mode.
14.53687 INFO Goes into Track mode.
15.86224 INFO Goes into Escape mode.
15.87878 INFO Goes into Track mode.
15.8788 INFO Goes into Escape mode.
15.91193 INFO Goes into Track mode.
15.91195 INFO Goes into Escape mode.
15.92846 INFO Goes into Track mode.
15.92849 INFO Goes into Escape mode.
15.94512 INFO Goes into Track mode.
15.94514 INFO Goes into Escape mode.
15.96164 INFO Goes into Track mode.
15.96166 INFO Goes into Escape mode.
15.97818 INFO Goes into Track mode.
15.9782 INFO Goes into Escape mode.
16.01131 INFO Goes into Track mode.
16.01134 INFO Goes into Escape mode.
16.02789 INFO Goes into Track mode.
16.02791 INFO Goes into Escape mode.
16.04441 INFO Goes into Track mode.
16.04443 INFO Goes into Escape mode.
16.06103 INFO Goes into Track mode.
16.06105 INFO Goes into Escape mode.
16.07759 INFO Goes into Track mode.
16.07761 INFO Goes into Escape mode.
16.1107 INFO Goes into Track mode.
16.11073 INFO Goes into Escape mode.
16.12727 INFO Goes into Track mode.
16.12729 INFO Goes into Escape mode.
16.14384 INFO Goes into Track mode.
16.14387 INFO Goes into Escape mode.
16.16052 INFO Goes into Track mode.
16.16054 INFO Goes into Escape mode.
16.17697 INFO Goes into Track mode.
16.17699 INFO Goes into Escape mode.
16.2101 INFO Goes into Track mode.
16.21012 INFO Goes into Escape mode.
16.22668 INFO Goes into Track mode.
16.2267 INFO Goes into Escape mode.
16.24323 INFO Goes into Track mode.
16.24325 INFO Goes into Escape mode.
16.25986 INFO Goes into Track mode.
16.25988 INFO Goes into Escape mode.
16.27661 INFO Goes into Track mode.
16.27663 INFO Goes into Escape mode.
16.30951 INFO Goes into Track mode.
16.30953 INFO Goes into Escape mode.
16.32616 INFO Goes into Track mode.
16.32618 INFO Goes into Escape mode.
16.34265 INFO Goes into Track mode.
16.34267 INFO Goes into Escape mode.
16.3592 INFO Goes into Track mode.
16.35922 INFO Goes into Escape mode.
16.37579 INFO Goes into Track mode.
16.37587 INFO Goes into Escape mode.
16.40895 INFO Goes into Track mode.
16.40898 INFO Goes into Escape mode.
16.42549 INFO Goes into Track mode.
16.42551 INFO Goes into Escape mode.
16.44204 INFO Goes into Track mode.
16.44206 INFO Goes into Escape mode.
16.4586 INFO Goes into Track mode.
16.45862 INFO Goes into Escape mode.
16.492 INFO Goes into Track mode.
16.49202 INFO Goes into Escape mode.
16.50832 INFO Goes into Track mode.
16.50834 INFO Goes into Escape mode.
16.52489 INFO Goes into Track mode.
16.52491 INFO Goes into Escape mode.
16.54144 INFO Goes into Track mode.
16.54146 INFO Goes into Escape mode.
16.55803 INFO Goes into Track mode.
16.55805 INFO Goes into Escape mode.
16.59116 INFO Goes into Track mode.
16.59119 INFO Goes into Escape mode.
16.60769 INFO Goes into Track mode.
16.60771 INFO Goes into Escape mode.
16.62433 INFO Goes into Track mode.
16.62435 INFO Goes into Escape mode.
16.64097 INFO Goes into Track mode.
16.64099 INFO Goes into Escape mode.
16.65742 INFO Goes into Track mode.
16.65744 INFO Goes into Escape mode.
16.69055 INFO Goes into Track mode.
16.69057 INFO Goes into Escape mode.
16.70712 INFO Goes into Track mode.
16.70714 INFO Goes into Escape mode.
16.72369 INFO Goes into Track mode.
16.72371 INFO Goes into Escape mode.
16.74022 INFO Goes into Track mode.
16.74024 INFO Goes into Escape mode.
16.75683 INFO Goes into Track mode.
16.75685 INFO Goes into Escape mode.
16.78999 INFO Goes into Track mode.
16.79 INFO Goes into Escape mode.
16.8066 INFO Goes into Track mode.
16.80662 INFO Goes into Escape mode.
16.82309 INFO Goes into Track mode.
16.82311 INFO Goes into Escape mode.
16.83963 INFO Goes into Track mode.
16.83965 INFO Goes into Escape mode.
16.85623 INFO Goes into Track mode.
16.85626 INFO Goes into Escape mode.
16.88934 INFO Goes into Track mode.
16.88936 INFO Goes into Escape mode.
16.90591 INFO Goes into Track mode.
16.90593 INFO Goes into Escape mode.
16.92246 INFO Goes into Track mode.
16.92248 INFO Goes into Escape mode.
16.93911 INFO Goes into Track mode.
16.93913 INFO Goes into Escape mode.
16.97218 INFO Goes into Track mode.
16.9722 INFO Goes into Escape mode.
16.98873 INFO Goes into Track mode.
16.98875 INFO Goes into Escape mode.
17.00531 INFO Goes into Track mode.
17.00533 INFO Goes into Escape mode.
17.02187 INFO Goes into Track mode.
17.02189 INFO Goes into Escape mode.
17.03844 INFO Goes into Track mode.
17.03846 INFO Goes into Escape mode.
17.07159 INFO Goes into Track mode.
17.07161 INFO Goes into Escape mode.
17.08814 INFO Goes into Track mode.
17.08817 INFO Goes into Escape mode.
17.1047 INFO Goes into Track mode.
17.10473 INFO Goes into Escape mode.
17.12139 INFO Goes into Track mode.
17.12141 INFO Goes into Escape mode.
17.13785 INFO Goes into Track mode.
17.13787 INFO Goes into Escape mode.
17.17098 INFO Goes into Track mode.
17.17101 INFO Goes into Escape mode.
17.18755 INFO Goes into Track mode.
17.18758 INFO Goes into Escape mode.
17.20411 INFO Goes into Track mode.
17.20413 INFO Goes into Escape mode.
17.22066 INFO Goes into Track mode.
17.22068 INFO Goes into Escape mode.
17.23723 INFO Goes into Track mode.
17.23725 INFO Goes into Escape mode.
17.27039 INFO Goes into Track mode.
17.27041 INFO Goes into Escape mode.
17.28695 INFO Goes into Track mode.
17.28697 INFO Goes into Escape mode.
17.3035 INFO Goes into Track mode.
17.30353 INFO Goes into Escape mode.
17.32008 INFO Goes into Track mode.
17.3201 INFO Goes into Escape mode.
17.33664 INFO Goes into Track mode.
17.33666 INFO Goes into Escape mode.
17.3698 INFO Goes into Track mode.
17.36982 INFO Goes into Escape mode.
17.38636 INFO Goes into Track mode.
17.38638 INFO Goes into Escape mode.
17.40294 INFO Goes into Track mode.
17.40296 INFO Goes into Escape mode.
17.41948 INFO Goes into Track mode.
17.4195 INFO Goes into Escape mode.
17.43602 INFO Goes into Track mode.
17.43604 INFO Goes into Escape mode.
17.46918 INFO Goes into Track mode.
17.4692 INFO Goes into Escape mode.
17.48574 INFO Goes into Track mode.
17.48576 INFO Goes into Escape mode.
17.50229 INFO Goes into Track mode.
17.50231 INFO Goes into Escape mode.
17.51884 INFO Goes into Track mode.
17.51887 INFO Goes into Escape mode.
17.55198 INFO Goes into Track mode.
17.55201 INFO Goes into Escape mode.
17.56854 INFO Goes into Track mode.
17.56856 INFO Goes into Escape mode.
17.58511 INFO Goes into Track mode.
17.58513 INFO Goes into Escape mode.
17.60167 INFO Goes into Track mode.
17.60169 INFO Goes into Escape mode.
17.61834 INFO Goes into Track mode.
17.61836 INFO Goes into Escape mode.
17.6514 INFO Goes into Track mode.
17.65143 INFO Goes into Escape mode.
17.66797 INFO Goes into Track mode.
17.668 INFO Goes into Escape mode.
17.68453 INFO Goes into Track mode.
17.68456 INFO Goes into Escape mode.
17.70115 INFO Goes into Track mode.
17.70117 INFO Goes into Escape mode.
17.71764 INFO Goes into Track mode.
17.71766 INFO Goes into Escape mode.
17.7508 INFO Goes into Track mode.
17.75083 INFO Goes into Escape mode.
17.76737 INFO Goes into Track mode.
17.76739 INFO Goes into Escape mode.
17.78402 INFO Goes into Track mode.
17.78404 INFO Goes into Escape mode.
17.8005 INFO Goes into Track mode.
17.80052 INFO Goes into Escape mode.
17.81704 INFO Goes into Track mode.
17.81706 INFO Goes into Escape mode.
17.85019 INFO Goes into Track mode.
17.85021 INFO Goes into Escape mode.
17.86679 INFO Goes into Track mode.
17.86682 INFO Goes into Escape mode.
17.88335 INFO Goes into Track mode.
17.88338 INFO Goes into Escape mode.
17.90001 INFO Goes into Track mode.
17.90003 INFO Goes into Escape mode.
17.9165 INFO Goes into Track mode.
17.91652 INFO Goes into Escape mode.
17.94967 INFO Goes into Track mode.
17.94969 INFO Goes into Escape mode.
17.96623 INFO Goes into Track mode.
17.96626 INFO Goes into Escape mode.
17.98276 INFO Goes into Track mode.
17.98278 INFO Goes into Escape mode.
17.99934 INFO Goes into Track mode.
17.99936 INFO Goes into Escape mode.
18.0159 INFO Goes into Track mode.
18.01592 INFO Goes into Escape mode.
18.04924 INFO Goes into Track mode.
18.04926 INFO Goes into Escape mode.
18.06559 INFO Goes into Track mode.
18.06562 INFO Goes into Escape mode.
18.0822 INFO Goes into Track mode.
18.08222 INFO Goes into Escape mode.
18.09871 INFO Goes into Track mode.
18.09873 INFO Goes into Escape mode.
18.13186 INFO Goes into Track mode.
18.13189 INFO Goes into Escape mode.
18.14843 INFO Goes into Track mode.
18.14845 INFO Goes into Escape mode.
18.16497 INFO Goes into Track mode.
18.16499 INFO Goes into Escape mode.
18.18157 INFO Goes into Track mode.
18.18159 INFO Goes into Escape mode.
18.19813 INFO Goes into Track mode.
18.19815 INFO Goes into Escape mode.
18.23125 INFO Goes into Track mode.
18.23127 INFO Goes into Escape mode.
18.24783 INFO Goes into Track mode.
18.24785 INFO Goes into Escape mode.
18.26449 INFO Goes into Track mode.
18.26452 INFO Goes into Escape mode.
18.28098 INFO Goes into Track mode.
18.281 INFO Goes into Escape mode.
18.29752 INFO Goes into Track mode.
18.29754 INFO Goes into Escape mode.
18.33064 INFO Goes into Track mode.
18.33066 INFO Goes into Escape mode.
18.34721 INFO Goes into Track mode.
18.34723 INFO Goes into Escape mode.
18.36382 INFO Goes into Track mode.
18.36384 INFO Goes into Escape mode.
18.38036 INFO Goes into Track mode.
18.38038 INFO Goes into Escape mode.
18.39693 INFO Goes into Track mode.
18.39696 INFO Goes into Escape mode.
18.43016 INFO Goes into Track mode.
18.43018 INFO Goes into Escape mode.
18.44663 INFO Goes into Track mode.
18.44665 INFO Goes into Escape mode.
18.46318 INFO Goes into Track mode.
18.46321 INFO Goes into Escape mode.
18.47976 INFO Goes into Track mode.
18.47978 INFO Goes into Escape mode.
18.49632 INFO Goes into Track mode.
18.49634 INFO Goes into Escape mode.
18.52945 INFO Goes into Track mode.
18.52947 INFO Goes into Escape mode.
18.54602 INFO Goes into Track mode.
18.54604 INFO Goes into Escape mode.
18.56259 INFO Goes into Track mode.
18.56261 INFO Goes into Escape mode.
18.57916 INFO Goes into Track mode.
18.57919 INFO Goes into Escape mode.
18.59583 INFO Goes into Track mode.
18.59586 INFO Goes into Escape mode.
18.62897 INFO Goes into Track mode.
18.62899 INFO Goes into Escape mode.
18.64551 INFO Goes into Track mode.
18.64554 INFO Goes into Escape mode.
18.662 INFO Goes into Track mode.
18.66203 INFO Goes into Escape mode.
18.67856 INFO Goes into Track mode.
18.67859 INFO Goes into Escape mode.
18.7117 INFO Goes into Track mode.
21.19787 INFO Has hit NightHunter_AI_B2 (4).
24.0793 INFO Goes into Escape mode.
24.09585 INFO Goes into Track mode.
24.09588 INFO Goes into Escape mode.
24.12897 INFO Goes into Track mode.
24.12899 INFO Goes into Escape mode.
24.14566 INFO Goes into Track mode.
24.14568 INFO Goes into Escape mode.
24.16212 INFO Goes into Track mode.
24.16214 INFO Goes into Escape mode.
24.17869 INFO Goes into Track mode.
24.17871 INFO Goes into Escape mode.
24.21182 INFO Goes into Track mode.
24.21184 INFO Goes into Escape mode.
24.22836 INFO Goes into Track mode.
24.22838 INFO Goes into Escape mode.
24.24493 INFO Goes into Track mode.
24.24496 INFO Goes into Escape mode.
24.26152 INFO Goes into Track mode.
24.26154 INFO Goes into Escape mode.
24.27806 INFO Goes into Track mode.
24.27808 INFO Goes into Escape mode.
24.31122 INFO Goes into Track mode.
24.31124 INFO Goes into Escape mode.
24.32776 INFO Goes into Track mode.
24.32778 INFO Goes into Escape mode.
24.34433 INFO Goes into Track mode.
24.34435 INFO Goes into Escape mode.
24.3609 INFO Goes into Track mode.
24.36093 INFO Goes into Escape mode.
24.37749 INFO Goes into Track mode.
24.37751 INFO Goes into Escape mode.
24.4106 INFO Goes into Track mode.
24.41063 INFO Goes into Escape mode.
24.42716 INFO Goes into Track mode.
24.42718 INFO Goes into Escape mode.
24.44373 INFO Goes into Track mode.
24.44375 INFO Goes into Escape mode.
24.46043 INFO Goes into Track mode.
24.46045 INFO Goes into Escape mode.
24.47686 INFO Goes into Track mode.
24.47688 INFO Goes into Escape mode.
24.51001 INFO Goes into Track mode.
24.51004 INFO Goes into Escape mode.
24.52658 INFO Goes into Track mode.
24.5266 INFO Goes into Escape mode.
24.54314 INFO Goes into Track mode.
24.54316 INFO Goes into Escape mode.
24.55971 INFO Goes into Track mode.
24.55974 INFO Goes into Escape mode.
24.57627 INFO Goes into Track mode.
24.57629 INFO Goes into Escape mode.
24.6094 INFO Goes into Track mode.
24.60942 INFO Goes into Escape mode.
24.62606 INFO Goes into Track mode.
24.62609 INFO Goes into Escape mode.
24.64253 INFO Goes into Track mode.
24.64256 INFO Goes into Escape mode.
24.65909 INFO Goes into Track mode.
24.65911 INFO Goes into Escape mode.
24.67568 INFO Goes into Track mode.
24.67571 INFO Goes into Escape mode.
24.70882 INFO Goes into Track mode.
24.70885 INFO Goes into Escape mode.
24.7254 INFO Goes into Track mode.
24.72542 INFO Goes into Escape mode.
24.74193 INFO Goes into Track mode.
24.74195 INFO Goes into Escape mode.
24.75852 INFO Goes into Track mode.
24.75854 INFO Goes into Escape mode.
24.79164 INFO Goes into Track mode.
24.79166 INFO Goes into Escape mode.
24.80824 INFO Goes into Track mode.
24.80826 INFO Goes into Escape mode.
24.82475 INFO Goes into Track mode.
24.82477 INFO Goes into Escape mode.
24.84133 INFO Goes into Track mode.
24.84135 INFO Goes into Escape mode.
24.85791 INFO Goes into Track mode.
24.85793 INFO Goes into Escape mode.
24.89104 INFO Goes into Track mode.
24.89106 INFO Goes into Escape mode.
24.90761 INFO Goes into Track mode.
24.90763 INFO Goes into Escape mode.
24.92415 INFO Goes into Track mode.
24.92418 INFO Goes into Escape mode.
24.94081 INFO Goes into Track mode.
24.94083 INFO Goes into Escape mode.
24.9573 INFO Goes into Track mode.
24.95733 INFO Goes into Escape mode.
24.99067 INFO Goes into Track mode.
24.99069 INFO Goes into Escape mode.
25.00701 INFO Goes into Track mode.
25.00703 INFO Goes into Escape mode.
25.02357 INFO Goes into Track mode.
25.02359 INFO Goes into Escape mode.
25.04012 INFO Goes into Track mode.
25.04014 INFO Goes into Escape mode.
25.0567 INFO Goes into Track mode.
25.05672 INFO Goes into Escape mode.
25.08985 INFO Goes into Track mode.
25.08987 INFO Goes into Escape mode.
25.10649 INFO Goes into Track mode.
25.10652 INFO Goes into Escape mode.
25.12296 INFO Goes into Track mode.
25.12297 INFO Goes into Escape mode.
25.13952 INFO Goes into Track mode.
25.13954 INFO Goes into Escape mode.
25.15611 INFO Goes into Track mode.
25.15613 INFO Goes into Escape mode.
25.18925 INFO Goes into Track mode.
25.18927 INFO Goes into Escape mode.
25.2058 INFO Goes into Track mode.
25.20583 INFO Goes into Escape mode.
25.22236 INFO Goes into Track mode.
25.22239 INFO Goes into Escape mode.
25.23893 INFO Goes into Track mode.
25.23895 INFO Goes into Escape mode.
25.27208 INFO Goes into Track mode.
25.2721 INFO Goes into Escape mode.
25.28865 INFO Goes into Track mode.
25.28867 INFO Goes into Escape mode.
25.30521 INFO Goes into Track mode.
25.30523 INFO Goes into Escape mode.
25.32177 INFO Goes into Track mode.
25.32179 INFO Goes into Escape mode.
25.33832 INFO Goes into Track mode.
25.33834 INFO Goes into Escape mode.
25.37147 INFO Goes into Track mode.
25.37149 INFO Goes into Escape mode.
25.38803 INFO Goes into Track mode.
25.38805 INFO Goes into Escape mode.
25.40462 INFO Goes into Track mode.
25.40464 INFO Goes into Escape mode.
25.42126 INFO Goes into Track mode.
25.42128 INFO Goes into Escape mode.
25.43772 INFO Goes into Track mode.
25.43774 INFO Goes into Escape mode.
25.47087 INFO Goes into Track mode.
25.47089 INFO Goes into Escape mode.
25.48749 INFO Goes into Track mode.
25.48751 INFO Goes into Escape mode.
25.50401 INFO Goes into Track mode.
25.50403 INFO Goes into Escape mode.
25.52058 INFO Goes into Track mode.
25.5206 INFO Goes into Escape mode.
25.53712 INFO Goes into Track mode.
25.53715 INFO Goes into Escape mode.
25.57029 INFO Goes into Track mode.
25.57031 INFO Goes into Escape mode.
25.58694 INFO Goes into Track mode.
25.58696 INFO Goes into Escape mode.
25.60341 INFO Goes into Track mode.
25.60343 INFO Goes into Escape mode.
25.61997 INFO Goes into Track mode.
25.62 INFO Goes into Escape mode.
25.62099 INFO Has hit NightHunter_AI_B2 (3).
25.62102 INFO Has hit NightHunter_AI_B2 (3).
25.66966 INFO Goes into Track mode.
25.66968 INFO Goes into Escape mode.
25.68624 INFO Goes into Track mode.
25.68626 INFO Goes into Escape mode.
25.7028 INFO Goes into Track mode.
25.70282 INFO Goes into Escape mode.
25.71939 INFO Goes into Track mode.
25.71941 INFO Goes into Escape mode.
25.73602 INFO Goes into Track mode.
25.73604 INFO Goes into Escape mode.
25.76905 INFO Goes into Track mode.
25.76907 INFO Goes into Escape mode.
25.77 INFO Has hit NightHunter_AI_B1 (5).
25.77003 INFO Has hit NightHunter_AI_B2 (1).
25.78564 INFO Goes into Track mode.
25.78565 INFO Goes into Escape mode.
25.80222 INFO Goes into Track mode.
25.80223 INFO Goes into Escape mode.
25.81878 INFO Goes into Track mode.
25.81879 INFO Goes into Escape mode.
25.8519 INFO Goes into Track mode.
25.85191 INFO Goes into Escape mode.
25.86851 INFO Goes into Track mode.
25.86852 INFO Goes into Escape mode.
25.88506 INFO Goes into Track mode.
25.88507 INFO Goes into Escape mode.
25.90169 INFO Goes into Track mode.
25.9017 INFO Goes into Escape mode.
25.91816 INFO Goes into Track mode.
25.91817 INFO Goes into Escape mode.
25.95134 INFO Goes into Track mode.
25.95135 INFO Goes into Escape mode.
25.96788 INFO Goes into Track mode.
25.96789 INFO Goes into Escape mode.
25.98452 INFO Goes into Track mode.
25.98454 INFO Goes into Escape mode.
26.00101 INFO Goes into Track mode.
26.00103 INFO Goes into Escape mode.
26.01757 INFO Goes into Track mode.
26.01759 INFO Goes into Escape mode.
26.05071 INFO Goes into Track mode.
26.05073 INFO Goes into Escape mode.
26.06728 INFO Goes into Track mode.
26.06729 INFO Goes into Escape mode.
26.08388 INFO Goes into Track mode.
26.08389 INFO Goes into Escape mode.
26.10042 INF