Time : 2/2/2017 4:02:55 AM
1.489369 INFO Goes into Track mode.
7.546738 INFO Has hit NightHunter_AI_B2 (5).
7.546764 INFO Has hit NightHunter_AI_B2 (5).
7.745405 INFO Has hit NightHunter_AI_B2 (4).
7.745432 INFO Has hit NightHunter_AI_B2 (5).
8.15893 INFO Goes into Escape mode.
8.192078 INFO Goes into Track mode.
8.192091 INFO Goes into Escape mode.
8.208715 INFO Goes into Track mode.
8.208729 INFO Goes into Escape mode.
8.225167 INFO Goes into Track mode.
8.225181 INFO Goes into Escape mode.
8.24176 INFO Goes into Track mode.
8.241772 INFO Goes into Escape mode.
8.25834 INFO Goes into Track mode.
8.258352 INFO Goes into Escape mode.
8.291508 INFO Goes into Track mode.
8.291519 INFO Goes into Escape mode.
8.308014 INFO Goes into Track mode.
8.308027 INFO Goes into Escape mode.
8.324573 INFO Goes into Track mode.
8.324585 INFO Goes into Escape mode.
8.34112 INFO Goes into Track mode.
8.341132 INFO Goes into Escape mode.
8.357725 INFO Goes into Track mode.
8.357737 INFO Goes into Escape mode.
8.390882 INFO Goes into Track mode.
8.390895 INFO Goes into Escape mode.
8.407476 INFO Goes into Track mode.
8.407497 INFO Goes into Escape mode.
8.424181 INFO Goes into Track mode.
8.424194 INFO Goes into Escape mode.
8.440599 INFO Goes into Track mode.
8.440611 INFO Goes into Escape mode.
8.457146 INFO Goes into Track mode.
8.457161 INFO Goes into Escape mode.
8.490253 INFO Goes into Track mode.
8.490265 INFO Goes into Escape mode.
8.506825 INFO Goes into Track mode.
8.506838 INFO Goes into Escape mode.
8.523383 INFO Goes into Track mode.
8.523396 INFO Goes into Escape mode.
8.539963 INFO Goes into Track mode.
8.539975 INFO Goes into Escape mode.
8.556523 INFO Goes into Track mode.
8.556534 INFO Goes into Escape mode.
8.589683 INFO Goes into Track mode.
8.589694 INFO Goes into Escape mode.
8.606297 INFO Goes into Track mode.
8.60631 INFO Goes into Escape mode.
8.622795 INFO Goes into Track mode.
8.622808 INFO Goes into Escape mode.
8.639338 INFO Goes into Track mode.
8.63935 INFO Goes into Escape mode.
8.655934 INFO Goes into Track mode.
8.655948 INFO Goes into Escape mode.
8.689198 INFO Goes into Track mode.
8.68921 INFO Goes into Escape mode.
8.70566 INFO Goes into Track mode.
8.705671 INFO Goes into Escape mode.
8.722169 INFO Goes into Track mode.
8.722184 INFO Goes into Escape mode.
8.738768 INFO Goes into Track mode.
8.738789 INFO Goes into Escape mode.
8.771889 INFO Goes into Track mode.
8.771902 INFO Goes into Escape mode.
8.788464 INFO Goes into Track mode.
8.788476 INFO Goes into Escape mode.
8.80502 INFO Goes into Track mode.
8.805034 INFO Goes into Escape mode.
8.821594 INFO Goes into Track mode.
8.821609 INFO Goes into Escape mode.
8.83813 INFO Goes into Track mode.
8.838142 INFO Goes into Escape mode.
8.871297 INFO Goes into Track mode.
8.871309 INFO Goes into Escape mode.
8.887851 INFO Goes into Track mode.
8.887862 INFO Goes into Escape mode.
8.904407 INFO Goes into Track mode.
8.90442 INFO Goes into Escape mode.
8.920961 INFO Goes into Track mode.
8.920974 INFO Goes into Escape mode.
8.937547 INFO Goes into Track mode.
8.937559 INFO Goes into Escape mode.
8.970705 INFO Goes into Track mode.
8.970719 INFO Goes into Escape mode.
8.987247 INFO Goes into Track mode.
8.987258 INFO Goes into Escape mode.
9.003805 INFO Goes into Track mode.
9.003817 INFO Goes into Escape mode.
9.020475 INFO Goes into Track mode.
9.020488 INFO Goes into Escape mode.
9.036961 INFO Goes into Track mode.
9.036974 INFO Goes into Escape mode.
9.070093 INFO Goes into Track mode.
9.070107 INFO Goes into Escape mode.
9.086676 INFO Goes into Track mode.
9.086689 INFO Goes into Escape mode.
9.103208 INFO Goes into Track mode.
9.10322 INFO Goes into Escape mode.
9.119767 INFO Goes into Track mode.
9.11978 INFO Goes into Escape mode.
9.136339 INFO Goes into Track mode.
9.136353 INFO Goes into Escape mode.
9.169484 INFO Goes into Track mode.
9.169497 INFO Goes into Escape mode.
9.186152 INFO Goes into Track mode.
9.186164 INFO Goes into Escape mode.
9.202701 INFO Goes into Track mode.
9.202714 INFO Goes into Escape mode.
9.219199 INFO Goes into Track mode.
9.219211 INFO Goes into Escape mode.
9.252318 INFO Goes into Track mode.
9.252331 INFO Goes into Escape mode.
9.268888 INFO Goes into Track mode.
9.268901 INFO Goes into Escape mode.
9.285446 INFO Goes into Track mode.
9.28546 INFO Goes into Escape mode.
9.302006 INFO Goes into Track mode.
9.302018 INFO Goes into Escape mode.
9.318569 INFO Goes into Track mode.
9.318583 INFO Goes into Escape mode.
9.351724 INFO Goes into Track mode.
9.351737 INFO Goes into Escape mode.
9.36826 INFO Goes into Track mode.
9.368273 INFO Goes into Escape mode.
9.384855 INFO Goes into Track mode.
9.384868 INFO Goes into Escape mode.
9.401398 INFO Goes into Track mode.
9.40141 INFO Goes into Escape mode.
9.417984 INFO Goes into Track mode.
9.417999 INFO Goes into Escape mode.
9.451115 INFO Goes into Track mode.
9.451128 INFO Goes into Escape mode.
9.467677 INFO Goes into Track mode.
9.467694 INFO Goes into Escape mode.
9.484521 INFO Goes into Track mode.
9.484536 INFO Goes into Escape mode.
9.5009 INFO Goes into Track mode.
9.500913 INFO Goes into Escape mode.
9.517457 INFO Goes into Track mode.
9.517479 INFO Goes into Escape mode.
9.550545 INFO Goes into Track mode.
9.550557 INFO Goes into Escape mode.
9.56706 INFO Goes into Track mode.
9.567072 INFO Goes into Escape mode.
9.58363 INFO Goes into Track mode.
9.583643 INFO Goes into Escape mode.
9.600184 INFO Goes into Track mode.
9.600198 INFO Goes into Escape mode.
9.616839 INFO Goes into Track mode.
9.616851 INFO Goes into Escape mode.
9.649911 INFO Goes into Track mode.
9.649923 INFO Goes into Escape mode.
9.666483 INFO Goes into Track mode.
9.666495 INFO Goes into Escape mode.
9.683176 INFO Goes into Track mode.
9.683189 INFO Goes into Escape mode.
9.699877 INFO Goes into Track mode.
9.699889 INFO Goes into Escape mode.
9.716193 INFO Goes into Track mode.
9.716206 INFO Goes into Escape mode.
9.7493 INFO Goes into Track mode.
9.749312 INFO Goes into Escape mode.
9.76591 INFO Goes into Track mode.
9.765923 INFO Goes into Escape mode.
9.782457 INFO Goes into Track mode.
9.782478 INFO Goes into Escape mode.
9.798994 INFO Goes into Track mode.
9.799006 INFO Goes into Escape mode.
9.832156 INFO Goes into Track mode.
9.83217 INFO Goes into Escape mode.
9.848824 INFO Goes into Track mode.
9.848837 INFO Goes into Escape mode.
9.865317 INFO Goes into Track mode.
9.86533 INFO Goes into Escape mode.
9.881853 INFO Goes into Track mode.
9.881866 INFO Goes into Escape mode.
9.898397 INFO Goes into Track mode.
9.89841 INFO Goes into Escape mode.
9.931558 INFO Goes into Track mode.
9.93157 INFO Goes into Escape mode.
9.948117 INFO Goes into Track mode.
9.948129 INFO Goes into Escape mode.
9.964696 INFO Goes into Track mode.
9.964708 INFO Goes into Escape mode.
9.981266 INFO Goes into Track mode.
9.981278 INFO Goes into Escape mode.
9.997815 INFO Goes into Track mode.
9.997827 INFO Goes into Escape mode.
10.03101 INFO Goes into Track mode.
10.03103 INFO Goes into Escape mode.
10.04754 INFO Goes into Track mode.
10.04755 INFO Goes into Escape mode.
10.0641 INFO Goes into Track mode.
10.06412 INFO Goes into Escape mode.
10.08068 INFO Goes into Track mode.
10.0807 INFO Goes into Escape mode.
10.09722 INFO Goes into Track mode.
10.09723 INFO Goes into Escape mode.
10.13034 INFO Goes into Track mode.
10.13036 INFO Goes into Escape mode.
10.147 INFO Goes into Track mode.
10.14701 INFO Goes into Escape mode.
10.1635 INFO Goes into Track mode.
10.16351 INFO Goes into Escape mode.
10.1802 INFO Goes into Track mode.
10.18021 INFO Goes into Escape mode.
10.19663 INFO Goes into Track mode.
10.19664 INFO Goes into Escape mode.
10.23001 INFO Goes into Track mode.
10.23002 INFO Goes into Escape mode.
10.24634 INFO Goes into Track mode.
10.24635 INFO Goes into Escape mode.
10.26315 INFO Goes into Track mode.
10.26316 INFO Goes into Escape mode.
10.27944 INFO Goes into Track mode.
10.27945 INFO Goes into Escape mode.
10.29641 INFO Goes into Track mode.
10.29642 INFO Goes into Escape mode.
10.32915 INFO Goes into Track mode.
10.32917 INFO Goes into Escape mode.
10.34574 INFO Goes into Track mode.
10.34575 INFO Goes into Escape mode.
10.36228 INFO Goes into Track mode.
10.36229 INFO Goes into Escape mode.
10.37885 INFO Goes into Track mode.
10.37886 INFO Goes into Escape mode.
10.41203 INFO Goes into Track mode.
10.41204 INFO Goes into Escape mode.
10.42856 INFO Goes into Track mode.
10.42858 INFO Goes into Escape mode.
10.4451 INFO Goes into Track mode.
10.44511 INFO Goes into Escape mode.
10.46171 INFO Goes into Track mode.
10.46172 INFO Goes into Escape mode.
10.47853 INFO Goes into Track mode.
10.47855 INFO Goes into Escape mode.
10.51139 INFO Goes into Track mode.
10.51141 INFO Goes into Escape mode.
10.52807 INFO Goes into Track mode.
10.52808 INFO Goes into Escape mode.
10.54455 INFO Goes into Track mode.
10.54457 INFO Goes into Escape mode.
10.56114 INFO Goes into Track mode.
10.56115 INFO Goes into Escape mode.
10.5777 INFO Goes into Track mode.
10.57771 INFO Goes into Escape mode.
10.61088 INFO Goes into Track mode.
10.61089 INFO Goes into Escape mode.
10.62737 INFO Goes into Track mode.
10.62738 INFO Goes into Escape mode.
10.64396 INFO Goes into Track mode.
10.64397 INFO Goes into Escape mode.
10.66062 INFO Goes into Track mode.
10.66063 INFO Goes into Escape mode.
10.67708 INFO Goes into Track mode.
10.67709 INFO Goes into Escape mode.
10.71022 INFO Goes into Track mode.
10.71024 INFO Goes into Escape mode.
10.7268 INFO Goes into Track mode.
10.72681 INFO Goes into Escape mode.
10.74337 INFO Goes into Track mode.
10.74338 INFO Goes into Escape mode.
10.75997 INFO Goes into Track mode.
10.75998 INFO Goes into Escape mode.
10.77647 INFO Goes into Track mode.
10.77648 INFO Goes into Escape mode.
10.80968 INFO Goes into Track mode.
10.80969 INFO Goes into Escape mode.
10.8262 INFO Goes into Track mode.
10.82621 INFO Goes into Escape mode.
10.84278 INFO Goes into Track mode.
10.84279 INFO Goes into Escape mode.
10.85933 INFO Goes into Track mode.
10.85934 INFO Goes into Escape mode.
10.87591 INFO Goes into Track mode.
10.87593 INFO Goes into Escape mode.
10.90903 INFO Goes into Track mode.
10.90905 INFO Goes into Escape mode.
10.92559 INFO Goes into Track mode.
10.9256 INFO Goes into Escape mode.
10.94218 INFO Goes into Track mode.
10.94219 INFO Goes into Escape mode.
10.95874 INFO Goes into Track mode.
10.95876 INFO Goes into Escape mode.
10.99188 INFO Goes into Track mode.
10.99189 INFO Goes into Escape mode.
11.00843 INFO Goes into Track mode.
11.00844 INFO Goes into Escape mode.
11.02497 INFO Goes into Track mode.
11.02498 INFO Goes into Escape mode.
11.04161 INFO Goes into Track mode.
11.04162 INFO Goes into Escape mode.
11.05816 INFO Goes into Track mode.
11.05817 INFO Goes into Escape mode.
11.0913 INFO Goes into Track mode.
11.09132 INFO Goes into Escape mode.
11.10783 INFO Goes into Track mode.
11.10785 INFO Goes into Escape mode.
11.12437 INFO Goes into Track mode.
11.12439 INFO Goes into Escape mode.
11.14111 INFO Goes into Track mode.
11.14112 INFO Goes into Escape mode.
11.15755 INFO Goes into Track mode.
11.15757 INFO Goes into Escape mode.
11.19069 INFO Goes into Track mode.
11.1907 INFO Goes into Escape mode.
11.20722 INFO Goes into Track mode.
11.20724 INFO Goes into Escape mode.
11.22377 INFO Goes into Track mode.
11.22378 INFO Goes into Escape mode.
11.24034 INFO Goes into Track mode.
11.24035 INFO Goes into Escape mode.
11.25694 INFO Goes into Track mode.
11.25695 INFO Goes into Escape mode.
11.29008 INFO Goes into Track mode.
11.2901 INFO Goes into Escape mode.
11.30663 INFO Goes into Track mode.
11.30664 INFO Goes into Escape mode.
11.32318 INFO Goes into Track mode.
11.32319 INFO Goes into Escape mode.
11.33976 INFO Goes into Track mode.
11.33977 INFO Goes into Escape mode.
11.35632 INFO Goes into Track mode.
11.35633 INFO Goes into Escape mode.
11.38948 INFO Goes into Track mode.
11.38949 INFO Goes into Escape mode.
11.4061 INFO Goes into Track mode.
11.40611 INFO Goes into Escape mode.
11.42258 INFO Goes into Track mode.
11.4226 INFO Goes into Escape mode.
11.43912 INFO Goes into Track mode.
11.43914 INFO Goes into Escape mode.
11.47228 INFO Goes into Track mode.
11.47229 INFO Goes into Escape mode.
11.48885 INFO Goes into Track mode.
11.48887 INFO Goes into Escape mode.
11.50539 INFO Goes into Track mode.
11.50541 INFO Goes into Escape mode.
11.52204 INFO Goes into Track mode.
11.52205 INFO Goes into Escape mode.
11.5385 INFO Goes into Track mode.
11.53851 INFO Goes into Escape mode.
11.57167 INFO Goes into Track mode.
11.57168 INFO Goes into Escape mode.
11.58822 INFO Goes into Track mode.
11.58823 INFO Goes into Escape mode.
11.6048 INFO Goes into Track mode.
11.60482 INFO Goes into Escape mode.
11.62151 INFO Goes into Track mode.
11.62152 INFO Goes into Escape mode.
11.63793 INFO Goes into Track mode.
11.63795 INFO Goes into Escape mode.
11.67108 INFO Goes into Track mode.
11.67109 INFO Goes into Escape mode.
11.68765 INFO Goes into Track mode.
11.68767 INFO Goes into Escape mode.
11.70419 INFO Goes into Track mode.
11.7042 INFO Goes into Escape mode.
11.72076 INFO Goes into Track mode.
11.72077 INFO Goes into Escape mode.
11.73732 INFO Goes into Track mode.
11.73733 INFO Goes into Escape mode.
11.7705 INFO Goes into Track mode.
11.77051 INFO Goes into Escape mode.
11.78717 INFO Goes into Track mode.
11.78718 INFO Goes into Escape mode.
11.80361 INFO Goes into Track mode.
11.80362 INFO Goes into Escape mode.
11.82016 INFO Goes into Track mode.
11.82017 INFO Goes into Escape mode.
11.83673 INFO Goes into Track mode.
11.83674 INFO Goes into Escape mode.
11.86988 INFO Goes into Track mode.
11.86989 INFO Goes into Escape mode.
11.88642 INFO Goes into Track mode.
11.88643 INFO Goes into Escape mode.
11.90309 INFO Goes into Track mode.
11.9031 INFO Goes into Escape mode.
11.91953 INFO Goes into Track mode.
11.91954 INFO Goes into Escape mode.
11.93621 INFO Goes into Track mode.
11.93622 INFO Goes into Escape mode.
11.96926 INFO Goes into Track mode.
11.96927 INFO Goes into Escape mode.
11.98583 INFO Goes into Track mode.
11.98584 INFO Goes into Escape mode.
12.0024 INFO Goes into Track mode.
12.00242 INFO Goes into Escape mode.
12.01897 INFO Goes into Track mode.
12.01898 INFO Goes into Escape mode.
12.05222 INFO Goes into Track mode.
12.05224 INFO Goes into Escape mode.
12.0687 INFO Goes into Track mode.
12.06871 INFO Goes into Escape mode.
12.08526 INFO Goes into Track mode.
12.08527 INFO Goes into Escape mode.
12.10191 INFO Goes into Track mode.
12.10192 INFO Goes into Escape mode.
12.11834 INFO Goes into Track mode.
12.11835 INFO Goes into Escape mode.
12.15153 INFO Goes into Track mode.
12.15154 INFO Goes into Escape mode.
12.16809 INFO Goes into Track mode.
12.1681 INFO Goes into Escape mode.
12.18466 INFO Goes into Track mode.
12.18467 INFO Goes into Escape mode.
12.2012 INFO Goes into Track mode.
12.20121 INFO Goes into Escape mode.
12.21801 INFO Goes into Track mode.
12.21802 INFO Goes into Escape mode.
12.25102 INFO Goes into Track mode.
12.25103 INFO Goes into Escape mode.
12.26748 INFO Goes into Track mode.
12.26749 INFO Goes into Escape mode.
12.28406 INFO Goes into Track mode.
12.28407 INFO Goes into Escape mode.
12.30061 INFO Goes into Track mode.
12.30062 INFO Goes into Escape mode.
12.31717 INFO Goes into Track mode.
12.31718 INFO Goes into Escape mode.
12.3503 INFO Goes into Track mode.
12.35032 INFO Goes into Escape mode.
12.36686 INFO Goes into Track mode.
12.36687 INFO Goes into Escape mode.
12.38344 INFO Goes into Track mode.
12.38345 INFO Goes into Escape mode.
12.40002 INFO Goes into Track mode.
12.40004 INFO Goes into Escape mode.
12.41666 INFO Goes into Track mode.
12.41667 INFO Goes into Escape mode.
12.44974 INFO Goes into Track mode.
12.44975 INFO Goes into Escape mode.
12.46624 INFO Goes into Track mode.
12.46625 INFO Goes into Escape mode.
12.48285 INFO Goes into Track mode.
12.48304 INFO Goes into Escape mode.
12.49966 INFO Goes into Track mode.
12.49968 INFO Goes into Escape mode.
12.51599 INFO Goes into Track mode.
12.516 INFO Goes into Escape mode.
12.54909 INFO Goes into Track mode.
12.5491 INFO Goes into Escape mode.
12.56571 INFO Goes into Track mode.
12.56572 INFO Goes into Escape mode.
12.58231 INFO Goes into Track mode.
12.58233 INFO Goes into Escape mode.
12.59884 INFO Goes into Track mode.
12.59885 INFO Goes into Escape mode.
12.63193 INFO Goes into Track mode.
12.63195 INFO Goes into Escape mode.
12.64851 INFO Goes into Track mode.
12.64852 INFO Goes into Escape mode.
12.66507 INFO Goes into Track mode.
12.66508 INFO Goes into Escape mode.
12.68164 INFO Goes into Track mode.
12.68165 INFO Goes into Escape mode.
12.69819 INFO Goes into Track mode.
12.6982 INFO Goes into Escape mode.
12.73132 INFO Goes into Track mode.
12.73133 INFO Goes into Escape mode.
12.74799 INFO Goes into Track mode.
12.748 INFO Goes into Escape mode.
12.76447 INFO Goes into Track mode.
12.76448 INFO Goes into Escape mode.
12.78103 INFO Goes into Track mode.
12.78104 INFO Goes into Escape mode.
12.79758 INFO Goes into Track mode.
12.79761 INFO Goes into Escape mode.
12.83073 INFO Goes into Track mode.
12.83074 INFO Goes into Escape mode.
12.84724 INFO Goes into Track mode.
12.84726 INFO Goes into Escape mode.
12.86387 INFO Goes into Track mode.
12.86388 INFO Goes into Escape mode.
12.88042 INFO Goes into Track mode.
12.88043 INFO Goes into Escape mode.
12.89713 INFO Goes into Track mode.
12.89714 INFO Goes into Escape mode.
12.93025 INFO Goes into Track mode.
12.93026 INFO Goes into Escape mode.
12.9468 INFO Goes into Track mode.
12.94683 INFO Goes into Escape mode.
12.96329 INFO Goes into Track mode.
12.9633 INFO Goes into Escape mode.
12.97983 INFO Goes into Track mode.
12.97984 INFO Goes into Escape mode.
12.99636 INFO Goes into Track mode.
12.99637 INFO Goes into Escape mode.
13.02954 INFO Goes into Track mode.
13.02955 INFO Goes into Escape mode.
13.04615 INFO Goes into Track mode.
13.04616 INFO Goes into Escape mode.
13.06281 INFO Goes into Track mode.
13.06283 INFO Goes into Escape mode.
13.07925 INFO Goes into Track mode.
13.07927 INFO Goes into Escape mode.
13.1124 INFO Goes into Track mode.
13.11241 INFO Goes into Escape mode.
13.12899 INFO Goes into Track mode.
13.129 INFO Goes into Escape mode.
13.14556 INFO Goes into Track mode.
13.14557 INFO Goes into Escape mode.
13.1621 INFO Goes into Track mode.
13.16212 INFO Goes into Escape mode.
13.17867 INFO Goes into Track mode.
13.17869 INFO Goes into Escape mode.
13.21183 INFO Goes into Track mode.
13.21185 INFO Goes into Escape mode.
13.22847 INFO Goes into Track mode.
13.22848 INFO Goes into Escape mode.
13.24495 INFO Goes into Track mode.
13.24496 INFO Goes into Escape mode.
13.26157 INFO Goes into Track mode.
13.26159 INFO Goes into Escape mode.
13.27811 INFO Goes into Track mode.
13.27813 INFO Goes into Escape mode.
13.31126 INFO Goes into Track mode.
13.31127 INFO Goes into Escape mode.
13.3278 INFO Goes into Track mode.
13.32781 INFO Goes into Escape mode.
13.34433 INFO Goes into Track mode.
13.34435 INFO Goes into Escape mode.
13.36091 INFO Goes into Track mode.
13.36092 INFO Goes into Escape mode.
13.37747 INFO Goes into Track mode.
13.37748 INFO Goes into Escape mode.
13.41069 INFO Goes into Track mode.
13.4107 INFO Goes into Escape mode.
13.42717 INFO Goes into Track mode.
13.42718 INFO Goes into Escape mode.
13.44377 INFO Goes into Track mode.
13.44379 INFO Goes into Escape mode.
13.46035 INFO Goes into Track mode.
13.46036 INFO Goes into Escape mode.
13.47692 INFO Goes into Track mode.
13.47693 INFO Goes into Escape mode.
13.51005 INFO Goes into Track mode.
13.51006 INFO Goes into Escape mode.
13.52657 INFO Goes into Track mode.
13.52658 INFO Goes into Escape mode.
13.54313 INFO Goes into Track mode.
13.54315 INFO Goes into Escape mode.
13.55979 INFO Goes into Track mode.
13.5598 INFO Goes into Escape mode.
13.57628 INFO Goes into Track mode.
13.57635 INFO Goes into Escape mode.
13.619 INFO Goes into Track mode.
13.61901 INFO Goes into Escape mode.
13.626 INFO Goes into Track mode.
13.62601 INFO Goes into Escape mode.
13.64257 INFO Goes into Track mode.
13.64258 INFO Goes into Escape mode.
13.65912 INFO Goes into Track mode.
13.65913 INFO Goes into Escape mode.
13.69237 INFO Goes into Track mode.
13.69239 INFO Goes into Escape mode.
13.70886 INFO Goes into Track mode.
13.70887 INFO Goes into Escape mode.
13.72561 INFO Goes into Track mode.
13.72562 INFO Goes into Escape mode.
13.74197 INFO Goes into Track mode.
13.74198 INFO Goes into Escape mode.
13.75855 INFO Goes into Track mode.
13.75856 INFO Goes into Escape mode.
13.79169 INFO Goes into Track mode.
13.7917 INFO Goes into Escape mode.
13.80822 INFO Goes into Track mode.
13.80824 INFO Goes into Escape mode.
13.8248 INFO Goes into Track mode.
13.82481 INFO Goes into Escape mode.
13.84138 INFO Goes into Track mode.
13.84139 INFO Goes into Escape mode.
13.85809 INFO Goes into Track mode.
13.8581 INFO Goes into Escape mode.
13.89115 INFO Goes into Track mode.
13.89116 INFO Goes into Escape mode.
13.90763 INFO Goes into Track mode.
13.90764 INFO Goes into Escape mode.
13.92455 INFO Goes into Track mode.
13.92456 INFO Goes into Escape mode.
13.94086 INFO Goes into Track mode.
13.94087 INFO Goes into Escape mode.
13.95739 INFO Goes into Track mode.
13.9574 INFO Goes into Escape mode.
13.99048 INFO Goes into Track mode.
13.9905 INFO Goes into Escape mode.
14.00707 INFO Goes into Track mode.
14.00708 INFO Goes into Escape mode.
14.02372 INFO Goes into Track mode.
14.02373 INFO Goes into Escape mode.
14.04024 INFO Goes into Track mode.
14.04025 INFO Goes into Escape mode.
14.05682 INFO Goes into Track mode.
14.05683 INFO Goes into Escape mode.
14.08995 INFO Goes into Track mode.
14.08996 INFO Goes into Escape mode.
14.10657 INFO Goes into Track mode.
14.10658 INFO Goes into Escape mode.
14.12304 INFO Goes into Track mode.
14.12305 INFO Goes into Escape mode.
14.13957 INFO Goes into Track mode.
14.13958 INFO Goes into Escape mode.
14.14034 INFO Has hit NightHunter_AI_B2 (5).
14.14036 INFO Has hit NightHunter_AI_B2 (5).
14.15619 INFO Goes into Track mode.
14.1562 INFO Goes into Escape mode.
14.18944 INFO Goes into Track mode.
14.18945 INFO Goes into Escape mode.
14.20589 INFO Goes into Track mode.
14.2059 INFO Goes into Escape mode.
14.22243 INFO Goes into Track mode.
14.22244 INFO Goes into Escape mode.
14.23898 INFO Goes into Track mode.
14.23899 INFO Goes into Escape mode.
14.27212 INFO Goes into Track mode.
14.27213 INFO Goes into Escape mode.
14.2887 INFO Goes into Track mode.
14.28871 INFO Goes into Escape mode.
14.30534 INFO Goes into Track mode.
14.30535 INFO Goes into Escape mode.
14.32179 INFO Goes into Track mode.
14.32181 INFO Goes into Escape mode.
14.33835 INFO Goes into Track mode.
14.33836 INFO Goes into Escape mode.
14.37151 INFO Goes into Track mode.
14.37153 INFO Goes into Escape mode.
14.38808 INFO Goes into Track mode.
14.38809 INFO Goes into Escape mode.
14.40466 INFO Goes into Track mode.
14.40467 INFO Goes into Escape mode.
14.42121 INFO Goes into Track mode.
14.42122 INFO Goes into Escape mode.
14.43778 INFO Goes into Track mode.
14.4378 INFO Goes into Escape mode.
14.47115 INFO Goes into Track mode.
14.47116 INFO Goes into Escape mode.
14.48748 INFO Goes into Track mode.
14.48749 INFO Goes into Escape mode.
14.50406 INFO Goes into Track mode.
14.50407 INFO Goes into Escape mode.
14.53713 INFO Goes into Track mode.
15.01758 INFO Goes into Escape mode.
15.05066 INFO Goes into Track mode.
15.05068 INFO Goes into Escape mode.
15.06726 INFO Goes into Track mode.
15.06727 INFO Goes into Escape mode.
15.06804 INFO Has hit NightHunter_AI_B2 (4).
15.08383 INFO Goes into Track mode.
15.08384 INFO Goes into Escape mode.
15.10035 INFO Goes into Track mode.
15.10036 INFO Goes into Escape mode.
15.11694 INFO Goes into Track mode.
15.11695 INFO Goes into Escape mode.
15.15009 INFO Goes into Track mode.
15.15024 INFO Goes into Escape mode.
15.16674 INFO Goes into Track mode.
15.16675 INFO Goes into Escape mode.
15.18321 INFO Goes into Track mode.
15.18322 INFO Goes into Escape mode.
15.19981 INFO Goes into Track mode.
15.19982 INFO Goes into Escape mode.
15.21631 INFO Goes into Track mode.
15.21632 INFO Goes into Escape mode.
15.24944 INFO Goes into Track mode.
15.24945 INFO Goes into Escape mode.
15.26603 INFO Goes into Track mode.
15.26604 INFO Goes into Escape mode.
15.28261 INFO Goes into Track mode.
15.28262 INFO Goes into Escape mode.
15.29916 INFO Goes into Track mode.
15.29918 INFO Goes into Escape mode.
15.33232 INFO Goes into Track mode.
15.33233 INFO Goes into Escape mode.
15.34889 INFO Goes into Track mode.
15.3489 INFO Goes into Escape mode.
15.36543 INFO Goes into Track mode.
15.36544 INFO Goes into Escape mode.
15.38204 INFO Goes into Track mode.
15.38206 INFO Goes into Escape mode.
15.39861 INFO Goes into Track mode.
15.39862 INFO Goes into Escape mode.
15.43168 INFO Goes into Track mode.
15.43169 INFO Goes into Escape mode.
15.44827 INFO Goes into Track mode.
15.44828 INFO Goes into Escape mode.
15.46481 INFO Goes into Track mode.
15.46482 INFO Goes into Escape mode.
15.48141 INFO Goes into Track mode.
15.48142 INFO Goes into Escape mode.
15.49806 INFO Goes into Track mode.
15.49807 INFO Goes into Escape mode.
15.53111 INFO Goes into Track mode.
15.53112 INFO Goes into Escape mode.
15.54767 INFO Goes into Track mode.
15.54768 INFO Goes into Escape mode.
15.56427 INFO Goes into Track mode.
15.56428 INFO Goes into Escape mode.
15.58086 INFO Goes into Track mode.
15.58087 INFO Goes into Escape mode.
15.59738 INFO Goes into Track mode.
15.5974 INFO Goes into Escape mode.
15.63062 INFO Goes into Track mode.
15.63063 INFO Goes into Escape mode.
15.64712 INFO Goes into Track mode.
15.64713 INFO Goes into Escape mode.
15.66369 INFO Goes into Track mode.
15.6637 INFO Goes into Escape mode.
15.68025 INFO Goes into Track mode.
15.68027 INFO Goes into Escape mode.
15.69682 INFO Goes into Track mode.
15.69683 INFO Goes into Escape mode.
15.72997 INFO Goes into Track mode.
15.72998 INFO Goes into Escape mode.
15.74648 INFO Goes into Track mode.
15.74649 INFO Goes into Escape mode.
15.76309 INFO Goes into Track mode.
15.7631 INFO Goes into Escape mode.
15.77965 INFO Goes into Track mode.
15.77966 INFO Goes into Escape mode.
15.79622 INFO Goes into Track mode.
15.79624 INFO Goes into Escape mode.
15.82933 INFO Goes into Track mode.
15.82934 INFO Goes into Escape mode.
15.84591 INFO Goes into Track mode.
15.84592 INFO Goes into Escape mode.
15.86253 INFO Goes into Track mode.
15.86255 INFO Goes into Escape mode.
15.87907 INFO Goes into Track mode.
15.87908 INFO Goes into Escape mode.
15.91221 INFO Goes into Track mode.
15.91222 INFO Goes into Escape mode.
15.92876 INFO Goes into Track mode.
15.92877 INFO Goes into Escape mode.
15.94539 INFO Goes into Track mode.
15.94541 INFO Goes into Escape mode.
15.96195 INFO Goes into Track mode.
15.96196 INFO Goes into Escape mode.
15.97846 INFO Goes into Track mode.
15.97847 INFO Goes into Escape mode.
16.01162 INFO Goes into Track mode.
16.01163 INFO Goes into Escape mode.
16.02815 INFO Goes into Track mode.
16.02817 INFO Goes into Escape mode.
16.04494 INFO Goes into Track mode.
16.04495 INFO Goes into Escape mode.
16.0614 INFO Goes into Track mode.
16.06141 INFO Goes into Escape mode.
16.07789 INFO Goes into Track mode.
16.07791 INFO Goes into Escape mode.
16.11102 INFO Goes into Track mode.
16.11103 INFO Goes into Escape mode.
16.12756 INFO Goes into Track mode.
16.12757 INFO Goes into Escape mode.
16.14412 INFO Goes into Track mode.
16.14414 INFO Goes into Escape mode.
16.16089 INFO Goes into Track mode.
16.1609 INFO Goes into Escape mode.
16.17725 INFO Goes into Track mode.
16.17726 INFO Goes into Escape mode.
16.21038 INFO Goes into Track mode.
16.21039 INFO Goes into Escape mode.
16.22698 INFO Goes into Track mode.
16.22699 INFO Goes into Escape mode.
16.24352 INFO Goes into Track mode.
16.24353 INFO Goes into Escape mode.
16.26015 INFO Goes into Track mode.
16.26016 INFO Goes into Escape mode.
16.27694 INFO Goes into Track mode.
16.27695 INFO Goes into Escape mode.
16.30984 INFO Goes into Track mode.
16.30985 INFO Goes into Escape mode.
16.32646 INFO Goes into Track mode.
16.32648 INFO Goes into Escape mode.
16.34296 INFO Goes into Track mode.
16.34297 INFO Goes into Escape mode.
16.35971 INFO Goes into Track mode.
16.35972 INFO Goes into Escape mode.
16.37615 INFO Goes into Track mode.
16.37617 INFO Goes into Escape mode.
16.40926 INFO Goes into Track mode.
16.40928 INFO Goes into Escape mode.
16.42579 INFO Goes into Track mode.
16.4258 INFO Goes into Escape mode.
16.44234 INFO Goes into Track mode.
16.44235 INFO Goes into Escape mode.
16.4589 INFO Goes into Track mode.
16.45891 INFO Goes into Escape mode.
16.49231 INFO Goes into Track mode.
16.49232 INFO Goes into Escape mode.
16.50884 INFO Goes into Track mode.
16.50886 INFO Goes into Escape mode.
16.52519 INFO Goes into Track mode.
16.52521 INFO Goes into Escape mode.
16.54172 INFO Goes into Track mode.
16.54173 INFO Goes into Escape mode.
16.55833 INFO Goes into Track mode.
16.55835 INFO Goes into Escape mode.
16.59154 INFO Goes into Track mode.
16.59155 INFO Goes into Escape mode.
16.608 INFO Goes into Track mode.
16.60801 INFO Goes into Escape mode.
16.62466 INFO Goes into Track mode.
16.62467 INFO Goes into Escape mode.
16.64128 INFO Goes into Track mode.
16.64129 INFO Goes into Escape mode.
16.65771 INFO Goes into Track mode.
16.65772 INFO Goes into Escape mode.
16.69086 INFO Goes into Track mode.
16.69088 INFO Goes into Escape mode.
16.70741 INFO Goes into Track mode.
16.70742 INFO Goes into Escape mode.
16.72399 INFO Goes into Track mode.
16.724 INFO Goes into Escape mode.
16.7405 INFO Goes into Track mode.
16.74051 INFO Goes into Escape mode.
16.75712 INFO Goes into Track mode.
16.75713 INFO Goes into Escape mode.
16.79027 INFO Goes into Track mode.
16.79028 INFO Goes into Escape mode.
16.80691 INFO Goes into Track mode.
16.80692 INFO Goes into Escape mode.
16.82338 INFO Goes into Track mode.
16.82339 INFO Goes into Escape mode.
16.83993 INFO Goes into Track mode.
16.83994 INFO Goes into Escape mode.
16.85655 INFO Goes into Track mode.
16.85656 INFO Goes into Escape mode.
16.88963 INFO Goes into Track mode.
16.88964 INFO Goes into Escape mode.
16.90619 INFO Goes into Track mode.
16.9062 INFO Goes into Escape mode.
16.92275 INFO Goes into Track mode.
16.92276 INFO Goes into Escape mode.
16.9394 INFO Goes into Track mode.
16.93941 INFO Goes into Escape mode.
16.97248 INFO Goes into Track mode.
16.97249 INFO Goes into Escape mode.
16.98903 INFO Goes into Track mode.
16.98904 INFO Goes into Escape mode.
17.00558 INFO Goes into Track mode.
17.00559 INFO Goes into Escape mode.
17.02216 INFO Goes into Track mode.
17.02217 INFO Goes into Escape mode.
17.03873 INFO Goes into Track mode.
17.03874 INFO Goes into Escape mode.
17.0719 INFO Goes into Track mode.
17.07192 INFO Goes into Escape mode.
17.08843 INFO Goes into Track mode.
17.08845 INFO Goes into Escape mode.
17.10501 INFO Goes into Track mode.
17.10502 INFO Goes into Escape mode.
17.12169 INFO Goes into Track mode.
17.1217 INFO Goes into Escape mode.
17.13834 INFO Goes into Track mode.
17.13835 INFO Goes into Escape mode.
17.17129 INFO Goes into Track mode.
17.1713 INFO Goes into Escape mode.
17.18786 INFO Goes into Track mode.
17.18788 INFO Goes into Escape mode.
17.20442 INFO Goes into Track mode.
17.20443 INFO Goes into Escape mode.
17.22097 INFO Goes into Track mode.
17.22098 INFO Goes into Escape mode.
17.23753 INFO Goes into Track mode.
17.23754 INFO Goes into Escape mode.
17.27075 INFO Goes into Track mode.
17.27076 INFO Goes into Escape mode.
17.28724 INFO Goes into Track mode.
17.28725 INFO Goes into Escape mode.
17.30406 INFO Goes into Track mode.
17.30407 INFO Goes into Escape mode.
17.32039 INFO Goes into Track mode.
17.3204 INFO Goes into Escape mode.
17.33697 INFO Goes into Track mode.
17.33698 INFO Goes into Escape mode.
17.37015 INFO Goes into Track mode.
17.37016 INFO Goes into Escape mode.
17.38668 INFO Goes into Track mode.
17.3867 INFO Goes into Escape mode.
17.40325 INFO Goes into Track mode.
17.40326 INFO Goes into Escape mode.
17.4198 INFO Goes into Track mode.
17.41982 INFO Goes into Escape mode.
17.43631 INFO Goes into Track mode.
17.43632 INFO Goes into Escape mode.
17.46952 INFO Goes into Track mode.
17.46953 INFO Goes into Escape mode.
17.48605 INFO Goes into Track mode.
17.48606 INFO Goes into Escape mode.
17.5026 INFO Goes into Track mode.
17.50261 INFO Goes into Escape mode.
17.51915 INFO Goes into Track mode.
17.51916 INFO Goes into Escape mode.
17.55228 INFO Goes into Track mode.
17.55229 INFO Goes into Escape mode.
17.56885 INFO Goes into Track mode.
17.56886 INFO Goes into Escape mode.
17.58542 INFO Goes into Track mode.
17.58543 INFO Goes into Escape mode.
17.60201 INFO Goes into Track mode.
17.60203 INFO Goes into Escape mode.
17.61887 INFO Goes into Track mode.
17.61888 INFO Goes into Escape mode.
17.65172 INFO Goes into Track mode.
17.65173 INFO Goes into Escape mode.
17.66827 INFO Goes into Track mode.
17.66829 INFO Goes into Escape mode.
17.68515 INFO Goes into Track mode.
17.68517 INFO Goes into Escape mode.
17.70145 INFO Goes into Track mode.
19.29263 INFO Has hit NightHunter_AI_B2 (4).
24.04699 INFO Has hit NightHunter_AI_B2 (4).
24.07953 INFO Goes into Escape mode.
24.09613 INFO Goes into Track mode.
24.09614 INFO Goes into Escape mode.
24.12922 INFO Goes into Track mode.
24.12924 INFO Goes into Escape mode.
24.14614 INFO Goes into Track mode.
24.14615 INFO Goes into Escape mode.
24.16236 INFO Goes into Track mode.
24.16238 INFO Goes into Escape mode.
24.17894 INFO Goes into Track mode.
24.17896 INFO Goes into Escape mode.
24.21207 INFO Goes into Track mode.
24.21208 INFO Goes into Escape mode.
24.2286 INFO Goes into Track mode.
24.22861 INFO Goes into Escape mode.
24.24519 INFO Goes into Track mode.
24.2452 INFO Goes into Escape mode.
24.26176 INFO Goes into Track mode.
24.26177 INFO Goes into Escape mode.
24.26249 INFO Has hit NightHunter_AI_B1.
24.27832 INFO Goes into Track mode.
24.27833 INFO Goes into Escape mode.
24.31145 INFO Goes into Track mode.
24.31146 INFO Goes into Escape mode.
24.32801 INFO Goes into Track mode.
24.32803 INFO Goes into Escape mode.
24.34455 INFO Goes into Track mode.
24.34456 INFO Goes into Escape mode.
24.36117 INFO Goes into Track mode.
24.36118 INFO Goes into Escape mode.
24.37774 INFO Goes into Track mode.
24.37775 INFO Goes into Escape mode.
24.4109 INFO Goes into Track mode.
24.41092 INFO Goes into Escape mode.
24.42741 INFO Goes into Track mode.
24.42742 INFO Goes into Escape mode.
24.44396 INFO Goes into Track mode.
24.44398 INFO Goes into Escape mode.
24.46066 INFO Goes into Track mode.
24.46068 INFO Goes into Escape mode.
24.47712 INFO Goes into Track mode.
24.47713 INFO Goes into Escape mode.
24.51027 INFO Goes into Track mode.
24.51028 INFO Goes into Escape mode.
24.52681 INFO Goes into Track mode.
24.52682 INFO Goes into Escape mode.
24.54339 INFO Goes into Track mode.
24.5434 INFO Goes into Escape mode.
24.55997 INFO Goes into Track mode.
24.55998 INFO Goes into Escape mode.
24.57652 INFO Goes into Track mode.
24.57653 INFO Goes into Escape mode.
24.60964 INFO Goes into Track mode.
24.60965 INFO Goes into Escape mode.
24.6263 INFO Goes into Track mode.
24.62632 INFO Goes into Escape mode.
24.64276 INFO Goes into Track mode.
24.64277 INFO Goes into Escape mode.
24.65935 INFO Goes into Track mode.
24.65936 INFO Goes into Escape mode.
24.67592 INFO Goes into Track mode.
24.67593 INFO Goes into Escape mode.
24.70906 INFO Goes into Track mode.
24.70907 INFO Goes into Escape mode.
24.72561 INFO Goes into Track mode.
24.72563 INFO Goes into Escape mode.
24.74216 INFO Goes into Track mode.
24.74217 INFO Goes into Escape mode.
24.75875 INFO Goes into Track mode.
24.75876 INFO Goes into Escape mode.
24.79187 INFO Goes into Track mode.
24.79188 INFO Goes into Escape mode.
24.80847 INFO Goes into Track mode.
24.80848 INFO Goes into Escape mode.
24.82496 INFO Goes into Track mode.
24.82497 INFO Goes into Escape mode.
24.84157 INFO Goes into Track mode.
24.84158 INFO Goes into Escape mode.
24.85815 INFO Goes into Track mode.
24.85816 INFO Goes into Escape mode.
24.89133 INFO Goes into Track mode.
24.89134 INFO Goes into Escape mode.
24.90784 INFO Goes into Track mode.
24.90785 INFO Goes into Escape mode.
24.92439 INFO Goes into Track mode.
24.9244 INFO Goes into Escape mode.
24.94105 INFO Goes into Track mode.
24.94106 INFO Goes into Escape mode.
24.95757 INFO Goes into Track mode.
24.95758 INFO Goes into Escape mode.
24.99093 INFO Goes into Track mode.
24.99094 INFO Goes into Escape mode.
25.00727 INFO Goes into Track mode.
25.00728 INFO Goes into Escape mode.
25.02386 INFO Goes into Track mode.
25.02388 INFO Goes into Escape mode.
25.04038 INFO Goes into Track mode.
25.04039 INFO Goes into Escape mode.
25.05695 INFO Goes into Track mode.
25.05696 INFO Goes into Escape mode.
25.0901 INFO Goes into Track mode.
25.09011 INFO Goes into Escape mode.
25.10676 INFO Goes into Track mode.
25.10677 INFO Goes into Escape mode.
25.1232 INFO Goes into Track mode.
25.12321 INFO Goes into Escape mode.
25.13979 INFO Goes into Track mode.
25.1398 INFO Goes into Escape mode.
25.15639 INFO Goes into Track mode.
25.15641 INFO Goes into Escape mode.
25.18951 INFO Goes into Track mode.
25.18953 INFO Goes into Escape mode.
25.2063 INFO Goes into Track mode.
25.20631 INFO Goes into Escape mode.
25.22263 INFO Goes into Track mode.
25.22264 INFO Goes into Escape mode.
25.23925 INFO Goes into Track mode.
25.23927 INFO Goes into Escape mode.
25.27235 INFO Goes into Track mode.
25.27236 INFO Goes into Escape mode.
25.28893 INFO Goes into Track mode.
25.28894 INFO Goes into Escape mode.
25.30548 INFO Goes into Track mode.
25.30549 INFO Goes into Escape mode.
25.32204 INFO Goes into Track mode.
25.32206 INFO Goes into Escape mode.
25.33857 INFO Goes into Track mode.
25.33858 INFO Goes into Escape mode.
25.37175 INFO Goes into Track mode.
25.37176 INFO Goes into Escape mode.
25.38831 INFO Goes into Track mode.
25.38832 INFO Goes into Escape mode.
25.40488 INFO Goes into Track mode.
25.40489 INFO Goes into Escape mode.
25.42151 INFO Goes into Track mode.
25.42152 INFO Goes into Escape mode.
25.43797 INFO Goes into Track mode.
25.43798 INFO Goes into Escape mode.
25.47111 INFO Goes into Track mode.
25.47112 INFO Goes into Escape mode.
25.48769 INFO Goes into Track mode.
25.4877 INFO Goes into Escape mode.
25.50422 INFO Goes into Track mode.
25.50423 INFO Goes into Escape mode.
25.52078 INFO Goes into Track mode.
25.52079 INFO Goes into Escape mode.
25.53735 INFO Goes into Track mode.
25.53736 INFO Goes into Escape mode.
25.5705 INFO Goes into Track mode.
25.57052 INFO Goes into Escape mode.
25.58714 INFO Goes into Track mode.
25.58715 INFO Goes into Escape mode.
25.60382 INFO Goes into Track mode.
25.60383 INFO Goes into Escape mode.
25.6202 INFO Goes into Track mode.
25.62021 INFO Goes into Escape mode.
25.66982 INFO Goes into Track mode.
25.66983 INFO Goes into Escape mode.
25.6864 INFO Goes into Track mode.
25.68641 INFO Goes into Escape mode.
25.70295 INFO Goes into Track mode.
25.70296 INFO Goes into Escape mode.
25.71953 INFO Goes into Track mode.
25.71954 INFO Goes into Escape mode.
25.73617 INFO Goes into Track mode.
25.73619 INFO Goes into Escape mode.
25.76925 INFO Goes into Track mode.
25.76926 INFO Goes into Escape mode.
25.78578 INFO Goes into Track mode.
25.7858 INFO Goes into Escape mode.
25.80236 INFO Goes into Track mode.
25.80237 INFO Goes into Escape mode.
25.81891 INFO Goes into Track mode.
25.81893 INFO Goes into Escape mode.
25.85204 INFO Goes into Track mode.
25.85205 INFO Goes into Escape mode.
25.86866 INFO Goes into Track mode.
25.86867 INFO Goes into Escape mode.
25.88521 INFO Goes into Track mode.
25.88536 INFO Goes into Escape mode.
25.90182 INFO Goes into Track mode.
25.90184 INFO Goes into Escape mode.
25.91831 INFO Goes into Track mode.
25.91832 INFO Goes into Escape mode.
25.95148 INFO Goes into Track mode.
25.95149 INFO Goes into Escape mode.
25.96802 INFO Goes into Track mode.
25.96803 INFO Goes into Escape mode.
25.98467 INFO Goes into Track mode.
25.98468 INFO Goes into Escape mode.
26.00115 INFO Goes into Track mode.
26.00117 INFO Goes into Escape mode.
26.01772 INFO Goes into Track mode.
26.01774 INFO Goes into Escape mode.
26.05086 INFO Goes into Track mode.
26.05087 INFO Goes into Escape mode.
26.06742 INFO Goes into Track mode.
26.06743 INFO Goes into Escape mode.
26.08403 INFO Goes into Track mode.
26.08404 INFO Goes into Escape mode.
26.10073 INFO Goes into Track mode.
26.10074 INFO Goes into Escape mode.
26.11717 INFO Goes into Track mode.
26.11718 INFO Goes into Escape mode.
26.15051 INFO Goes into Track mode.
26.15053 INFO Goes into Escape mode.
26.16682 INFO Goes into Track mode.
26.16684 INFO Goes into Escape mode.
26.18343 INFO Goes into Track mode.
26.18344 INFO Goes into Escape mode.
26.19995 INFO Goes into Track mode.
26.19997 INFO Goes into Escape mode.
26.21663 INFO Goes into Track mode.
26.21664 INFO Goes into Escape mode.
26.24965 INFO Goes into Track mode.
26.24967 INFO Goes into Escape mode.
26.26623 INFO Goes into Track mode.
26.26624 INFO Goes into Escape mode.
26.28278 INFO Goes into Track mode.
26.28279 INFO Goes into Escape mode.
26.29937 INFO Goes into Track mode.
26.29938 INFO Goes into Escape mode.
26.31593 INFO Goes into Track mode.
26.31594 INFO Goes into Escape mode.
26.34906 INFO Goes into Track mode.
26.34908 INFO Goes into Escape mode.
26.36562 INFO Goes into Track mode.
26.36563 INFO Goes into Escape mode.
26.38233 INFO Goes into Track mode.
26.38234 INFO Goes into Escape mode.
26.39876 INFO Goes into Track mode.
26.39878 INFO Goes into Escape mode.
26.43187 INFO Goes into Track mode.
26.43188 INFO Goes into Escape mode.
26.44846 INFO Goes into Track mode.
26.44847 INFO Goes into Escape mode.
26.46501 INFO Goes into Track mode.
26.46503 INFO Goes into Escape mode.
26.48163 INFO Goes into Track mode.
26.48165 INFO Goes into Escape mode.
26.49814 INFO Goes into Track mode.
26.49816 INFO Goes into Escape mode.
26.53131 INFO Goes into Track mode.
26.53132 INFO Goes into Escape mode.
26.54785 INFO Goes into Track mode.
26.54786 INFO Goes into Escape mode.
26.56451 INFO Goes into Track mode.
26.56452 INFO Goes into Escape mode.
26.58102 INFO Goes into Track mode.
26.58103 INFO Goes into Escape mode.
26.59755 INFO Goes into Track mode.
26.59757 INFO Goes into Escape mode.
26.63068 INFO Goes into Track mode.
26.6307 INFO Goes into Escape mode.
26.64726 INFO Goes into Track mode.
26.64728 INFO Goes into Escape mode.
26.66385 INFO Goes into Track mode.
26.66386 INFO Goes into Escape mode.
26.68041 INFO Goes into Track mode.
26.68042 INFO Goes into Escape mode.
26.69715 INFO Goes into Track mode.
29.66301 INFO Has hit NightHunter_AI_B2 (2).
29.71274 INFO Has hit NightHunter_AI_B1 (1).
30.29194 INFO Goes into Escape mode.
30.30849 INFO Goes into Track mode.
30.3085 INFO Goes into Escape mode.
30.32504 INFO Goes into Track mode.
30.32505 INFO Goes into Escape mode.
30.3416 INFO Goes into Track mode.
30.34161 INFO Goes into Escape mode.
30.35833 INFO Goes into Track mode.
30.35834 INFO Goes into Escape mode.
30.39137 INFO Goes into Track mode.
30.39138 INFO Goes into Escape mode.
30.40788 INFO Goes into Track mode.
30.40789 INFO Goes into Escape mode.
30.42444 INFO Goes into Track mode.
30.42446 INFO Goes into Escape mode.
30.44107 INFO Goes into Track mode.
30.44108 INFO Goes into Escape mode.
30.45757 INFO Goes into Track mode.
30.45758 INFO Goes into Escape mode.
30.49072 INFO Goes into Track mode.
30.49074 INFO Goes into Escape mode.
30.50732 INFO Goes into Track mode.
30.50733 INFO Goes into Escape mode.
30.52385 INFO Goes into Track mode.
30.52386 INFO Goes into Escape mode.
30.54042 INFO Goes into Track mode.
30.54043 INFO Goes into Escape mode.
30.55697 INFO Goes into Track mode.
30.55698 INFO Goes into Escape mode.
30.59009 INFO Goes into Track mode.
30.59011 INFO Goes into Escape mode.
30.60667 INFO Goes into Track mode.
30.60668 INFO Goes into Escape mode.
30.62322 INFO Goes into Track mode.
30.62323 INFO Goes into Escape mode.
30.63979 INFO Goes into Track mode.
30.6398 INFO Goes into Escape mode.
30.65639 INFO Goes into Track mode.
30.6564 INFO Goes into Escape mode.
30.68988 INFO Goes into Track mode.
30.6899 INFO Goes into Escape mode.
30.7061 INFO Goes into Track mode.
30.70612 INFO Goes into Escape mode.
30.72267 INFO Goes into Track mode.
30.72268 INFO Goes into Escape mode.
30.73921 INFO Goes into Track mode.
30.73923 INFO Goes into Escape mode.
30.75585 INFO Goes into Track mode.
30.75586 INFO Goes into Escape mode.
30.78919 INFO Goes into Track mode.
30.78921 INFO Goes into Escape mode.
30.8055 INFO Goes into Track mode.
30.80552 INFO Goes into Escape mode.
30.82203 INFO Goes into Track mode.
30.82204 INFO Goes into Escape mode.
30.83865 INFO Goes into Track mode.
30.83866 INFO Goes into Escape mode.
30.87179 INFO Goes into Track mode.
30.87181 INFO Goes into Escape mode.
30.88834 INFO Goes into Track mode.
30.88835 INFO Goes into Escape mode.
30.90487 INFO Goes into Track mode.
30.90488 INFO Goes into Escape mode.
30.92145 INFO Goes into Track mode.
30.92146 INFO Goes into Escape mode.
30.9381 INFO Goes into Track mode.
30.93811 INFO Goes into Escape mode.
30.97117 INFO Goes into Track mode.
30.97118 INFO Goes into Escape mode.
30.98772 INFO Goes into Track mode.
30.98773 INFO Goes into Escape mode.
31.00429 INFO Goes into Track mode.
31.0043 INFO Goes into Escape mode.
31.02084 INFO Goes into Track mode.
31.02085 INFO Goes into Escape mode.
31.03742 INFO Goes into Track mode.
31.03744 INFO Goes into Escape mode.
31.07057 INFO Goes into Track mode.
31.07058 INFO Goes into Escape mode.
31.08715 INFO Goes into Track mode.
31.08716 INFO Goes into Escape mode.
31.1038 INFO Goes into Track mode.
31.10381 INFO Goes into Escape mode.
31.12025 INFO Goes into Track mode.
31.12026 INFO Goes into Escape mode.
31.13693 INFO Goes into Track mode.
31.13694 INFO Goes into Escape mode.
31.16997 INFO Goes into Track mode.
31.16999 INFO Goes into Escape mode.
31.18656 INFO Goes into Track mode.
31.18658 INFO Goes into Escape mode.
31.20309 INFO Goes into Track mode.
31.2031 INFO Goes into Escape mode.
31.21968 INFO Goes into Track mode.
31.21969 INFO Goes into Escape mode.
31.23621 INFO Goes into Track mode.
31.23622 INFO Goes into Escape mode.
31.26936 INFO Goes into Track mode.
31.26937 INFO Goes into Escape mode.
31.28599 INFO Goes into Track mode.
31.28601 INFO Goes into Escape mode.
31.30254 INFO Goes into Track mode.
31.30255 INFO Goes into Escape mode.
31.31908 INFO Goes into Track mode.
31.3191 INFO Goes into Escape mode.
31.35221 INFO Goes into Track mode.
31.35223 INFO Goes into Escape mode.
31.36879 INFO Goes into Track mode.
31.3688 INFO Goes into Escape mode.
31.38542 INFO Goes into Track mode.
31.38543 INFO Goes into Escape mode.
31.40208 INFO Goes into Track mode.
31.40209 INFO Goes into Escape mode.
31.4185 INFO Goes into Track mode.
31.41851 INFO Goes into Escape mode.
31.45164 INFO Goes into Track mode.
31.45166 INFO Goes into Escape mode.
31.46825 INFO Goes into Track mode.
31.46827 INFO Goes into Escape mode.
31.48477 INFO Goes into Track mode.
31.48479 INFO Goes into Escape mode.
31.50131 INFO Goes into Track mode.
31.50132 INFO Goes into Escape mode.
31.5179 INFO Goes into Track mode.
31.51791 INFO Goes into Escape mode.
31.55104 INFO Goes into Track mode.
31.55106 INFO Goes into Escape mode.
31.56761 INFO Goes into Track mode.
31.56762 INFO Goes into Escape mode.
31.58416 INFO Goes into Track mode.
31.58417 INFO Goes into Escape mode.
31.60086 INFO Goes into Track mode.
35.27849 INFO Goes into Escape mode.
35.31165 INFO Goes into Track mode.
35.31175 INFO Goes into Escape mode.
35.32817 INFO Goes into Track mode.
35.32819 INFO Goes into Escape mode.
35.34502 INFO Goes into Track mode.
35.34504 INFO Goes into Escape mode.
35.36133 INFO Goes into Track mode.
35.36134 INFO Goes into Escape mode.
35.37792 INFO Goes into Track mode.
35.37793 INFO Goes into Escape mode.
35.41106 INFO Goes into Track mode.
35.41107 INFO Goes into Escape mode.
35.4276 INFO Goes into Track mode.
35.42762 INFO Goes into Escape mode.
35.44416 INFO Goes into Track mode.
35.44417 INFO Goes into Escape mode.
35.46074 INFO Goes into Track mode.
35.46075 INFO Goes into Escape mode.
35.4773 INFO Goes into Track mode.
35.47731 INFO Goes into Escape mode.
35.51047 INFO Goes into Track mode.
35.51048 INFO Goes into Escape mode.
35.5271 INFO Goes into Track mode.
35.52711 INFO Goes into Escape mode.
35.54356 INFO Goes into Track mode.
35.54357 INFO Goes into Escape mode.
35.56013 INFO Goes into Track mode.
35.56015 INFO Goes into Escape mode.
35.57671 INFO Goes into Track mode.
35.57673 INFO Goes into Escape mode.
35.60986 INFO Goes into Track mode.
35.60987 INFO Goes into Escape mode.
35.62639 INFO Goes into Track mode.
35.6264 INFO Goes into Escape mode.
35.64297 INFO Goes into Track mode.
35.64299 INFO Goes into Escape mode.
35.65955 INFO Goes into Track mode.
35.65956 INFO Goes into Escape mode.
35.67619 INFO Goes into Track mode.
35.6762 INFO Goes into Escape mode.
35.70924 INFO Goes into Track mode.
35.70926 INFO Goes into Escape mode.
35.72583 INFO Goes into Track mode.
35.72586 INFO Goes into Escape mode.
35.74236 INFO Goes into Track mode.
35.74237 INFO Goes into Escape mode.
35.75899 INFO Goes into Track mode.
35.75901 INFO Goes into Escape mode.
35.79206 INFO Goes into Track mode.
35.79208 INFO Goes into Escape mode.
35.80863 INFO Goes into Track mode.
35.80865 INFO Goes into Escape mode.
35.82516 INFO Goes into Track mode.
35.82518 INFO Goes into Escape mode.
35.84191 INFO Goes into Track mode.
35.84192 INFO Goes into Escape mode.
35.8583 INFO Goes into Track mode.
35.85831 INFO Goes into Escape mode.
35.89145 INFO Goes into Track mode.
35.89146 INFO Goes into Escape mode.
35.908 INFO Goes into Track mode.
35.90802 INFO Goes into Escape mode.
35.92456 INFO Goes into Track mode.
35.92458 INFO Goes into Escape mode.
35.94114 INFO Goes into Track mode.
35.94115 INFO Goes into Escape mode.
35.95772 INFO Goes into Track mode.
35.95774 INFO Goes into Escape mode.
35.99094 INFO Goes into Track mode.
35.99095 INFO Goes into Escape mode.
36.00752 INFO Goes into Track mode.
36.00754 INFO Goes into Escape mode.
36.02401 INFO Goes into Track mode.
36.02402 INFO Goes into Escape mode.
36.04055 INFO Goes into Track mode.
36.04056 INFO Goes into Escape mode.
36.05715 INFO Goes into Track mode.
36.05716 INFO Goes into Escape mode.
36.09028 INFO Goes into Track mode.
36.09029 INFO Goes into Escape mode.
36.10686 INFO Goes into Track mode.
36.10688 INFO Goes into Escape mode.
36.12339 INFO Goes into Track mode.
36.1234 INFO Goes into Escape mode.
36.13995 INFO Goes into Track mode.
36.13997 INFO Goes into Escape mode.
36.15651 INFO Goes into Track mode.
36.15652 INFO Goes into Escape mode.
36.18967 INFO Goes into Track mode.
36.18968 INFO Goes into Escape mode.
36.2062 INFO Goes into Track mode.
36.20622 INFO Goes into Escape mode.
36.22279 INFO Goes into Track mode.
36.2228 INFO Goes into Escape mode.
36.23933 INFO Goes into Track mode.
36.23935 INFO Goes into Escape mode.
36.25591 INFO Goes into Track mode.
36.25592 INFO Goes into Escape mode.
36.28905 INFO Goes into Track mode.
36.28906 INFO Goes into Escape mode.
36.3056 INFO Goes into Track mode.
36.30561 INFO Goes into Escape mode.
36.32218 INFO Goes into Track mode.
36.3222 INFO Goes into Escape mode.
36.33884 INFO Goes into Track mode.
36.33885 INFO Goes into Escape mode.
36.37188 INFO Goes into Track mode.
36.37189 INFO Goes into Escape mode.
36.38843 INFO Goes into Track mode.
36.38845 INFO Goes into Escape mode.
36.40504 INFO Goes into Track mode.
36.40511 INFO Goes into Escape mode.
36.42156 INFO Goes into Track mode.
36.42157 INFO Goes into Escape mode.
36.43812 INFO Goes into Track mode.
36.43814 INFO Goes into Escape mode.
36.47126 INFO Goes into Track mode.
36.47127 INFO Goes into Escape mode.
36.48785 INFO Goes into Track mode.
36.48787 INFO Goes into Escape mode.
36.5045 INFO Goes into Track mode.
36.50451 INFO Goes into Escape mode.
36.52102 INFO Goes into Track mode.
36.52103 INFO Goes into Escape mode.
36.53753 INFO Goes into Track mode.
36.53754 INFO Goes into Escape mode.
36.57066 INFO Goes into Track mode.
36.57069 INFO Goes into Escape mode.
36.58725 INFO Goes into Track mode.
36.58726 INFO Goes into Escape mode.
36.60391 INFO Goes into Track mode.
36.60393 INFO Goes into Escape mode.
36.6204 INFO Goes into Track mode.
36.62041 INFO Goes into Escape mode.
36.63694 INFO Goes into Track mode.
36.63695 INFO Goes into Escape mode.
36.67009 INFO Goes into Track mode.
36.6701 INFO Goes into Escape mode.
36.68666 INFO Goes into Track mode.
36.68667 INFO Goes into Escape mode.
36.70324 INFO Goes into Track mode.
36.70325 INFO Goes into Escape mode.
36.71979 INFO Goes into Track mode.
36.71981 INFO Goes into Escape mode.
36.73636 INFO Goes into Track mode.
36.73637 INFO Goes into Escape mode.
36.76952 INFO Goes into Track mode.
36.76953 INFO Goes into Escape mode.
36.78607 INFO Goes into Track mode.
36.78608 INFO Goes into Escape mode.
36.80261 INFO Goes into Track mode.
36.80263 INFO Goes into Escape mode.
36.81918 INFO Goes into Track mode.
36.81919 INFO Goes into Escape mode.
36.8523 INFO Goes into Track mode.
36.85231 INFO Goes into Escape mode.
36.86888 INFO Goes into Track mode.
36.86889 INFO Goes into Escape mode.
36.88551 INFO Goes into Track mode.
41.39157 INFO Goes into Escape mode.
41.40815 INFO Goes into Track mode.
41.40817 INFO Goes into Escape mode.
41.42468 INFO Goes into Track mode.
41.42471 INFO Goes into Escape mode.
41.44131 INFO Goes into Track mode.
41.44134 INFO Goes into Escape mode.
41.4578 INFO Goes into Track mode.
41.45782 INFO Goes into Escape mode.
41.49097 INFO Goes into Track mode.
41.49099 INFO Goes into Escape mode.
41.5075 INFO Goes into Track mode.
41.50752 INFO Goes into Escape mode.
41.52405 INFO Goes into Track mode.
41.52407 INFO Goes into Escape mode.
41.54062 INFO Goes into Track mode.
41.54063 INFO Goes into Escape mode.
41.55719 INFO Goes into Track mode.
41.55722 INFO Goes into Escape mode.
41.59035 INFO Goes into Track mode.
41.59037 INFO Goes into Escape mode.
41.60688 INFO Goes into Track mode.
41.60691 INFO Goes into Escape mode.
41.62346 INFO Goes into Track mode.
41.62348 INFO Goes into Escape mode.
41.64001 INFO Goes into Track mode.
41.64003 INFO Goes into Escape mode.
41.6566 INFO Goes into Track mode.
41.65662 INFO Goes into Escape mode.
41.68972 INFO Goes into Track mode.
41.68974 INFO Goes into Escape mode.
41.70638 INFO Goes into Track mode.
41.7064 INFO Goes into Escape mode.
41.72283 INFO Goes into Track mode.
41.72285 INFO Goes into Escape mode.
41.73943 INFO Goes into Track mode.
41.73945 INFO Goes into Escape mode.
41.756 INFO Goes into Track mode.
41.75602 INFO Goes into Escape mode.
41.78916 INFO Goes into Track mode.
41.78918 INFO Goes into Escape mode.
41.80571 INFO Goes into Track mode.
41.80574 INFO Goes into Escape mode.
41.82224 INFO Goes into Track mode.
41.82225 INFO Goes into Escape mode.
41.83879 INFO Goes into Track mode.
41.83881 INFO Goes into Escape mode.
41.87196 INFO Goes into Track mode.
41.87198 INFO Goes into Escape mode.
41.88854 INFO Goes into Track mode.
41.88857 INFO Goes into Escape mode.
41.90508 INFO Goes into Track mode.
41.9051 INFO Goes into Escape mode.
41.92163 INFO Goes into Track mode.
41.92165 INFO Goes into Escape mode.
41.93819 INFO Goes into Track mode.
41.93821 INFO Goes into Escape mode.
41.97157 INFO Goes into Track mode.
41.97159 INFO Goes into Escape mode.
41.98791 INFO Goes into Track mode.
41.98793 INFO Goes into Escape mode.
42.0045 INFO Goes into Track mode.
42.00462 INFO Goes into Escape mode.
42.02107 INFO Goes into Track mode.
42.02109 INFO Goes into Escape mode.
42.03762 INFO Goes into Track mode.
42.03764 INFO Goes into Escape mode.
42.07077 INFO Goes into Track mode.
42.0708 INFO Goes into Escape mode.
42.08733 INFO Goes into Track mode.
42.08736 INFO Goes into Escape mode.
42.10389 INFO Goes into Track mode.
42.10391 INFO Goes into Escape mode.
42.12044 INFO Goes into Track mode.
42.12046 INFO Goes into Escape mode.
42.13702 INFO Goes into Track mode.
42.13704 INFO Goes into Escape mode.
42.17039 INFO Goes into Track mode.
42.17041 INFO Goes into Escape mode.
42.18674 INFO Goes into Track mode.
42.18677 INFO Goes into Escape mode.
42.20338 INFO Goes into Track mode.
42.2034 INFO Goes into Escape mode.
42.21989 INFO Goes into Track mode.
42.21992 INFO Goes into Escape mode.
42.23641 INFO Goes into Track mode.
42.23643 INFO Goes into Escape mode.
42.26958 INFO Goes into Track mode.
42.2696 INFO Goes into Escape mode.
42.28615 INFO Goes into Track mode.
42.28617 INFO Goes into Escape mode.
42.3027 INFO Goes into Track mode.
42.30272 INFO Goes into Escape mode.
42.3194 INFO Goes into Track mode.
42.31942 INFO Goes into Escape mode.
42.33582 INFO Goes into Track mode.
42.33584 INFO Goes into Escape mode.
42.36906 INFO Goes into Track mode.
42.36908 INFO Goes into Escape mode.
42.38552 INFO Goes into Track mode.
42.38554 INFO Goes into Escape mode.
42.40213 INFO Goes into Track mode.
42.40216 INFO Goes into Escape mode.
42.41866 INFO Goes into Track mode.
42.41869 INFO Goes into Escape mode.
42.45181 INFO Goes into Track mode.
42.45183 INFO Goes into Escape mode.
42.46841 INFO Goes into Track mode.
42.46843 INFO Goes into Escape mode.
42.48498 INFO Goes into Track mode.
42.485 INFO Goes into Escape mode.
42.50151 INFO Goes into Track mode.
42.50152 INFO Goes into Escape mode.
42.51809 INFO Goes into Track mode.
42.5181 INFO Goes into Escape mode.
42.55124 INFO Goes into Track mode.
42.55125 INFO Goes into Escape mode.
42.56779 INFO Goes into Track mode.
42.5678 INFO Goes into Escape mode.
42.58436 INFO Goes into Track mode.
42.58438 INFO Goes into Escape mode.
42.60119 INFO Goes into Track mode.
42.6012 INFO Goes into Escape mode.
42.61749 INFO Goes into Track mode.
42.6175 INFO Goes into Escape mode.
42.65063 INFO Goes into Track mode.
42.65064 INFO Goes into Escape mode.
42.66723 INFO Goes into Track mode.
42.66724 INFO Goes into Escape mode.
42.6838 INFO Goes into Track mode.
42.68382 INFO Goes into Escape mode.
42.70043 INFO Goes into Track mode.
42.70044 INFO Goes into Escape mode.
42.71691 INFO Goes into Track mode.
42.71693 INFO Goes into Escape mode.
42.75004 INFO Goes into Track mode.
42.75005 INFO Goes into Escape mode.
42.76662 INFO Goes into Track mode.
42.76663 INFO Goes into Escape mode.
42.78333 INFO Goes into Track mode.
42.78334 INFO Goes into Escape mode.
42.79974 INFO Goes into Track mode.
42.79975 INFO Goes into Escape mode.
42.81634 INFO Goes into Track mode.
42.81635 INFO Goes into Escape mode.
42.84945 INFO Goes into Track mode.
42.84946 INFO Goes into Escape mode.
42.86615 INFO Goes into Track mode.
42.86617 INFO Goes into Escape mode.
42.88262 INFO Goes into Track mode.
42.88263 INFO Goes into Escape mode.
42.89915 INFO Goes into Track mode.
42.89916 INFO Goes into Escape mode.
42.93227 INFO Goes into Track mode.
42.93229 INFO Goes into Escape mode.
42.94883 INFO Goes into Track mode.
42.94885 INFO Goes into Escape mode.
42.96552 INFO Goes into Track mode.
42.96553 INFO Goes into Escape mode.
42.98199 INFO Goes into Track mode.
42.982 INFO Goes into Escape mode.
42.99856 INFO Goes into Track mode.
42.99857 INFO Goes into Escape mode.
43.03168 INFO Goes into Track mode.
43.03169 INFO Goes into Escape mode.
43.04827 INFO Goes into Track mode.
43.04828 INFO Goes into Escape mode.
43.06482 INFO Goes into Track mode.
43.06483 INFO Goes into Escape mode.
43.0814 INFO Goes into Track mode.
43.08141 INFO Goes into Escape mode.
43.09796 INFO Goes into Track mode.
43.09797 INFO Goes into Escape mode.
43.1311 INFO Goes into Track mode.
43.13111 INFO Goes into Escape mode.
43.14765 INFO Goes into Track mode.
43.14767 INFO Goes into Escape mode.
43.16425 INFO Goes into Track mode.
43.16426 INFO Goes into Escape mode.
43.18081 INFO Goes into Track mode.
43.18082 INFO Goes into Escape mode.
43.19747 INFO Goes into Track mode.
43.19748 INFO Goes into Escape mode.
43.2305 INFO Goes into Track mode.
43.23051 INFO Goes into Escape mode.
43.24706 INFO Goes into Track mode.
43.24707 INFO Goes into Escape mode.
43.26364 INFO Goes into Track mode.
43.26365 INFO Goes into Escape mode.
43.2802 INFO Goes into Track mode.
43.28022 INFO Goes into Escape mode.
43.29677 INFO Goes into Track mode.
43.29678 INFO Goes into Escape mode.
43.32988 INFO Goes into Track mode.
43.3299 INFO Goes into Escape mode.
43.34645 INFO Goes into Track mode.
43.34647 INFO Goes into Escape mode.
43.36316 INFO Goes into Track mode.
43.36317 INFO Goes into Escape mode.
43.37959 INFO Goes into Track mode.
43.3796 INFO Goes into Escape mode.
43.39621 INFO Goes into Track mode.
43.39622 INFO Goes into Escape mode.
43.42933 INFO Goes into Track mode.
43.42934 INFO Goes into Escape mode.
43.44586 INFO Goes into Track mode.
43.44587 INFO Goes into Escape mode.
43.46246 INFO Goes into Track mode.
43.46247 INFO Goes into Escape mode.
43.47903 INFO Goes into Track mode.
43.47905 INFO Goes into Escape mode.
43.51216 INFO Goes into Track mode.
43.51217 INFO Goes into Escape mode.
43.52869 INFO Goes into Track mode.
43.52871 INFO Goes into Escape mode.
43.54528 INFO Goes into Track mode.
43.54529 INFO Goes into Escape mode.
43.56184 INFO Goes into Track mode.
43.56185 INFO Goes into Escape mode.
43.5784 INFO Goes into Track mode.
43.57841 INFO Goes into Escape mode.
43.61156 INFO Goes into Track mode.
43.61157 INFO Goes into Escape mode.
43.6281 INFO Goes into Track mode.
43.62811 INFO Goes into Escape mode.
43.64466 INFO Goes into Track mode.
43.64468 INFO Goes into Escape mode.
43.66123 INFO Goes into Track mode.
43.66124 INFO Goes into Escape mode.
43.67782 INFO Goes into Track mode.
43.67783 INFO Goes into Escape mode.
43.71103 INFO Goes into Track mode.
43.71104 INFO Goes into Escape mode.
43.72773 INFO Goes into Track mode.
43.72775 INFO Goes into Escape mode.
43.74417 INFO Goes into Track mode.
43.74418 INFO Goes into Escape mode.
43.76067 INFO Goes into Track mode.
43.76068 INFO Goes into Escape mode.
43.77731 INFO Goes into Track mode.
43.77732 INFO Goes into Escape mode.
43.81038 INFO Goes into Track mode.
43.8104 INFO Goes into Escape mode.
43.82692 INFO Goes into Track mode.
43.82693 INFO Goes into Escape mode.
43.84348 INFO Goes into Track mode.
43.84349 INFO Goes into Escape mode.
43.86024 INFO Goes into Track mode.
43.86026 INFO Goes into Escape mode.
43.87662 INFO Goes into Track mode.
43.87663 INFO Goes into Escape mode.
43.90976 INFO Goes into Track mode.
43.90977 INFO Goes into Escape mode.
43.92631 INFO Goes into Track mode.
43.92632 INFO Goes into Escape mode.
43.94285 INFO Goes into Track mode.
43.94286 INFO Goes into Escape mode.
43.95944 INFO Goes into Track mode.
43.95945 INFO Goes into Escape mode.
43.97601 INFO Goes into Track mode.
43.97602 INFO Goes into Escape mode.
44.00914 INFO Goes into Track mode.
44.00916 INFO Goes into Escape mode.
44.02571 INFO Goes into Track mode.
44.02572 INFO Goes into Escape mode.
44.04225 INFO Goes into Track mode.
44.04226 INFO Goes into Escape mode.
44.0588 INFO Goes into Track mode.
44.05882 INFO Goes into Escape mode.
44.092 INFO Goes into Track mode.
44.09201 INFO Goes into Escape mode.
44.10854 INFO Goes into Track mode.
44.10855 INFO Goes into Escape mode.
44.12511 INFO Goes into Track mode.
44.12513 INFO Goes into Escape mode.
44.14167 INFO Goes into Track mode.
44.14168 INFO Goes into Escape mode.
44.15825 INFO Goes into Track mode.
44.15827 INFO Goes into Escape mode.
44.19153 INFO Goes into Track mode.
44.19154 INFO Goes into Escape mode.
44.20795 INFO Goes into Track mode.
44.20797 INFO Goes into Escape mode.
44.22454 INFO Goes into Track mode.
44.22456 INFO Goes into Escape mode.
44.2411 INFO Goes into Track mode.
44.24112 INFO Goes into Escape mode.
44.25767 INFO Goes into Track mode.
44.25769 INFO Goes into Escape mode.
44.29079 INFO Goes into Track mode.
44.2908 INFO Goes into Escape mode.
44.30737 INFO Goes into Track mode.
44.30739 INFO Goes into Escape mode.
44.32391 INFO Goes into Track mode.
44.32393 INFO Goes into Escape mode.
44.34048 INFO Goes into Track mode.
44.3405 INFO Goes into Escape mode.
44.35716 INFO Goes into Track mode.
44.35717 INFO Goes into Escape mode.
44.3902 INFO Goes into Track mode.
44.39022 INFO Goes into Escape mode.
44.40702 INFO Goes into Track mode.
44.68907 INFO Has hit NightHunter_AI_B1.
46.17933 INFO Goes into Escape mode.
46.19588 INFO Goes into Track mode.
46.1959 INFO Goes into Escape mode.
46.22901 INFO Goes into Track mode.
46.22903 INFO Goes into Escape mode.
46.24559 INFO Goes into Track mode.
46.24562 INFO Goes into Escape mode.
46.26214 INFO Goes into Track mode.
46.26217 INFO Goes into Escape mode.
46.2787 INFO Goes into Track mode.
46.27872 INFO Goes into Escape mode.
46.31235 INFO Goes into Track mode.
46.31237 INFO Goes into Escape mode.
46.32841 INFO Goes into Track mode.
46.32843 INFO Goes into Escape mode.
46.34496 INFO Goes into Track mode.
46.34499 INFO Goes into Escape mode.
46.36152 INFO Goes into Track mode.
46.36153 INFO Goes into Escape mode.
46.37811 INFO Goes into Track mode.
46.37813 INFO Goes into Escape mode.
46.41127 INFO Goes into Track mode.
46.41129 INFO Goes into Escape mode.
46.42779 INFO Goes into Track mode.
46.42781 INFO Goes into Escape mode.
46.44437 INFO Goes into Track mode.
46.44439 INFO Goes into Escape mode.
46.46091 INFO Goes into Track mode.
46.46094 INFO Goes into Escape mode.
46.47758 INFO Goes into Track mode.
46.4776 INFO Goes into Escape mode.
46.51064 INFO Goes into Track mode.
46.51066 INFO Goes into Escape mode.
46.52719 INFO Goes into Track mode.
46.52721 INFO Goes into Escape mode.
46.54375 INFO Goes into Track mode.
46.54377 INFO Goes into Escape mode.
46.56035 INFO Goes into Track mode.
46.56037 INFO Goes into Escape mode.
46.57688 INFO Goes into Track mode.
46.5769 INFO Goes into Escape mode.
46.61003 INFO Goes into Track mode.
46.61005 INFO Goes into Escape mode.
46.62658 INFO Goes into Track mode.
46.6266 INFO Goes into Escape mode.
46.64326 INFO Goes into Track mode.
46.64328 INFO Goes into Escape mode.
46.65974 INFO Goes into Track mode.
46.65976 INFO Goes into Escape mode.
46.67631 INFO Goes into Track mode.
46.67633 INFO Goes into Escape mode.
46.70945 INFO Goes into Track mode.
46.70947 INFO Goes into Escape mode.
46.72599 INFO Goes into Track mode.
46.72601 INFO Goes into Escape mode.
46.74258 INFO Goes into Track mode.
46.7426 INFO Goes into Escape mode.
46.75916 INFO Goes into Track mode.
46.75918 INFO Goes into Escape mode.
46.79239 INFO Goes into Track mode.
46.7924 INFO Goes into Escape mode.
46.80899 INFO Goes into Track mode.
46.80901 INFO Goes into Escape mode.
46.82548 INFO Goes into Track mode.
46.82549 INFO Goes into Escape mode.
46.84201 INFO Goes into Track mode.
46.84202 INFO Goes into Escape mode.
46.85859 INFO Goes into Track mode.
46.85861 INFO Goes into Escape mode.
46.89178 INFO Goes into Track mode.
46.8918 INFO Goes into Escape mode.
46.9083 INFO Goes into Track mode.
46.90832 INFO Goes into Escape mode.
46.92485 INFO Goes into Track mode.
46.92487 INFO Goes into Escape mode.
46.94143 INFO Goes into Track mode.
46.94144 INFO Goes into Escape mode.
46.958 INFO Goes into Track mode.
46.95801 INFO Goes into Escape mode.
46.99114 INFO Goes into Track mode.
46.99115 INFO Goes into Escape mode.
47.00769 INFO Goes into Track mode.
47.0077 INFO Goes into Escape mode.
47.02427 INFO Goes into Track mode.
47.02428 INFO Goes into Escape mode.
47.04081 INFO Goes into Track mode.
47.04082 INFO Goes into Escape mode.
47.0574 INFO Goes into Track mode.
47.05741 INFO Goes into Escape mode.
47.09055 INFO Goes into Track mode.
47.09056 INFO Goes into Escape mode.
47.10712 INFO Goes into Track mode.
47.10713 INFO Goes into Escape mode.
47.12364 INFO Goes into Track mode.
47.12365 INFO Goes into Escape mode.
47.14028 INFO Goes into Track mode.
47.14029 INFO Goes into Escape mode.
47.1568 INFO Goes into Track mode.
47.15681 INFO Goes into Escape mode.
47.18994 INFO Goes into Track mode.
47.18996 INFO Goes into Escape mode.
47.20651 INFO Goes into Track mode.
47.20652 INFO Goes into Escape mode.
47.22306 INFO Goes into Track mode.
47.22308 INFO Goes into Escape mode.
47.2396 INFO Goes into Track mode.
47.23962 INFO Goes into Escape mode.
47.25622 INFO Goes into Track mode.
47.25623 INFO Goes into Escape mode.
47.28938 INFO Goes into Track mode.
47.28939 INFO Goes into Escape mode.
47.3059 INFO Goes into Track mode.
47.30592 INFO Goes into Escape mode.
47.32248 INFO Goes into Track mode.
47.32249 INFO Goes into Escape mode.
47.33905 INFO Goes into Track mode.
47.33907 INFO Goes into Escape mode.
47.3722 INFO Goes into Track mode.
47.37221 INFO Goes into Escape mode.
47.38877 INFO Goes into Track mode.
47.38878 INFO Goes into Escape mode.
47.40535 INFO Goes into Track mode.
47.40536 INFO Goes into Escape mode.
47.42233 INFO Goes into Track mode.
47.42234 INFO Goes into Escape mode.
47.43845 INFO Goes into Track mode.
47.43846 INFO Goes into Escape mode.
47.47157 INFO Goes into Track mode.
47.47158 INFO Goes into Escape mode.
47.48817 INFO Goes into Track mode.
47.48818 INFO Goes into Escape mode.
47.50477 INFO Goes into Track mode.
47.50478 INFO Goes into Escape mode.
47.52132 INFO Goes into Track mode.
47.52134 INFO Goes into Escape mode.
47.53787 INFO Goes into Track mode.
47.53788 INFO Goes into Escape mode.
47.57101 INFO Goes into Track mode.
47.57102 INFO Goes into Escape mode.
47.58757 INFO Goes into Track mode.
47.58759 INFO Goes into Escape mode.
47.60411 INFO Goes into Track mode.
47.60413 INFO Goes into Escape mode.
47.62108 INFO Goes into Track mode.
47.62109 INFO Goes into Escape mode.
47.63726 INFO Goes into Track mode.
47.63728 INFO Goes into Escape mode.
47.6704 INFO Goes into Track mode.
47.67042 INFO Goes into Escape mode.
47.687 INFO Goes into Track mode.
47.68702 INFO Goes into Escape mode.
47.70356 INFO Goes into Track mode.
47.70357 INFO Goes into Escape mode.
47.72009 INFO Goes into Track mode.
47.7201 INFO Goes into Escape mode.
47.73664 INFO Goes into Track mode.
47.73665 INFO Goes into Escape mode.
47.76981 INFO Goes into Track mode.
47.76982 INFO Goes into Escape mode.
47.78654 INFO Goes into Track mode.
47.78655 INFO Goes into Escape mode.
47.80321 INFO Goes into Track mode.
47.80323 INFO Goes into Escape mode.
47.81952 INFO Goes into Track mode.
47.81953 INFO Goes into Escape mode.
47.83604 INFO Goes into Track mode.
47.83606 INFO Goes into Escape mode.
47.86923 INFO Goes into Track mode.
47.86925 INFO Goes into Escape mode.
47.88581 INFO Goes into Track mode.
47.88583 INFO Goes into Escape mode.
47.90234 INFO Goes into Track mode.
47.90235 INFO Goes into Escape mode.
47.91889 INFO Goes into Track mode.
47.9189 INFO Goes into Escape mode.
47.95208 INFO Goes into Track mode.
47.95209 INFO Goes into Escape mode.
47.9686 INFO Goes into Track mode.
47.96861 INFO Goes into Escape mode.
47.98516 INFO Goes into Track mode.
47.98517 INFO Goes into Escape mode.
48.00171 INFO Goes into Track mode.
48.00172 INFO Goes into Escape mode.
48.01827 INFO Goes into Track mode.
48.01828 INFO Goes into Escape mode.
48.05142 INFO Goes into Track mode.
48.05143 INFO Goes into Escape mode.
48.06799 INFO Goes into Track mode.
48.06801 INFO Goes into Escape mode.
48.08457 INFO Goes into Track mode.
48.08458 INFO Goes into Escape mode.
48.10124 INFO Goes into Track mode.
48.10125 INFO Goes into Escape mode.
48.11775 INFO Goes into Track mode.
48.11776 INFO Goes into Escape mode.
48.15081 INFO Goes into Track mode.
48.15083 INFO Goes into Escape mode.
48.1674 INFO Goes into Track mode.
48.16741 INFO Goes into Escape mode.
48.18394 INFO Goes into Track mode.
48.18395 INFO Goes into Escape mode.
48.20053 INFO Goes into Track mode.
48.20055 INFO Goes into Escape mode.
48.21708 INFO Goes into Track mode.
48.21709 INFO Goes into Escape mode.
48.25034 INFO Goes into Track mode.
48.25035 INFO Goes into Escape mode.
48.2669 INFO Goes into Track mode.
48.26691 INFO Goes into Escape mode.
48.28336 INFO Goes into Track mode.
48.28337 INFO Goes into Escape mode.
48.29992 INFO Goes into Track mode.
48.29993 INFO Goes into Escape mode.
48.31651 INFO Goes into Track mode.
48.31652 INFO Goes into Escape mode.
48.3496 INFO Goes into Track mode.
48.34961 INFO Goes into Escape mode.
48.36619 INFO Goes into Track mode.
48.36621 INFO Goes into Escape mode.
48.38279 INFO Goes into Track mode.
48.38281 INFO Goes into Escape mode.
48.39933 INFO Goes into Track mode.
48.39935 INFO Goes into Escape mode.
48.41587 INFO Goes into Track mode.
48.41589 INFO Goes into Escape mode.
48.449 INFO Goes into Track mode.
48.44902 INFO Goes into Escape mode.
48.4656 INFO Goes into Track mode.
48.46561 INFO Goes into Escape mode.
48.48215 INFO Goes into Track mode.
48.48217 INFO Goes into Escape mode.
48.49883 INFO Goes into Track mode.
48.49885 INFO Goes into Escape mode.
48.53183 INFO Goes into Track mode.
48.53185 INFO Goes into Escape mode.
48.54842 INFO Goes into Track mode.
48.54844 INFO Goes into Escape mode.
48.56498 INFO Goes into Track mode.
48.56499 INFO Goes into Escape mode.
48.58155 INFO Goes into Track mode.
48.58157 INFO Goes into Escape mode.
48.59812 INFO Goes into Track mode.
48.59813 INFO Goes into Escape mode.
48.63128 INFO Goes into Track mode.
48.63129 INFO Goes into Escape mode.
48.6478 INFO Goes into Track mode.
48.64781 INFO Goes into Escape mode.
48.66439 INFO Goes into Track mode.
48.6644 INFO Goes into Escape mode.
48.68095 INFO Goes into Track mode.
48.68096 INFO Goes into Escape mode.
48.69753 INFO Goes into Track mode.
48.69754 INFO Goes into Escape mode.
48.73064 INFO Goes into Track mode.
48.73066 INFO Goes into Escape mode.
48.7473 INFO Goes into Track mode.
48.74731 INFO Goes into Escape mode.
48.76379 INFO Goes into Track mode.
48.7638 INFO Goes into Escape mode.
48.78034 INFO Goes into Track mode.
48.78035 INFO Goes into Escape mode.
48.79696 INFO Goes into Track mode.
48.79697 INFO Goes into Escape mode.
48.83002 INFO Goes into Track mode.
48.83004 INFO Goes into Escape mode.
48.84658 INFO Goes into Track mode.
48.84659 INFO Goes into Escape mode.
48.86315 INFO Goes into Track mode.
48.86316 INFO Goes into Escape mode.
48.8797 INFO Goes into Track mode.
48.87971 INFO Goes into Escape mode.
48.89632 INFO Goes into Track mode.
48.89633 INFO Goes into Escape mode.
48.92944 INFO Goes into Track mode.
48.92945 INFO Goes into Escape mode.
48.94597 INFO Goes into Track mode.
48.94599 INFO Goes into Escape mode.
48.9626 INFO Goes into Track mode.
48.96261 INFO Goes into Escape mode.
48.97915 INFO Goes into Track mode.
48.97916 INFO Goes into Escape mode.
49.01228 INFO Goes into Track mode.
49.01229 INFO Goes into Escape mode.
49.02885 INFO Goes into Track mode.
49.02887 INFO Goes into Escape mode.
49.04541 INFO Goes into Track mode.
49.04542 INFO Goes into Escape mode.
49.06198 INFO Goes into Track mode.
49.06199 INFO Goes into Escape mode.
49.07869 INFO Goes into Track mode.
49.0787 INFO Goes into Escape mode.
49.11168 INFO Goes into Track mode.
49.11169 INFO Goes into Escape mode.
49.12822 INFO Goes into Track mode.
49.12824 INFO Goes into Escape mode.
49.1448 INFO Goes into Track mode.
49.14481 INFO Goes into Escape mode.
49.16135 INFO Goes into Track mode.
49.16136 INFO Goes into Escape mode.
49.17792 INFO Goes into Track mode.
49.17794 INFO Goes into Escape mode.
49.21111 INFO Goes into Track mode.
49.21112 INFO Goes into Escape mode.
49.22762 INFO Goes into Track mode.
49.22763 INFO Goes into Escape mode.
49.24417 INFO Goes into Track mode.
49.24424 INFO Goes into Escape mode.
49.26077 INFO Goes into Track mode.
49.26078 INFO Goes into Escape mode.
49.27735 INFO Goes into Track mode.
49.27736 INFO Goes into Escape mode.
49.3105 INFO Goes into Track mode.
49.31051 INFO Goes into Escape mode.
49.32707 INFO Goes into Track mode.
49.32708 INFO Goes into Escape mode.
49.34365 INFO Goes into Track mode.
49.34367 INFO Goes into Escape mode.
49.36016 INFO Goes into Track mode.
49.36018 INFO Goes into Escape mode.
49.37675 INFO Goes into Track mode.
49.37676 INFO Goes into Escape mode.
49.41006 INFO Goes into Track mode.
49.41008 INFO Goes into Escape mode.
49.42649 INFO Goes into Track mode.
49.4265 INFO Goes into Escape mode.
49.44299 INFO Goes into Track mode.
49.443 INFO Goes into Escape mode.
49.45959 INFO Goes into Track mode.
49.4596 INFO Goes into Escape mode.
49.47616 INFO Goes into Track mode.
49.47617 INFO Goes into Escape mode.
49.50929 INFO Goes into Track mode.
49.5093 INFO Goes into Escape mode.
49.5258 INFO Goes into Track mode.
49.52581 INFO Goes into Escape mode.
49.5424 INFO Goes into Track mode.
49.54241 INFO Goes into Escape mode.
49.559 INFO Goes into Track mode.
49.55901 INFO Goes into Escape mode.
49.5921 INFO Goes into Track mode.
49.59211 INFO Goes into Escape mode.
49.60867 INFO Goes into Track mode.
49.60868 INFO Goes into Escape mode.
49.62526 INFO Goes into Track mode.
49.62527 INFO Goes into Escape mode.
49.6418 INFO Goes into Track mode.
49.64181 INFO Goes into Escape mode.
49.65863 INFO Goes into Track mode.
49.65864 INFO Goes into Escape mode.
49.69154 INFO Goes into Track mode.
49.69155 INFO Goes into Escape mode.
49.70807 INFO Goes into Track mode.
49.70808 INFO Goes into Escape mode.
49.7246 INFO Goes into Track mode.
49.72461 INFO Goes into Escape mode.
49.7413 INFO Goes into Track mode.
49.74132 INFO Goes into Escape mode.
49.75776 INFO Goes into Track mode.
49.75777 INFO Goes into Escape mode.
49.79094 INFO Goes into Track mode.
49.79095 INFO Goes into Escape mode.
49.80746 INFO Goes into Track mode.
49.80747 INFO Goes into Escape mode.
49.824 INFO Goes into Track mode.
49.82401 INFO Goes into Escape mode.
49.84056 INFO Goes into Track mode.
49.84057 INFO Goes into Escape mode.
49.85715 INFO Goes into Track mode.
49.85716 INFO Goes into Escape mode.
49.89031 INFO Goes into Track mode.
49.89032 INFO Goes into Escape mode.
49.90694 INFO Goes into Track mode.
49.90696 INFO Goes into Escape mode.
49.9234 INFO Goes into Track mode.
49.92342 INFO Goes into Escape mode.
49.93996 INFO Goes into Track mode.
49.93997 INFO Goes into Escape mode.
49.9567 INFO Goes into Track mode.
49.95671 INFO Goes into Escape mode.
49.98969 INFO Goes into Track mode.
49.9897 INFO Goes into Escape mode.
50.00623 INFO Goes into Track mode.
50.00624 INFO Goes into Escape mode.
50.02278 INFO Goes into Track mode.
50.02279 INFO Goes into Escape mode.
50.0394 INFO Goes into Track mode.
50.03941 INFO Goes into Escape mode.
50.05592 INFO Goes into Track mode.
50.05593 INFO Goes into Escape mode.
50.08908 INFO Goes into Track mode.
50.0891 INFO Goes into Escape mode.
50.10565 INFO Goes into Track mode.
50.10566 INFO Goes into Escape mode.
50.12218 INFO Goes into Track mode.
53.187 INFO Goes into Escape mode.
53.2036 INFO Goes into Track mode.
53.20361 INFO Goes into Escape mode.
53.20421 INFO Has hit NightHunter_AI_B1 (3).
53.22015 INFO Goes into Track mode.
53.22017 INFO Goes into Escape mode.
53.23673 INFO Goes into Track mode.
53.23674 INFO Goes into Escape mode.
53.26986 INFO Goes into Track mode.
53.26987 INFO Goes into Escape mode.
53.28643 INFO Goes into Track mode.
53.28644 INFO Goes into Escape mode.
53.30297 INFO Goes into Track mode.
53.30298 INFO Goes into Escape mode.
53.31952 INFO Goes into Track mode.
53.31953 INFO Goes into Escape mode.
53.33609 INFO Goes into Track mode.
53.3361 INFO Goes into Escape mode.
53.36932 INFO Goes into Track mode.
53.36934 INFO Goes into Escape mode.
53.38605 INFO Goes into Track mode.
53.38606 INFO Goes i