Time : 2/2/2017 4:02:55 AM
1.495436 INFO Goes into Track mode.
5.724653 INFO Has hit NightHunter_AI_B2 (3).
5.724684 INFO Has hit NightHunter_AI_B2 (3).
5.823631 INFO Has hit NightHunter_AI_B2 (4).
5.923252 INFO Has hit NightHunter_AI_B2 (3).
6.022663 INFO Has hit NightHunter_AI_B2 (4).
6.221383 INFO Has hit NightHunter_AI_B2 (4).
6.287613 INFO Has hit NightHunter_AI_B2 (1).
6.370512 INFO Has hit NightHunter_AI_B2 (5).
6.469848 INFO Has hit NightHunter_AI_B2 (4).
6.469873 INFO Has hit NightHunter_AI_B2 (4).
6.900147 INFO Goes into Escape mode.
6.916673 INFO Goes into Track mode.
6.916684 INFO Goes into Escape mode.
6.949809 INFO Goes into Track mode.
6.94982 INFO Goes into Escape mode.
6.96636 INFO Goes into Track mode.
6.966372 INFO Goes into Escape mode.
6.982954 INFO Goes into Track mode.
6.982966 INFO Goes into Escape mode.
6.999527 INFO Goes into Track mode.
6.999539 INFO Goes into Escape mode.
7.032975 INFO Goes into Track mode.
7.032991 INFO Goes into Escape mode.
7.049212 INFO Goes into Track mode.
7.049224 INFO Goes into Escape mode.
7.065887 INFO Goes into Track mode.
7.0659 INFO Goes into Escape mode.
7.082353 INFO Goes into Track mode.
7.082366 INFO Goes into Escape mode.
7.098863 INFO Goes into Track mode.
7.098874 INFO Goes into Escape mode.
7.132051 INFO Goes into Track mode.
7.132064 INFO Goes into Escape mode.
7.148612 INFO Goes into Track mode.
7.148625 INFO Goes into Escape mode.
7.16515 INFO Goes into Track mode.
7.165163 INFO Goes into Escape mode.
7.181725 INFO Goes into Track mode.
7.181736 INFO Goes into Escape mode.
7.198347 INFO Goes into Track mode.
7.198368 INFO Goes into Escape mode.
7.231609 INFO Goes into Track mode.
7.231621 INFO Goes into Escape mode.
7.248119 INFO Goes into Track mode.
7.248131 INFO Goes into Escape mode.
7.26493 INFO Goes into Track mode.
7.264943 INFO Goes into Escape mode.
7.281148 INFO Goes into Track mode.
7.281162 INFO Goes into Escape mode.
7.29766 INFO Goes into Track mode.
7.297672 INFO Goes into Escape mode.
7.330824 INFO Goes into Track mode.
7.330835 INFO Goes into Escape mode.
7.347349 INFO Goes into Track mode.
7.347369 INFO Goes into Escape mode.
7.363935 INFO Goes into Track mode.
7.363946 INFO Goes into Escape mode.
7.380517 INFO Goes into Track mode.
7.380528 INFO Goes into Escape mode.
7.397158 INFO Goes into Track mode.
7.397171 INFO Goes into Escape mode.
7.430189 INFO Goes into Track mode.
7.4302 INFO Goes into Escape mode.
7.446999 INFO Goes into Track mode.
7.44701 INFO Goes into Escape mode.
7.463349 INFO Goes into Track mode.
7.463361 INFO Goes into Escape mode.
7.480126 INFO Goes into Track mode.
7.480137 INFO Goes into Escape mode.
7.496552 INFO Goes into Track mode.
7.496564 INFO Goes into Escape mode.
7.529631 INFO Goes into Track mode.
7.529643 INFO Goes into Escape mode.
7.546247 INFO Goes into Track mode.
7.546258 INFO Goes into Escape mode.
7.562867 INFO Goes into Track mode.
7.562879 INFO Goes into Escape mode.
7.579298 INFO Goes into Track mode.
7.579309 INFO Goes into Escape mode.
7.612544 INFO Goes into Track mode.
7.612558 INFO Goes into Escape mode.
7.629022 INFO Goes into Track mode.
7.629034 INFO Goes into Escape mode.
7.645607 INFO Goes into Track mode.
7.645618 INFO Goes into Escape mode.
7.662117 INFO Goes into Track mode.
7.662128 INFO Goes into Escape mode.
7.678706 INFO Goes into Track mode.
7.678718 INFO Goes into Escape mode.
7.711858 INFO Goes into Track mode.
7.711871 INFO Goes into Escape mode.
7.728495 INFO Goes into Track mode.
7.728507 INFO Goes into Escape mode.
7.74493 INFO Goes into Track mode.
7.744941 INFO Goes into Escape mode.
7.761559 INFO Goes into Track mode.
7.761574 INFO Goes into Escape mode.
7.778123 INFO Goes into Track mode.
7.778134 INFO Goes into Escape mode.
7.811215 INFO Goes into Track mode.
7.811241 INFO Goes into Escape mode.
7.827785 INFO Goes into Track mode.
7.827797 INFO Goes into Escape mode.
7.844368 INFO Goes into Track mode.
7.84438 INFO Goes into Escape mode.
7.860936 INFO Goes into Track mode.
7.861 INFO Goes into Escape mode.
7.877477 INFO Goes into Track mode.
7.877489 INFO Goes into Escape mode.
7.910874 INFO Goes into Track mode.
7.910887 INFO Goes into Escape mode.
7.927354 INFO Goes into Track mode.
7.927369 INFO Goes into Escape mode.
7.943778 INFO Goes into Track mode.
7.943789 INFO Goes into Escape mode.
7.96032 INFO Goes into Track mode.
7.960335 INFO Goes into Escape mode.
7.976887 INFO Goes into Track mode.
7.976899 INFO Goes into Escape mode.
8.010075 INFO Goes into Track mode.
8.010087 INFO Goes into Escape mode.
8.02659 INFO Goes into Track mode.
8.026602 INFO Goes into Escape mode.
8.043275 INFO Goes into Track mode.
8.043285 INFO Goes into Escape mode.
8.059834 INFO Goes into Track mode.
8.059846 INFO Goes into Escape mode.
8.076356 INFO Goes into Track mode.
8.076371 INFO Goes into Escape mode.
8.109473 INFO Goes into Track mode.
8.109488 INFO Goes into Escape mode.
8.12606 INFO Goes into Track mode.
8.126072 INFO Goes into Escape mode.
8.142607 INFO Goes into Track mode.
8.142619 INFO Goes into Escape mode.
8.15916 INFO Goes into Track mode.
8.159171 INFO Goes into Escape mode.
8.192332 INFO Goes into Track mode.
8.192345 INFO Goes into Escape mode.
8.208937 INFO Goes into Track mode.
8.208949 INFO Goes into Escape mode.
8.225424 INFO Goes into Track mode.
8.225435 INFO Goes into Escape mode.
8.241981 INFO Goes into Track mode.
8.241998 INFO Goes into Escape mode.
8.258582 INFO Goes into Track mode.
8.258594 INFO Goes into Escape mode.
8.291735 INFO Goes into Track mode.
8.291746 INFO Goes into Escape mode.
8.308236 INFO Goes into Track mode.
8.308248 INFO Goes into Escape mode.
8.324803 INFO Goes into Track mode.
8.324816 INFO Goes into Escape mode.
8.341338 INFO Goes into Track mode.
8.341351 INFO Goes into Escape mode.
8.357945 INFO Goes into Track mode.
8.357959 INFO Goes into Escape mode.
8.391124 INFO Goes into Track mode.
8.391139 INFO Goes into Escape mode.
8.407709 INFO Goes into Track mode.
8.407722 INFO Goes into Escape mode.
8.424427 INFO Goes into Track mode.
8.424438 INFO Goes into Escape mode.
8.440841 INFO Goes into Track mode.
8.440853 INFO Goes into Escape mode.
8.457395 INFO Goes into Track mode.
8.457407 INFO Goes into Escape mode.
8.490503 INFO Goes into Track mode.
8.490518 INFO Goes into Escape mode.
8.507053 INFO Goes into Track mode.
8.507065 INFO Goes into Escape mode.
8.523621 INFO Goes into Track mode.
8.523633 INFO Goes into Escape mode.
8.540453 INFO Goes into Track mode.
8.540465 INFO Goes into Escape mode.
8.556746 INFO Goes into Track mode.
8.556756 INFO Goes into Escape mode.
8.589935 INFO Goes into Track mode.
8.589948 INFO Goes into Escape mode.
8.606579 INFO Goes into Track mode.
8.606591 INFO Goes into Escape mode.
8.623051 INFO Goes into Track mode.
8.623064 INFO Goes into Escape mode.
8.639594 INFO Goes into Track mode.
8.639609 INFO Goes into Escape mode.
8.656187 INFO Goes into Track mode.
8.656199 INFO Goes into Escape mode.
8.689466 INFO Goes into Track mode.
8.689478 INFO Goes into Escape mode.
8.705901 INFO Goes into Track mode.
8.705913 INFO Goes into Escape mode.
8.722415 INFO Goes into Track mode.
8.722426 INFO Goes into Escape mode.
8.739014 INFO Goes into Track mode.
8.739029 INFO Goes into Escape mode.
8.772144 INFO Goes into Track mode.
8.772157 INFO Goes into Escape mode.
8.788695 INFO Goes into Track mode.
8.788707 INFO Goes into Escape mode.
8.80526 INFO Goes into Track mode.
8.805272 INFO Goes into Escape mode.
8.821851 INFO Goes into Track mode.
8.821863 INFO Goes into Escape mode.
8.838366 INFO Goes into Track mode.
8.838377 INFO Goes into Escape mode.
8.871554 INFO Goes into Track mode.
8.871567 INFO Goes into Escape mode.
8.888095 INFO Goes into Track mode.
8.888106 INFO Goes into Escape mode.
8.904675 INFO Goes into Track mode.
8.904689 INFO Goes into Escape mode.
8.921209 INFO Goes into Track mode.
8.921221 INFO Goes into Escape mode.
8.937819 INFO Goes into Track mode.
8.937832 INFO Goes into Escape mode.
8.970985 INFO Goes into Track mode.
8.970999 INFO Goes into Escape mode.
8.987528 INFO Goes into Track mode.
10.66088 INFO Goes into Escape mode.
10.67734 INFO Goes into Track mode.
10.67735 INFO Goes into Escape mode.
10.71049 INFO Goes into Track mode.
10.71051 INFO Goes into Escape mode.
10.72706 INFO Goes into Track mode.
10.72707 INFO Goes into Escape mode.
10.74364 INFO Goes into Track mode.
10.74366 INFO Goes into Escape mode.
10.76025 INFO Goes into Track mode.
10.76026 INFO Goes into Escape mode.
10.77698 INFO Goes into Track mode.
10.77699 INFO Goes into Escape mode.
10.80994 INFO Goes into Track mode.
10.80995 INFO Goes into Escape mode.
10.82646 INFO Goes into Track mode.
10.82647 INFO Goes into Escape mode.
10.84306 INFO Goes into Track mode.
10.84307 INFO Goes into Escape mode.
10.85984 INFO Goes into Track mode.
10.85986 INFO Goes into Escape mode.
10.87619 INFO Goes into Track mode.
10.8762 INFO Goes into Escape mode.
10.90932 INFO Goes into Track mode.
10.90933 INFO Goes into Escape mode.
10.92585 INFO Goes into Track mode.
10.92586 INFO Goes into Escape mode.
10.94248 INFO Goes into Track mode.
10.94249 INFO Goes into Escape mode.
10.95903 INFO Goes into Track mode.
10.95904 INFO Goes into Escape mode.
10.99216 INFO Goes into Track mode.
10.99218 INFO Goes into Escape mode.
11.00872 INFO Goes into Track mode.
11.00873 INFO Goes into Escape mode.
11.02525 INFO Goes into Track mode.
11.02526 INFO Goes into Escape mode.
11.04189 INFO Goes into Track mode.
11.0419 INFO Goes into Escape mode.
11.0585 INFO Goes into Track mode.
11.05852 INFO Goes into Escape mode.
11.0916 INFO Goes into Track mode.
11.09161 INFO Goes into Escape mode.
11.10812 INFO Goes into Track mode.
11.10814 INFO Goes into Escape mode.
11.12467 INFO Goes into Track mode.
11.12468 INFO Goes into Escape mode.
11.14139 INFO Goes into Track mode.
11.14141 INFO Goes into Escape mode.
11.15785 INFO Goes into Track mode.
11.15786 INFO Goes into Escape mode.
11.19102 INFO Goes into Track mode.
11.19103 INFO Goes into Escape mode.
11.20752 INFO Goes into Track mode.
11.20753 INFO Goes into Escape mode.
11.22403 INFO Goes into Track mode.
11.22404 INFO Goes into Escape mode.
11.24062 INFO Goes into Track mode.
11.24063 INFO Goes into Escape mode.
11.25721 INFO Goes into Track mode.
11.25722 INFO Goes into Escape mode.
11.29036 INFO Goes into Track mode.
11.29038 INFO Goes into Escape mode.
11.30689 INFO Goes into Track mode.
11.30691 INFO Goes into Escape mode.
11.32343 INFO Goes into Track mode.
11.32344 INFO Goes into Escape mode.
11.33998 INFO Goes into Track mode.
11.34001 INFO Goes into Escape mode.
11.35656 INFO Goes into Track mode.
11.35658 INFO Goes into Escape mode.
11.3898 INFO Goes into Track mode.
11.38981 INFO Goes into Escape mode.
11.40633 INFO Goes into Track mode.
11.40634 INFO Goes into Escape mode.
11.42281 INFO Goes into Track mode.
11.42283 INFO Goes into Escape mode.
11.43933 INFO Goes into Track mode.
11.43934 INFO Goes into Escape mode.
11.47249 INFO Goes into Track mode.
11.47251 INFO Goes into Escape mode.
11.48908 INFO Goes into Track mode.
11.48909 INFO Goes into Escape mode.
11.50564 INFO Goes into Track mode.
11.50567 INFO Goes into Escape mode.
11.52227 INFO Goes into Track mode.
11.52228 INFO Goes into Escape mode.
11.53873 INFO Goes into Track mode.
11.53874 INFO Goes into Escape mode.
11.57215 INFO Goes into Track mode.
11.57216 INFO Goes into Escape mode.
11.58844 INFO Goes into Track mode.
11.58845 INFO Goes into Escape mode.
11.60503 INFO Goes into Track mode.
11.60504 INFO Goes into Escape mode.
11.62175 INFO Goes into Track mode.
11.62176 INFO Goes into Escape mode.
11.63818 INFO Goes into Track mode.
11.63819 INFO Goes into Escape mode.
11.67131 INFO Goes into Track mode.
11.67132 INFO Goes into Escape mode.
11.68786 INFO Goes into Track mode.
11.68787 INFO Goes into Escape mode.
11.70442 INFO Goes into Track mode.
11.70443 INFO Goes into Escape mode.
11.72098 INFO Goes into Track mode.
11.72099 INFO Goes into Escape mode.
11.73753 INFO Goes into Track mode.
11.73754 INFO Goes into Escape mode.
11.77073 INFO Goes into Track mode.
11.77075 INFO Goes into Escape mode.
11.78761 INFO Goes into Track mode.
11.78763 INFO Goes into Escape mode.
11.80384 INFO Goes into Track mode.
11.80385 INFO Goes into Escape mode.
11.82039 INFO Goes into Track mode.
11.8204 INFO Goes into Escape mode.
11.83695 INFO Goes into Track mode.
11.83696 INFO Goes into Escape mode.
11.87009 INFO Goes into Track mode.
11.8701 INFO Goes into Escape mode.
11.88665 INFO Goes into Track mode.
11.88666 INFO Goes into Escape mode.
11.9033 INFO Goes into Track mode.
11.90331 INFO Goes into Escape mode.
11.91976 INFO Goes into Track mode.
11.91977 INFO Goes into Escape mode.
11.93642 INFO Goes into Track mode.
11.93643 INFO Goes into Escape mode.
11.96948 INFO Goes into Track mode.
11.96949 INFO Goes into Escape mode.
11.98604 INFO Goes into Track mode.
11.98606 INFO Goes into Escape mode.
12.00263 INFO Goes into Track mode.
12.00264 INFO Goes into Escape mode.
12.01919 INFO Goes into Track mode.
12.01921 INFO Goes into Escape mode.
12.05248 INFO Goes into Track mode.
12.05249 INFO Goes into Escape mode.
12.06891 INFO Goes into Track mode.
12.06893 INFO Goes into Escape mode.
12.08548 INFO Goes into Track mode.
12.08549 INFO Goes into Escape mode.
12.10213 INFO Goes into Track mode.
12.10215 INFO Goes into Escape mode.
12.11879 INFO Goes into Track mode.
12.11881 INFO Goes into Escape mode.
12.15177 INFO Goes into Track mode.
12.15179 INFO Goes into Escape mode.
12.16832 INFO Goes into Track mode.
12.16833 INFO Goes into Escape mode.
12.1849 INFO Goes into Track mode.
12.18492 INFO Goes into Escape mode.
12.20145 INFO Goes into Track mode.
12.20146 INFO Goes into Escape mode.
12.21825 INFO Goes into Track mode.
12.21826 INFO Goes into Escape mode.
12.25126 INFO Goes into Track mode.
12.25128 INFO Goes into Escape mode.
12.26775 INFO Goes into Track mode.
12.26776 INFO Goes into Escape mode.
12.28459 INFO Goes into Track mode.
12.2846 INFO Goes into Escape mode.
12.3009 INFO Goes into Track mode.
12.30091 INFO Goes into Escape mode.
12.31744 INFO Goes into Track mode.
12.31745 INFO Goes into Escape mode.
12.35083 INFO Goes into Track mode.
12.35084 INFO Goes into Escape mode.
12.36714 INFO Goes into Track mode.
12.36715 INFO Goes into Escape mode.
12.38371 INFO Goes into Track mode.
12.38373 INFO Goes into Escape mode.
12.40029 INFO Goes into Track mode.
12.4003 INFO Goes into Escape mode.
12.41694 INFO Goes into Track mode.
12.41695 INFO Goes into Escape mode.
12.45001 INFO Goes into Track mode.
12.45002 INFO Goes into Escape mode.
12.4665 INFO Goes into Track mode.
12.46651 INFO Goes into Escape mode.
12.48332 INFO Goes into Track mode.
12.48333 INFO Goes into Escape mode.
12.49994 INFO Goes into Track mode.
12.49995 INFO Goes into Escape mode.
12.51625 INFO Goes into Track mode.
12.51627 INFO Goes into Escape mode.
12.54935 INFO Goes into Track mode.
12.54936 INFO Goes into Escape mode.
12.56599 INFO Goes into Track mode.
12.566 INFO Goes into Escape mode.
12.58258 INFO Goes into Track mode.
12.5826 INFO Goes into Escape mode.
12.5991 INFO Goes into Track mode.
12.59912 INFO Goes into Escape mode.
12.63224 INFO Goes into Track mode.
12.63225 INFO Goes into Escape mode.
12.64878 INFO Goes into Track mode.
12.6488 INFO Goes into Escape mode.
12.66534 INFO Goes into Track mode.
12.66535 INFO Goes into Escape mode.
12.68193 INFO Goes into Track mode.
12.68194 INFO Goes into Escape mode.
12.69845 INFO Goes into Track mode.
12.69846 INFO Goes into Escape mode.
12.7316 INFO Goes into Track mode.
12.73161 INFO Goes into Escape mode.
12.74827 INFO Goes into Track mode.
12.74828 INFO Goes into Escape mode.
12.76474 INFO Goes into Track mode.
12.76476 INFO Goes into Escape mode.
12.78128 INFO Goes into Track mode.
12.78129 INFO Goes into Escape mode.
12.79786 INFO Goes into Track mode.
12.79787 INFO Goes into Escape mode.
12.83099 INFO Goes into Track mode.
12.83117 INFO Goes into Escape mode.
12.84751 INFO Goes into Track mode.
12.84752 INFO Goes into Escape mode.
12.86438 INFO Goes into Track mode.
12.86439 INFO Goes into Escape mode.
12.88071 INFO Goes into Track mode.
12.88072 INFO Goes into Escape mode.
12.8974 INFO Goes into Track mode.
12.89741 INFO Goes into Escape mode.
12.93051 INFO Goes into Track mode.
12.93052 INFO Goes into Escape mode.
12.94709 INFO Goes into Track mode.
12.9471 INFO Goes into Escape mode.
12.96356 INFO Goes into Track mode.
12.96357 INFO Goes into Escape mode.
12.98009 INFO Goes into Track mode.
12.9801 INFO Goes into Escape mode.
12.99663 INFO Goes into Track mode.
12.99664 INFO Goes into Escape mode.
13.02983 INFO Goes into Track mode.
13.02984 INFO Goes into Escape mode.
13.04643 INFO Goes into Track mode.
13.04644 INFO Goes into Escape mode.
13.06309 INFO Goes into Track mode.
13.06311 INFO Goes into Escape mode.
13.07951 INFO Goes into Track mode.
13.07952 INFO Goes into Escape mode.
13.11267 INFO Goes into Track mode.
13.11268 INFO Goes into Escape mode.
13.12924 INFO Goes into Track mode.
13.12926 INFO Goes into Escape mode.
13.14582 INFO Goes into Track mode.
13.14583 INFO Goes into Escape mode.
13.16236 INFO Goes into Track mode.
13.16238 INFO Goes into Escape mode.
13.17892 INFO Goes into Track mode.
13.17893 INFO Goes into Escape mode.
13.2121 INFO Goes into Track mode.
13.21211 INFO Goes into Escape mode.
13.22874 INFO Goes into Track mode.
13.22875 INFO Goes into Escape mode.
13.24526 INFO Goes into Track mode.
13.24527 INFO Goes into Escape mode.
13.26185 INFO Goes into Track mode.
13.26186 INFO Goes into Escape mode.
13.27836 INFO Goes into Track mode.
13.27837 INFO Goes into Escape mode.
13.31151 INFO Goes into Track mode.
13.31152 INFO Goes into Escape mode.
13.32807 INFO Goes into Track mode.
13.32808 INFO Goes into Escape mode.
13.34459 INFO Goes into Track mode.
13.34461 INFO Goes into Escape mode.
13.36117 INFO Goes into Track mode.
13.36118 INFO Goes into Escape mode.
13.37773 INFO Goes into Track mode.
13.37774 INFO Goes into Escape mode.
13.41096 INFO Goes into Track mode.
13.41097 INFO Goes into Escape mode.
13.4274 INFO Goes into Track mode.
13.42741 INFO Goes into Escape mode.
13.44402 INFO Goes into Track mode.
13.44403 INFO Goes into Escape mode.
13.46059 INFO Goes into Track mode.
13.4606 INFO Goes into Escape mode.
13.47714 INFO Goes into Track mode.
13.47715 INFO Goes into Escape mode.
13.51028 INFO Goes into Track mode.
13.51029 INFO Goes into Escape mode.
13.52681 INFO Goes into Track mode.
13.52683 INFO Goes into Escape mode.
13.54335 INFO Goes into Track mode.
13.54336 INFO Goes into Escape mode.
13.56002 INFO Goes into Track mode.
13.56003 INFO Goes into Escape mode.
13.57656 INFO Goes into Track mode.
13.57658 INFO Goes into Escape mode.
13.61924 INFO Goes into Track mode.
13.61925 INFO Goes into Escape mode.
13.62624 INFO Goes into Track mode.
13.62625 INFO Goes into Escape mode.
13.64281 INFO Goes into Track mode.
13.64283 INFO Goes into Escape mode.
13.65935 INFO Goes into Track mode.
13.65936 INFO Goes into Escape mode.
13.69263 INFO Goes into Track mode.
13.69264 INFO Goes into Escape mode.
13.70909 INFO Goes into Track mode.
13.7091 INFO Goes into Escape mode.
13.72585 INFO Goes into Track mode.
13.72586 INFO Goes into Escape mode.
13.7422 INFO Goes into Track mode.
13.74221 INFO Goes into Escape mode.
13.75879 INFO Goes into Track mode.
13.7588 INFO Goes into Escape mode.
13.79192 INFO Goes into Track mode.
13.79193 INFO Goes into Escape mode.
13.80845 INFO Goes into Track mode.
13.80847 INFO Goes into Escape mode.
13.82505 INFO Goes into Track mode.
13.82506 INFO Goes into Escape mode.
13.84162 INFO Goes into Track mode.
13.84164 INFO Goes into Escape mode.
13.85833 INFO Goes into Track mode.
13.85834 INFO Goes into Escape mode.
13.8914 INFO Goes into Track mode.
13.89141 INFO Goes into Escape mode.
13.90789 INFO Goes into Track mode.
13.9079 INFO Goes into Escape mode.
13.92483 INFO Goes into Track mode.
13.92489 INFO Goes into Escape mode.
13.9411 INFO Goes into Track mode.
13.94112 INFO Goes into Escape mode.
13.95762 INFO Goes into Track mode.
13.95764 INFO Goes into Escape mode.
13.99076 INFO Goes into Track mode.
13.99078 INFO Goes into Escape mode.
14.00731 INFO Goes into Track mode.
14.00732 INFO Goes into Escape mode.
14.02418 INFO Goes into Track mode.
14.0242 INFO Goes into Escape mode.
14.04049 INFO Goes into Track mode.
14.0405 INFO Goes into Escape mode.
14.05706 INFO Goes into Track mode.
14.05708 INFO Goes into Escape mode.
14.09044 INFO Goes into Track mode.
14.09046 INFO Goes into Escape mode.
14.10682 INFO Goes into Track mode.
14.10683 INFO Goes into Escape mode.
14.1233 INFO Goes into Track mode.
14.12331 INFO Goes into Escape mode.
14.13985 INFO Goes into Track mode.
14.13986 INFO Goes into Escape mode.
14.15647 INFO Goes into Track mode.
14.15648 INFO Goes into Escape mode.
14.18974 INFO Goes into Track mode.
14.18975 INFO Goes into Escape mode.
14.20615 INFO Goes into Track mode.
14.20616 INFO Goes into Escape mode.
14.22292 INFO Goes into Track mode.
14.22294 INFO Goes into Escape mode.
14.23924 INFO Goes into Track mode.
14.23925 INFO Goes into Escape mode.
14.27237 INFO Goes into Track mode.
14.27239 INFO Goes into Escape mode.
14.28896 INFO Goes into Track mode.
14.28897 INFO Goes into Escape mode.
14.30559 INFO Goes into Track mode.
14.30561 INFO Goes into Escape mode.
14.32207 INFO Goes into Track mode.
14.32208 INFO Goes into Escape mode.
14.3386 INFO Goes into Track mode.
14.33861 INFO Goes into Escape mode.
14.3718 INFO Goes into Track mode.
14.37181 INFO Goes into Escape mode.
14.38834 INFO Goes into Track mode.
14.38835 INFO Goes into Escape mode.
14.40493 INFO Goes into Track mode.
14.40494 INFO Goes into Escape mode.
14.42148 INFO Goes into Track mode.
14.42149 INFO Goes into Escape mode.
14.43827 INFO Goes into Track mode.
14.43829 INFO Goes into Escape mode.
14.4714 INFO Goes into Track mode.
14.47142 INFO Goes into Escape mode.
14.48774 INFO Goes into Track mode.
14.48776 INFO Goes into Escape mode.
14.50449 INFO Goes into Track mode.
14.50451 INFO Goes into Escape mode.
14.53763 INFO Goes into Track mode.
15.58157 INFO Has hit NightHunter_AI_B1 (4).
15.58159 INFO Has hit NightHunter_AI_B1 (4).
15.6479 INFO Has hit NightHunter_AI_B2.
18.14895 INFO Goes into Escape mode.
18.16548 INFO Goes into Track mode.
18.16549 INFO Goes into Escape mode.
18.1821 INFO Goes into Track mode.
18.18212 INFO Goes into Escape mode.
18.19861 INFO Goes into Track mode.
18.19862 INFO Goes into Escape mode.
18.23177 INFO Goes into Track mode.
18.23178 INFO Goes into Escape mode.
18.2484 INFO Goes into Track mode.
18.24842 INFO Goes into Escape mode.
18.265 INFO Goes into Track mode.
18.26501 INFO Goes into Escape mode.
18.28147 INFO Goes into Track mode.
18.28148 INFO Goes into Escape mode.
18.298 INFO Goes into Track mode.
18.29801 INFO Goes into Escape mode.
18.33113 INFO Goes into Track mode.
18.33114 INFO Goes into Escape mode.
18.34773 INFO Goes into Track mode.
18.34774 INFO Goes into Escape mode.
18.36433 INFO Goes into Track mode.
18.36435 INFO Goes into Escape mode.
18.38088 INFO Goes into Track mode.
18.38089 INFO Goes into Escape mode.
18.39745 INFO Goes into Track mode.
18.39746 INFO Goes into Escape mode.
18.43064 INFO Goes into Track mode.
18.43065 INFO Goes into Escape mode.
18.44714 INFO Goes into Track mode.
18.44715 INFO Goes into Escape mode.
18.46371 INFO Goes into Track mode.
18.46372 INFO Goes into Escape mode.
18.4803 INFO Goes into Track mode.
18.48031 INFO Goes into Escape mode.
18.49684 INFO Goes into Track mode.
18.49685 INFO Goes into Escape mode.
18.52997 INFO Goes into Track mode.
18.52999 INFO Goes into Escape mode.
18.54651 INFO Goes into Track mode.
18.54652 INFO Goes into Escape mode.
18.56326 INFO Goes into Track mode.
18.56327 INFO Goes into Escape mode.
18.57963 INFO Goes into Track mode.
18.57964 INFO Goes into Escape mode.
18.59633 INFO Goes into Track mode.
18.59647 INFO Goes into Escape mode.
18.62947 INFO Goes into Track mode.
18.62948 INFO Goes into Escape mode.
18.64604 INFO Goes into Track mode.
18.64605 INFO Goes into Escape mode.
18.66251 INFO Goes into Track mode.
18.66252 INFO Goes into Escape mode.
18.67909 INFO Goes into Track mode.
18.6791 INFO Goes into Escape mode.
18.71223 INFO Goes into Track mode.
18.71224 INFO Goes into Escape mode.
18.72878 INFO Goes into Track mode.
18.72879 INFO Goes into Escape mode.
18.74533 INFO Goes into Track mode.
18.74534 INFO Goes into Escape mode.
18.76202 INFO Goes into Track mode.
18.76204 INFO Goes into Escape mode.
18.77848 INFO Goes into Track mode.
18.77849 INFO Goes into Escape mode.
18.81163 INFO Goes into Track mode.
18.81165 INFO Goes into Escape mode.
18.82817 INFO Goes into Track mode.
18.82818 INFO Goes into Escape mode.
18.84475 INFO Goes into Track mode.
18.84476 INFO Goes into Escape mode.
18.86134 INFO Goes into Track mode.
18.86135 INFO Goes into Escape mode.
18.87789 INFO Goes into Track mode.
18.87791 INFO Goes into Escape mode.
18.91128 INFO Goes into Track mode.
18.91129 INFO Goes into Escape mode.
18.92758 INFO Goes into Track mode.
18.92759 INFO Goes into Escape mode.
18.94415 INFO Goes into Track mode.
18.94416 INFO Goes into Escape mode.
18.96073 INFO Goes into Track mode.
18.96075 INFO Goes into Escape mode.
18.97729 INFO Goes into Track mode.
18.9773 INFO Goes into Escape mode.
19.01042 INFO Goes into Track mode.
19.01044 INFO Goes into Escape mode.
19.02711 INFO Goes into Track mode.
19.02712 INFO Goes into Escape mode.
19.04356 INFO Goes into Track mode.
19.04357 INFO Goes into Escape mode.
19.0601 INFO Goes into Track mode.
19.06011 INFO Goes into Escape mode.
19.07704 INFO Goes into Track mode.
19.07705 INFO Goes into Escape mode.
19.11011 INFO Goes into Track mode.
19.11012 INFO Goes into Escape mode.
19.12637 INFO Goes into Track mode.
19.12638 INFO Goes into Escape mode.
19.14293 INFO Goes into Track mode.
19.14294 INFO Goes into Escape mode.
19.15958 INFO Goes into Track mode.
19.1596 INFO Goes into Escape mode.
19.19274 INFO Goes into Track mode.
19.19275 INFO Goes into Escape mode.
19.20932 INFO Goes into Track mode.
19.20933 INFO Goes into Escape mode.
19.22578 INFO Goes into Track mode.
19.2258 INFO Goes into Escape mode.
19.24245 INFO Goes into Track mode.
19.24246 INFO Goes into Escape mode.
19.25892 INFO Goes into Track mode.
19.25894 INFO Goes into Escape mode.
19.29207 INFO Goes into Track mode.
19.29208 INFO Goes into Escape mode.
19.30863 INFO Goes into Track mode.
19.30865 INFO Goes into Escape mode.
19.32519 INFO Goes into Track mode.
19.32521 INFO Goes into Escape mode.
19.34175 INFO Goes into Track mode.
19.34177 INFO Goes into Escape mode.
19.35832 INFO Goes into Track mode.
19.35833 INFO Goes into Escape mode.
19.39142 INFO Goes into Track mode.
19.39143 INFO Goes into Escape mode.
19.40799 INFO Goes into Track mode.
19.408 INFO Goes into Escape mode.
19.42455 INFO Goes into Track mode.
19.42456 INFO Goes into Escape mode.
19.44134 INFO Goes into Track mode.
19.44135 INFO Goes into Escape mode.
19.45766 INFO Goes into Track mode.
19.45768 INFO Goes into Escape mode.
19.49087 INFO Goes into Track mode.
19.49104 INFO Goes into Escape mode.
19.50733 INFO Goes into Track mode.
19.50734 INFO Goes into Escape mode.
19.52389 INFO Goes into Track mode.
19.5239 INFO Goes into Escape mode.
19.54044 INFO Goes into Track mode.
19.54045 INFO Goes into Escape mode.
19.5572 INFO Goes into Track mode.
19.55721 INFO Goes into Escape mode.
19.59016 INFO Goes into Track mode.
19.59017 INFO Goes into Escape mode.
19.60674 INFO Goes into Track mode.
19.60675 INFO Goes into Escape mode.
19.62329 INFO Goes into Track mode.
19.6233 INFO Goes into Escape mode.
19.63998 INFO Goes into Track mode.
19.64 INFO Goes into Escape mode.
19.65678 INFO Goes into Track mode.
19.65679 INFO Goes into Escape mode.
19.68955 INFO Goes into Track mode.
19.68956 INFO Goes into Escape mode.
19.70614 INFO Goes into Track mode.
19.70621 INFO Goes into Escape mode.
19.72277 INFO Goes into Track mode.
19.72279 INFO Goes into Escape mode.
19.73925 INFO Goes into Track mode.
19.73926 INFO Goes into Escape mode.
19.77244 INFO Goes into Track mode.
19.77245 INFO Goes into Escape mode.
19.78898 INFO Goes into Track mode.
19.78899 INFO Goes into Escape mode.
19.8056 INFO Goes into Track mode.
19.80561 INFO Goes into Escape mode.
19.82208 INFO Goes into Track mode.
19.8221 INFO Goes into Escape mode.
19.83864 INFO Goes into Track mode.
19.83865 INFO Goes into Escape mode.
19.87187 INFO Goes into Track mode.
19.87188 INFO Goes into Escape mode.
19.88849 INFO Goes into Track mode.
19.8885 INFO Goes into Escape mode.
19.90495 INFO Goes into Track mode.
19.90496 INFO Goes into Escape mode.
19.92151 INFO Goes into Track mode.
19.92152 INFO Goes into Escape mode.
19.93804 INFO Goes into Track mode.
19.93805 INFO Goes into Escape mode.
19.97124 INFO Goes into Track mode.
19.97126 INFO Goes into Escape mode.
19.98777 INFO Goes into Track mode.
19.98779 INFO Goes into Escape mode.
20.00438 INFO Goes into Track mode.
20.00439 INFO Goes into Escape mode.
20.0209 INFO Goes into Track mode.
20.02092 INFO Goes into Escape mode.
20.03751 INFO Goes into Track mode.
20.03752 INFO Goes into Escape mode.
20.07068 INFO Goes into Track mode.
20.07071 INFO Goes into Escape mode.
20.08751 INFO Goes into Track mode.
20.08752 INFO Goes into Escape mode.
20.10379 INFO Goes into Track mode.
20.10381 INFO Goes into Escape mode.
20.12034 INFO Goes into Track mode.
20.12035 INFO Goes into Escape mode.
20.1369 INFO Goes into Track mode.
20.13692 INFO Goes into Escape mode.
20.17006 INFO Goes into Track mode.
20.17008 INFO Goes into Escape mode.
20.18663 INFO Goes into Track mode.
20.18665 INFO Goes into Escape mode.
20.20339 INFO Goes into Track mode.
20.2034 INFO Goes into Escape mode.
20.21972 INFO Goes into Track mode.
20.21973 INFO Goes into Escape mode.
20.23628 INFO Goes into Track mode.
20.23629 INFO Goes into Escape mode.
20.26942 INFO Goes into Track mode.
20.26943 INFO Goes into Escape mode.
20.28604 INFO Goes into Track mode.
20.28605 INFO Goes into Escape mode.
20.30256 INFO Goes into Track mode.
20.30257 INFO Goes into Escape mode.
20.31911 INFO Goes into Track mode.
20.31912 INFO Goes into Escape mode.
20.35228 INFO Goes into Track mode.
20.35229 INFO Goes into Escape mode.
20.36889 INFO Goes into Track mode.
20.3689 INFO Goes into Escape mode.
20.3854 INFO Goes into Track mode.
20.38541 INFO Goes into Escape mode.
20.40229 INFO Goes into Track mode.
20.40231 INFO Goes into Escape mode.
20.41853 INFO Goes into Track mode.
20.41854 INFO Goes into Escape mode.
20.45169 INFO Goes into Track mode.
20.4517 INFO Goes into Escape mode.
20.4683 INFO Goes into Track mode.
20.46831 INFO Goes into Escape mode.
20.48485 INFO Goes into Track mode.
20.48486 INFO Goes into Escape mode.
20.5014 INFO Goes into Track mode.
20.50141 INFO Goes into Escape mode.
20.51794 INFO Goes into Track mode.
20.51796 INFO Goes into Escape mode.
20.55108 INFO Goes into Track mode.
20.55109 INFO Goes into Escape mode.
20.56765 INFO Goes into Track mode.
20.56767 INFO Goes into Escape mode.
20.58423 INFO Goes into Track mode.
20.58425 INFO Goes into Escape mode.
20.60081 INFO Goes into Track mode.
20.60083 INFO Goes into Escape mode.
20.61758 INFO Goes into Track mode.
20.6176 INFO Goes into Escape mode.
20.65052 INFO Goes into Track mode.
20.65053 INFO Goes into Escape mode.
20.66715 INFO Goes into Track mode.
20.66716 INFO Goes into Escape mode.
20.68365 INFO Goes into Track mode.
20.68367 INFO Goes into Escape mode.
20.70028 INFO Goes into Track mode.
20.70029 INFO Goes into Escape mode.
20.71679 INFO Goes into Track mode.
20.7168 INFO Goes into Escape mode.
20.75016 INFO Goes into Track mode.
20.75017 INFO Goes into Escape mode.
20.76651 INFO Goes into Track mode.
20.76652 INFO Goes into Escape mode.
20.78306 INFO Goes into Track mode.
20.78307 INFO Goes into Escape mode.
20.79958 INFO Goes into Track mode.
20.79959 INFO Goes into Escape mode.
20.81618 INFO Goes into Track mode.
20.81619 INFO Goes into Escape mode.
20.84932 INFO Goes into Track mode.
20.84933 INFO Goes into Escape mode.
20.866 INFO Goes into Track mode.
20.86601 INFO Goes into Escape mode.
20.88245 INFO Goes into Track mode.
20.88247 INFO Goes into Escape mode.
20.89898 INFO Goes into Track mode.
20.89899 INFO Goes into Escape mode.
20.93217 INFO Goes into Track mode.
20.93219 INFO Goes into Escape mode.
20.94893 INFO Goes into Track mode.
20.94894 INFO Goes into Escape mode.
20.96527 INFO Goes into Track mode.
20.96528 INFO Goes into Escape mode.
20.98195 INFO Goes into Track mode.
20.98198 INFO Goes into Escape mode.
20.99839 INFO Goes into Track mode.
20.9984 INFO Goes into Escape mode.
21.03163 INFO Goes into Track mode.
21.03165 INFO Goes into Escape mode.
21.04808 INFO Goes into Track mode.
21.04809 INFO Goes into Escape mode.
21.06501 INFO Goes into Track mode.
21.06503 INFO Goes into Escape mode.
21.08156 INFO Goes into Track mode.
21.08158 INFO Goes into Escape mode.
21.09787 INFO Goes into Track mode.
21.09789 INFO Goes into Escape mode.
21.13111 INFO Goes into Track mode.
21.13112 INFO Goes into Escape mode.
21.14761 INFO Goes into Track mode.
21.14762 INFO Goes into Escape mode.
21.16418 INFO Goes into Track mode.
21.16419 INFO Goes into Escape mode.
21.18075 INFO Goes into Track mode.
21.18077 INFO Goes into Escape mode.
21.19745 INFO Goes into Track mode.
21.19746 INFO Goes into Escape mode.
21.23046 INFO Goes into Track mode.
21.23047 INFO Goes into Escape mode.
21.24707 INFO Goes into Track mode.
21.2471 INFO Goes into Escape mode.
21.26356 INFO Goes into Track mode.
21.26357 INFO Goes into Escape mode.
21.28014 INFO Goes into Track mode.
21.28015 INFO Goes into Escape mode.
21.29668 INFO Goes into Track mode.
21.2967 INFO Goes into Escape mode.
21.32984 INFO Goes into Track mode.
21.32985 INFO Goes into Escape mode.
21.34641 INFO Goes into Track mode.
21.34643 INFO Goes into Escape mode.
21.36301 INFO Goes into Track mode.
21.36303 INFO Goes into Escape mode.
21.37954 INFO Goes into Track mode.
21.37955 INFO Goes into Escape mode.
21.41259 INFO Goes into Track mode.
21.41261 INFO Goes into Escape mode.
21.42912 INFO Goes into Track mode.
21.42913 INFO Goes into Escape mode.
21.44571 INFO Goes into Track mode.
21.44573 INFO Goes into Escape mode.
21.4623 INFO Goes into Track mode.
21.46231 INFO Goes into Escape mode.
21.47889 INFO Goes into Track mode.
21.4789 INFO Goes into Escape mode.
21.51196 INFO Goes into Track mode.
21.51198 INFO Goes into Escape mode.
21.52861 INFO Goes into Track mode.
21.52862 INFO Goes into Escape mode.
21.54506 INFO Goes into Track mode.
21.54508 INFO Goes into Escape mode.
21.56163 INFO Goes into Track mode.
21.56164 INFO Goes into Escape mode.
21.57823 INFO Goes into Track mode.
21.57824 INFO Goes into Escape mode.
21.61134 INFO Goes into Track mode.
21.61135 INFO Goes into Escape mode.
21.62787 INFO Goes into Track mode.
21.62789 INFO Goes into Escape mode.
21.64445 INFO Goes into Track mode.
21.64446 INFO Goes into Escape mode.
21.66106 INFO Goes into Track mode.
21.66107 INFO Goes into Escape mode.
21.67784 INFO Goes into Track mode.
21.67785 INFO Goes into Escape mode.
21.71076 INFO Goes into Track mode.
21.71077 INFO Goes into Escape mode.
21.72729 INFO Goes into Track mode.
21.7273 INFO Goes into Escape mode.
21.74384 INFO Goes into Track mode.
21.74385 INFO Goes into Escape mode.
21.76041 INFO Goes into Track mode.
21.76043 INFO Goes into Escape mode.
21.77697 INFO Goes into Track mode.
21.77699 INFO Goes into Escape mode.
21.81017 INFO Goes into Track mode.
21.81018 INFO Goes into Escape mode.
21.82665 INFO Goes into Track mode.
21.82666 INFO Goes into Escape mode.
21.8433 INFO Goes into Track mode.
21.84331 INFO Goes into Escape mode.
21.85981 INFO Goes into Track mode.
21.85983 INFO Goes into Escape mode.
21.87637 INFO Goes into Track mode.
21.87638 INFO Goes into Escape mode.
21.90949 INFO Goes into Track mode.
21.90951 INFO Goes into Escape mode.
21.92605 INFO Goes into Track mode.
21.92607 INFO Goes into Escape mode.
21.94262 INFO Goes into Track mode.
21.94263 INFO Goes into Escape mode.
21.95919 INFO Goes into Track mode.
21.9592 INFO Goes into Escape mode.
21.99234 INFO Goes into Track mode.
21.99235 INFO Goes into Escape mode.
22.00889 INFO Goes into Track mode.
22.0089 INFO Goes into Escape mode.
22.02554 INFO Goes into Track mode.
22.02555 INFO Goes into Escape mode.
22.04222 INFO Goes into Track mode.
22.04223 INFO Goes into Escape mode.
22.05861 INFO Goes into Track mode.
22.05862 INFO Goes into Escape mode.
22.09201 INFO Goes into Track mode.
22.09203 INFO Goes into Escape mode.
22.10834 INFO Goes into Track mode.
22.10835 INFO Goes into Escape mode.
22.12482 INFO Goes into Track mode.
22.12483 INFO Goes into Escape mode.
22.14142 INFO Goes into Track mode.
22.14143 INFO Goes into Escape mode.
22.158 INFO Goes into Track mode.
22.15802 INFO Goes into Escape mode.
22.19115 INFO Goes into Track mode.
22.19116 INFO Goes into Escape mode.
22.20769 INFO Goes into Track mode.
22.2077 INFO Goes into Escape mode.
22.22424 INFO Goes into Track mode.
22.22425 INFO Goes into Escape mode.
22.2408 INFO Goes into Track mode.
22.24081 INFO Goes into Escape mode.
22.25764 INFO Goes into Track mode.
22.25766 INFO Goes into Escape mode.
22.2905 INFO Goes into Track mode.
22.29052 INFO Goes into Escape mode.
22.30731 INFO Goes into Track mode.
22.30732 INFO Goes into Escape mode.
22.32362 INFO Goes into Track mode.
22.32363 INFO Goes into Escape mode.
22.3403 INFO Goes into Track mode.
22.34031 INFO Goes into Escape mode.
22.35677 INFO Goes into Track mode.
22.35678 INFO Goes into Escape mode.
22.38995 INFO Goes into Track mode.
22.38997 INFO Goes into Escape mode.
22.40653 INFO Goes into Track mode.
22.40654 INFO Goes into Escape mode.
22.423 INFO Goes into Track mode.
22.42301 INFO Goes into Escape mode.
22.43982 INFO Goes into Track mode.
22.43983 INFO Goes into Escape mode.
22.45617 INFO Goes into Track mode.
22.45618 INFO Goes into Escape mode.
22.48931 INFO Goes into Track mode.
22.48932 INFO Goes into Escape mode.
22.50598 INFO Goes into Track mode.
22.50599 INFO Goes into Escape mode.
22.52242 INFO Goes into Track mode.
22.52243 INFO Goes into Escape mode.
22.53895 INFO Goes into Track mode.
22.53897 INFO Goes into Escape mode.
22.57217 INFO Goes into Track mode.
22.57218 INFO Goes into Escape mode.
22.58868 INFO Goes into Track mode.
22.58869 INFO Goes into Escape mode.
22.60527 INFO Goes into Track mode.
22.60528 INFO Goes into Escape mode.
22.62178 INFO Goes into Track mode.
22.62179 INFO Goes into Escape mode.
22.63836 INFO Goes into Track mode.
22.63838 INFO Goes into Escape mode.
22.67164 INFO Goes into Track mode.
22.67165 INFO Goes into Escape mode.
22.68818 INFO Goes into Track mode.
22.6882 INFO Goes into Escape mode.
22.70465 INFO Goes into Track mode.
22.70466 INFO Goes into Escape mode.
22.72145 INFO Goes into Track mode.
22.72146 INFO Goes into Escape mode.
22.7378 INFO Goes into Track mode.
22.73782 INFO Goes into Escape mode.
22.77091 INFO Goes into Track mode.
22.77092 INFO Goes into Escape mode.
22.78753 INFO Goes into Track mode.
22.78754 INFO Goes into Escape mode.
22.80409 INFO Goes into Track mode.
22.8041 INFO Goes into Escape mode.
22.82064 INFO Goes into Track mode.
22.82066 INFO Goes into Escape mode.
22.83732 INFO Goes into Track mode.
22.83733 INFO Goes into Escape mode.
22.8704 INFO Goes into Track mode.
22.87042 INFO Goes into Escape mode.
22.88696 INFO Goes into Track mode.
22.88697 INFO Goes into Escape mode.
22.90353 INFO Goes into Track mode.
22.90354 INFO Goes into Escape mode.
22.92004 INFO Goes into Track mode.
22.92007 INFO Goes into Escape mode.
22.93687 INFO Goes into Track mode.
22.93689 INFO Goes into Escape mode.
22.96975 INFO Goes into Track mode.
22.96976 INFO Goes into Escape mode.
22.98635 INFO Goes into Track mode.
22.98651 INFO Goes into Escape mode.
23.003 INFO Goes into Track mode.
23.00301 INFO Goes into Escape mode.
23.01946 INFO Goes into Track mode.
23.01947 INFO Goes into Escape mode.
23.05261 INFO Goes into Track mode.
23.05262 INFO Goes into Escape mode.
23.06915 INFO Goes into Track mode.
23.06917 INFO Goes into Escape mode.
23.08574 INFO Goes into Track mode.
23.08575 INFO Goes into Escape mode.
23.10228 INFO Goes into Track mode.
23.10229 INFO Goes into Escape mode.
23.11886 INFO Goes into Track mode.
23.11887 INFO Goes into Escape mode.
23.152 INFO Goes into Track mode.
23.15201 INFO Goes into Escape mode.
23.16865 INFO Goes into Track mode.
23.16866 INFO Goes into Escape mode.
23.18515 INFO Goes into Track mode.
23.18516 INFO Goes into Escape mode.
23.20192 INFO Goes into Track mode.
23.20193 INFO Goes into Escape mode.
23.21827 INFO Goes into Track mode.
23.21828 INFO Goes into Escape mode.
23.25139 INFO Goes into Track mode.
23.2514 INFO Goes into Escape mode.
23.26796 INFO Goes into Track mode.
23.26797 INFO Goes into Escape mode.
23.28455 INFO Goes into Track mode.
23.28456 INFO Goes into Escape mode.
23.30107 INFO Goes into Track mode.
23.30109 INFO Goes into Escape mode.
23.31775 INFO Goes into Track mode.
23.31776 INFO Goes into Escape mode.
23.35088 INFO Goes into Track mode.
23.35089 INFO Goes into Escape mode.
23.36737 INFO Goes into Track mode.
23.36738 INFO Goes into Escape mode.
23.38393 INFO Goes into Track mode.
23.38394 INFO Goes into Escape mode.
23.40054 INFO Goes into Track mode.
23.40056 INFO Goes into Escape mode.
23.41706 INFO Goes into Track mode.
23.41708 INFO Goes into Escape mode.
23.45018 INFO Goes into Track mode.
23.45019 INFO Goes into Escape mode.
23.46675 INFO Goes into Track mode.
23.46677 INFO Goes into Escape mode.
23.48344 INFO Goes into Track mode.
23.48345 INFO Goes into Escape mode.
23.49986 INFO Goes into Track mode.
23.49988 INFO Goes into Escape mode.
23.51648 INFO Goes into Track mode.
23.5165 INFO Goes into Escape mode.
23.54958 INFO Goes into Track mode.
23.54959 INFO Goes into Escape mode.
23.5662 INFO Goes into Track mode.
23.56622 INFO Goes into Escape mode.
23.58272 INFO Goes into Track mode.
23.58274 INFO Goes into Escape mode.
23.5995 INFO Goes into Track mode.
23.59951 INFO Goes into Escape mode.
23.63241 INFO Goes into Track mode.
24.44473 INFO Has hit NightHunter_AI_B1 (2).
33.88788 INFO Has hit NightHunter_AI_B1 (4).
37.96284 INFO Has hit NightHunter_AI_B1 (4).
42.61808 INFO Has hit NightHunter_AI_B1 (4).
42.66798 INFO Has hit NightHunter_AI_B1 (2).
43.67803 INFO Goes into Escape mode.
43.71123 INFO Goes into Track mode.
43.71124 INFO Goes into Escape mode.
43.72793 INFO Goes into Track mode.
43.72794 INFO Goes into Escape mode.
43.74436 INFO Goes into Track mode.
43.74437 INFO Goes into Escape mode.
43.76086 INFO Goes into Track mode.
43.76087 INFO Goes into Escape mode.
43.77751 INFO Goes into Track mode.
43.77752 INFO Goes into Escape mode.
43.81057 INFO Goes into Track mode.
43.81059 INFO Goes into Escape mode.
43.82711 INFO Goes into Track mode.
43.82713 INFO Goes into Escape mode.
43.84367 INFO Goes into Track mode.
43.84369 INFO Goes into Escape mode.
43.86042 INFO Goes into Track mode.
43.86043 INFO Goes into Escape mode.
43.87683 INFO Goes into Track mode.
43.87685 INFO Goes into Escape mode.
43.90995 INFO Goes into Track mode.
43.90997 INFO Goes into Escape mode.
43.92649 INFO Goes into Track mode.
43.9265 INFO Goes into Escape mode.
43.94304 INFO Goes into Track mode.
43.94308 INFO Goes into Escape mode.
43.95963 INFO Goes into Track mode.
43.95964 INFO Goes into Escape mode.
43.9762 INFO Goes into Track mode.
43.97621 INFO Goes into Escape mode.
44.00933 INFO Goes into Track mode.
44.00934 INFO Goes into Escape mode.
44.02589 INFO Goes into Track mode.
44.0259 INFO Goes into Escape mode.
44.04242 INFO Goes into Track mode.
44.04243 INFO Goes into Escape mode.
44.05897 INFO Goes into Track mode.
44.05898 INFO Goes into Escape mode.
44.09219 INFO Goes into Track mode.
44.09226 INFO Goes into Escape mode.
44.10872 INFO Goes into Track mode.
44.10873 INFO Goes into Escape mode.
44.12528 INFO Goes into Track mode.
44.1253 INFO Goes into Escape mode.
44.14185 INFO Goes into Track mode.
44.14186 INFO Goes into Escape mode.
44.15844 INFO Goes into Track mode.
44.15845 INFO Goes into Escape mode.
44.19181 INFO Goes into Track mode.
44.19183 INFO Goes into Escape mode.
44.20815 INFO Goes into Track mode.
44.20816 INFO Goes into Escape mode.
44.22473 INFO Goes into Track mode.
44.22474 INFO Goes into Escape mode.
44.24129 INFO Goes into Track mode.
44.2413 INFO Goes into Escape mode.
44.25785 INFO Goes into Track mode.
44.25787 INFO Goes into Escape mode.
44.29097 INFO Goes into Track mode.
44.29098 INFO Goes into Escape mode.
44.30756 INFO Goes into Track mode.
44.30757 INFO Goes into Escape mode.
44.32412 INFO Goes into Track mode.
44.32413 INFO Goes into Escape mode.
44.34067 INFO Goes into Track mode.
44.34068 INFO Goes into Escape mode.
44.35735 INFO Goes into Track mode.
44.35736 INFO Goes into Escape mode.
44.3904 INFO Goes into Track mode.
44.39042 INFO Goes into Escape mode.
44.40721 INFO Goes into Track mode.
44.40722 INFO Goes into Escape mode.
44.42348 INFO Goes into Track mode.
44.42349 INFO Goes into Escape mode.
44.44027 INFO Goes into Track mode.
44.44028 INFO Goes into Escape mode.
44.45664 INFO Goes into Track mode.
44.45665 INFO Goes into Escape mode.
44.4898 INFO Goes into Track mode.
44.48981 INFO Goes into Escape mode.
44.50636 INFO Goes into Track mode.
44.50637 INFO Goes into Escape mode.
44.52287 INFO Goes into Track mode.
44.52288 INFO Goes into Escape mode.
44.53946 INFO Goes into Track mode.
44.53947 INFO Goes into Escape mode.
44.55603 INFO Goes into Track mode.
44.55605 INFO Goes into Escape mode.
44.58918 INFO Goes into Track mode.
44.5892 INFO Goes into Escape mode.
44.60574 INFO Goes into Track mode.
44.60575 INFO Goes into Escape mode.
44.62231 INFO Goes into Track mode.
44.62232 INFO Goes into Escape mode.
44.63885 INFO Goes into Track mode.
44.63886 INFO Goes into Escape mode.
44.67201 INFO Goes into Track mode.
44.67202 INFO Goes into Escape mode.
44.68869 INFO Goes into Track mode.
44.6887 INFO Goes into Escape mode.
44.70552 INFO Goes into Track mode.
44.70553 INFO Goes into Escape mode.
44.72171 INFO Goes into Track mode.
44.72172 INFO Goes into Escape mode.
44.73824 INFO Goes into Track mode.
44.73826 INFO Goes into Escape mode.
44.7714 INFO Goes into Track mode.
44.77141 INFO Goes into Escape mode.
44.78803 INFO Goes into Track mode.
44.78805 INFO Goes into Escape mode.
44.80471 INFO Goes into Track mode.
44.80473 INFO Goes into Escape mode.
44.82116 INFO Goes into Track mode.
44.82117 INFO Goes into Escape mode.
44.8378 INFO Goes into Track mode.
44.83781 INFO Goes into Escape mode.
44.8708 INFO Goes into Track mode.
44.87081 INFO Goes into Escape mode.
44.88743 INFO Goes into Track mode.
44.88744 INFO Goes into Escape mode.
44.90392 INFO Goes into Track mode.
44.90393 INFO Goes into Escape mode.
44.92049 INFO Goes into Track mode.
44.9205 INFO Goes into Escape mode.
44.93705 INFO Goes into Track mode.
44.93706 INFO Goes into Escape mode.
44.97037 INFO Goes into Track mode.
44.97039 INFO Goes into Escape mode.
44.98678 INFO Goes into Track mode.
44.98679 INFO Goes into Escape mode.
45.00334 INFO Goes into Track mode.
45.00335 INFO Goes into Escape mode.
45.01987 INFO Goes into Track mode.
45.01988 INFO Goes into Escape mode.
45.03646 INFO Goes into Track mode.
45.03647 INFO Goes into Escape mode.
45.06963 INFO Goes into Track mode.
45.06964 INFO Goes into Escape mode.
45.0862 INFO Goes into Track mode.
45.08622 INFO Goes into Escape mode.
45.10278 INFO Goes into Track mode.
45.10279 INFO Goes into Escape mode.
45.11935 INFO Goes into Track mode.
45.11936 INFO Goes into Escape mode.
45.15245 INFO Goes into Track mode.
45.15246 INFO Goes into Escape mode.
45.169 INFO Goes into Track mode.
45.16901 INFO Goes into Escape mode.
45.18562 INFO Goes into Track mode.
45.18563 INFO Goes into Escape mode.
45.20215 INFO Goes into Track mode.
45.20217 INFO Goes into Escape mode.
45.21872 INFO Goes into Track mode.
45.21873 INFO Goes into Escape mode.
45.25181 INFO Goes into Track mode.
45.25182 INFO Goes into Escape mode.
45.26841 INFO Goes into Track mode.
45.26843 INFO Goes into Escape mode.
45.28499 INFO Goes into Track mode.
45.285 INFO Goes into Escape mode.
45.30153 INFO Goes into Track mode.
45.30154 INFO Goes into Escape mode.
45.31811 INFO Goes into Track mode.
45.31812 INFO Goes into Escape mode.
45.35124 INFO Goes into Track mode.
45.35125 INFO Goes into Escape mode.
45.3678 INFO Goes into Track mode.
45.36781 INFO Goes into Escape mode.
45.3844 INFO Goes into Track mode.
45.38441 INFO Goes into Escape mode.
45.40095 INFO Goes into Track mode.
45.40097 INFO Goes into Escape mode.
45.41774 INFO Goes into Track mode.
45.41775 INFO Goes into Escape mode.
45.45064 INFO Goes into Track mode.
45.45065 INFO Goes into Escape mode.
45.46721 INFO Goes into Track mode.
45.46723 INFO Goes into Escape mode.
45.4838 INFO Goes into Track mode.
45.48381 INFO Goes into Escape mode.
45.50035 INFO Goes into Track mode.
45.50036 INFO Goes into Escape mode.
45.51686 INFO Goes into Track mode.
45.51687 INFO Goes into Escape mode.
45.55004 INFO Goes into Track mode.
45.55005 INFO Goes into Escape mode.
45.56659 INFO Goes into Track mode.
45.5666 INFO Goes into Escape mode.
45.58343 INFO Goes into Track mode.
45.58344 INFO Goes into Escape mode.
45.59971 INFO Goes into Track mode.
45.59972 INFO Goes into Escape mode.
45.61627 INFO Goes into Track mode.
45.61628 INFO Goes into Escape mode.
45.64939 INFO Goes into Track mode.
45.64941 INFO Goes into Escape mode.
45.66603 INFO Goes into Track mode.
45.66605 INFO Goes into Escape mode.
45.68252 INFO Goes into Track mode.
45.68254 INFO Goes into Escape mode.
45.69904 INFO Goes into Track mode.
45.69906 INFO Goes into Escape mode.
45.73218 INFO Goes into Track mode.
45.7322 INFO Goes into Escape mode.
45.74874 INFO Goes into Track mode.
45.74876 INFO Goes into Escape mode.
45.7653 INFO Goes into Track mode.
45.76533 INFO Goes into Escape mode.
45.78193 INFO Goes into Track mode.
45.78195 INFO Goes into Escape mode.
45.79843 INFO Goes into Track mode.
45.79845 INFO Goes into Escape mode.
45.83156 INFO Goes into Track mode.
45.83159 INFO Goes into Escape mode.
45.84811 INFO Goes into Track mode.
45.84813 INFO Goes into Escape mode.
45.8647 INFO Goes into Track mode.
45.86472 INFO Goes into Escape mode.
45.8813 INFO Goes into Track mode.
45.88132 INFO Goes into Escape mode.
45.89783 INFO Goes into Track mode.
45.89786 INFO Goes into Escape mode.
45.931 INFO Goes into Track mode.
45.93102 INFO Goes into Escape mode.
45.94751 INFO Goes into Track mode.
45.94753 INFO Goes into Escape mode.
45.96407 INFO Goes into Track mode.
45.96409 INFO Goes into Escape mode.
45.98071 INFO Goes into Track mode.
45.98073 INFO Goes into Escape mode.
45.99722 INFO Goes into Track mode.
45.99723 INFO Goes into Escape mode.
46.03035 INFO Goes into Track mode.
46.03037 INFO Goes into Escape mode.
46.0471 INFO Goes into Track mode.
46.04713 INFO Goes into Escape mode.
46.06349 INFO Goes into Track mode.
46.06351 INFO Goes into Escape mode.
46.08005 INFO Goes into Track mode.
46.08007 INFO Goes into Escape mode.
46.09664 INFO Goes into Track mode.
46.09666 INFO Goes into Escape mode.
46.12976 INFO Goes into Track mode.
46.12979 INFO Goes into Escape mode.
46.14635 INFO Goes into Track mode.
46.14637 INFO Goes into Escape mode.
46.16288 INFO Goes into Track mode.
46.1629 INFO Goes into Escape mode.
46.17951 INFO Goes into Track mode.
46.17952 INFO Goes into Escape mode.
46.19609 INFO Goes into Track mode.
46.1961 INFO Goes into Escape mode.
46.22921 INFO Goes into Track mode.
46.22923 INFO Goes into Escape mode.
46.24579 INFO Goes into Track mode.
46.2458 INFO Goes into Escape mode.
46.26233 INFO Goes into Track mode.
46.26235 INFO Goes into Escape mode.
46.27888 INFO Goes into Track mode.
46.27889 INFO Goes into Escape mode.
46.31257 INFO Goes into Track mode.
46.31258 INFO Goes into Escape mode.
46.32857 INFO Goes into Track mode.
46.32858 INFO Goes into Escape mode.
46.34516 INFO Goes into Track mode.
46.34517 INFO Goes into Escape mode.
46.36171 INFO Goes into Track mode.
46.36172 INFO Goes into Escape mode.
46.3783 INFO Goes into Track mode.
46.37831 INFO Goes into Escape mode.
46.41145 INFO Goes into Track mode.
46.41146 INFO Goes into Escape mode.
46.42796 INFO Goes into Track mode.
46.42797 INFO Goes into Escape mode.
46.44453 INFO Goes into Track mode.
46.44455 INFO Goes into Escape mode.
46.46109 INFO Goes into Track mode.
46.4611 INFO Goes into Escape mode.
46.47776 INFO Goes into Track mode.
46.47777 INFO Goes into Escape mode.
46.51082 INFO Goes into Track mode.
46.51083 INFO Goes into Escape mode.
46.52737 INFO Goes into Track mode.
46.52738 INFO Goes into Escape mode.
46.54395 INFO Goes into Track mode.
46.54396 INFO Goes into Escape mode.
46.56052 INFO Goes into Track mode.
46.56054 INFO Goes into Escape mode.
46.57707 INFO Goes into Track mode.
46.57708 INFO Goes into Escape mode.
46.61024 INFO Goes into Track mode.
46.61025 INFO Goes into Escape mode.
46.627 INFO Goes into Track mode.
46.62701 INFO Goes into Escape mode.
46.64346 INFO Goes into Track mode.
46.64347 INFO Goes into Escape mode.
46.65992 INFO Goes into Track mode.
46.65993 INFO Goes into Escape mode.
46.67649 INFO Goes into Track mode.
46.67651 INFO Goes into Escape mode.
46.70963 INFO Goes into Track mode.
46.70964 INFO Goes into Escape mode.
46.72642 INFO Goes into Track mode.
46.72644 INFO Goes into Escape mode.
46.74274 INFO Goes into Track mode.
46.74275 INFO Goes into Escape mode.
46.75934 INFO Goes into Track mode.
46.75935 INFO Goes into Escape mode.
46.79255 INFO Goes into Track mode.
46.79256 INFO Goes into Escape mode.
46.8094 INFO Goes into Track mode.
46.80942 INFO Goes into Escape mode.
46.82568 INFO Goes into Track mode.
46.8257 INFO Goes into Escape mode.
46.84221 INFO Goes into Track mode.
46.84222 INFO Goes into Escape mode.
46.85879 INFO Goes into Track mode.
46.8588 INFO Goes into Escape mode.
46.89197 INFO Goes into Track mode.
46.89198 INFO Goes into Escape mode.
46.90849 INFO Goes into Track mode.
46.9085 INFO Goes into Escape mode.
46.92503 INFO Goes into Track mode.
46.92504 INFO Goes into Escape mode.
46.9416 INFO Goes into Track mode.
46.94161 INFO Goes into Escape mode.
46.95819 INFO Goes into Track mode.
46.95821 INFO Goes into Escape mode.
46.99134 INFO Goes into Track mode.
46.99135 INFO Goes into Escape mode.
47.00788 INFO Goes into Track mode.
47.00789 INFO Goes into Escape mode.
47.02444 INFO Goes into Track mode.
47.02445 INFO Goes into Escape mode.
47.04107 INFO Goes into Track mode.
47.04108 INFO Goes into Escape mode.
47.05758 INFO Goes into Track mode.
47.05759 INFO Goes into Escape mode.
47.09074 INFO Goes into Track mode.
47.09076 INFO Goes into Escape mode.
47.10731 INFO Goes into Track mode.
47.10733 INFO Goes into Escape mode.
47.12382 INFO Goes into Track mode.
47.12383 INFO Goes into Escape mode.
47.14047 INFO Goes into Track mode.
47.14048 INFO Goes into Escape mode.
47.15699 INFO Goes into Track mode.
47.157 INFO Goes into Escape mode.
47.19014 INFO Goes into Track mode.
47.19015 INFO Goes into Escape mode.
47.20669 INFO Goes into Track mode.
47.2067 INFO Goes into Escape mode.
47.22327 INFO Goes into Track mode.
47.22328 INFO Goes into Escape mode.
47.23978 INFO Goes into Track mode.
47.2398 INFO Goes into Escape mode.
47.25642 INFO Goes into Track mode.
47.25644 INFO Goes into Escape mode.
47.28957 INFO Goes into Track mode.
47.28958 INFO Goes into Escape mode.
47.30611 INFO Goes into Track mode.
47.30612 INFO Goes into Escape mode.
47.32267 INFO Goes into Track mode.
47.32268 INFO Goes into Escape mode.
47.33926 INFO Goes into Track mode.
47.33927 INFO Goes into Escape mode.
47.37241 INFO Goes into Track mode