Time : 2/1/2017 10:13:44 PM
1.440687 INFO Goes into Track mode.
5.685621 INFO Missed a shot.
5.685647 INFO Missed a shot.
10.65488 INFO Has hit NightHunter_AI_2_A.
10.68783 INFO Has hit NightHunter_AI_2_A.
10.88643 INFO Has hit NightHunter_AI_2_A.
11.26863 INFO Missed a shot.
11.26867 INFO Missed a shot.
11.38346 INFO Has hit NightHunter_AI_2_A.
11.6486 INFO Has hit NightHunter_AI_2_A.
11.64864 INFO Has hit NightHunter_AI_2_A.
12.42815 INFO Missed a shot.
12.42818 INFO Missed a shot.
12.64358 INFO Missed a shot.
12.6436 INFO Missed a shot.
13.07434 INFO Missed a shot.
13.07437 INFO Missed a shot.
13.2896 INFO Missed a shot.
13.28963 INFO Missed a shot.
13.36148 INFO Shots : 14. Precision : 42.85714 %.
Time : 2/1/2017 10:13:56 PM logfile now closed.
