Time : 2/1/2017 10:16:20 PM
1.496322 INFO Goes into Track mode.
5.111981 INFO Has hit NightHunter_AI_B (1).
5.112017 INFO Has hit NightHunter_AI_B (1).
6.819419 INFO Missed a shot.
6.819445 INFO Missed a shot.
11.75482 INFO Goes into Dodge mode.
12.20217 INFO Goes into Track mode.
14.83625 INFO Goes into Dodge mode.
14.85273 INFO Goes into Track mode.
14.919 INFO Goes into Dodge mode.
15.51536 INFO Goes into Track mode.
15.68137 INFO Has hit obstacle
19.8073 INFO Missed a shot.
19.80733 INFO Missed a shot.
20.27012 INFO Goes into Dodge mode.
20.71771 INFO Has hit obstacle
20.73391 INFO Goes into Track mode.
21.18121 INFO Goes into Dodge mode.
21.3307 INFO Has hit NightHunter_AI_B (2).
21.38033 INFO Has hit obstacle
21.39655 INFO Goes into Track mode.
21.49592 INFO Goes into Dodge mode.
21.56261 INFO Has hit obstacle
21.59532 INFO Goes into Track mode.
22.77934 INFO Has hit NightHunter_AI_B (1).
22.8298 INFO Missed a shot.
22.82983 INFO Missed a shot.
24.27159 INFO Missed a shot.
24.27161 INFO Missed a shot.
25.84418 INFO Has hit NightHunter_AI_B (2).
26.31509 INFO Shots : 10. Precision : 50 %.
Time : 2/1/2017 10:16:44 PM logfile now closed.
