Time : 2/2/2017 1:58:06 AM
1.482723 INFO Goes into Track mode.
3.494667 INFO Goes into Escape mode.
3.511119 INFO Goes into Track mode.
3.511132 INFO Goes into Escape mode.
3.544307 INFO Goes into Track mode.
3.54432 INFO Goes into Escape mode.
3.560812 INFO Goes into Track mode.
3.560823 INFO Goes into Escape mode.
3.577436 INFO Goes into Track mode.
3.577458 INFO Goes into Escape mode.
3.594171 INFO Goes into Track mode.
3.594183 INFO Goes into Escape mode.
3.610559 INFO Goes into Track mode.
3.610571 INFO Goes into Escape mode.
3.643643 INFO Goes into Track mode.
3.643656 INFO Goes into Escape mode.
3.660277 INFO Goes into Track mode.
3.66029 INFO Goes into Escape mode.
3.676768 INFO Goes into Track mode.
3.676781 INFO Goes into Escape mode.
3.693408 INFO Goes into Track mode.
3.69342 INFO Goes into Escape mode.
3.709906 INFO Goes into Track mode.
3.709917 INFO Goes into Escape mode.
3.743088 INFO Goes into Track mode.
3.743101 INFO Goes into Escape mode.
3.759827 INFO Goes into Track mode.
3.759839 INFO Goes into Escape mode.
3.776252 INFO Goes into Track mode.
3.776265 INFO Goes into Escape mode.
3.792812 INFO Goes into Track mode.
3.792825 INFO Goes into Escape mode.
3.809294 INFO Goes into Track mode.
3.809307 INFO Goes into Escape mode.
3.842432 INFO Goes into Track mode.
3.842445 INFO Goes into Escape mode.
3.859099 INFO Goes into Track mode.
3.859111 INFO Goes into Escape mode.
3.87569 INFO Goes into Track mode.
3.875704 INFO Goes into Escape mode.
3.892191 INFO Goes into Track mode.
3.892203 INFO Goes into Escape mode.
3.925557 INFO Goes into Track mode.
3.925569 INFO Goes into Escape mode.
3.941989 INFO Goes into Track mode.
3.942001 INFO Goes into Escape mode.
3.958596 INFO Goes into Track mode.
3.958608 INFO Goes into Escape mode.
3.975039 INFO Goes into Track mode.
3.975051 INFO Goes into Escape mode.
3.991662 INFO Goes into Track mode.
3.991674 INFO Goes into Escape mode.
4.024802 INFO Goes into Track mode.
4.024814 INFO Goes into Escape mode.
4.041329 INFO Goes into Track mode.
4.041341 INFO Goes into Escape mode.
4.057932 INFO Goes into Track mode.
4.057944 INFO Goes into Escape mode.
4.074507 INFO Goes into Track mode.
4.074519 INFO Goes into Escape mode.
4.091255 INFO Goes into Track mode.
4.091267 INFO Goes into Escape mode.
4.124183 INFO Goes into Track mode.
4.124195 INFO Goes into Escape mode.
4.140824 INFO Goes into Track mode.
4.140836 INFO Goes into Escape mode.
4.157355 INFO Goes into Track mode.
4.157367 INFO Goes into Escape mode.
4.173862 INFO Goes into Track mode.
4.173873 INFO Goes into Escape mode.
4.190389 INFO Goes into Track mode.
4.190401 INFO Goes into Escape mode.
4.223535 INFO Goes into Track mode.
4.223547 INFO Goes into Escape mode.
4.240172 INFO Goes into Track mode.
4.240184 INFO Goes into Escape mode.
4.256866 INFO Goes into Track mode.
4.256877 INFO Goes into Escape mode.
4.273259 INFO Goes into Track mode.
4.273271 INFO Goes into Escape mode.
4.289893 INFO Goes into Track mode.
4.289906 INFO Goes into Escape mode.
4.32303 INFO Goes into Track mode.
4.323043 INFO Goes into Escape mode.
4.339552 INFO Goes into Track mode.
4.339568 INFO Goes into Escape mode.
4.35615 INFO Goes into Track mode.
4.356162 INFO Goes into Escape mode.
4.372667 INFO Goes into Track mode.
4.37268 INFO Goes into Escape mode.
4.38931 INFO Goes into Track mode.
4.389326 INFO Goes into Escape mode.
4.422563 INFO Goes into Track mode.
4.422576 INFO Goes into Escape mode.
4.439035 INFO Goes into Track mode.
4.439047 INFO Goes into Escape mode.
4.455465 INFO Goes into Track mode.
4.455476 INFO Goes into Escape mode.
4.472102 INFO Goes into Track mode.
4.472114 INFO Goes into Escape mode.
4.505214 INFO Goes into Track mode.
4.505226 INFO Goes into Escape mode.
4.521718 INFO Goes into Track mode.
4.521731 INFO Goes into Escape mode.
4.538354 INFO Goes into Track mode.
4.538366 INFO Goes into Escape mode.
4.55494 INFO Goes into Track mode.
4.554952 INFO Goes into Escape mode.
4.571556 INFO Goes into Track mode.
4.571628 INFO Goes into Escape mode.
4.604568 INFO Goes into Track mode.
4.60458 INFO Goes into Escape mode.
4.621186 INFO Goes into Track mode.
4.621197 INFO Goes into Escape mode.
4.637775 INFO Goes into Track mode.
4.637788 INFO Goes into Escape mode.
4.654322 INFO Goes into Track mode.
4.654334 INFO Goes into Escape mode.
4.670807 INFO Goes into Track mode.
4.670821 INFO Goes into Escape mode.
4.703999 INFO Goes into Track mode.
4.704011 INFO Goes into Escape mode.
4.720588 INFO Goes into Track mode.
4.7206 INFO Goes into Escape mode.
4.737129 INFO Goes into Track mode.
4.737141 INFO Goes into Escape mode.
4.753862 INFO Goes into Track mode.
4.753874 INFO Goes into Escape mode.
4.770299 INFO Goes into Track mode.
4.770311 INFO Goes into Escape mode.
4.803433 INFO Goes into Track mode.
4.803445 INFO Goes into Escape mode.
4.819934 INFO Goes into Track mode.
4.819946 INFO Goes into Escape mode.
4.83649 INFO Goes into Track mode.
4.836502 INFO Goes into Escape mode.
4.853097 INFO Goes into Track mode.
4.853109 INFO Goes into Escape mode.
4.869718 INFO Goes into Track mode.
4.869734 INFO Goes into Escape mode.
4.902855 INFO Goes into Track mode.
4.902868 INFO Goes into Escape mode.
4.919601 INFO Goes into Track mode.
4.919615 INFO Goes into Escape mode.
4.935996 INFO Goes into Track mode.
4.936007 INFO Goes into Escape mode.
4.952596 INFO Goes into Dodge mode.
5.499139 INFO Goes into Track mode.
5.499151 INFO Goes into Escape mode.
5.515714 INFO Goes into Track mode.
5.515726 INFO Goes into Escape mode.
5.532352 INFO Goes into Track mode.
5.532364 INFO Goes into Escape mode.
5.565522 INFO Goes into Track mode.
5.565534 INFO Goes into Escape mode.
5.582258 INFO Goes into Track mode.
5.58227 INFO Goes into Escape mode.
5.598549 INFO Goes into Track mode.
5.59856 INFO Goes into Escape mode.
5.615205 INFO Goes into Track mode.
5.615218 INFO Goes into Escape mode.
5.631758 INFO Goes into Track mode.
5.631769 INFO Goes into Escape mode.
5.664841 INFO Goes into Track mode.
5.664853 INFO Goes into Escape mode.
5.682077 INFO Goes into Track mode.
5.682089 INFO Goes into Escape mode.
5.698021 INFO Goes into Track mode.
5.698034 INFO Goes into Escape mode.
5.714591 INFO Goes into Track mode.
5.714602 INFO Goes into Escape mode.
5.731328 INFO Goes into Track mode.
5.731341 INFO Goes into Escape mode.
5.764316 INFO Goes into Track mode.
5.764328 INFO Goes into Escape mode.
5.780862 INFO Goes into Track mode.
5.780874 INFO Goes into Escape mode.
5.797429 INFO Goes into Track mode.
5.797441 INFO Goes into Escape mode.
5.8139 INFO Goes into Track mode.
5.813911 INFO Goes into Escape mode.
5.830575 INFO Goes into Track mode.
5.830588 INFO Goes into Escape mode.
5.863643 INFO Goes into Track mode.
5.863657 INFO Goes into Escape mode.
5.880266 INFO Goes into Track mode.
5.880278 INFO Goes into Escape mode.
5.896958 INFO Goes into Track mode.
5.896972 INFO Goes into Escape mode.
5.913419 INFO Goes into Track mode.
5.913431 INFO Goes into Escape mode.
5.929893 INFO Goes into Track mode.
5.929908 INFO Goes into Escape mode.
5.963058 INFO Goes into Track mode.
5.963069 INFO Goes into Escape mode.
5.979584 INFO Goes into Track mode.
5.979596 INFO Goes into Escape mode.
5.996214 INFO Goes into Track mode.
5.996225 INFO Goes into Escape mode.
6.0128 INFO Goes into Track mode.
6.012811 INFO Goes into Escape mode.
6.029459 INFO Goes into Track mode.
6.029471 INFO Goes into Escape mode.
6.062744 INFO Goes into Track mode.
6.062756 INFO Goes into Escape mode.
6.079007 INFO Goes into Track mode.
6.079019 INFO Goes into Escape mode.
6.09564 INFO Goes into Track mode.
6.095654 INFO Goes into Escape mode.
6.112207 INFO Goes into Track mode.
7.745379 INFO Goes into Escape mode.
7.761921 INFO Goes into Track mode.
7.761933 INFO Goes into Escape mode.
7.778491 INFO Goes into Track mode.
7.778503 INFO Goes into Escape mode.
7.794994 INFO Goes into Track mode.
7.795006 INFO Goes into Escape mode.
7.811621 INFO Goes into Track mode.
7.811632 INFO Goes into Escape mode.
7.844763 INFO Goes into Track mode.
7.844775 INFO Goes into Escape mode.
7.861495 INFO Goes into Track mode.
7.861513 INFO Goes into Escape mode.
7.877828 INFO Goes into Track mode.
7.87784 INFO Goes into Escape mode.
7.894459 INFO Goes into Track mode.
7.894472 INFO Goes into Escape mode.
7.911029 INFO Goes into Track mode.
7.911041 INFO Goes into Escape mode.
7.94407 INFO Goes into Track mode.
7.944083 INFO Goes into Escape mode.
7.960688 INFO Goes into Track mode.
7.9607 INFO Goes into Escape mode.
7.97727 INFO Goes into Track mode.
7.977282 INFO Goes into Escape mode.
7.993863 INFO Goes into Track mode.
7.993875 INFO Goes into Escape mode.
8.010513 INFO Goes into Track mode.
8.010526 INFO Goes into Escape mode.
8.043713 INFO Goes into Track mode.
8.043725 INFO Goes into Escape mode.
8.060104 INFO Goes into Track mode.
8.060117 INFO Goes into Escape mode.
8.076724 INFO Goes into Track mode.
8.076737 INFO Goes into Escape mode.
8.093205 INFO Goes into Track mode.
8.093218 INFO Goes into Escape mode.
8.109916 INFO Goes into Track mode.
8.109927 INFO Goes into Escape mode.
8.142929 INFO Goes into Track mode.
8.142941 INFO Goes into Escape mode.
8.159638 INFO Goes into Track mode.
8.159651 INFO Goes into Escape mode.
8.176041 INFO Goes into Track mode.
8.176052 INFO Goes into Escape mode.
8.192856 INFO Goes into Track mode.
8.192868 INFO Goes into Escape mode.
8.20919 INFO Goes into Track mode.
8.209203 INFO Goes into Escape mode.
8.242324 INFO Goes into Track mode.
8.242337 INFO Goes into Escape mode.
8.258929 INFO Goes into Track mode.
8.258942 INFO Goes into Escape mode.
8.275451 INFO Goes into Track mode.
8.275463 INFO Goes into Escape mode.
8.292037 INFO Goes into Track mode.
8.292049 INFO Goes into Escape mode.
8.325158 INFO Goes into Track mode.
8.32517 INFO Goes into Escape mode.
8.341758 INFO Goes into Track mode.
8.34177 INFO Goes into Escape mode.
8.358486 INFO Goes into Track mode.
8.358499 INFO Goes into Escape mode.
8.374894 INFO Goes into Track mode.
8.374907 INFO Goes into Escape mode.
8.391479 INFO Goes into Track mode.
8.391491 INFO Goes into Escape mode.
8.42453 INFO Goes into Track mode.
8.424542 INFO Goes into Escape mode.
8.441113 INFO Goes into Track mode.
8.441125 INFO Goes into Escape mode.
8.45772 INFO Goes into Track mode.
8.457731 INFO Goes into Escape mode.
8.474236 INFO Goes into Track mode.
8.474248 INFO Goes into Escape mode.
8.490833 INFO Goes into Track mode.
8.490851 INFO Goes into Escape mode.
8.524092 INFO Goes into Track mode.
8.524104 INFO Goes into Escape mode.
8.540522 INFO Goes into Track mode.
8.540534 INFO Goes into Escape mode.
8.557159 INFO Goes into Track mode.
8.557172 INFO Goes into Escape mode.
8.57369 INFO Goes into Track mode.
8.573703 INFO Goes into Escape mode.
8.590256 INFO Goes into Track mode.
8.590267 INFO Goes into Escape mode.
8.623351 INFO Goes into Track mode.
8.623364 INFO Goes into Escape mode.
8.640006 INFO Goes into Track mode.
8.640018 INFO Goes into Escape mode.
8.656528 INFO Goes into Track mode.
8.656541 INFO Goes into Escape mode.
8.673081 INFO Goes into Track mode.
8.673096 INFO Goes into Escape mode.
8.689765 INFO Goes into Track mode.
8.689778 INFO Goes into Escape mode.
8.722704 INFO Goes into Track mode.
8.722716 INFO Goes into Escape mode.
8.739454 INFO Goes into Track mode.
8.739468 INFO Goes into Escape mode.
8.755926 INFO Goes into Track mode.
8.75594 INFO Goes into Escape mode.
8.77454 INFO Goes into Track mode.
8.774552 INFO Goes into Escape mode.
8.791232 INFO Goes into Track mode.
8.791244 INFO Goes into Escape mode.
8.824278 INFO Goes into Track mode.
8.82429 INFO Goes into Escape mode.
8.840796 INFO Goes into Track mode.
8.840809 INFO Goes into Escape mode.
8.857566 INFO Goes into Track mode.
8.857578 INFO Goes into Escape mode.
8.873978 INFO Goes into Track mode.
8.87399 INFO Goes into Escape mode.
8.890474 INFO Goes into Track mode.
8.890487 INFO Goes into Escape mode.
8.923897 INFO Goes into Track mode.
8.923971 INFO Goes into Escape mode.
8.940603 INFO Goes into Track mode.
8.940615 INFO Goes into Escape mode.
8.957054 INFO Goes into Track mode.
8.957067 INFO Goes into Escape mode.
8.973682 INFO Goes into Track mode.
8.973695 INFO Goes into Escape mode.
8.990241 INFO Goes into Track mode.
8.990253 INFO Goes into Escape mode.
9.02374 INFO Goes into Track mode.
9.023752 INFO Goes into Escape mode.
9.039951 INFO Goes into Track mode.
9.039964 INFO Goes into Escape mode.
9.056431 INFO Goes into Track mode.
9.056442 INFO Goes into Escape mode.
9.073041 INFO Goes into Track mode.
9.073053 INFO Goes into Escape mode.
9.090401 INFO Goes into Track mode.
9.090413 INFO Goes into Escape mode.
9.124002 INFO Goes into Track mode.
9.124017 INFO Goes into Escape mode.
9.140169 INFO Goes into Track mode.
9.140181 INFO Goes into Escape mode.
9.156781 INFO Goes into Track mode.
9.156794 INFO Goes into Escape mode.
9.173521 INFO Goes into Track mode.
9.173533 INFO Goes into Escape mode.
9.189988 INFO Goes into Track mode.
9.190005 INFO Goes into Escape mode.
9.223109 INFO Goes into Track mode.
9.223122 INFO Goes into Escape mode.
9.239525 INFO Goes into Track mode.
9.239536 INFO Goes into Escape mode.
9.256185 INFO Goes into Track mode.
9.256196 INFO Goes into Escape mode.
9.27273 INFO Goes into Track mode.
9.272741 INFO Goes into Escape mode.
9.289329 INFO Goes into Track mode.
9.28934 INFO Goes into Escape mode.
9.322593 INFO Goes into Track mode.
9.322607 INFO Goes into Escape mode.
9.338989 INFO Goes into Track mode.
9.339002 INFO Goes into Escape mode.
9.355536 INFO Goes into Track mode.
9.355548 INFO Goes into Escape mode.
9.372107 INFO Goes into Track mode.
9.372119 INFO Goes into Escape mode.
9.405159 INFO Goes into Track mode.
9.405171 INFO Goes into Escape mode.
9.42182 INFO Goes into Track mode.
9.421831 INFO Goes into Escape mode.
9.438357 INFO Goes into Track mode.
9.438369 INFO Goes into Escape mode.
9.454953 INFO Goes into Track mode.
9.454965 INFO Goes into Escape mode.
9.471541 INFO Goes into Track mode.
9.471554 INFO Goes into Escape mode.
9.504592 INFO Goes into Track mode.
9.504603 INFO Goes into Escape mode.
9.521221 INFO Goes into Track mode.
9.521234 INFO Goes into Escape mode.
9.537728 INFO Goes into Track mode.
9.537745 INFO Goes into Escape mode.
9.554352 INFO Goes into Track mode.
9.554363 INFO Goes into Escape mode.
9.571412 INFO Goes into Track mode.
9.571424 INFO Goes into Escape mode.
9.604609 INFO Goes into Track mode.
9.604622 INFO Goes into Escape mode.
9.621109 INFO Goes into Track mode.
9.621119 INFO Goes into Escape mode.
9.63773 INFO Goes into Track mode.
9.637743 INFO Goes into Escape mode.
9.654461 INFO Goes into Track mode.
9.654472 INFO Goes into Escape mode.
9.670931 INFO Goes into Track mode.
9.670943 INFO Goes into Escape mode.
9.703964 INFO Goes into Track mode.
9.703977 INFO Goes into Escape mode.
9.72058 INFO Goes into Track mode.
9.720592 INFO Goes into Escape mode.
9.737068 INFO Goes into Track mode.
9.737081 INFO Goes into Escape mode.
9.753713 INFO Goes into Track mode.
9.753725 INFO Goes into Escape mode.
9.770213 INFO Goes into Track mode.
9.770225 INFO Goes into Escape mode.
9.80341 INFO Goes into Track mode.
9.803423 INFO Goes into Escape mode.
9.820168 INFO Goes into Track mode.
9.82018 INFO Goes into Escape mode.
9.836465 INFO Goes into Track mode.
9.836477 INFO Goes into Escape mode.
9.85305 INFO Goes into Track mode.
9.853062 INFO Goes into Escape mode.
9.869701 INFO Goes into Track mode.
9.869714 INFO Goes into Escape mode.
9.90278 INFO Goes into Track mode.
9.902793 INFO Goes into Escape mode.
9.919286 INFO Goes into Track mode.
9.919298 INFO Goes into Escape mode.
9.935946 INFO Goes into Track mode.
9.935958 INFO Goes into Escape mode.
9.952528 INFO Goes into Track mode.
9.95254 INFO Goes into Escape mode.
9.985779 INFO Goes into Track mode.
9.985791 INFO Goes into Escape mode.
10.00219 INFO Goes into Track mode.
10.0022 INFO Goes into Escape mode.
10.01888 INFO Goes into Track mode.
10.0191 INFO Goes into Escape mode.
10.03533 INFO Goes into Track mode.
10.03534 INFO Goes into Escape mode.
10.05192 INFO Goes into Track mode.
10.05193 INFO Goes into Escape mode.
10.08541 INFO Goes into Track mode.
10.08542 INFO Goes into Escape mode.
10.10191 INFO Goes into Track mode.
10.10193 INFO Goes into Escape mode.
10.11854 INFO Goes into Track mode.
10.11855 INFO Goes into Escape mode.
10.13503 INFO Goes into Track mode.
10.13504 INFO Goes into Escape mode.
10.15181 INFO Goes into Track mode.
10.15182 INFO Goes into Escape mode.
10.18476 INFO Goes into Track mode.
10.18477 INFO Goes into Escape mode.
10.20131 INFO Goes into Track mode.
10.20132 INFO Goes into Escape mode.
10.21795 INFO Goes into Track mode.
10.21796 INFO Goes into Escape mode.
10.23453 INFO Goes into Track mode.
10.23454 INFO Goes into Escape mode.
10.25102 INFO Goes into Track mode.
10.25103 INFO Goes into Escape mode.
10.28419 INFO Goes into Track mode.
10.28421 INFO Goes into Escape mode.
10.30097 INFO Goes into Track mode.
10.30098 INFO Goes into Escape mode.
10.31741 INFO Goes into Track mode.
10.31742 INFO Goes into Escape mode.
10.33385 INFO Goes into Track mode.
10.33387 INFO Goes into Escape mode.
10.35047 INFO Goes into Track mode.
10.35048 INFO Goes into Escape mode.
10.38359 INFO Goes into Track mode.
10.3836 INFO Goes into Escape mode.
10.40014 INFO Goes into Track mode.
10.40015 INFO Goes into Escape mode.
10.41673 INFO Goes into Track mode.
10.41675 INFO Goes into Escape mode.
10.43323 INFO Goes into Track mode.
10.43324 INFO Goes into Escape mode.
10.44986 INFO Goes into Track mode.
10.44988 INFO Goes into Escape mode.
10.48297 INFO Goes into Track mode.
10.48298 INFO Goes into Escape mode.
10.49964 INFO Goes into Track mode.
10.49966 INFO Goes into Escape mode.
10.51607 INFO Goes into Track mode.
10.51608 INFO Goes into Escape mode.
10.5327 INFO Goes into Track mode.
10.53272 INFO Goes into Escape mode.
10.54922 INFO Goes into Track mode.
10.54923 INFO Goes into Escape mode.
10.58243 INFO Goes into Track mode.
10.58244 INFO Goes into Escape mode.
10.59897 INFO Goes into Track mode.
10.59898 INFO Goes into Escape mode.
10.61558 INFO Goes into Track mode.
10.61559 INFO Goes into Escape mode.
10.63234 INFO Goes into Track mode.
10.63235 INFO Goes into Escape mode.
10.66519 INFO Goes into Track mode.
10.66521 INFO Goes into Escape mode.
10.6818 INFO Goes into Track mode.
10.68182 INFO Goes into Escape mode.
10.69859 INFO Goes into Track mode.
10.69862 INFO Goes into Escape mode.
10.71489 INFO Goes into Track mode.
10.71491 INFO Goes into Escape mode.
10.73149 INFO Goes into Track mode.
10.7315 INFO Goes into Escape mode.
10.76465 INFO Goes into Track mode.
10.76466 INFO Goes into Escape mode.
10.78123 INFO Goes into Track mode.
10.78125 INFO Goes into Escape mode.
10.79792 INFO Goes into Track mode.
10.79793 INFO Goes into Escape mode.
10.81445 INFO Goes into Track mode.
10.81446 INFO Goes into Escape mode.
10.83091 INFO Goes into Track mode.
10.83093 INFO Goes into Escape mode.
10.86405 INFO Goes into Track mode.
10.86406 INFO Goes into Escape mode.
10.88058 INFO Goes into Track mode.
10.88059 INFO Goes into Escape mode.
10.89722 INFO Goes into Track mode.
10.89723 INFO Goes into Escape mode.
10.91372 INFO Goes into Track mode.
10.91373 INFO Goes into Escape mode.
10.93034 INFO Goes into Track mode.
10.93036 INFO Goes into Escape mode.
10.96361 INFO Goes into Track mode.
10.96362 INFO Goes into Escape mode.
10.98012 INFO Goes into Track mode.
10.98013 INFO Goes into Escape mode.
10.99655 INFO Goes into Track mode.
10.99656 INFO Goes into Escape mode.
11.01313 INFO Goes into Track mode.
11.01314 INFO Goes into Escape mode.
11.02975 INFO Goes into Track mode.
11.02976 INFO Goes into Escape mode.
11.06285 INFO Goes into Track mode.
11.06286 INFO Goes into Escape mode.
11.07948 INFO Goes into Track mode.
11.07949 INFO Goes into Escape mode.
11.09608 INFO Goes into Track mode.
11.0961 INFO Goes into Escape mode.
11.11254 INFO Goes into Track mode.
11.11255 INFO Goes into Escape mode.
11.12959 INFO Goes into Track mode.
11.1296 INFO Goes into Escape mode.
11.16235 INFO Goes into Track mode.
11.16237 INFO Goes into Escape mode.
11.17886 INFO Goes into Track mode.
11.17887 INFO Goes into Escape mode.
11.19546 INFO Goes into Track mode.
11.19547 INFO Goes into Escape mode.
11.21192 INFO Goes into Track mode.
11.21193 INFO Goes into Escape mode.
11.24511 INFO Goes into Track mode.
11.24512 INFO Goes into Escape mode.
11.26167 INFO Goes into Track mode.
11.26168 INFO Goes into Escape mode.
11.27822 INFO Goes into Track mode.
11.27823 INFO Goes into Escape mode.
11.295 INFO Goes into Track mode.
11.29501 INFO Goes into Escape mode.
11.31146 INFO Goes into Track mode.
11.31147 INFO Goes into Escape mode.
11.34452 INFO Goes into Track mode.
11.34453 INFO Goes into Escape mode.
11.36111 INFO Goes into Track mode.
11.36113 INFO Goes into Escape mode.
11.37759 INFO Goes into Track mode.
11.3776 INFO Goes into Escape mode.
11.39416 INFO Goes into Track mode.
11.39417 INFO Goes into Escape mode.
11.41094 INFO Goes into Track mode.
11.41096 INFO Goes into Escape mode.
11.4439 INFO Goes into Track mode.
11.44391 INFO Goes into Escape mode.
11.46069 INFO Goes into Track mode.
11.46071 INFO Goes into Escape mode.
11.47702 INFO Goes into Track mode.
11.47704 INFO Goes into Escape mode.
11.49366 INFO Goes into Dodge mode.
11.7032 INFO Goes into Track mode.
11.70321 INFO Goes into Escape mode.
11.71975 INFO Goes into Track mode.
11.71976 INFO Goes into Escape mode.
11.7364 INFO Goes into Track mode.
11.73641 INFO Goes into Escape mode.
11.75294 INFO Goes into Track mode.
11.75295 INFO Goes into Escape mode.
11.76956 INFO Goes into Track mode.
11.76957 INFO Goes into Escape mode.
11.80262 INFO Goes into Track mode.
11.80263 INFO Goes into Escape mode.
11.81923 INFO Goes into Track mode.
11.81924 INFO Goes into Escape mode.
11.83573 INFO Goes into Track mode.
11.83574 INFO Goes into Escape mode.
11.85236 INFO Goes into Track mode.
11.85237 INFO Goes into Escape mode.
11.88549 INFO Goes into Track mode.
11.8855 INFO Goes into Escape mode.
11.90203 INFO Goes into Track mode.
11.90204 INFO Goes into Escape mode.
11.91863 INFO Goes into Track mode.
11.91865 INFO Goes into Escape mode.
11.93523 INFO Goes into Track mode.
11.93524 INFO Goes into Escape mode.
11.95193 INFO Goes into Track mode.
11.95194 INFO Goes into Escape mode.
11.98486 INFO Goes into Track mode.
11.98488 INFO Goes into Escape mode.
12.00149 INFO Goes into Track mode.
12.00151 INFO Goes into Escape mode.
12.01805 INFO Goes into Track mode.
12.01807 INFO Goes into Escape mode.
12.03466 INFO Goes into Track mode.
12.03467 INFO Goes into Escape mode.
12.05112 INFO Goes into Track mode.
12.05113 INFO Goes into Escape mode.
12.0843 INFO Goes into Track mode.
12.08431 INFO Goes into Escape mode.
12.10086 INFO Goes into Track mode.
12.10087 INFO Goes into Escape mode.
12.11758 INFO Goes into Track mode.
12.11759 INFO Goes into Escape mode.
12.13396 INFO Goes into Track mode.
12.13397 INFO Goes into Escape mode.
12.15058 INFO Goes into Track mode.
12.15059 INFO Goes into Escape mode.
12.18367 INFO Goes into Track mode.
12.18369 INFO Goes into Escape mode.
12.20023 INFO Goes into Track mode.
12.20024 INFO Goes into Escape mode.
12.21679 INFO Goes into Track mode.
12.21681 INFO Goes into Escape mode.
12.23334 INFO Goes into Track mode.
12.23335 INFO Goes into Escape mode.
12.24997 INFO Goes into Track mode.
12.24998 INFO Goes into Escape mode.
12.28323 INFO Goes into Track mode.
12.28324 INFO Goes into Escape mode.
12.29963 INFO Goes into Track mode.
12.29965 INFO Goes into Escape mode.
12.31621 INFO Goes into Track mode.
12.31622 INFO Goes into Escape mode.
12.33282 INFO Goes into Track mode.
12.33283 INFO Goes into Escape mode.
12.34936 INFO Goes into Track mode.
12.34937 INFO Goes into Escape mode.
12.38243 INFO Goes into Track mode.
12.38244 INFO Goes into Escape mode.
12.39906 INFO Goes into Track mode.
12.39925 INFO Goes into Escape mode.
12.41564 INFO Goes into Track mode.
12.41566 INFO Goes into Escape mode.
12.43213 INFO Goes into Track mode.
12.43214 INFO Goes into Escape mode.
12.46532 INFO Goes into Track mode.
12.46533 INFO Goes into Escape mode.
12.4819 INFO Goes into Track mode.
12.48191 INFO Goes into Escape mode.
12.49852 INFO Goes into Track mode.
12.49853 INFO Goes into Escape mode.
12.51493 INFO Goes into Track mode.
12.51495 INFO Goes into Escape mode.
12.53151 INFO Goes into Track mode.
12.53152 INFO Goes into Escape mode.
12.56464 INFO Goes into Track mode.
12.56465 INFO Goes into Escape mode.
12.58123 INFO Goes into Track mode.
12.58124 INFO Goes into Escape mode.
12.59775 INFO Goes into Track mode.
12.59776 INFO Goes into Escape mode.
12.61453 INFO Goes into Track mode.
12.61454 INFO Goes into Escape mode.
12.63097 INFO Goes into Track mode.
12.63098 INFO Goes into Escape mode.
12.66411 INFO Goes into Track mode.
12.66412 INFO Goes into Escape mode.
12.68059 INFO Goes into Track mode.
12.6806 INFO Goes into Escape mode.
12.69722 INFO Goes into Track mode.
12.69723 INFO Goes into Escape mode.
12.71373 INFO Goes into Track mode.
12.71375 INFO Goes into Escape mode.
12.73036 INFO Goes into Track mode.
12.73038 INFO Goes into Escape mode.
12.7635 INFO Goes into Track mode.
12.76351 INFO Goes into Escape mode.
12.78027 INFO Goes into Track mode.
12.78029 INFO Goes into Escape mode.
12.79656 INFO Goes into Track mode.
12.79657 INFO Goes into Escape mode.
12.81322 INFO Goes into Track mode.
12.81324 INFO Goes into Escape mode.
12.82968 INFO Goes into Track mode.
12.82969 INFO Goes into Escape mode.
12.86283 INFO Goes into Track mode.
12.86285 INFO Goes into Escape mode.
12.87947 INFO Goes into Track mode.
12.87948 INFO Goes into Escape mode.
12.89604 INFO Goes into Track mode.
12.89605 INFO Goes into Escape mode.
12.9126 INFO Goes into Track mode.
12.91261 INFO Goes into Escape mode.
12.92919 INFO Goes into Track mode.
12.92921 INFO Goes into Escape mode.
12.9623 INFO Goes into Track mode.
12.96231 INFO Goes into Escape mode.
12.97889 INFO Goes into Track mode.
12.9789 INFO Goes into Escape mode.
12.99544 INFO Goes into Track mode.
12.99545 INFO Goes into Escape mode.
13.01194 INFO Goes into Track mode.
13.01195 INFO Goes into Escape mode.
13.04511 INFO Goes into Track mode.
13.04512 INFO Goes into Escape mode.
13.06169 INFO Goes into Track mode.
13.0617 INFO Goes into Escape mode.
13.07835 INFO Goes into Track mode.
13.07837 INFO Goes into Escape mode.
13.09477 INFO Goes into Track mode.
13.09479 INFO Goes into Escape mode.
13.11157 INFO Goes into Track mode.
13.11158 INFO Goes into Escape mode.
13.14455 INFO Goes into Track mode.
13.14456 INFO Goes into Escape mode.
13.16105 INFO Goes into Track mode.
13.16106 INFO Goes into Escape mode.
13.17765 INFO Goes into Track mode.
13.17766 INFO Goes into Escape mode.
13.19416 INFO Goes into Track mode.
13.19417 INFO Goes into Escape mode.
13.21082 INFO Goes into Track mode.
13.21083 INFO Goes into Escape mode.
13.24217 INFO Shots : 0. Precision : NaN %.
Time : 2/2/2017 1:58:17 AM logfile now closed.
