Time : 2/2/2017 1:58:06 AM
1.483169 INFO Goes into Track mode.
3.67681 INFO Goes into Escape mode.
3.693454 INFO Goes into Track mode.
3.693467 INFO Goes into Escape mode.
3.709944 INFO Goes into Track mode.
3.709955 INFO Goes into Escape mode.
3.743129 INFO Goes into Track mode.
3.743142 INFO Goes into Escape mode.
3.759867 INFO Goes into Track mode.
3.759879 INFO Goes into Escape mode.
3.776294 INFO Goes into Track mode.
3.776306 INFO Goes into Escape mode.
3.792852 INFO Goes into Track mode.
3.792865 INFO Goes into Escape mode.
3.809334 INFO Goes into Track mode.
3.809345 INFO Goes into Escape mode.
3.842472 INFO Goes into Track mode.
3.842484 INFO Goes into Escape mode.
3.859139 INFO Goes into Track mode.
3.85915 INFO Goes into Escape mode.
3.87574 INFO Goes into Track mode.
3.875752 INFO Goes into Escape mode.
3.89223 INFO Goes into Track mode.
3.892243 INFO Goes into Escape mode.
3.925598 INFO Goes into Track mode.
3.92561 INFO Goes into Escape mode.
3.942029 INFO Goes into Track mode.
3.94204 INFO Goes into Escape mode.
3.958638 INFO Goes into Track mode.
3.95865 INFO Goes into Escape mode.
3.975079 INFO Goes into Track mode.
3.975091 INFO Goes into Escape mode.
3.991701 INFO Goes into Track mode.
3.991714 INFO Goes into Escape mode.
4.024841 INFO Goes into Track mode.
4.024853 INFO Goes into Escape mode.
4.041369 INFO Goes into Track mode.
4.041381 INFO Goes into Escape mode.
4.057971 INFO Goes into Track mode.
4.057983 INFO Goes into Escape mode.
4.074547 INFO Goes into Track mode.
4.074559 INFO Goes into Escape mode.
4.091299 INFO Goes into Track mode.
4.091311 INFO Goes into Escape mode.
4.124222 INFO Goes into Track mode.
4.124244 INFO Goes into Escape mode.
4.140864 INFO Goes into Track mode.
4.140876 INFO Goes into Escape mode.
4.1574 INFO Goes into Track mode.
4.157412 INFO Goes into Escape mode.
4.173901 INFO Goes into Track mode.
4.173913 INFO Goes into Escape mode.
4.190425 INFO Goes into Track mode.
4.190436 INFO Goes into Escape mode.
4.223574 INFO Goes into Track mode.
4.223589 INFO Goes into Escape mode.
4.240212 INFO Goes into Track mode.
4.240224 INFO Goes into Escape mode.
4.256905 INFO Goes into Track mode.
4.256926 INFO Goes into Escape mode.
4.273298 INFO Goes into Track mode.
4.27331 INFO Goes into Escape mode.
4.289933 INFO Goes into Track mode.
4.289945 INFO Goes into Escape mode.
4.323072 INFO Goes into Track mode.
4.323089 INFO Goes into Escape mode.
4.339596 INFO Goes into Track mode.
4.339608 INFO Goes into Escape mode.
4.35619 INFO Goes into Track mode.
4.356202 INFO Goes into Escape mode.
4.372715 INFO Goes into Track mode.
4.372727 INFO Goes into Escape mode.
4.38936 INFO Goes into Track mode.
4.389377 INFO Goes into Escape mode.
4.422606 INFO Goes into Track mode.
4.42262 INFO Goes into Escape mode.
4.439075 INFO Goes into Track mode.
4.439087 INFO Goes into Escape mode.
4.455503 INFO Goes into Track mode.
4.455515 INFO Goes into Escape mode.
4.472141 INFO Goes into Track mode.
4.472153 INFO Goes into Escape mode.
4.505254 INFO Goes into Track mode.
4.505267 INFO Goes into Escape mode.
4.521759 INFO Goes into Track mode.
4.52177 INFO Goes into Escape mode.
4.538396 INFO Goes into Track mode.
4.538408 INFO Goes into Escape mode.
4.55498 INFO Goes into Track mode.
4.554993 INFO Goes into Escape mode.
4.57166 INFO Goes into Track mode.
4.571672 INFO Goes into Escape mode.
4.604608 INFO Goes into Track mode.
4.60462 INFO Goes into Escape mode.
4.621225 INFO Goes into Track mode.
4.621237 INFO Goes into Escape mode.
4.637815 INFO Goes into Track mode.
4.637827 INFO Goes into Escape mode.
4.654361 INFO Goes into Track mode.
4.654373 INFO Goes into Escape mode.
4.670849 INFO Goes into Track mode.
4.670861 INFO Goes into Escape mode.
4.704038 INFO Goes into Track mode.
4.70405 INFO Goes into Escape mode.
4.720631 INFO Goes into Track mode.
4.720643 INFO Goes into Escape mode.
4.737175 INFO Goes into Track mode.
4.737186 INFO Goes into Escape mode.
4.753901 INFO Goes into Track mode.
4.753983 INFO Goes into Escape mode.
4.770339 INFO Goes into Track mode.
4.77035 INFO Goes into Escape mode.
4.803473 INFO Goes into Track mode.
4.803484 INFO Goes into Escape mode.
4.819973 INFO Goes into Track mode.
4.819985 INFO Goes into Escape mode.
4.836529 INFO Goes into Track mode.
4.836541 INFO Goes into Escape mode.
4.853137 INFO Goes into Track mode.
4.853149 INFO Goes into Escape mode.
4.869769 INFO Goes into Track mode.
4.86978 INFO Goes into Escape mode.
4.902896 INFO Goes into Track mode.
4.902908 INFO Goes into Escape mode.
4.919647 INFO Goes into Track mode.
4.919659 INFO Goes into Escape mode.
4.936035 INFO Goes into Track mode.
4.936047 INFO Goes into Escape mode.
4.952625 INFO Goes into Track mode.
4.952637 INFO Goes into Escape mode.
4.969184 INFO Goes into Track mode.
4.969198 INFO Goes into Escape mode.
5.002192 INFO Goes into Track mode.
5.002204 INFO Goes into Escape mode.
5.018811 INFO Goes into Track mode.
5.018823 INFO Goes into Escape mode.
5.035334 INFO Goes into Track mode.
5.035346 INFO Goes into Escape mode.
5.051965 INFO Goes into Track mode.
5.051982 INFO Goes into Escape mode.
5.085407 INFO Goes into Track mode.
5.085419 INFO Goes into Escape mode.
5.101614 INFO Goes into Track mode.
5.101625 INFO Goes into Escape mode.
5.118135 INFO Goes into Track mode.
5.118147 INFO Goes into Escape mode.
5.134779 INFO Goes into Track mode.
5.134791 INFO Goes into Escape mode.
5.151298 INFO Goes into Track mode.
5.15131 INFO Goes into Escape mode.
5.18448 INFO Goes into Track mode.
5.184492 INFO Goes into Escape mode.
5.201038 INFO Goes into Track mode.
5.20105 INFO Goes into Escape mode.
5.21761 INFO Goes into Track mode.
5.217622 INFO Goes into Escape mode.
5.234148 INFO Goes into Track mode.
5.23416 INFO Goes into Escape mode.
5.250945 INFO Goes into Track mode.
5.250957 INFO Goes into Escape mode.
5.283913 INFO Goes into Track mode.
5.283928 INFO Goes into Escape mode.
5.300405 INFO Goes into Track mode.
5.300416 INFO Goes into Escape mode.
5.316939 INFO Goes into Track mode.
5.316953 INFO Goes into Escape mode.
5.333493 INFO Goes into Track mode.
5.333506 INFO Goes into Escape mode.
5.350155 INFO Goes into Track mode.
5.350167 INFO Goes into Escape mode.
5.383199 INFO Goes into Track mode.
5.383211 INFO Goes into Escape mode.
5.399798 INFO Goes into Track mode.
5.39981 INFO Goes into Escape mode.
5.416531 INFO Goes into Track mode.
5.416543 INFO Goes into Escape mode.
5.432985 INFO Goes into Track mode.
5.432997 INFO Goes into Escape mode.
5.449618 INFO Goes into Track mode.
5.449631 INFO Goes into Escape mode.
5.482606 INFO Goes into Track mode.
5.482618 INFO Goes into Escape mode.
5.49919 INFO Goes into Track mode.
5.499203 INFO Goes into Escape mode.
5.515761 INFO Goes into Track mode.
5.515773 INFO Goes into Escape mode.
5.532401 INFO Goes into Track mode.
5.532413 INFO Goes into Escape mode.
5.565571 INFO Goes into Track mode.
5.565583 INFO Goes into Escape mode.
5.582307 INFO Goes into Track mode.
5.582324 INFO Goes into Escape mode.
5.598595 INFO Goes into Track mode.
5.598606 INFO Goes into Escape mode.
5.615255 INFO Goes into Track mode.
5.615267 INFO Goes into Escape mode.
5.631803 INFO Goes into Track mode.
5.631817 INFO Goes into Escape mode.
5.664888 INFO Goes into Track mode.
5.6649 INFO Goes into Escape mode.
5.682126 INFO Goes into Track mode.
5.682138 INFO Goes into Escape mode.
5.69807 INFO Goes into Track mode.
5.698082 INFO Goes into Escape mode.
5.714637 INFO Goes into Track mode.
5.714648 INFO Goes into Escape mode.
5.73138 INFO Goes into Track mode.
5.731392 INFO Goes into Escape mode.
5.764364 INFO Goes into Track mode.
5.764377 INFO Goes into Escape mode.
5.780911 INFO Goes into Track mode.
5.780923 INFO Goes into Escape mode.
5.797477 INFO Goes into Track mode.
5.797489 INFO Goes into Escape mode.
5.813947 INFO Goes into Track mode.
5.813959 INFO Goes into Escape mode.
5.830624 INFO Goes into Track mode.
5.830637 INFO Goes into Escape mode.
5.863692 INFO Goes into Track mode.
5.86377 INFO Goes into Escape mode.
5.880314 INFO Goes into Track mode.
5.880326 INFO Goes into Escape mode.
5.897008 INFO Goes into Track mode.
5.89702 INFO Goes into Escape mode.
5.913468 INFO Goes into Track mode.
5.91348 INFO Goes into Escape mode.
5.929944 INFO Goes into Track mode.
5.929956 INFO Goes into Escape mode.
5.963106 INFO Goes into Track mode.
5.963119 INFO Goes into Escape mode.
5.979631 INFO Goes into Track mode.
5.979643 INFO Goes into Escape mode.
5.996261 INFO Goes into Track mode.
5.996272 INFO Goes into Escape mode.
6.012848 INFO Goes into Track mode.
6.01286 INFO Goes into Escape mode.
6.029509 INFO Goes into Track mode.
6.029521 INFO Goes into Escape mode.
6.062797 INFO Goes into Track mode.
6.062809 INFO Goes into Escape mode.
6.079056 INFO Goes into Track mode.
6.079068 INFO Goes into Escape mode.
6.095692 INFO Goes into Track mode.
6.095706 INFO Goes into Escape mode.
6.112244 INFO Goes into Track mode.
6.112256 INFO Goes into Escape mode.
6.145272 INFO Goes into Track mode.
6.145289 INFO Goes into Escape mode.
6.161928 INFO Goes into Track mode.
6.16194 INFO Goes into Escape mode.
6.178553 INFO Goes into Track mode.
6.178566 INFO Goes into Escape mode.
6.195016 INFO Goes into Track mode.
6.27789 INFO Goes into Escape mode.
6.294446 INFO Goes into Track mode.
6.294459 INFO Goes into Escape mode.
6.310941 INFO Goes into Track mode.
6.310953 INFO Goes into Escape mode.
6.344128 INFO Goes into Track mode.
6.344141 INFO Goes into Escape mode.
6.360732 INFO Goes into Track mode.
6.360748 INFO Goes into Escape mode.
6.377272 INFO Goes into Track mode.
6.377285 INFO Goes into Escape mode.
6.393991 INFO Goes into Track mode.
6.394004 INFO Goes into Escape mode.
6.410353 INFO Goes into Track mode.
6.410365 INFO Goes into Escape mode.
6.443469 INFO Goes into Track mode.
6.443481 INFO Goes into Escape mode.
6.460096 INFO Goes into Track mode.
6.460109 INFO Goes into Escape mode.
6.476541 INFO Goes into Track mode.
6.476554 INFO Goes into Escape mode.
6.493118 INFO Goes into Track mode.
6.493139 INFO Goes into Escape mode.
6.509743 INFO Goes into Track mode.
6.509767 INFO Goes into Escape mode.
6.542864 INFO Goes into Track mode.
6.542886 INFO Goes into Escape mode.
6.559553 INFO Goes into Track mode.
6.559574 INFO Goes into Escape mode.
6.576031 INFO Goes into Track mode.
6.576053 INFO Goes into Escape mode.
6.592527 INFO Goes into Track mode.
6.592548 INFO Goes into Escape mode.
6.609123 INFO Goes into Track mode.
6.609144 INFO Goes into Escape mode.
6.642261 INFO Goes into Track mode.
6.642283 INFO Goes into Escape mode.
6.658843 INFO Goes into Track mode.
6.658869 INFO Goes into Escape mode.
6.675347 INFO Goes into Track mode.
6.675366 INFO Goes into Escape mode.
6.691963 INFO Goes into Track mode.
6.691985 INFO Goes into Escape mode.
6.725261 INFO Goes into Track mode.
6.725283 INFO Goes into Escape mode.
6.74159 INFO Goes into Track mode.
6.74161 INFO Goes into Escape mode.
6.758228 INFO Goes into Track mode.
6.75825 INFO Goes into Escape mode.
6.774791 INFO Goes into Track mode.
6.774813 INFO Goes into Escape mode.
6.80092 INFO Goes into Track mode.
6.800938 INFO Goes into Escape mode.
6.817569 INFO Goes into Track mode.
6.81759 INFO Goes into Escape mode.
6.83414 INFO Goes into Track mode.
6.834159 INFO Goes into Escape mode.
6.850671 INFO Goes into Track mode.
6.850691 INFO Goes into Escape mode.
6.884031 INFO Goes into Track mode.
6.884055 INFO Goes into Escape mode.
6.900433 INFO Goes into Track mode.
6.900452 INFO Goes into Escape mode.
6.916993 INFO Goes into Track mode.
6.917015 INFO Goes into Escape mode.
6.933547 INFO Goes into Track mode.
6.933568 INFO Goes into Escape mode.
6.950053 INFO Goes into Track mode.
6.950072 INFO Goes into Escape mode.
6.983182 INFO Goes into Track mode.
6.983202 INFO Goes into Escape mode.
6.999804 INFO Goes into Track mode.
6.999826 INFO Goes into Escape mode.
7.016318 INFO Goes into Track mode.
7.016337 INFO Goes into Escape mode.
7.03312 INFO Goes into Track mode.
7.033204 INFO Goes into Escape mode.
7.049648 INFO Goes into Track mode.
7.049679 INFO Goes into Escape mode.
7.082639 INFO Goes into Track mode.
7.082661 INFO Goes into Escape mode.
7.099206 INFO Goes into Track mode.
7.099227 INFO Goes into Escape mode.
7.115679 INFO Goes into Track mode.
7.115696 INFO Goes into Escape mode.
7.132343 INFO Goes into Track mode.
7.132365 INFO Goes into Escape mode.
7.165441 INFO Goes into Track mode.
7.165462 INFO Goes into Escape mode.
7.182066 INFO Goes into Track mode.
7.182088 INFO Goes into Escape mode.
7.198751 INFO Goes into Track mode.
7.198776 INFO Goes into Escape mode.
7.21517 INFO Goes into Track mode.
7.215191 INFO Goes into Escape mode.
7.231828 INFO Goes into Track mode.
7.231851 INFO Goes into Escape mode.
7.264887 INFO Goes into Track mode.
9.870219 INFO Has hit NightHunter_AI_A (1).
9.936412 INFO Has hit NightHunter_AI_A (2).
10.58247 INFO Goes into Escape mode.
10.59901 INFO Goes into Track mode.
10.59902 INFO Goes into Escape mode.
10.61562 INFO Goes into Track mode.
10.61563 INFO Goes into Escape mode.
10.63238 INFO Goes into Track mode.
10.63239 INFO Goes into Escape mode.
10.66523 INFO Goes into Track mode.
10.66525 INFO Goes into Escape mode.
10.68184 INFO Goes into Track mode.
10.68185 INFO Goes into Escape mode.
10.69866 INFO Goes into Track mode.
10.69867 INFO Goes into Escape mode.
10.71494 INFO Goes into Track mode.
10.71495 INFO Goes into Escape mode.
10.73153 INFO Goes into Track mode.
10.73154 INFO Goes into Escape mode.
10.76469 INFO Goes into Track mode.
10.7647 INFO Goes into Escape mode.
10.78127 INFO Goes into Track mode.
10.78128 INFO Goes into Escape mode.
10.79796 INFO Goes into Track mode.
10.79797 INFO Goes into Escape mode.
10.81449 INFO Goes into Track mode.
10.8145 INFO Goes into Escape mode.
10.83095 INFO Goes into Track mode.
10.83097 INFO Goes into Escape mode.
10.86409 INFO Goes into Track mode.
10.8641 INFO Goes into Escape mode.
10.88061 INFO Goes into Track mode.
10.88063 INFO Goes into Escape mode.
10.89725 INFO Goes into Track mode.
10.89727 INFO Goes into Escape mode.
10.91375 INFO Goes into Track mode.
10.91377 INFO Goes into Escape mode.
10.93039 INFO Goes into Track mode.
10.9304 INFO Goes into Escape mode.
10.96365 INFO Goes into Track mode.
10.96366 INFO Goes into Escape mode.
10.98016 INFO Goes into Track mode.
10.98017 INFO Goes into Escape mode.
10.99659 INFO Goes into Track mode.
10.9966 INFO Goes into Escape mode.
11.01317 INFO Goes into Track mode.
11.01318 INFO Goes into Escape mode.
11.02979 INFO Goes into Track mode.
11.0298 INFO Goes into Escape mode.
11.06289 INFO Goes into Track mode.
11.0629 INFO Goes into Escape mode.
11.07952 INFO Goes into Track mode.
11.07953 INFO Goes into Escape mode.
11.09619 INFO Goes into Track mode.
11.09621 INFO Goes into Escape mode.
11.11258 INFO Goes into Track mode.
11.11259 INFO Goes into Escape mode.
11.12963 INFO Goes into Track mode.
11.12964 INFO Goes into Escape mode.
11.1624 INFO Goes into Track mode.
11.16241 INFO Goes into Escape mode.
11.17889 INFO Goes into Track mode.
11.17891 INFO Goes into Escape mode.
11.1955 INFO Goes into Track mode.
11.19551 INFO Goes into Escape mode.
11.21196 INFO Goes into Track mode.
11.21198 INFO Goes into Escape mode.
11.24514 INFO Goes into Track mode.
11.24515 INFO Goes into Escape mode.
11.26172 INFO Goes into Track mode.
11.26173 INFO Goes into Escape mode.
11.27828 INFO Goes into Track mode.
11.27829 INFO Goes into Escape mode.
11.29504 INFO Goes into Track mode.
11.29505 INFO Goes into Escape mode.
11.3115 INFO Goes into Track mode.
11.31151 INFO Goes into Escape mode.
11.34456 INFO Goes into Track mode.
11.34457 INFO Goes into Escape mode.
11.36115 INFO Goes into Track mode.
11.36117 INFO Goes into Escape mode.
11.37763 INFO Goes into Track mode.
11.37764 INFO Goes into Escape mode.
11.39419 INFO Goes into Track mode.
11.39421 INFO Goes into Escape mode.
11.41099 INFO Goes into Track mode.
11.411 INFO Goes into Escape mode.
11.44394 INFO Goes into Track mode.
11.44395 INFO Goes into Escape mode.
11.46073 INFO Goes into Track mode.
11.46074 INFO Goes into Escape mode.
11.47707 INFO Goes into Track mode.
11.4771 INFO Goes into Escape mode.
11.49369 INFO Goes into Track mode.
11.4937 INFO Goes into Escape mode.
11.51013 INFO Goes into Track mode.
11.51014 INFO Goes into Escape mode.
11.55413 INFO Goes into Track mode.
11.55414 INFO Goes into Escape mode.
11.55462 INFO Goes into Track mode.
11.55463 INFO Goes into Escape mode.
11.57067 INFO Goes into Track mode.
11.57069 INFO Goes into Escape mode.
11.60401 INFO Goes into Track mode.
11.60402 INFO Goes into Escape mode.
11.62045 INFO Goes into Track mode.
11.62046 INFO Goes into Escape mode.
11.63717 INFO Goes into Track mode.
11.63719 INFO Goes into Escape mode.
11.65363 INFO Goes into Track mode.
11.65364 INFO Goes into Escape mode.
11.67018 INFO Goes into Track mode.
11.67019 INFO Goes into Escape mode.
11.70324 INFO Goes into Track mode.
11.70325 INFO Goes into Escape mode.
11.71979 INFO Goes into Track mode.
11.7198 INFO Goes into Escape mode.
11.73644 INFO Goes into Track mode.
11.73645 INFO Goes into Escape mode.
11.75298 INFO Goes into Track mode.
11.75299 INFO Goes into Escape mode.
11.7696 INFO Goes into Track mode.
11.76961 INFO Goes into Escape mode.
11.80266 INFO Goes into Track mode.
11.80267 INFO Goes into Escape mode.
11.81927 INFO Goes into Track mode.
11.81928 INFO Goes into Escape mode.
11.83577 INFO Goes into Track mode.
11.83578 INFO Goes into Escape mode.
11.8524 INFO Goes into Track mode.
11.85241 INFO Goes into Escape mode.
11.88553 INFO Goes into Track mode.
11.88554 INFO Goes into Escape mode.
11.90207 INFO Goes into Track mode.
11.90208 INFO Goes into Escape mode.
11.91867 INFO Goes into Track mode.
11.91868 INFO Goes into Escape mode.
11.93527 INFO Goes into Track mode.
11.93529 INFO Goes into Escape mode.
11.95197 INFO Goes into Track mode.
11.95199 INFO Goes into Escape mode.
11.98491 INFO Goes into Track mode.
11.98492 INFO Goes into Escape mode.
12.00154 INFO Goes into Track mode.
12.00155 INFO Goes into Escape mode.
12.0181 INFO Goes into Track mode.
12.01811 INFO Goes into Escape mode.
12.0347 INFO Goes into Track mode.
12.03472 INFO Goes into Escape mode.
12.05116 INFO Goes into Track mode.
12.05117 INFO Goes into Escape mode.
12.08436 INFO Goes into Track mode.
12.08437 INFO Goes into Escape mode.
12.1009 INFO Goes into Track mode.
12.10091 INFO Goes into Escape mode.
12.11762 INFO Goes into Track mode.
12.11763 INFO Goes into Escape mode.
12.134 INFO Goes into Track mode.
12.13401 INFO Goes into Escape mode.
12.15062 INFO Goes into Track mode.
12.15063 INFO Goes into Escape mode.
12.18372 INFO Goes into Track mode.
12.18373 INFO Goes into Escape mode.
12.20027 INFO Goes into Track mode.
12.20028 INFO Goes into Escape mode.
12.21683 INFO Goes into Track mode.
12.21685 INFO Goes into Escape mode.
12.23338 INFO Goes into Track mode.
12.23339 INFO Goes into Escape mode.
12.25001 INFO Goes into Track mode.
12.25002 INFO Goes into Escape mode.
12.28326 INFO Goes into Track mode.
12.28328 INFO Goes into Escape mode.
12.29967 INFO Goes into Track mode.
12.29969 INFO Goes into Escape mode.
12.31625 INFO Goes into Track mode.
12.31626 INFO Goes into Escape mode.
12.33286 INFO Goes into Track mode.
12.33287 INFO Goes into Escape mode.
12.3494 INFO Goes into Track mode.
12.34941 INFO Goes into Escape mode.
12.38247 INFO Goes into Track mode.
12.38248 INFO Goes into Escape mode.
12.39928 INFO Goes into Track mode.
12.39929 INFO Goes into Escape mode.
12.41568 INFO Goes into Track mode.
12.4157 INFO Goes into Escape mode.
12.43217 INFO Goes into Track mode.
12.43218 INFO Goes into Escape mode.
12.46536 INFO Goes into Track mode.
12.46537 INFO Goes into Escape mode.
12.48194 INFO Goes into Track mode.
12.48195 INFO Goes into Escape mode.
12.49856 INFO Goes into Track mode.
12.49857 INFO Goes into Escape mode.
12.51497 INFO Goes into Track mode.
12.51506 INFO Goes into Escape mode.
12.53155 INFO Goes into Track mode.
12.53156 INFO Goes into Escape mode.
12.56468 INFO Goes into Track mode.
12.56469 INFO Goes into Escape mode.
12.58127 INFO Goes into Track mode.
12.58128 INFO Goes into Escape mode.
12.59779 INFO Goes into Track mode.
12.5978 INFO Goes into Escape mode.
12.61457 INFO Goes into Track mode.
12.61458 INFO Goes into Escape mode.
12.63101 INFO Goes into Track mode.
12.63103 INFO Goes into Escape mode.
12.66415 INFO Goes into Track mode.
12.66416 INFO Goes into Escape mode.
12.68063 INFO Goes into Track mode.
12.68064 INFO Goes into Escape mode.
12.69725 INFO Goes into Track mode.
12.69727 INFO Goes into Escape mode.
12.71377 INFO Goes into Track mode.
12.71379 INFO Goes into Escape mode.
12.7304 INFO Goes into Track mode.
12.73042 INFO Goes into Escape mode.
12.76354 INFO Goes into Track mode.
12.76355 INFO Goes into Escape mode.
12.78031 INFO Goes into Track mode.
12.78033 INFO Goes into Escape mode.
12.7966 INFO Goes into Track mode.
12.79661 INFO Goes into Escape mode.
12.81326 INFO Goes into Track mode.
12.81328 INFO Goes into Escape mode.
12.82971 INFO Goes into Track mode.
12.82973 INFO Goes into Escape mode.
12.86287 INFO Goes into Track mode.
12.86289 INFO Goes into Escape mode.
12.87951 INFO Goes into Track mode.
12.87952 INFO Goes into Escape mode.
12.89608 INFO Goes into Track mode.
12.89609 INFO Goes into Escape mode.
12.91264 INFO Goes into Track mode.
12.91265 INFO Goes into Escape mode.
12.92923 INFO Goes into Track mode.
12.92924 INFO Goes into Escape mode.
12.96234 INFO Goes into Track mode.
12.96235 INFO Goes into Escape mode.
12.97893 INFO Goes into Track mode.
12.97894 INFO Goes into Escape mode.
12.99548 INFO Goes into Track mode.
12.99549 INFO Goes into Escape mode.
13.01198 INFO Goes into Track mode.
13.01199 INFO Goes into Escape mode.
13.04515 INFO Goes into Track mode.
13.04516 INFO Goes into Escape mode.
13.06173 INFO Goes into Track mode.
13.06174 INFO Goes into Escape mode.
13.0784 INFO Goes into Track mode.
13.07841 INFO Goes into Escape mode.
13.09481 INFO Goes into Track mode.
13.09482 INFO Goes into Escape mode.
13.11161 INFO Goes into Track mode.
13.11162 INFO Goes into Escape mode.
13.14459 INFO Goes into Track mode.
13.1446 INFO Goes into Escape mode.
13.16109 INFO Goes into Track mode.
13.24219 INFO Shots : 2. Precision : 100 %.
Time : 2/2/2017 1:58:17 AM logfile now closed.
