Time : 2/2/2017 4:02:55 AM
1.49437 INFO Goes into Track mode.
4.24926 INFO Goes into Escape mode.
4.265556 INFO Goes into Track mode.
4.265578 INFO Goes into Escape mode.
4.282169 INFO Goes into Track mode.
4.282191 INFO Goes into Escape mode.
4.298814 INFO Goes into Track mode.
4.298835 INFO Goes into Escape mode.
4.331861 INFO Goes into Track mode.
4.331883 INFO Goes into Escape mode.
4.348387 INFO Goes into Track mode.
4.348407 INFO Goes into Escape mode.
4.365168 INFO Goes into Track mode.
4.365189 INFO Goes into Escape mode.
4.381763 INFO Goes into Track mode.
4.381783 INFO Goes into Escape mode.
4.398308 INFO Goes into Track mode.
4.398329 INFO Goes into Escape mode.
4.431203 INFO Goes into Track mode.
4.431249 INFO Goes into Escape mode.
4.44777 INFO Goes into Track mode.
4.447785 INFO Goes into Escape mode.
4.464465 INFO Goes into Track mode.
4.464478 INFO Goes into Escape mode.
4.480965 INFO Goes into Track mode.
4.480977 INFO Goes into Escape mode.
4.497486 INFO Goes into Track mode.
4.497498 INFO Goes into Escape mode.
4.530653 INFO Goes into Track mode.
4.530666 INFO Goes into Escape mode.
4.547596 INFO Goes into Track mode.
4.547609 INFO Goes into Escape mode.
4.564186 INFO Goes into Track mode.
4.564199 INFO Goes into Escape mode.
4.580739 INFO Goes into Track mode.
4.580751 INFO Goes into Escape mode.
4.597364 INFO Goes into Track mode.
4.597376 INFO Goes into Escape mode.
4.630529 INFO Goes into Track mode.
4.630542 INFO Goes into Escape mode.
4.646972 INFO Goes into Track mode.
4.646983 INFO Goes into Escape mode.
4.663555 INFO Goes into Track mode.
4.663567 INFO Goes into Escape mode.
4.680077 INFO Goes into Track mode.
4.680089 INFO Goes into Escape mode.
4.696693 INFO Goes into Track mode.
4.696705 INFO Goes into Escape mode.
4.729797 INFO Goes into Track mode.
4.729809 INFO Goes into Escape mode.
4.74634 INFO Goes into Track mode.
4.746352 INFO Goes into Escape mode.
4.762938 INFO Goes into Track mode.
4.762952 INFO Goes into Escape mode.
4.779525 INFO Goes into Track mode.
4.779538 INFO Goes into Escape mode.
4.796301 INFO Goes into Track mode.
4.796312 INFO Goes into Escape mode.
4.829213 INFO Goes into Track mode.
4.829226 INFO Goes into Escape mode.
4.845787 INFO Goes into Track mode.
4.845799 INFO Goes into Escape mode.
4.862374 INFO Goes into Track mode.
4.862387 INFO Goes into Escape mode.
4.878892 INFO Goes into Track mode.
4.878904 INFO Goes into Escape mode.
4.911999 INFO Goes into Track mode.
4.912011 INFO Goes into Escape mode.
4.928587 INFO Goes into Track mode.
4.9286 INFO Goes into Escape mode.
4.945138 INFO Goes into Track mode.
4.945149 INFO Goes into Escape mode.
4.961747 INFO Goes into Track mode.
4.96176 INFO Goes into Escape mode.
4.978298 INFO Goes into Track mode.
4.97831 INFO Goes into Escape mode.
5.011421 INFO Goes into Track mode.
5.011433 INFO Goes into Escape mode.
5.027956 INFO Goes into Track mode.
5.027968 INFO Goes into Escape mode.
5.044519 INFO Goes into Track mode.
5.044534 INFO Goes into Escape mode.
5.061142 INFO Goes into Track mode.
5.061155 INFO Goes into Escape mode.
5.077706 INFO Goes into Track mode.
5.077719 INFO Goes into Escape mode.
5.110855 INFO Goes into Track mode.
5.110867 INFO Goes into Escape mode.
5.127442 INFO Goes into Track mode.
5.127455 INFO Goes into Escape mode.
5.144009 INFO Goes into Track mode.
5.144021 INFO Goes into Escape mode.
5.160572 INFO Goes into Track mode.
5.160584 INFO Goes into Escape mode.
5.177135 INFO Goes into Track mode.
5.177148 INFO Goes into Escape mode.
5.210284 INFO Goes into Track mode.
5.210297 INFO Goes into Escape mode.
5.226811 INFO Goes into Track mode.
5.226823 INFO Goes into Escape mode.
5.24341 INFO Goes into Track mode.
5.243423 INFO Goes into Escape mode.
5.259944 INFO Goes into Track mode.
5.259957 INFO Goes into Escape mode.
5.276597 INFO Goes into Track mode.
5.276608 INFO Goes into Escape mode.
5.309673 INFO Goes into Track mode.
5.309685 INFO Goes into Escape mode.
5.326162 INFO Goes into Track mode.
5.326234 INFO Goes into Escape mode.
5.342754 INFO Goes into Track mode.
5.342767 INFO Goes into Escape mode.
5.359354 INFO Goes into Track mode.
5.359365 INFO Goes into Escape mode.
5.392496 INFO Goes into Track mode.
5.392509 INFO Goes into Escape mode.
5.409078 INFO Goes into Track mode.
5.40909 INFO Goes into Escape mode.
5.425577 INFO Goes into Track mode.
5.425589 INFO Goes into Escape mode.
5.442277 INFO Goes into Track mode.
5.442292 INFO Goes into Escape mode.
5.458736 INFO Goes into Track mode.
5.458747 INFO Goes into Escape mode.
5.491861 INFO Goes into Track mode.
5.491873 INFO Goes into Escape mode.
5.508456 INFO Goes into Track mode.
5.508468 INFO Goes into Escape mode.
5.525039 INFO Goes into Track mode.
5.525051 INFO Goes into Escape mode.
5.541558 INFO Goes into Track mode.
5.54157 INFO Goes into Escape mode.
5.558143 INFO Goes into Track mode.
5.558156 INFO Goes into Escape mode.
5.591433 INFO Goes into Track mode.
5.591444 INFO Goes into Escape mode.
5.607926 INFO Goes into Track mode.
5.607939 INFO Goes into Escape mode.
5.624428 INFO Goes into Track mode.
5.62444 INFO Goes into Escape mode.
5.641075 INFO Goes into Track mode.
5.641088 INFO Goes into Escape mode.
5.657567 INFO Goes into Track mode.
5.657578 INFO Goes into Escape mode.
5.690766 INFO Goes into Track mode.
5.690779 INFO Goes into Escape mode.
5.707242 INFO Goes into Track mode.
5.707255 INFO Goes into Escape mode.
5.723816 INFO Goes into Track mode.
5.723828 INFO Goes into Escape mode.
5.740422 INFO Goes into Track mode.
5.740434 INFO Goes into Escape mode.
5.756985 INFO Goes into Track mode.
5.756998 INFO Goes into Escape mode.
5.79008 INFO Goes into Track mode.
5.790093 INFO Goes into Escape mode.
5.806681 INFO Goes into Track mode.
5.806692 INFO Goes into Escape mode.
5.823233 INFO Goes into Track mode.
5.823246 INFO Goes into Escape mode.
5.839775 INFO Goes into Track mode.
5.839787 INFO Goes into Escape mode.
5.856411 INFO Goes into Track mode.
5.856422 INFO Goes into Escape mode.
5.889562 INFO Goes into Track mode.
5.889575 INFO Goes into Escape mode.
5.906309 INFO Goes into Track mode.
5.906321 INFO Goes into Escape mode.
5.922812 INFO Goes into Track mode.
5.922825 INFO Goes into Escape mode.
5.939233 INFO Goes into Track mode.
5.939245 INFO Goes into Escape mode.
5.972449 INFO Goes into Track mode.
5.972462 INFO Goes into Escape mode.
5.989016 INFO Goes into Track mode.
5.989029 INFO Goes into Escape mode.
6.005551 INFO Goes into Track mode.
6.005565 INFO Goes into Escape mode.
6.022189 INFO Goes into Track mode.
6.022201 INFO Goes into Escape mode.
6.038664 INFO Goes into Track mode.
6.038676 INFO Goes into Escape mode.
6.071808 INFO Goes into Track mode.
6.071823 INFO Goes into Escape mode.
6.088449 INFO Goes into Track mode.
6.088461 INFO Goes into Escape mode.
6.105068 INFO Goes into Track mode.
6.10508 INFO Goes into Escape mode.
6.121482 INFO Goes into Track mode.
6.121495 INFO Goes into Escape mode.
6.138031 INFO Goes into Track mode.
6.138042 INFO Goes into Escape mode.
6.171185 INFO Goes into Track mode.
6.171198 INFO Goes into Escape mode.
6.187785 INFO Goes into Track mode.
6.187797 INFO Goes into Escape mode.
6.204278 INFO Goes into Track mode.
6.204298 INFO Goes into Escape mode.
6.220893 INFO Goes into Track mode.
6.220906 INFO Goes into Escape mode.
6.237505 INFO Goes into Track mode.
6.237516 INFO Goes into Escape mode.
6.270562 INFO Goes into Track mode.
6.270574 INFO Goes into Escape mode.
6.287089 INFO Goes into Track mode.
6.287101 INFO Goes into Escape mode.
6.303727 INFO Goes into Track mode.
6.303739 INFO Goes into Escape mode.
6.320238 INFO Goes into Track mode.
6.320251 INFO Goes into Escape mode.
6.336807 INFO Goes into Track mode.
6.33682 INFO Goes into Escape mode.
6.369932 INFO Goes into Track mode.
6.369943 INFO Goes into Escape mode.
6.386514 INFO Goes into Track mode.
6.386525 INFO Goes into Escape mode.
6.403214 INFO Goes into Track mode.
6.403227 INFO Goes into Escape mode.
6.419692 INFO Goes into Track mode.
6.420348 INFO Goes into Escape mode.
6.436208 INFO Goes into Track mode.
6.43622 INFO Goes into Escape mode.
6.46937 INFO Goes into Track mode.
6.469381 INFO Goes into Escape mode.
6.48594 INFO Goes into Track mode.
6.485953 INFO Goes into Escape mode.
6.502499 INFO Goes into Track mode.
6.502512 INFO Goes into Escape mode.
6.519223 INFO Goes into Track mode.
6.519235 INFO Goes into Escape mode.
6.552195 INFO Goes into Track mode.
6.552207 INFO Goes into Escape mode.
6.568804 INFO Goes into Track mode.
6.568816 INFO Goes into Escape mode.
6.585276 INFO Goes into Track mode.
6.585288 INFO Goes into Escape mode.
6.601929 INFO Goes into Track mode.
6.601942 INFO Goes into Escape mode.
6.618468 INFO Goes into Track mode.
6.61848 INFO Goes into Escape mode.
6.651587 INFO Goes into Track mode.
6.6516 INFO Goes into Escape mode.
6.668327 INFO Goes into Track mode.
6.668351 INFO Goes into Escape mode.
6.684773 INFO Goes into Track mode.
6.684786 INFO Goes into Escape mode.
6.701298 INFO Goes into Track mode.
6.701313 INFO Goes into Escape mode.
6.717801 INFO Goes into Track mode.
6.717813 INFO Goes into Escape mode.
6.750961 INFO Goes into Track mode.
6.750973 INFO Goes into Escape mode.
6.767529 INFO Goes into Track mode.
6.76754 INFO Goes into Escape mode.
6.784072 INFO Goes into Track mode.
6.784084 INFO Goes into Escape mode.
6.800665 INFO Goes into Track mode.
6.80068 INFO Goes into Escape mode.
6.817203 INFO Goes into Track mode.
6.817215 INFO Goes into Escape mode.
6.850382 INFO Goes into Track mode.
6.850395 INFO Goes into Escape mode.
6.866889 INFO Goes into Track mode.
6.866901 INFO Goes into Escape mode.
6.883713 INFO Goes into Track mode.
6.883726 INFO Goes into Escape mode.
6.900088 INFO Goes into Track mode.
6.900102 INFO Goes into Escape mode.
6.916619 INFO Goes into Track mode.
6.916631 INFO Goes into Escape mode.
6.949754 INFO Goes into Track mode.
6.949766 INFO Goes into Escape mode.
6.9663 INFO Goes into Track mode.
6.966312 INFO Goes into Escape mode.
6.982894 INFO Goes into Track mode.
6.982907 INFO Goes into Escape mode.
6.999465 INFO Goes into Track mode.
6.999477 INFO Goes into Escape mode.
7.032907 INFO Goes into Track mode.
7.032921 INFO Goes into Escape mode.
7.049153 INFO Goes into Track mode.
7.049166 INFO Goes into Escape mode.
7.06583 INFO Goes into Track mode.
7.065843 INFO Goes into Escape mode.
7.082294 INFO Goes into Track mode.
7.082307 INFO Goes into Escape mode.
7.098812 INFO Goes into Track mode.
7.098823 INFO Goes into Escape mode.
7.131993 INFO Goes into Track mode.
7.132005 INFO Goes into Escape mode.
7.148556 INFO Goes into Track mode.
7.148568 INFO Goes into Escape mode.
7.165092 INFO Goes into Track mode.
7.165105 INFO Goes into Escape mode.
7.181664 INFO Goes into Track mode.
7.181676 INFO Goes into Escape mode.
7.198281 INFO Goes into Track mode.
7.198292 INFO Goes into Escape mode.
7.231555 INFO Goes into Track mode.
7.231567 INFO Goes into Escape mode.
7.248062 INFO Goes into Track mode.
7.248074 INFO Goes into Escape mode.
7.264871 INFO Goes into Track mode.
7.264884 INFO Goes into Escape mode.
7.28109 INFO Goes into Track mode.
7.281103 INFO Goes into Escape mode.
7.297607 INFO Goes into Track mode.
7.297619 INFO Goes into Escape mode.
7.33077 INFO Goes into Track mode.
7.330781 INFO Goes into Escape mode.
7.347287 INFO Goes into Track mode.
7.347298 INFO Goes into Escape mode.
7.363878 INFO Goes into Track mode.
7.363891 INFO Goes into Escape mode.
7.380453 INFO Goes into Track mode.
7.380465 INFO Goes into Escape mode.
7.397101 INFO Goes into Track mode.
7.397112 INFO Goes into Escape mode.
7.430133 INFO Goes into Track mode.
7.430146 INFO Goes into Escape mode.
7.446939 INFO Goes into Track mode.
7.446952 INFO Goes into Escape mode.
7.463289 INFO Goes into Track mode.
7.463301 INFO Goes into Escape mode.
7.480068 INFO Goes into Track mode.
7.48008 INFO Goes into Escape mode.
7.496431 INFO Goes into Track mode.
7.496443 INFO Goes into Escape mode.
7.529577 INFO Goes into Track mode.
7.529589 INFO Goes into Escape mode.
7.546191 INFO Goes into Track mode.
7.546203 INFO Goes into Escape mode.
7.562807 INFO Goes into Track mode.
7.562821 INFO Goes into Escape mode.
7.579243 INFO Goes into Track mode.
7.579254 INFO Goes into Escape mode.
7.612485 INFO Goes into Track mode.
7.612497 INFO Goes into Escape mode.
7.628965 INFO Goes into Track mode.
7.628977 INFO Goes into Escape mode.
7.645528 INFO Goes into Track mode.
7.645548 INFO Goes into Escape mode.
7.662065 INFO Goes into Track mode.
7.662076 INFO Goes into Escape mode.
7.67865 INFO Goes into Track mode.
7.678662 INFO Goes into Escape mode.
7.711801 INFO Goes into Track mode.
7.711813 INFO Goes into Escape mode.
7.728438 INFO Goes into Track mode.
7.728451 INFO Goes into Escape mode.
7.744879 INFO Goes into Track mode.
7.74489 INFO Goes into Escape mode.
7.761502 INFO Goes into Track mode.
7.761515 INFO Goes into Escape mode.
7.778069 INFO Goes into Track mode.
7.77808 INFO Goes into Escape mode.
7.811161 INFO Goes into Track mode.
7.811173 INFO Goes into Escape mode.
7.82773 INFO Goes into Track mode.
7.827742 INFO Goes into Escape mode.
7.844308 INFO Goes into Track mode.
7.84432 INFO Goes into Escape mode.
7.860882 INFO Goes into Track mode.
7.860893 INFO Goes into Escape mode.
7.877424 INFO Goes into Track mode.
7.877435 INFO Goes into Escape mode.
7.910814 INFO Goes into Track mode.
7.910826 INFO Goes into Escape mode.
7.927296 INFO Goes into Track mode.
7.927308 INFO Goes into Escape mode.
7.943722 INFO Goes into Track mode.
7.943735 INFO Goes into Escape mode.
7.960263 INFO Goes into Track mode.
7.960276 INFO Goes into Escape mode.
7.976834 INFO Goes into Track mode.
7.976845 INFO Goes into Escape mode.
8.010015 INFO Goes into Track mode.
8.010028 INFO Goes into Escape mode.
8.026535 INFO Goes into Track mode.
8.026549 INFO Goes into Escape mode.
8.043221 INFO Goes into Track mode.
8.043233 INFO Goes into Escape mode.
8.059776 INFO Goes into Track mode.
8.05979 INFO Goes into Escape mode.
8.076299 INFO Goes into Track mode.
8.076312 INFO Goes into Escape mode.
8.109417 INFO Goes into Track mode.
8.109429 INFO Goes into Escape mode.
8.126008 INFO Goes into Track mode.
8.126019 INFO Goes into Escape mode.
8.14255 INFO Goes into Track mode.
8.142563 INFO Goes into Escape mode.
8.159107 INFO Goes into Track mode.
8.159119 INFO Goes into Escape mode.
8.192285 INFO Goes into Track mode.
12.05243 INFO Goes into Dodge mode.
12.63216 INFO Goes into Track mode.
14.10676 INFO Goes into Escape mode.
14.12323 INFO Goes into Track mode.
14.12325 INFO Goes into Escape mode.
14.13979 INFO Goes into Track mode.
14.1398 INFO Goes into Escape mode.
14.1564 INFO Goes into Track mode.
14.15642 INFO Goes into Escape mode.
14.18963 INFO Goes into Track mode.
14.18964 INFO Goes into Escape mode.
14.20608 INFO Goes into Track mode.
14.20609 INFO Goes into Escape mode.
14.22285 INFO Goes into Track mode.
14.22286 INFO Goes into Escape mode.
14.23918 INFO Goes into Track mode.
14.23919 INFO Goes into Escape mode.
14.27231 INFO Goes into Track mode.
14.27232 INFO Goes into Escape mode.
14.28889 INFO Goes into Track mode.
14.28891 INFO Goes into Escape mode.
14.30553 INFO Goes into Track mode.
14.30554 INFO Goes into Escape mode.
14.322 INFO Goes into Track mode.
14.32201 INFO Goes into Escape mode.
14.33854 INFO Goes into Track mode.
14.33855 INFO Goes into Escape mode.
14.37174 INFO Goes into Track mode.
14.37175 INFO Goes into Escape mode.
14.38827 INFO Goes into Track mode.
14.38828 INFO Goes into Escape mode.
14.40486 INFO Goes into Track mode.
14.40487 INFO Goes into Escape mode.
14.42141 INFO Goes into Track mode.
14.42142 INFO Goes into Escape mode.
14.4382 INFO Goes into Track mode.
14.43822 INFO Goes into Escape mode.
14.47133 INFO Goes into Track mode.
14.47134 INFO Goes into Escape mode.
14.48768 INFO Goes into Track mode.
14.48769 INFO Goes into Escape mode.
14.50424 INFO Goes into Track mode.
14.50426 INFO Goes into Escape mode.
14.53756 INFO Goes into Track mode.
14.53758 INFO Goes into Escape mode.
14.57057 INFO Goes into Track mode.
14.57058 INFO Goes into Escape mode.
14.58708 INFO Goes into Track mode.
14.5871 INFO Goes into Escape mode.
14.60364 INFO Goes into Track mode.
14.60365 INFO Goes into Escape mode.
14.62026 INFO Goes into Track mode.
14.62027 INFO Goes into Escape mode.
14.63675 INFO Goes into Track mode.
14.63676 INFO Goes into Escape mode.
14.6701 INFO Goes into Track mode.
14.67011 INFO Goes into Escape mode.
14.68656 INFO Goes into Track mode.
14.68657 INFO Goes into Escape mode.
14.70309 INFO Goes into Track mode.
14.7031 INFO Goes into Escape mode.
14.71955 INFO Goes into Track mode.
14.71956 INFO Goes into Escape mode.
14.73617 INFO Goes into Track mode.
14.73618 INFO Goes into Escape mode.
14.76929 INFO Goes into Track mode.
14.7693 INFO Goes into Escape mode.
14.78586 INFO Goes into Track mode.
14.78587 INFO Goes into Escape mode.
14.80254 INFO Goes into Track mode.
14.80255 INFO Goes into Escape mode.
14.81898 INFO Goes into Track mode.
14.81899 INFO Goes into Escape mode.
14.8524 INFO Goes into Track mode.
14.85241 INFO Goes into Escape mode.
14.86867 INFO Goes into Track mode.
14.86868 INFO Goes into Escape mode.
14.88529 INFO Goes into Track mode.
14.8853 INFO Goes into Escape mode.
14.90185 INFO Goes into Track mode.
14.90186 INFO Goes into Escape mode.
14.91836 INFO Goes into Track mode.
14.91837 INFO Goes into Escape mode.
14.95154 INFO Goes into Track mode.
14.95155 INFO Goes into Escape mode.
14.96811 INFO Goes into Track mode.
14.96813 INFO Goes into Escape mode.
14.98467 INFO Goes into Track mode.
14.98468 INFO Goes into Escape mode.
15.0014 INFO Goes into Track mode.
15.00141 INFO Goes into Escape mode.
15.01785 INFO Goes into Track mode.
15.01786 INFO Goes into Escape mode.
15.05096 INFO Goes into Track mode.
15.05097 INFO Goes into Escape mode.
15.06752 INFO Goes into Track mode.
15.06753 INFO Goes into Escape mode.
15.08415 INFO Goes into Track mode.
15.08417 INFO Goes into Escape mode.
15.10059 INFO Goes into Track mode.
15.1006 INFO Goes into Escape mode.
15.11719 INFO Goes into Track mode.
15.1172 INFO Goes into Escape mode.
15.15051 INFO Goes into Track mode.
15.15053 INFO Goes into Escape mode.
15.167 INFO Goes into Track mode.
15.16702 INFO Goes into Escape mode.
15.18347 INFO Goes into Track mode.
15.18348 INFO Goes into Escape mode.
15.20007 INFO Goes into Track mode.
15.20008 INFO Goes into Escape mode.
15.21656 INFO Goes into Track mode.
15.21657 INFO Goes into Escape mode.
15.24993 INFO Goes into Track mode.
15.24994 INFO Goes into Escape mode.
15.26629 INFO Goes into Track mode.
15.26631 INFO Goes into Escape mode.
15.28288 INFO Goes into Track mode.
15.28289 INFO Goes into Escape mode.
15.29942 INFO Goes into Track mode.
15.29943 INFO Goes into Escape mode.
15.3326 INFO Goes into Track mode.
16.6249 INFO Goes into Escape mode.
16.64149 INFO Goes into Track mode.
16.64151 INFO Goes into Escape mode.
16.65793 INFO Goes into Track mode.
16.65794 INFO Goes into Escape mode.
16.69112 INFO Goes into Track mode.
16.69114 INFO Goes into Escape mode.
16.70761 INFO Goes into Track mode.
16.70763 INFO Goes into Escape mode.
16.72421 INFO Goes into Track mode.
16.72423 INFO Goes into Escape mode.
16.74071 INFO Goes into Track mode.
16.74072 INFO Goes into Escape mode.
16.75732 INFO Goes into Track mode.
16.75733 INFO Goes into Escape mode.
16.79047 INFO Goes into Track mode.
16.79048 INFO Goes into Escape mode.
16.80712 INFO Goes into Track mode.
16.80713 INFO Goes into Escape mode.
16.82359 INFO Goes into Track mode.
16.8236 INFO Goes into Escape mode.
16.84013 INFO Goes into Track mode.
16.84014 INFO Goes into Escape mode.
16.85677 INFO Goes into Track mode.
16.85678 INFO Goes into Escape mode.
16.88986 INFO Goes into Track mode.
16.88987 INFO Goes into Escape mode.
16.90638 INFO Goes into Track mode.
16.90639 INFO Goes into Escape mode.
16.92294 INFO Goes into Track mode.
16.92302 INFO Goes into Escape mode.
16.93958 INFO Goes into Track mode.
16.93959 INFO Goes into Escape mode.
16.97268 INFO Goes into Track mode.
16.97269 INFO Goes into Escape mode.
16.98923 INFO Goes into Track mode.
16.98924 INFO Goes into Escape mode.
17.00576 INFO Goes into Track mode.
17.00577 INFO Goes into Escape mode.
17.02235 INFO Goes into Track mode.
17.02237 INFO Goes into Escape mode.
17.03893 INFO Goes into Track mode.
17.03894 INFO Goes into Escape mode.
17.0721 INFO Goes into Track mode.
17.07211 INFO Goes into Escape mode.
17.08862 INFO Goes into Track mode.
17.08864 INFO Goes into Escape mode.
17.1052 INFO Goes into Track mode.
17.10521 INFO Goes into Escape mode.
17.12189 INFO Goes into Track mode.
17.1219 INFO Goes into Escape mode.
17.13853 INFO Goes into Track mode.
17.13854 INFO Goes into Escape mode.
17.17149 INFO Goes into Track mode.
17.1715 INFO Goes into Escape mode.
17.18807 INFO Goes into Track mode.
17.18808 INFO Goes into Escape mode.
17.20461 INFO Goes into Track mode.
17.20462 INFO Goes into Escape mode.
17.22116 INFO Goes into Track mode.
17.22118 INFO Goes into Escape mode.
17.23772 INFO Goes into Track mode.
17.23773 INFO Goes into Escape mode.
17.27105 INFO Goes into Track mode.
17.27107 INFO Goes into Escape mode.
17.28742 INFO Goes into Track mode.
17.28743 INFO Goes into Escape mode.
17.30424 INFO Goes into Track mode.
17.30426 INFO Goes into Escape mode.
17.32068 INFO Goes into Track mode.
17.32069 INFO Goes into Escape mode.
17.33716 INFO Goes into Track mode.
17.33717 INFO Goes into Escape mode.
17.37034 INFO Goes into Track mode.
17.37036 INFO Goes into Escape mode.
17.38712 INFO Goes into Track mode.
17.38714 INFO Goes into Escape mode.
17.40345 INFO Goes into Track mode.
17.40346 INFO Goes into Escape mode.
17.41999 INFO Goes into Track mode.
17.42001 INFO Goes into Escape mode.
17.4365 INFO Goes into Track mode.
17.43652 INFO Goes into Escape mode.
17.46971 INFO Goes into Track mode.
17.46972 INFO Goes into Escape mode.
17.48624 INFO Goes into Track mode.
17.48626 INFO Goes into Escape mode.
17.50279 INFO Goes into Track mode.
17.5028 INFO Goes into Escape mode.
17.51934 INFO Goes into Track mode.
17.51935 INFO Goes into Escape mode.
17.55247 INFO Goes into Track mode.
17.55248 INFO Goes into Escape mode.
17.56902 INFO Goes into Track mode.
17.56903 INFO Goes into Escape mode.
17.5856 INFO Goes into Track mode.
17.58562 INFO Goes into Escape mode.
17.60218 INFO Goes into Track mode.
17.6022 INFO Goes into Escape mode.
17.61902 INFO Goes into Track mode.
17.61903 INFO Goes into Escape mode.
17.6519 INFO Goes into Track mode.
17.65191 INFO Goes into Escape mode.
17.66867 INFO Goes into Track mode.
17.66869 INFO Goes into Escape mode.
17.68533 INFO Goes into Track mode.
17.68534 INFO Goes into Escape mode.
17.70164 INFO Goes into Track mode.
17.70166 INFO Goes into Escape mode.
17.71811 INFO Goes into Track mode.
17.71813 INFO Goes into Escape mode.
17.7513 INFO Goes into Track mode.
17.75131 INFO Goes into Escape mode.
17.76783 INFO Goes into Track mode.
17.76785 INFO Goes into Escape mode.
17.78449 INFO Goes into Track mode.
17.7845 INFO Goes into Escape mode.
17.80097 INFO Goes into Track mode.
17.80098 INFO Goes into Escape mode.
17.81748 INFO Goes into Track mode.
17.81749 INFO Goes into Escape mode.
17.85064 INFO Goes into Track mode.
17.85065 INFO Goes into Escape mode.
17.86725 INFO Goes into Track mode.
17.86727 INFO Goes into Escape mode.
17.88384 INFO Goes into Track mode.
17.88385 INFO Goes into Escape mode.
17.90052 INFO Goes into Track mode.
17.90054 INFO Goes into Escape mode.
17.91699 INFO Goes into Track mode.
17.917 INFO Goes into Escape mode.
17.95016 INFO Goes into Track mode.
17.95017 INFO Goes into Escape mode.
17.96673 INFO Goes into Track mode.
17.96674 INFO Goes into Escape mode.
17.98325 INFO Goes into Track mode.
17.98326 INFO Goes into Escape mode.
17.99979 INFO Goes into Track mode.
17.99981 INFO Goes into Escape mode.
18.01636 INFO Goes into Track mode.
18.0165 INFO Goes into Escape mode.
18.05921 INFO Goes into Track mode.
18.05923 INFO Goes into Escape mode.
18.06613 INFO Goes into Track mode.
18.06614 INFO Goes into Escape mode.
18.08264 INFO Goes into Track mode.
18.08265 INFO Goes into Escape mode.
18.09915 INFO Goes into Track mode.
18.09916 INFO Goes into Escape mode.
18.1323 INFO Goes into Track mode.
18.13232 INFO Goes into Escape mode.
18.14888 INFO Goes into Track mode.
18.14889 INFO Goes into Escape mode.
18.16542 INFO Goes into Track mode.
18.16543 INFO Goes into Escape mode.
18.18204 INFO Goes into Track mode.
18.18205 INFO Goes into Escape mode.
18.19855 INFO Goes into Track mode.
18.19856 INFO Goes into Escape mode.
18.2317 INFO Goes into Track mode.
18.23172 INFO Goes into Escape mode.
18.24834 INFO Goes into Track mode.
18.24835 INFO Goes into Escape mode.
18.26493 INFO Goes into Track mode.
18.26495 INFO Goes into Escape mode.
18.2814 INFO Goes into Track mode.
18.28141 INFO Goes into Escape mode.
18.29793 INFO Goes into Track mode.
18.29794 INFO Goes into Escape mode.
18.33106 INFO Goes into Track mode.
18.33107 INFO Goes into Escape mode.
18.34766 INFO Goes into Track mode.
18.34767 INFO Goes into Escape mode.
18.36427 INFO Goes into Track mode.
18.36428 INFO Goes into Escape mode.
18.3808 INFO Goes into Track mode.
18.38082 INFO Goes into Escape mode.
18.39738 INFO Goes into Track mode.
18.3974 INFO Goes into Escape mode.
18.43058 INFO Goes into Track mode.
18.43059 INFO Goes into Escape mode.
18.44708 INFO Goes into Track mode.
18.44709 INFO Goes into Escape mode.
18.46364 INFO Goes into Track mode.
18.46365 INFO Goes into Escape mode.
18.48023 INFO Goes into Track mode.
18.48025 INFO Goes into Escape mode.
18.49677 INFO Goes into Track mode.
18.49679 INFO Goes into Escape mode.
18.5299 INFO Goes into Track mode.
18.52992 INFO Goes into Escape mode.
18.54644 INFO Goes into Track mode.
18.54646 INFO Goes into Escape mode.
18.5632 INFO Goes into Track mode.
18.56321 INFO Goes into Escape mode.
18.57957 INFO Goes into Track mode.
18.57958 INFO Goes into Escape mode.
18.59627 INFO Goes into Track mode.
18.59628 INFO Goes into Escape mode.
18.6294 INFO Goes into Track mode.
18.62942 INFO Goes into Escape mode.
18.64598 INFO Goes into Track mode.
18.64599 INFO Goes into Escape mode.
18.66245 INFO Goes into Track mode.
18.66246 INFO Goes into Escape mode.
18.67902 INFO Goes into Track mode.
18.67903 INFO Goes into Escape mode.
18.71216 INFO Goes into Track mode.
18.71217 INFO Goes into Escape mode.
18.72871 INFO Goes into Track mode.
18.72872 INFO Goes into Escape mode.
18.74526 INFO Goes into Track mode.
18.74527 INFO Goes into Escape mode.
18.76196 INFO Goes into Track mode.
18.76197 INFO Goes into Escape mode.
18.77841 INFO Goes into Track mode.
18.77843 INFO Goes into Escape mode.
18.81157 INFO Goes into Track mode.
18.81158 INFO Goes into Escape mode.
18.8281 INFO Goes into Track mode.
18.82812 INFO Goes into Escape mode.
18.84468 INFO Goes into Track mode.
18.84469 INFO Goes into Escape mode.
18.86127 INFO Goes into Track mode.
18.86129 INFO Goes into Escape mode.
18.87782 INFO Goes into Track mode.
18.87784 INFO Goes into Escape mode.
18.91121 INFO Goes into Track mode.
18.91122 INFO Goes into Escape mode.
18.92752 INFO Goes into Track mode.
18.92753 INFO Goes into Escape mode.
18.94408 INFO Goes into Track mode.
18.94409 INFO Goes into Escape mode.
18.96067 INFO Goes into Track mode.
18.96068 INFO Goes into Escape mode.
18.97722 INFO Goes into Track mode.
18.97724 INFO Goes into Escape mode.
19.01035 INFO Goes into Track mode.
19.01037 INFO Goes into Escape mode.
19.02704 INFO Goes into Track mode.
19.02706 INFO Goes into Escape mode.
19.04349 INFO Goes into Track mode.
19.0435 INFO Goes into Escape mode.
19.06004 INFO Goes into Track mode.
19.06005 INFO Goes into Escape mode.
19.07697 INFO Goes into Track mode.
19.07698 INFO Goes into Escape mode.
19.10971 INFO Goes into Track mode.
19.10973 INFO Goes into Escape mode.
19.1263 INFO Goes into Track mode.
19.12631 INFO Goes into Escape mode.
19.14286 INFO Goes into Track mode.
19.14288 INFO Goes into Escape mode.
19.15951 INFO Goes into Track mode.
19.15952 INFO Goes into Escape mode.
19.19264 INFO Goes into Track mode.
19.19266 INFO Goes into Escape mode.
19.20925 INFO Goes into Track mode.
19.20927 INFO Goes into Escape mode.
19.22571 INFO Goes into Track mode.
19.22573 INFO Goes into Escape mode.
19.24239 INFO Goes into Track mode.
19.2424 INFO Goes into Escape mode.
19.25885 INFO Goes into Track mode.
19.25887 INFO Goes into Escape mode.
19.292 INFO Goes into Track mode.
19.29202 INFO Goes into Escape mode.
19.30856 INFO Goes into Track mode.
19.30858 INFO Goes into Escape mode.
19.3251 INFO Goes into Track mode.
19.32511 INFO Goes into Escape mode.
19.34169 INFO Goes into Track mode.
19.3417 INFO Goes into Escape mode.
19.35825 INFO Goes into Track mode.
19.35826 INFO Goes into Escape mode.
19.39135 INFO Goes into Track mode.
19.39137 INFO Goes into Escape mode.
19.40792 INFO Goes into Track mode.
19.40794 INFO Goes into Escape mode.
19.42448 INFO Goes into Track mode.
19.42449 INFO Goes into Escape mode.
19.44103 INFO Goes into Track mode.
19.44105 INFO Goes into Escape mode.
19.4576 INFO Goes into Track mode.
19.45761 INFO Goes into Escape mode.
19.4908 INFO Goes into Track mode.
19.49082 INFO Goes into Escape mode.
19.50726 INFO Goes into Track mode.
19.50728 INFO Goes into Escape mode.
19.52382 INFO Goes into Track mode.
19.52383 INFO Goes into Escape mode.
19.54037 INFO Goes into Track mode.
19.54038 INFO Goes into Escape mode.
19.55713 INFO Goes into Track mode.
19.55714 INFO Goes into Escape mode.
19.59009 INFO Goes into Track mode.
19.5901 INFO Goes into Escape mode.
19.60666 INFO Goes into Track mode.
19.60668 INFO Goes into Escape mode.
19.62321 INFO Goes into Track mode.
19.62323 INFO Goes into Escape mode.
19.63991 INFO Goes into Track mode.
19.63993 INFO Goes into Escape mode.
19.6567 INFO Goes into Track mode.
19.65671 INFO Goes into Escape mode.
19.68947 INFO Goes into Track mode.
19.68949 INFO Goes into Escape mode.
19.70607 INFO Goes into Track mode.
19.70608 INFO Goes into Escape mode.
19.7227 INFO Goes into Track mode.
19.72272 INFO Goes into Escape mode.
19.73919 INFO Goes into Track mode.
19.7392 INFO Goes into Escape mode.
19.77237 INFO Goes into Track mode.
19.77238 INFO Goes into Escape mode.
19.7889 INFO Goes into Track mode.
19.78891 INFO Goes into Escape mode.
19.80552 INFO Goes into Track mode.
19.80553 INFO Goes into Escape mode.
19.82201 INFO Goes into Track mode.
19.82203 INFO Goes into Escape mode.
19.83857 INFO Goes into Track mode.
19.83858 INFO Goes into Escape mode.
19.8718 INFO Goes into Track mode.
19.87181 INFO Goes into Escape mode.
19.88841 INFO Goes into Track mode.
19.88843 INFO Goes into Escape mode.
19.90487 INFO Goes into Track mode.
19.90489 INFO Goes into Escape mode.
19.92143 INFO Goes into Track mode.
19.92145 INFO Goes into Escape mode.
19.93797 INFO Goes into Track mode.
19.93798 INFO Goes into Escape mode.
19.97117 INFO Goes into Track mode.
19.97118 INFO Goes into Escape mode.
19.9877 INFO Goes into Track mode.
19.98771 INFO Goes into Escape mode.
20.0043 INFO Goes into Track mode.
20.00431 INFO Goes into Escape mode.
20.02084 INFO Goes into Track mode.
20.02085 INFO Goes into Escape mode.
20.03743 INFO Goes into Track mode.
20.03745 INFO Goes into Escape mode.
20.07059 INFO Goes into Track mode.
20.0706 INFO Goes into Escape mode.
20.08743 INFO Goes into Track mode.
20.08745 INFO Goes into Escape mode.
20.10372 INFO Goes into Track mode.
20.10373 INFO Goes into Escape mode.
20.12027 INFO Goes into Track mode.
20.12028 INFO Goes into Escape mode.
20.13683 INFO Goes into Track mode.
20.13684 INFO Goes into Escape mode.
20.16998 INFO Goes into Track mode.
20.16999 INFO Goes into Escape mode.
20.18655 INFO Goes into Track mode.
20.18657 INFO Goes into Escape mode.
20.2032 INFO Goes into Track mode.
20.20321 INFO Goes into Escape mode.
20.21965 INFO Goes into Track mode.
20.21967 INFO Goes into Escape mode.
20.23621 INFO Goes into Track mode.
20.23622 INFO Goes into Escape mode.
20.26935 INFO Goes into Track mode.
20.26936 INFO Goes into Escape mode.
20.28596 INFO Goes into Track mode.
20.28598 INFO Goes into Escape mode.
20.30249 INFO Goes into Track mode.
20.3025 INFO Goes into Escape mode.
20.31905 INFO Goes into Track mode.
20.31906 INFO Goes into Escape mode.
20.35221 INFO Goes into Track mode.
20.35222 INFO Goes into Escape mode.
20.36883 INFO Goes into Track mode.
20.36884 INFO Goes into Escape mode.
20.38532 INFO Goes into Track mode.
20.38533 INFO Goes into Escape mode.
20.40216 INFO Goes into Track mode.
20.40218 INFO Goes into Escape mode.
20.41846 INFO Goes into Track mode.
20.41847 INFO Goes into Escape mode.
20.45162 INFO Goes into Track mode.
20.45163 INFO Goes into Escape mode.
20.46823 INFO Goes into Track mode.
20.46824 INFO Goes into Escape mode.
20.48477 INFO Goes into Track mode.
20.48479 INFO Goes into Escape mode.
20.50133 INFO Goes into Track mode.
20.50134 INFO Goes into Escape mode.
20.51786 INFO Goes into Track mode.
20.51788 INFO Goes into Escape mode.
20.551 INFO Goes into Track mode.
20.55102 INFO Goes into Escape mode.
20.56759 INFO Goes into Track mode.
20.5676 INFO Goes into Escape mode.
20.58416 INFO Goes into Track mode.
20.58417 INFO Goes into Escape mode.
20.60074 INFO Goes into Track mode.
20.60075 INFO Goes into Escape mode.
20.61749 INFO Goes into Track mode.
20.61751 INFO Goes into Escape mode.
20.65045 INFO Goes into Track mode.
20.65046 INFO Goes into Escape mode.
20.66707 INFO Goes into Track mode.
20.66708 INFO Goes into Escape mode.
20.68358 INFO Goes into Track mode.
20.68359 INFO Goes into Escape mode.
20.70021 INFO Goes into Track mode.
20.70022 INFO Goes into Escape mode.
20.71671 INFO Goes into Track mode.
20.71673 INFO Goes into Escape mode.
20.74981 INFO Goes into Track mode.
20.74983 INFO Goes into Escape mode.
20.76643 INFO Goes into Track mode.
20.76645 INFO Goes into Escape mode.
20.78299 INFO Goes into Track mode.
20.783 INFO Goes into Escape mode.
20.79951 INFO Goes into Track mode.
20.79952 INFO Goes into Escape mode.
20.81611 INFO Goes into Track mode.
20.81612 INFO Goes into Escape mode.
20.84925 INFO Goes into Track mode.
21.09829 INFO Has hit NightHunter_AI_B2 (3).
21.13161 INFO Has hit NightHunter_AI_B2 (3).
24.03016 INFO Goes into Escape mode.
24.04657 INFO Goes into Track mode.
24.04658 INFO Goes into Escape mode.
24.07973 INFO Goes into Track mode.
24.07975 INFO Goes into Escape mode.
24.09638 INFO Goes into Track mode.
24.09639 INFO Goes into Escape mode.
24.1297 INFO Goes into Track mode.
24.12971 INFO Goes into Escape mode.
24.14639 INFO Goes into Track mode.
24.1464 INFO Goes into Escape mode.
24.16259 INFO Goes into Track mode.
24.1626 INFO Goes into Escape mode.
24.17917 INFO Goes into Track mode.
24.17918 INFO Goes into Escape mode.
24.2123 INFO Goes into Track mode.
24.21231 INFO Goes into Escape mode.
24.22882 INFO Goes into Track mode.
24.22883 INFO Goes into Escape mode.
24.24542 INFO Goes into Track mode.
24.24543 INFO Goes into Escape mode.
24.26196 INFO Goes into Track mode.
24.26197 INFO Goes into Escape mode.
24.27853 INFO Goes into Track mode.
24.27854 INFO Goes into Escape mode.
24.31167 INFO Goes into Track mode.
24.31168 INFO Goes into Escape mode.
24.32824 INFO Goes into Track mode.
24.32825 INFO Goes into Escape mode.
24.34477 INFO Goes into Track mode.
24.34478 INFO Goes into Escape mode.
24.36141 INFO Goes into Track mode.
24.36143 INFO Goes into Escape mode.
24.37797 INFO Goes into Track mode.
24.37798 INFO Goes into Escape mode.
24.41116 INFO Goes into Track mode.
24.41117 INFO Goes into Escape mode.
24.42766 INFO Goes into Track mode.
24.42767 INFO Goes into Escape mode.
24.44422 INFO Goes into Track mode.
24.44423 INFO Goes into Escape mode.
24.46112 INFO Goes into Track mode.
24.46115 INFO Goes into Escape mode.
24.47739 INFO Goes into Track mode.
24.47746 INFO Goes into Escape mode.
24.51055 INFO Goes into Track mode.
24.51056 INFO Goes into Escape mode.
24.52706 INFO Goes into Track mode.
24.52707 INFO Goes into Escape mode.
24.54364 INFO Goes into Track mode.
24.54366 INFO Goes into Escape mode.
24.56022 INFO Goes into Track mode.
24.56024 INFO Goes into Escape mode.
24.57677 INFO Goes into Track mode.
24.57678 INFO Goes into Escape mode.
24.60988 INFO Goes into Track mode.
24.60989 INFO Goes into Escape mode.
24.62657 INFO Goes into Track mode.
24.62658 INFO Goes into Escape mode.
24.64319 INFO Goes into Track mode.
24.6432 INFO Goes into Escape mode.
24.65961 INFO Goes into Track mode.
24.65962 INFO Goes into Escape mode.
24.67619 INFO Goes into Track mode.
24.6762 INFO Goes into Escape mode.
24.70936 INFO Goes into Track mode.
24.70938 INFO Goes into Escape mode.
24.72586 INFO Goes into Track mode.
24.72587 INFO Goes into Escape mode.
24.7424 INFO Goes into Track mode.
24.74242 INFO Goes into Escape mode.
24.75907 INFO Goes into Track mode.
24.75908 INFO Goes into Escape mode.
24.79214 INFO Goes into Track mode.
24.79215 INFO Goes into Escape mode.
24.80874 INFO Goes into Track mode.
24.80876 INFO Goes into Escape mode.
24.82523 INFO Goes into Track mode.
24.82524 INFO Goes into Escape mode.
24.84185 INFO Goes into Track mode.
24.84186 INFO Goes into Escape mode.
24.85844 INFO Goes into Track mode.
24.85846 INFO Goes into Escape mode.
24.8916 INFO Goes into Track mode.
24.89161 INFO Goes into Escape mode.
24.90813 INFO Goes into Track mode.
24.90815 INFO Goes into Escape mode.
24.92467 INFO Goes into Track mode.
24.92468 INFO Goes into Escape mode.
24.94133 INFO Goes into Track mode.
24.94134 INFO Goes into Escape mode.
24.95786 INFO Goes into Track mode.
24.95787 INFO Goes into Escape mode.
24.99123 INFO Goes into Track mode.
24.99125 INFO Goes into Escape mode.
25.00758 INFO Goes into Track mode.
25.00759 INFO Goes into Escape mode.
25.02415 INFO Goes into Track mode.
25.02417 INFO Goes into Escape mode.
25.04066 INFO Goes into Track mode.
25.04067 INFO Goes into Escape mode.
25.05725 INFO Goes into Track mode.
25.05726 INFO Goes into Escape mode.
25.09041 INFO Goes into Track mode.
25.09042 INFO Goes into Escape mode.
25.10706 INFO Goes into Track mode.
25.10707 INFO Goes into Escape mode.
25.12348 INFO Goes into Track mode.
25.12349 INFO Goes into Escape mode.
25.14007 INFO Goes into Track mode.
25.14008 INFO Goes into Escape mode.
25.15669 INFO Goes into Track mode.
25.1567 INFO Goes into Escape mode.
25.18981 INFO Goes into Track mode.
25.18983 INFO Goes into Escape mode.
25.20665 INFO Goes into Track mode.
25.20667 INFO Goes into Escape mode.
25.22292 INFO Goes into Track mode.
25.22293 INFO Goes into Escape mode.
25.23955 INFO Goes into Track mode.
25.23956 INFO Goes into Escape mode.
25.27289 INFO Goes into Track mode.
25.27291 INFO Goes into Escape mode.
25.28922 INFO Goes into Track mode.
25.28924 INFO Goes into Escape mode.
25.30577 INFO Goes into Track mode.
25.30578 INFO Goes into Escape mode.
25.32234 INFO Goes into Track mode.
25.32236 INFO Goes into Escape mode.
25.33885 INFO Goes into Track mode.
25.33887 INFO Goes into Escape mode.
25.37228 INFO Goes into Track mode.
25.37229 INFO Goes into Escape mode.
25.38858 INFO Goes into Track mode.
25.38859 INFO Goes into Escape mode.
25.40516 INFO Goes into Track mode.
25.40517 INFO Goes into Escape mode.
25.42178 INFO Goes into Track mode.
25.42179 INFO Goes into Escape mode.
25.43824 INFO Goes into Track mode.
25.43825 INFO Goes into Escape mode.
25.4714 INFO Goes into Track mode.
25.47141 INFO Goes into Escape mode.
25.48795 INFO Goes into Track mode.
25.48796 INFO Goes into Escape mode.
25.50449 INFO Goes into Track mode.
25.5045 INFO Goes into Escape mode.
25.52103 INFO Goes into Track mode.
25.52104 INFO Goes into Escape mode.
25.53762 INFO Goes into Track mode.
25.53764 INFO Goes into Escape mode.
25.57078 INFO Goes into Track mode.
25.57079 INFO Goes into Escape mode.
25.58741 INFO Goes into Track mode.
25.58757 INFO Goes into Escape mode.
25.6041 INFO Goes into Track mode.
25.60411 INFO Goes into Escape mode.
25.62046 INFO Goes into Track mode.
25.62047 INFO Goes into Escape mode.
25.63728 INFO Goes into Track mode.
25.63729 INFO Goes into Escape mode.
25.67012 INFO Goes into Track mode.
25.67013 INFO Goes into Escape mode.
25.6867 INFO Goes into Track mode.
25.68672 INFO Goes into Escape mode.
25.70325 INFO Goes into Track mode.
25.70326 INFO Goes into Escape mode.
25.71981 INFO Goes into Track mode.
25.71982 INFO Goes into Escape mode.
25.73663 INFO Goes into Track mode.
25.73664 INFO Goes into Escape mode.
25.76953 INFO Goes into Track mode.
25.76954 INFO Goes into Escape mode.
25.78608 INFO Goes into Track mode.
25.78609 INFO Goes into Escape mode.
25.80266 INFO Goes into Track mode.
25.80267 INFO Goes into Escape mode.
25.81921 INFO Goes into Track mode.
25.81922 INFO Goes into Escape mode.
25.85242 INFO Goes into Track mode.
25.85243 INFO Goes into Escape mode.
25.86896 INFO Goes into Track mode.
25.86897 INFO Goes into Escape mode.
25.88566 INFO Goes into Track mode.
25.88568 INFO Goes into Escape mode.
25.90209 INFO Goes into Track mode.
25.90211 INFO Goes into Escape mode.
25.91858 INFO Goes into Track mode.
25.91859 INFO Goes into Escape mode.
25.95176 INFO Goes into Track mode.
25.95177 INFO Goes into Escape mode.
25.96832 INFO Goes into Track mode.
25.96833 INFO Goes into Escape mode.
25.98497 INFO Goes into Track mode.
27.44311 INFO Has hit NightHunter_AI_B1 (3).
27.69174 INFO Has hit NightHunter_AI_B1 (2).
30.90549 INFO Has hit NightHunter_AI_B1 (2).
51.53046 INFO Goes into Escape mode.
51.54701 INFO Goes into Track mode.
51.54702 INFO Goes into Escape mode.
51.5637 INFO Goes into Track mode.
51.56372 INFO Goes into Escape mode.
51.58014 INFO Goes into Track mode.
51.58015 INFO Goes into Escape mode.
51.59673 INFO Goes into Track mode.
51.59674 INFO Goes into Escape mode.
51.62988 INFO Goes into Track mode.
51.62989 INFO Goes into Escape mode.
51.64644 INFO Goes into Track mode.
51.64646 INFO Goes into Escape mode.
51.66299 INFO Goes into Track mode.
51.663 INFO Goes into Escape mode.
51.67957 INFO Goes into Track mode.
51.67959 INFO Goes into Escape mode.
51.69616 INFO Goes into Track mode.
51.69618 INFO Goes into Escape mode.
51.7293 INFO Goes into Track mode.
51.72931 INFO Goes into Escape mode.
51.74585 INFO Goes into Track mode.
51.74586 INFO Goes into Escape mode.
51.76245 INFO Goes into Track mode.
51.76246 INFO Goes into Escape mode.
51.77901 INFO Goes into Track mode.
51.77902 INFO Goes into Escape mode.
51.81213 INFO Goes into Track mode.
51.81215 INFO Goes into Escape mode.
51.82869 INFO Goes into Track mode.
51.8287 INFO Goes into Escape mode.
51.84528 INFO Goes into Track mode.
51.84529 INFO Goes into Escape mode.
51.86184 INFO Goes into Track mode.
51.86185 INFO Goes into Escape mode.
51.87841 INFO Goes into Track mode.
51.87842 INFO Goes into Escape mode.
51.91156 INFO Goes into Track mode.
51.91157 INFO Goes into Escape mode.
51.92808 INFO Goes into Track mode.
51.92809 INFO Goes into Escape mode.
51.94467 INFO Goes into Track mode.
51.94468 INFO Goes into Escape mode.
51.96125 INFO Goes into Track mode.
51.96127 INFO Goes into Escape mode.
51.97781 INFO Goes into Track mode.
51.97783 INFO Goes into Escape mode.
52.011 INFO Goes into Track mode.
52.01102 INFO Goes into Escape mode.
52.02758 INFO Goes into Track mode.
52.02759 INFO Goes into Escape mode.
52.04406 INFO Goes into Track mode.
52.04407 INFO Goes into Escape mode.
52.06076 INFO Goes into Track mode.
52.06077 INFO Goes into Escape mode.
52.07722 INFO Goes into Track mode.
52.07723 INFO Goes into Escape mode.
52.11036 INFO Goes into Track mode.
52.11038 INFO Goes into Escape mode.
52.12691 INFO Goes into Track mode.
52.12692 INFO Goes into Escape mode.
52.14373 INFO Goes into Track mode.
52.14374 INFO Goes into Escape mode.
52.16005 INFO Goes into Track mode.
52.16006 INFO Goes into Escape mode