Time : 2/2/2017 3:59:04 AM
1.443251 INFO Goes into Track mode.
4.808103 INFO Goes into Escape mode.
4.824634 INFO Goes into Track mode.
4.824646 INFO Goes into Escape mode.
4.857989 INFO Goes into Track mode.
4.858002 INFO Goes into Escape mode.
4.874372 INFO Goes into Track mode.
4.874384 INFO Goes into Escape mode.
4.890893 INFO Goes into Track mode.
4.890904 INFO Goes into Escape mode.
4.907468 INFO Goes into Track mode.
4.907482 INFO Goes into Escape mode.
4.924103 INFO Goes into Track mode.
4.924116 INFO Goes into Escape mode.
4.957177 INFO Goes into Track mode.
4.957192 INFO Goes into Escape mode.
4.973789 INFO Goes into Track mode.
4.973804 INFO Goes into Escape mode.
4.990305 INFO Goes into Track mode.
4.99032 INFO Goes into Escape mode.
5.006871 INFO Goes into Track mode.
5.006883 INFO Goes into Escape mode.
5.040009 INFO Goes into Track mode.
5.04002 INFO Goes into Escape mode.
5.056551 INFO Goes into Track mode.
5.056562 INFO Goes into Escape mode.
5.07316 INFO Goes into Track mode.
5.073172 INFO Goes into Escape mode.
5.089695 INFO Goes into Track mode.
5.089707 INFO Goes into Escape mode.
5.106272 INFO Goes into Track mode.
5.106284 INFO Goes into Escape mode.
5.139455 INFO Goes into Track mode.
5.139466 INFO Goes into Escape mode.
5.155996 INFO Goes into Track mode.
5.156008 INFO Goes into Escape mode.
5.172591 INFO Goes into Track mode.
5.172603 INFO Goes into Escape mode.
5.18937 INFO Goes into Track mode.
5.189383 INFO Goes into Escape mode.
5.2057 INFO Goes into Track mode.
5.205713 INFO Goes into Escape mode.
5.238821 INFO Goes into Track mode.
5.238832 INFO Goes into Escape mode.
5.25539 INFO Goes into Track mode.
5.255403 INFO Goes into Escape mode.
5.27196 INFO Goes into Track mode.
5.271973 INFO Goes into Escape mode.
5.288533 INFO Goes into Track mode.
5.288545 INFO Goes into Escape mode.
5.305191 INFO Goes into Track mode.
5.305203 INFO Goes into Escape mode.
5.33822 INFO Goes into Track mode.
5.338248 INFO Goes into Escape mode.
5.355035 INFO Goes into Track mode.
5.355047 INFO Goes into Escape mode.
5.371368 INFO Goes into Track mode.
5.37138 INFO Goes into Escape mode.
5.387929 INFO Goes into Track mode.
5.387942 INFO Goes into Escape mode.
5.404507 INFO Goes into Track mode.
5.404519 INFO Goes into Escape mode.
5.437705 INFO Goes into Track mode.
5.437716 INFO Goes into Escape mode.
5.45422 INFO Goes into Track mode.
5.454232 INFO Goes into Escape mode.
5.470832 INFO Goes into Track mode.
5.470845 INFO Goes into Escape mode.
5.487335 INFO Goes into Track mode.
5.487349 INFO Goes into Escape mode.
5.52077 INFO Goes into Track mode.
5.520781 INFO Goes into Escape mode.
5.537059 INFO Goes into Track mode.
5.537071 INFO Goes into Escape mode.
5.553586 INFO Goes into Track mode.
5.553598 INFO Goes into Escape mode.
5.57015 INFO Goes into Track mode.
5.570161 INFO Goes into Escape mode.
5.586739 INFO Goes into Track mode.
5.58675 INFO Goes into Escape mode.
5.619867 INFO Goes into Track mode.
5.619878 INFO Goes into Escape mode.
5.63643 INFO Goes into Track mode.
5.636442 INFO Goes into Escape mode.
5.653013 INFO Goes into Track mode.
5.653024 INFO Goes into Escape mode.
5.669593 INFO Goes into Track mode.
5.669606 INFO Goes into Escape mode.
5.686394 INFO Goes into Track mode.
5.686406 INFO Goes into Escape mode.
5.71929 INFO Goes into Track mode.
5.719302 INFO Goes into Escape mode.
5.735831 INFO Goes into Track mode.
5.735842 INFO Goes into Escape mode.
5.752408 INFO Goes into Track mode.
5.752421 INFO Goes into Escape mode.
5.768969 INFO Goes into Track mode.
5.768981 INFO Goes into Escape mode.
5.78555 INFO Goes into Track mode.
5.785562 INFO Goes into Escape mode.
5.818726 INFO Goes into Track mode.
5.818738 INFO Goes into Escape mode.
5.835237 INFO Goes into Track mode.
5.835268 INFO Goes into Escape mode.
5.852031 INFO Goes into Track mode.
5.852042 INFO Goes into Escape mode.
5.868378 INFO Goes into Track mode.
5.86839 INFO Goes into Escape mode.
5.884933 INFO Goes into Track mode.
5.885013 INFO Goes into Escape mode.
5.918109 INFO Goes into Track mode.
5.918121 INFO Goes into Escape mode.
5.934605 INFO Goes into Track mode.
5.934617 INFO Goes into Escape mode.
5.951166 INFO Goes into Track mode.
5.951178 INFO Goes into Escape mode.
5.967745 INFO Goes into Track mode.
5.967759 INFO Goes into Escape mode.
5.984313 INFO Goes into Track mode.
5.984328 INFO Goes into Escape mode.
6.017715 INFO Goes into Track mode.
6.017728 INFO Goes into Escape mode.
6.03401 INFO Goes into Track mode.
6.034023 INFO Goes into Escape mode.
6.050576 INFO Goes into Track mode.
6.050589 INFO Goes into Escape mode.
6.067158 INFO Goes into Track mode.
6.06717 INFO Goes into Escape mode.
6.10028 INFO Goes into Track mode.
6.100292 INFO Goes into Escape mode.
6.116836 INFO Goes into Track mode.
6.116848 INFO Goes into Escape mode.
6.133415 INFO Goes into Track mode.
6.133427 INFO Goes into Escape mode.
6.149986 INFO Goes into Track mode.
6.149997 INFO Goes into Escape mode.
6.166562 INFO Goes into Track mode.
6.166573 INFO Goes into Escape mode.
6.199714 INFO Goes into Track mode.
6.199726 INFO Goes into Escape mode.
6.216322 INFO Goes into Track mode.
6.216334 INFO Goes into Escape mode.
6.232804 INFO Goes into Track mode.
6.232817 INFO Goes into Escape mode.
6.249356 INFO Goes into Track mode.
6.249372 INFO Goes into Escape mode.
6.265926 INFO Goes into Track mode.
6.265944 INFO Goes into Escape mode.
6.299082 INFO Goes into Track mode.
6.299102 INFO Goes into Escape mode.
6.315633 INFO Goes into Track mode.
6.315652 INFO Goes into Escape mode.
6.332196 INFO Goes into Track mode.
9.33614 INFO Goes into Dodge mode.
10.22488 INFO Goes into Track mode.
13.13241 INFO Goes into Escape mode.
13.1492 INFO Goes into Track mode.
13.14922 INFO Goes into Escape mode.
13.16554 INFO Goes into Track mode.
13.16556 INFO Goes into Escape mode.
13.19894 INFO Goes into Track mode.
13.19895 INFO Goes into Escape mode.
13.21525 INFO Goes into Track mode.
13.21527 INFO Goes into Escape mode.
13.2318 INFO Goes into Track mode.
13.23182 INFO Goes into Escape mode.
13.24837 INFO Goes into Track mode.
13.24839 INFO Goes into Escape mode.
13.265 INFO Goes into Track mode.
13.26501 INFO Goes into Escape mode.
13.29815 INFO Goes into Track mode.
13.29817 INFO Goes into Escape mode.
13.31466 INFO Goes into Track mode.
13.31468 INFO Goes into Escape mode.
13.33121 INFO Goes into Track mode.
13.33122 INFO Goes into Escape mode.
13.34778 INFO Goes into Track mode.
13.3478 INFO Goes into Escape mode.
13.36467 INFO Goes into Track mode.
13.36469 INFO Goes into Escape mode.
13.39751 INFO Goes into Track mode.
13.39753 INFO Goes into Escape mode.
13.41406 INFO Goes into Track mode.
13.41408 INFO Goes into Escape mode.
13.43063 INFO Goes into Track mode.
13.43065 INFO Goes into Escape mode.
13.44719 INFO Goes into Track mode.
13.44721 INFO Goes into Escape mode.
13.48033 INFO Goes into Track mode.
13.48035 INFO Goes into Escape mode.
13.49689 INFO Goes into Track mode.
13.4969 INFO Goes into Escape mode.
13.51351 INFO Goes into Track mode.
13.51353 INFO Goes into Escape mode.
13.5303 INFO Goes into Track mode.
13.53032 INFO Goes into Escape mode.
13.54659 INFO Goes into Track mode.
13.54662 INFO Goes into Escape mode.
13.57975 INFO Goes into Track mode.
13.57977 INFO Goes into Escape mode.
13.59631 INFO Goes into Track mode.
13.59633 INFO Goes into Escape mode.
13.61288 INFO Goes into Track mode.
13.6129 INFO Goes into Escape mode.
13.62944 INFO Goes into Track mode.
13.62946 INFO Goes into Escape mode.
13.64604 INFO Goes into Track mode.
13.64606 INFO Goes into Escape mode.
13.67917 INFO Goes into Track mode.
13.6792 INFO Goes into Escape mode.
13.69599 INFO Goes into Track mode.
13.69601 INFO Goes into Escape mode.
13.71231 INFO Goes into Track mode.
13.71233 INFO Goes into Escape mode.
13.72886 INFO Goes into Track mode.
13.72888 INFO Goes into Escape mode.
13.74543 INFO Goes into Track mode.
13.74544 INFO Goes into Escape mode.
13.77853 INFO Goes into Track mode.
13.77861 INFO Goes into Escape mode.
13.79512 INFO Goes into Track mode.
13.79514 INFO Goes into Escape mode.
13.81173 INFO Goes into Track mode.
13.81175 INFO Goes into Escape mode.
13.82824 INFO Goes into Track mode.
13.82825 INFO Goes into Escape mode.
13.84481 INFO Goes into Track mode.
13.84482 INFO Goes into Escape mode.
13.87797 INFO Goes into Track mode.
13.87799 INFO Goes into Escape mode.
13.89453 INFO Goes into Track mode.
13.89455 INFO Goes into Escape mode.
13.91109 INFO Goes into Track mode.
13.91111 INFO Goes into Escape mode.
13.92765 INFO Goes into Track mode.
13.92767 INFO Goes into Escape mode.
13.94419 INFO Goes into Track mode.
13.94421 INFO Goes into Escape mode.
13.97734 INFO Goes into Track mode.
13.97736 INFO Goes into Escape mode.
13.99391 INFO Goes into Track mode.
13.99393 INFO Goes into Escape mode.
14.01047 INFO Goes into Track mode.
14.01048 INFO Goes into Escape mode.
14.02728 INFO Goes into Track mode.
14.02729 INFO Goes into Escape mode.
14.06017 INFO Goes into Track mode.
14.06018 INFO Goes into Escape mode.
14.07674 INFO Goes into Track mode.
14.07676 INFO Goes into Escape mode.
14.09331 INFO Goes into Track mode.
14.09333 INFO Goes into Escape mode.
14.10987 INFO Goes into Track mode.
14.10989 INFO Goes into Escape mode.
14.12643 INFO Goes into Track mode.
14.12645 INFO Goes into Escape mode.
14.15957 INFO Goes into Track mode.
14.15959 INFO Goes into Escape mode.
14.17614 INFO Goes into Track mode.
14.17616 INFO Goes into Escape mode.
14.19298 INFO Goes into Track mode.
14.193 INFO Goes into Escape mode.
14.20926 INFO Goes into Track mode.
14.20928 INFO Goes into Escape mode.
14.22583 INFO Goes into Track mode.
14.22584 INFO Goes into Escape mode.
14.25902 INFO Goes into Track mode.
14.25904 INFO Goes into Escape mode.
14.27555 INFO Goes into Track mode.
14.27557 INFO Goes into Escape mode.
14.29211 INFO Goes into Track mode.
14.29212 INFO Goes into Escape mode.
14.30874 INFO Goes into Track mode.
14.30876 INFO Goes into Escape mode.
14.32524 INFO Goes into Track mode.
14.32526 INFO Goes into Escape mode.
14.35861 INFO Goes into Track mode.
14.35865 INFO Goes into Escape mode.
14.37493 INFO Goes into Track mode.
14.37495 INFO Goes into Escape mode.
14.39148 INFO Goes into Track mode.
14.3915 INFO Goes into Escape mode.
14.40806 INFO Goes into Track mode.
14.40808 INFO Goes into Escape mode.
14.42463 INFO Goes into Track mode.
14.42465 INFO Goes into Escape mode.
14.45777 INFO Goes into Track mode.
14.45779 INFO Goes into Escape mode.
14.47435 INFO Goes into Track mode.
14.47437 INFO Goes into Escape mode.
14.49093 INFO Goes into Track mode.
14.49095 INFO Goes into Escape mode.
14.50747 INFO Goes into Track mode.
14.50749 INFO Goes into Escape mode.
14.52433 INFO Goes into Track mode.
14.52435 INFO Goes into Escape mode.
14.55717 INFO Goes into Track mode.
14.55718 INFO Goes into Escape mode.
14.57376 INFO Goes into Track mode.
14.57378 INFO Goes into Escape mode.
14.59029 INFO Goes into Track mode.
14.59031 INFO Goes into Escape mode.
14.60687 INFO Goes into Track mode.
14.60689 INFO Goes into Escape mode.
14.64011 INFO Goes into Track mode.
14.64014 INFO Goes into Escape mode.
14.65656 INFO Goes into Track mode.
14.65658 INFO Goes into Escape mode.
14.67318 INFO Goes into Track mode.
14.6732 INFO Goes into Escape mode.
14.68995 INFO Goes into Track mode.
14.68997 INFO Goes into Escape mode.
14.70629 INFO Goes into Track mode.
14.70631 INFO Goes into Escape mode.
14.73939 INFO Goes into Track mode.
14.73941 INFO Goes into Escape mode.
14.75597 INFO Goes into Track mode.
14.75599 INFO Goes into Escape mode.
14.77254 INFO Goes into Track mode.
14.77256 INFO Goes into Escape mode.
14.7891 INFO Goes into Track mode.
14.78911 INFO Goes into Escape mode.
14.80572 INFO Goes into Track mode.
14.80574 INFO Goes into Escape mode.
14.83881 INFO Goes into Track mode.
14.83883 INFO Goes into Escape mode.
14.85558 INFO Goes into Track mode.
14.85559 INFO Goes into Escape mode.
14.87195 INFO Goes into Track mode.
14.87197 INFO Goes into Escape mode.
14.88851 INFO Goes into Track mode.
14.88853 INFO Goes into Escape mode.
14.90509 INFO Goes into Track mode.
14.90511 INFO Goes into Escape mode.
14.9382 INFO Goes into Track mode.
14.93822 INFO Goes into Escape mode.
14.95478 INFO Goes into Track mode.
14.9548 INFO Goes into Escape mode.
14.97131 INFO Goes into Track mode.
14.97133 INFO Goes into Escape mode.
14.98811 INFO Goes into Track mode.
14.98813 INFO Goes into Escape mode.
15.00449 INFO Goes into Track mode.
15.00451 INFO Goes into Escape mode.
15.0376 INFO Goes into Track mode.
15.03762 INFO Goes into Escape mode.
15.05417 INFO Goes into Track mode.
15.05418 INFO Goes into Escape mode.
15.07076 INFO Goes into Track mode.
15.07078 INFO Goes into Escape mode.
15.08729 INFO Goes into Track mode.
15.08731 INFO Goes into Escape mode.
15.12044 INFO Goes into Track mode.
15.12046 INFO Goes into Escape mode.
15.13697 INFO Goes into Track mode.
15.13699 INFO Goes into Escape mode.
15.15365 INFO Goes into Track mode.
15.15367 INFO Goes into Escape mode.
15.17036 INFO Goes into Track mode.
15.17037 INFO Goes into Escape mode.
15.18674 INFO Goes into Track mode.
15.18675 INFO Goes into Escape mode.
15.21985 INFO Goes into Track mode.
15.21987 INFO Goes into Escape mode.
15.2364 INFO Goes into Track mode.
15.23642 INFO Goes into Escape mode.
15.25296 INFO Goes into Track mode.
15.25298 INFO Goes into Escape mode.
15.26954 INFO Goes into Track mode.
15.26956 INFO Goes into Escape mode.
15.28611 INFO Goes into Track mode.
15.28613 INFO Goes into Escape mode.
15.31929 INFO Goes into Track mode.
15.31931 INFO Goes into Escape mode.
15.33606 INFO Goes into Track mode.
15.33608 INFO Goes into Escape mode.
15.35234 INFO Goes into Track mode.
15.35236 INFO Goes into Escape mode.
15.36891 INFO Goes into Track mode.
15.36893 INFO Goes into Escape mode.
15.38549 INFO Goes into Track mode.
15.3855 INFO Goes into Escape mode.
15.41861 INFO Goes into Track mode.
15.41863 INFO Goes into Escape mode.
15.43519 INFO Goes into Track mode.
15.43521 INFO Goes into Escape mode.
15.45174 INFO Goes into Track mode.
15.45176 INFO Goes into Escape mode.
15.46832 INFO Goes into Track mode.
15.46833 INFO Goes into Escape mode.
15.48489 INFO Goes into Track mode.
15.4849 INFO Goes into Escape mode.
15.51805 INFO Goes into Track mode.
15.51807 INFO Goes into Escape mode.
15.53463 INFO Goes into Track mode.
15.53465 INFO Goes into Escape mode.
15.55115 INFO Goes into Track mode.
15.55116 INFO Goes into Escape mode.
15.56775 INFO Goes into Track mode.
15.56776 INFO Goes into Escape mode.
15.58433 INFO Goes into Track mode.
15.58435 INFO Goes into Escape mode.
15.61749 INFO Goes into Track mode.
15.61751 INFO Goes into Escape mode.
15.63402 INFO Goes into Track mode.
15.63403 INFO Goes into Escape mode.
15.65058 INFO Goes into Track mode.
15.65059 INFO Goes into Escape mode.
15.66741 INFO Goes into Track mode.
15.66743 INFO Goes into Escape mode.
15.70035 INFO Goes into Track mode.
15.70036 INFO Goes into Escape mode.
15.71685 INFO Goes into Track mode.
15.71686 INFO Goes into Escape mode.
15.73339 INFO Goes into Track mode.
15.73341 INFO Goes into Escape mode.
15.74998 INFO Goes into Track mode.
15.74999 INFO Goes into Escape mode.
15.76654 INFO Goes into Track mode.
15.76655 INFO Goes into Escape mode.
15.79972 INFO Goes into Track mode.
15.79973 INFO Goes into Escape mode.
15.81628 INFO Goes into Track mode.
15.81629 INFO Goes into Escape mode.
15.83308 INFO Goes into Track mode.
15.83309 INFO Goes into Escape mode.
15.84937 INFO Goes into Track mode.
15.84938 INFO Goes into Escape mode.
15.86594 INFO Goes into Track mode.
15.86596 INFO Goes into Escape mode.
15.89908 INFO Goes into Track mode.
15.8991 INFO Goes into Escape mode.
15.91566 INFO Goes into Track mode.
15.91567 INFO Goes into Escape mode.
15.93222 INFO Goes into Track mode.
15.93223 INFO Goes into Escape mode.
15.94886 INFO Goes into Track mode.
15.94887 INFO Goes into Escape mode.
15.96536 INFO Goes into Track mode.
15.96537 INFO Goes into Escape mode.
15.99876 INFO Goes into Track mode.
15.99877 INFO Goes into Escape mode.
16.01507 INFO Goes into Track mode.
16.01508 INFO Goes into Escape mode.
16.03161 INFO Goes into Track mode.
16.03162 INFO Goes into Escape mode.
16.04819 INFO Goes into Track mode.
16.0482 INFO Goes into Escape mode.
16.06476 INFO Goes into Track mode.
16.06477 INFO Goes into Escape mode.
16.09792 INFO Goes into Track mode.
16.09793 INFO Goes into Escape mode.
16.11445 INFO Goes into Track mode.
16.11446 INFO Goes into Escape mode.
16.13102 INFO Goes into Track mode.
16.13103 INFO Goes into Escape mode.
16.14759 INFO Goes into Track mode.
16.1476 INFO Goes into Escape mode.
16.1644 INFO Goes into Track mode.
16.16441 INFO Goes into Escape mode.
16.19731 INFO Goes into Track mode.
16.19732 INFO Goes into Escape mode.
16.21385 INFO Goes into Track mode.
16.21386 INFO Goes into Escape mode.
16.23041 INFO Goes into Track mode.
16.23042 INFO Goes into Escape mode.
16.24698 INFO Goes into Track mode.
16.247 INFO Goes into Escape mode.
16.28013 INFO Goes into Track mode.
16.28014 INFO Goes into Escape mode.
16.29674 INFO Goes into Track mode.
16.29675 INFO Goes into Escape mode.
16.31329 INFO Goes into Track mode.
16.3133 INFO Goes into Escape mode.
16.33008 INFO Goes into Track mode.
16.33009 INFO Goes into Escape mode.
16.3464 INFO Goes into Track mode.
16.34641 INFO Goes into Escape mode.
16.37952 INFO Goes into Track mode.
16.37953 INFO Goes into Escape mode.
16.39609 INFO Goes into Track mode.
16.3961 INFO Goes into Escape mode.
16.41265 INFO Goes into Track mode.
16.41266 INFO Goes into Escape mode.
16.42922 INFO Goes into Track mode.
16.42924 INFO Goes into Escape mode.
16.4458 INFO Goes into Track mode.
16.44581 INFO Goes into Escape mode.
16.47893 INFO Goes into Track mode.
16.47895 INFO Goes into Escape mode.
16.49575 INFO Goes into Track mode.
16.49576 INFO Goes into Escape mode.
16.51205 INFO Goes into Track mode.
16.51206 INFO Goes into Escape mode.
16.52867 INFO Goes into Track mode.
16.52868 INFO Goes into Escape mode.
16.5452 INFO Goes into Track mode.
16.54521 INFO Goes into Escape mode.
16.57834 INFO Goes into Track mode.
16.57835 INFO Goes into Escape mode.
16.59491 INFO Goes into Track mode.
16.59492 INFO Goes into Escape mode.
16.61147 INFO Goes into Track mode.
16.61148 INFO Goes into Escape mode.
16.62809 INFO Goes into Track mode.
16.6281 INFO Goes into Escape mode.
16.64459 INFO Goes into Track mode.
16.6446 INFO Goes into Escape mode.
16.67777 INFO Goes into Track mode.
16.67778 INFO Goes into Escape mode.
16.69433 INFO Goes into Track mode.
16.69434 INFO Goes into Escape mode.
16.71089 INFO Goes into Track mode.
16.7109 INFO Goes into Escape mode.
16.72744 INFO Goes into Track mode.
16.72745 INFO Goes into Escape mode.
16.74401 INFO Goes into Track mode.
16.74402 INFO Goes into Escape mode.
16.77715 INFO Goes into Track mode.
16.77717 INFO Goes into Escape mode.
16.79378 INFO Goes into Track mode.
16.79379 INFO Goes into Escape mode.
16.81051 INFO Goes into Track mode.
16.81053 INFO Goes into Escape mode.
16.82684 INFO Goes into Track mode.
16.82685 INFO Goes into Escape mode.
16.85997 INFO Goes into Track mode.
16.85998 INFO Goes into Escape mode.
16.87655 INFO Goes into Track mode.
16.87656 INFO Goes into Escape mode.
16.8931 INFO Goes into Track mode.
16.89311 INFO Goes into Escape mode.
16.90967 INFO Goes into Track mode.
16.90968 INFO Goes into Escape mode.
16.92624 INFO Goes into Track mode.
16.92625 INFO Goes into Escape mode.
16.95936 INFO Goes into Track mode.
16.95938 INFO Goes into Escape mode.
16.97623 INFO Goes into Track mode.
16.97624 INFO Goes into Escape mode.
16.9925 INFO Goes into Track mode.
16.99251 INFO Goes into Escape mode.
17.00908 INFO Goes into Track mode.
17.00909 INFO Goes into Escape mode.
17.02565 INFO Goes into Track mode.
17.02566 INFO Goes into Escape mode.
17.05876 INFO Goes into Track mode.
17.05885 INFO Goes into Escape mode.
17.07537 INFO Goes into Track mode.
17.07538 INFO Goes into Escape mode.
17.09189 INFO Goes into Track mode.
17.09191 INFO Goes into Escape mode.
17.10846 INFO Goes into Track mode.
17.10847 INFO Goes into Escape mode.
17.12535 INFO Goes into Track mode.
17.12537 INFO Goes into Escape mode.
17.15821 INFO Goes into Track mode.
17.15823 INFO Goes into Escape mode.
17.17474 INFO Goes into Track mode.
17.17476 INFO Goes into Escape mode.
17.19127 INFO Goes into Track mode.
17.19128 INFO Goes into Escape mode.
17.2086 INFO Goes into Track mode.
17.20862 INFO Goes into Escape mode.
17.22517 INFO Goes into Track mode.
17.22518 INFO Goes into Escape mode.
17.25833 INFO Goes into Track mode.
17.25834 INFO Goes into Escape mode.
17.27493 INFO Goes into Track mode.
17.27494 INFO Goes into Escape mode.
17.29183 INFO Goes into Track mode.
17.29184 INFO Goes into Escape mode.
17.30808 INFO Goes into Track mode.
17.3081 INFO Goes into Escape mode.
17.32462 INFO Goes into Track mode.
17.32463 INFO Goes into Escape mode.
17.35775 INFO Goes into Track mode.
17.35776 INFO Goes into Escape mode.
17.38364 INFO Goes into Track mode.
17.38365 INFO Goes into Escape mode.
17.40023 INFO Goes into Track mode.
17.40024 INFO Goes into Escape mode.
17.41677 INFO Goes into Track mode.
17.41679 INFO Goes into Escape mode.
17.43334 INFO Goes into Track mode.
17.43335 INFO Goes into Escape mode.
17.44991 INFO Goes into Track mode.
17.44992 INFO Goes into Escape mode.
17.46676 INFO Goes into Track mode.
17.46677 INFO Goes into Escape mode.
17.49964 INFO Goes into Track mode.
17.49965 INFO Goes into Escape mode.
17.51619 INFO Goes into Track mode.
17.5162 INFO Goes into Escape mode.
17.53291 INFO Goes into Track mode.
17.53292 INFO Goes into Escape mode.
17.54949 INFO Goes into Track mode.
17.54951 INFO Goes into Escape mode.
17.56604 INFO Goes into Track mode.
17.56605 INFO Goes into Escape mode.
17.59918 INFO Goes into Track mode.
17.59919 INFO Goes into Escape mode.
17.61605 INFO Goes into Track mode.
17.61607 INFO Goes into Escape mode.
17.63231 INFO Goes into Track mode.
17.63232 INFO Goes into Escape mode.
17.6489 INFO Goes into Track mode.
17.64891 INFO Goes into Escape mode.
17.66543 INFO Goes into Track mode.
17.66544 INFO Goes into Escape mode.
17.69858 INFO Goes into Track mode.
17.69859 INFO Goes into Escape mode.
17.71519 INFO Goes into Track mode.
17.7152 INFO Goes into Escape mode.
17.73169 INFO Goes into Track mode.
17.7317 INFO Goes into Escape mode.
17.74827 INFO Goes into Track mode.
17.74829 INFO Goes into Escape mode.
17.76485 INFO Goes into Track mode.
17.76486 INFO Goes into Escape mode.
17.798 INFO Goes into Track mode.
17.79801 INFO Goes into Escape mode.
17.81457 INFO Goes into Track mode.
17.81458 INFO Goes into Escape mode.
17.83111 INFO Goes into Track mode.
17.83112 INFO Goes into Escape mode.
17.84768 INFO Goes into Track mode.
17.8477 INFO Goes into Escape mode.
17.86423 INFO Goes into Track mode.
17.86424 INFO Goes into Escape mode.
17.89738 INFO Goes into Track mode.
17.89739 INFO Goes into Escape mode.
17.91394 INFO Goes into Track mode.
17.91396 INFO Goes into Escape mode.
17.93049 INFO Goes into Track mode.
17.93051 INFO Goes into Escape mode.
17.94752 INFO Goes into Track mode.
17.94753 INFO Goes into Escape mode.
17.98021 INFO Goes into Track mode.
17.98022 INFO Goes into Escape mode.
17.99678 INFO Goes into Track mode.
17.99679 INFO Goes into Escape mode.
18.01337 INFO Goes into Track mode.
18.01338 INFO Goes into Escape mode.
18.0299 INFO Goes into Track mode.
18.02991 INFO Goes into Escape mode.
18.04646 INFO Goes into Track mode.
18.04648 INFO Goes into Escape mode.
18.07963 INFO Goes into Track mode.
18.07964 INFO Goes into Escape mode.
18.09617 INFO Goes into Track mode.
18.09618 INFO Goes into Escape mode.
18.11305 INFO Goes into Track mode.
18.11307 INFO Goes into Escape mode.
18.12928 INFO Goes into Track mode.
18.1293 INFO Goes into Escape mode.
18.14588 INFO Goes into Track mode.
18.14604 INFO Goes into Escape mode.
18.179 INFO Goes into Track mode.
18.17901 INFO Goes into Escape mode.
18.19557 INFO Goes into Track mode.
18.19559 INFO Goes into Escape mode.
18.21214 INFO Goes into Track mode.
18.21215 INFO Goes into Escape mode.
18.22869 INFO Goes into Track mode.
18.2287 INFO Goes into Escape mode.
18.24526 INFO Goes into Track mode.
18.24527 INFO Goes into Escape mode.
18.27865 INFO Goes into Track mode.
35.55064 INFO Shots : 12. Precision : 0 %.
Time : 2/2/2017 3:59:38 AM logfile now closed.
