Time : 2/1/2017 12:25:39 AM
1.349686 INFO 0.8923143
1.35189 INFO Goes into Track mode.
1.363108 INFO 0.8922809
1.526242 INFO 0.8922143
1.526565 INFO 0.8921142
1.526811 INFO 0.8919807
1.527019 INFO 0.8918138
1.52727 INFO 0.8916132
1.527506 INFO 0.8913791
1.527719 INFO 0.8911113
1.527943 INFO 0.8908098
1.542817 INFO 0.8904747
1.575969 INFO 0.8901057
1.59252 INFO 0.8897029
1.609182 INFO 0.8892661
1.625845 INFO 0.8887955
1.658911 INFO 0.8882908
1.675451 INFO 0.8877522
1.692033 INFO 0.8871794
1.708561 INFO 0.8865725
1.725176 INFO 0.8859316
1.758267 INFO 0.8852565
1.774797 INFO 0.8845471
1.791363 INFO 0.8838036
1.807938 INFO 0.8830258
1.824532 INFO 0.8822138
1.859228 INFO 0.8813676
1.874224 INFO 0.8804871
1.89081 INFO 0.8795723
1.907436 INFO 0.8786233
1.923949 INFO 0.8776401
1.957096 INFO 0.8766226
1.973659 INFO 0.875571
1.990235 INFO 0.8744852
2.006803 INFO 0.8733652
2.023379 INFO 0.8722112
2.056499 INFO 0.8710231
2.073066 INFO 0.869801
2.089647 INFO 0.8685449
2.106299 INFO 0.8672804
2.12277 INFO 0.8660101
2.15589 INFO 0.8647356
2.172469 INFO 0.8634566
2.189013 INFO 0.8621729
2.205587 INFO 0.8608844
2.238708 INFO 0.8595907
2.255265 INFO 0.8582933
2.2718 INFO 0.8569938
2.288385 INFO 0.8556921
2.304934 INFO 0.8543884
2.338099 INFO 0.853083
2.35464 INFO 0.8517767
2.371206 INFO 0.8504696
2.387787 INFO 0.8491616
2.404333 INFO 0.8478523
2.437478 INFO 0.8465415
2.454042 INFO 0.8452289
2.470597 INFO 0.8439142
2.487176 INFO 0.8425971
2.503734 INFO 0.8412773
2.536905 INFO 0.8399546
2.553468 INFO 0.8386288
2.570004 INFO 0.8372996
2.586575 INFO 0.8359668
2.603136 INFO 0.8346301
2.636259 INFO 0.8332894
2.65284 INFO 0.8319442
2.669399 INFO 0.8305944
2.685966 INFO 0.8292396
2.702543 INFO 0.8278797
2.735743 INFO 0.8265141
2.752251 INFO 0.8251428
2.768802 INFO 0.8237655
2.785359 INFO 0.8223818
2.818506 INFO 0.8209916
2.835124 INFO 0.8195946
2.85164 INFO 0.8181906
2.868191 INFO 0.8167793
2.884773 INFO 0.8153605
2.917962 INFO 0.8139341
2.934503 INFO 0.8124999
2.951061 INFO 0.8110576
2.967604 INFO 0.809607
2.984186 INFO 0.8081482
3.017305 INFO 0.8066808
3.033883 INFO 0.8052048
3.050491 INFO 0.8037199
3.067016 INFO 0.8022262
3.083568 INFO 0.8007236
3.11673 INFO 0.7992117
3.133283 INFO 0.7976907
3.149867 INFO 0.7961606
3.16642 INFO 0.7946211
3.183034 INFO 0.7930722
3.216145 INFO 0.791514
3.232682 INFO 0.7899463
3.249271 INFO 0.7883692
3.265803 INFO 0.7867827
3.282372 INFO 0.7851869
3.315535 INFO 0.7835818
3.332099 INFO 0.7819672
3.348652 INFO 0.7803437
3.365237 INFO 0.7787108
3.398335 INFO 0.777069
3.414901 INFO 0.7754183
3.431461 INFO 0.7737586
3.448139 INFO 0.7720901
3.464597 INFO 0.7704129
3.497749 INFO 0.7687272
3.514311 INFO 0.7670332
3.530871 INFO 0.7653309
3.54745 INFO 0.7636206
3.564017 INFO 0.7619023
3.597171 INFO 0.7601763
3.613781 INFO 0.7584428
3.630269 INFO 0.7567019
3.646847 INFO 0.754954
3.663411 INFO 0.7531992
3.696541 INFO 0.7514377
3.713107 INFO 0.7496697
3.729674 INFO 0.7478957
3.746303 INFO 0.7461155
3.762828 INFO 0.7462834
3.795938 INFO 0.7463489
3.812516 INFO 0.7482622
3.829135 INFO 0.749918
3.845652 INFO 0.7513493
3.878788 INFO 0.7525834
3.895345 INFO 0.7536434
3.911906 INFO 0.7545488
3.928484 INFO 0.7553161
3.945044 INFO 0.7559599
3.978166 INFO 0.7564929
3.994725 INFO 0.7569258
4.011298 INFO 0.7572688
4.027887 INFO 0.7575305
4.044421 INFO 0.7577187
4.07762 INFO 0.7578406
4.094175 INFO 0.7579025
4.110742 INFO 0.7579104
4.127314 INFO 0.7578695
4.143862 INFO 0.7577848
4.176991 INFO 0.7576609
4.193552 INFO 0.757502
4.210149 INFO 0.7573117
4.226737 INFO 0.7570941
4.243295 INFO 0.7568523
4.276413 INFO 0.7565897
4.292961 INFO 0.756309
4.309508 INFO 0.7560127
4.326097 INFO 0.7557029
4.342655 INFO 0.7553816
4.375979 INFO 0.7550498
4.392407 INFO 0.7547067
4.408931 INFO 0.7543533
4.42548 INFO 0.7539898
4.458618 INFO 0.753616
4.475184 INFO 0.7532287
4.491734 INFO 0.7528262
4.508314 INFO 0.7524082
4.524865 INFO 0.7519736
4.558017 INFO 0.7515218
4.574567 INFO 0.7510524
4.591129 INFO 0.7505666
4.607693 INFO 0.750065
4.62425 INFO 0.7495485
4.657495 INFO 0.749018
4.673976 INFO 0.7484741
4.690547 INFO 0.7479174
4.707111 INFO 0.7473484
4.723671 INFO 0.7467679
4.756868 INFO 0.7461768
4.773429 INFO 0.7455755
4.789945 INFO 0.7449648
4.8065 INFO 0.7443454
4.823104 INFO 0.7437179
4.856214 INFO 0.7430825
4.872784 INFO 0.7424382
4.889348 INFO 0.741785
4.905913 INFO 0.7411231
4.922466 INFO 0.7404521
4.955591 INFO 0.7397717
4.972157 INFO 0.7390822
4.988737 INFO 0.7383829
5.005292 INFO 0.7376744
5.038429 INFO 0.7369568
5.054993 INFO 0.7362303
5.071558 INFO 0.7354951
5.088121 INFO 0.7347515
5.10469 INFO 0.7339997
5.13783 INFO 0.7315054
5.154397 INFO 0.7290439
5.17095 INFO 0.7266428
5.187536 INFO 0.7242898
5.204122 INFO 0.7219864
5.237252 INFO 0.7197345
5.253811 INFO 0.7175355
5.270365 INFO 0.7153906
5.286923 INFO 0.7133001
5.303523 INFO 0.7112643
5.336635 INFO 0.7092823
5.35322 INFO 0.7073524
5.369768 INFO 0.7054727
5.386334 INFO 0.7036403
5.402926 INFO 0.7018515
5.436105 INFO 0.7001027
5.452622 INFO 0.6983896
5.469177 INFO 0.6967077
5.485731 INFO 0.6950525
5.502294 INFO 0.6934193
5.535467 INFO 0.6918036
5.552003 INFO 0.690201
5.568568 INFO 0.6886072
5.585136 INFO 0.6870183
5.618273 INFO 0.6854306
5.634834 INFO 0.6838409
5.651475 INFO 0.6822461
5.667978 INFO 0.6806441
5.684537 INFO 0.6790326
5.717687 INFO 0.677411
5.73425 INFO 0.6749395
5.750812 INFO 0.672469
5.767481 INFO 0.6700003
5.784044 INFO 0.6675345
5.81707 INFO 0.6650723
5.833688 INFO 0.6626157
5.850224 INFO 0.6601657
5.86677 INFO 0.6577234
5.883335 INFO 0.6552901
5.916505 INFO 0.6528671
5.933074 INFO 0.650456
5.949619 INFO 0.6480581
5.966188 INFO 0.6456745
5.982728 INFO 0.6433066
6.015882 INFO 0.6409556
6.032437 INFO 0.6386226
6.049006 INFO 0.6363087
6.065576 INFO 0.6340148
6.098694 INFO 0.631742
6.115274 INFO 0.6294913
6.131844 INFO 0.6272638
6.14844 INFO 0.6250604
6.16497 INFO 0.6228822
6.198124 INFO 0.6207302
6.214662 INFO 0.6186053
6.231241 INFO 0.6165088
6.247848 INFO 0.6144416
6.264378 INFO 0.6124049
6.297492 INFO 0.6103997
6.314075 INFO 0.6084274
6.330649 INFO 0.6064891
6.347238 INFO 0.6045857
6.363773 INFO 0.6027181
6.396915 INFO 0.6008869
6.413472 INFO 0.599093
6.430054 INFO 0.5973368
6.446624 INFO 0.5956189
6.463192 INFO 0.5939407
6.496333 INFO 0.5923029
6.512872 INFO 0.5907066
6.529452 INFO 0.5891527
6.546003 INFO 0.5876426
6.562582 INFO 0.58618
6.595693 INFO 0.5847672
6.61229 INFO 0.5834105
6.628837 INFO 0.5821137
6.645409 INFO 0.5808796
6.678536 INFO 0.5797109
6.695094 INFO 0.5786122
6.711681 INFO 0.5775851
6.728246 INFO 0.5766311
6.744804 INFO 0.5757515
6.777936 INFO 0.5749475
6.794518 INFO 0.5742204
6.811074 INFO 0.5735722
6.827695 INFO 0.5730027
6.844256 INFO 0.5725126
6.877366 INFO 0.5721017
6.893922 INFO 0.5717703
6.910472 INFO 0.5715175
6.927039 INFO 0.5713419
6.943615 INFO 0.5712422
6.976729 INFO 0.5712168
6.993292 INFO 0.5712639
7.009865 INFO 0.5713818
7.026437 INFO 0.5715664
7.043008 INFO 0.5718112
7.076128 INFO 0.57211
7.092706 INFO 0.5724478
7.109278 INFO 0.5728143
7.125838 INFO 0.5731977
7.142409 INFO 0.5735918
7.175538 INFO 0.5739928
7.192097 INFO 0.5743981
7.20869 INFO 0.5748058
7.225398 INFO 0.5752141
7.258382 INFO 0.5756209
7.274923 INFO 0.5760246
7.291502 INFO 0.576423
7.30806 INFO 0.5768145
7.324647 INFO 0.577197
7.357781 INFO 0.5775689
7.37434 INFO 0.5779282
7.390911 INFO 0.5782732
7.407649 INFO 0.5786023
7.424054 INFO 0.5789145
7.457178 INFO 0.5792091
7.473723 INFO 0.5794881
7.490297 INFO 0.5797514
7.506963 INFO 0.5799995
7.52344 INFO 0.5802323
7.556573 INFO 0.5804496
7.573221 INFO 0.5806521
7.589707 INFO 0.5808375
7.606281 INFO 0.5810049
7.622845 INFO 0.5811529
7.655994 INFO 0.5812808
7.672544 INFO 0.5813875
7.689104 INFO 0.5814719
7.705693 INFO 0.5815325
7.738823 INFO 0.5815677
7.755375 INFO 0.5815763
7.771943 INFO 0.5815567
7.788579 INFO 0.581507
7.805122 INFO 0.5814252
7.838247 INFO 0.5813094
7.85478 INFO 0.581158
7.871334 INFO 0.5809696
7.887899 INFO 0.5807425
7.904478 INFO 0.5804756
7.937619 INFO 0.5801674
7.954179 INFO 0.5798166
7.970746 INFO 0.5794223
7.987305 INFO 0.5789833
8.003881 INFO 0.5784985
8.036993 INFO 0.577967
8.05358 INFO 0.5773878
8.070148 INFO 0.5767596
8.086696 INFO 0.5760822
8.103284 INFO 0.5753546
8.136403 INFO 0.5745762
8.152997 INFO 0.5737467
8.169536 INFO 0.5728654
8.1861 INFO 0.5719323
8.202703 INFO 0.5709467
8.235804 INFO 0.5699086
8.25238 INFO 0.5688174
8.268934 INFO 0.5676731
8.285508 INFO 0.5664755
8.318647 INFO 0.5652248
8.335238 INFO 0.563921
8.35177 INFO 0.5625647
8.368331 INFO 0.5611563
8.384901 INFO 0.5596966
8.418056 INFO 0.5581864
8.434602 INFO 0.5566263
8.451201 INFO 0.5550174
8.467734 INFO 0.5533604
8.484314 INFO 0.5516561
8.51743 INFO 0.5499053
8.534014 INFO 0.5481092
8.550572 INFO 0.5462686
8.56713 INFO 0.5443847
8.583719 INFO 0.5424582
8.616835 INFO 0.5404905
8.63339 INFO 0.5384822
8.649998 INFO 0.5364348
8.666543 INFO 0.5343487
8.683098 INFO 0.5322252
8.716248 INFO 0.5300652
8.732812 INFO 0.5278699
8.749379 INFO 0.5256408
8.765933 INFO 0.5232058
8.782502 INFO 0.5207431
8.815699 INFO 0.5182554
8.83228 INFO 0.5157453
8.848801 INFO 0.5132147
8.865346 INFO 0.5106649
8.898478 INFO 0.5080975
8.915071 INFO 0.5055135
8.93163 INFO 0.5029139
8.948239 INFO 0.5002989
12.74241 INFO 0.5002465
12.77559 INFO 0.5010629
12.7921 INFO 0.5018849
12.80869 INFO 0.5027133
12.82528 INFO 0.5035485
12.85839 INFO 0.5043914
12.87493 INFO 0.5052426
12.89152 INFO 0.5061026
12.90806 INFO 0.506972
12.92465 INFO 0.5078515
12.95779 INFO 0.5087417
12.97435 INFO 0.5096435
12.9909 INFO 0.5105576
13.00748 INFO 0.5114846
13.02403 INFO 0.5124252
13.05718 INFO 0.5133805
13.07374 INFO 0.5143511
13.0903 INFO 0.5153382
13.10687 INFO 0.5163417
13.12344 INFO 0.5173622
13.15658 INFO 0.5184
13.17313 INFO 0.5194558
13.1897 INFO 0.5205303
13.20628 INFO 0.521624
13.22282 INFO 0.5227377
13.256 INFO 0.5238717
13.27255 INFO 0.5250269
13.2891 INFO 0.5262036
13.30566 INFO 0.5274026
13.33881 INFO 0.5286244
13.35537 INFO 0.5298695
13.37193 INFO 0.5311387
13.38849 INFO 0.5324323
13.40507 INFO 0.533751
13.43819 INFO 0.5350952
13.45476 INFO 0.5364657
13.47134 INFO 0.5378633
13.48787 INFO 0.539288
13.50449 INFO 0.5407405
13.53763 INFO 0.5422211
13.55417 INFO 0.5437307
13.57072 INFO 0.5452697
13.58733 INFO 0.5468381
13.60386 INFO 0.5484365
13.63699 INFO 0.5500652
13.65358 INFO 0.5517242
13.67013 INFO 0.553414
13.68669 INFO 0.5551346
13.70332 INFO 0.5568861
13.73642 INFO 0.5586686
13.75298 INFO 0.5604826
13.76953 INFO 0.5623281
13.7861 INFO 0.5642051
13.80267 INFO 0.5661134
13.83585 INFO 0.5680527
13.85243 INFO 0.5700229
13.86895 INFO 0.5720233
13.8855 INFO 0.5740531
13.91864 INFO 0.5761116
13.93521 INFO 0.5781978
13.95178 INFO 0.5803102
13.96834 INFO 0.5824481
13.98489 INFO 0.5846099
14.01804 INFO 0.5867943
14.0346 INFO 0.5889992
14.05116 INFO 0.5912235
14.06774 INFO 0.5934627
14.08431 INFO 0.5957135
14.11745 INFO 0.5979741
14.134 INFO 0.6002406
14.15058 INFO 0.6025105
14.16712 INFO 0.6047826
14.1837 INFO 0.6070564
14.21684 INFO 0.6093312
14.23342 INFO 0.6116061
14.25003 INFO 0.6138805
14.26655 INFO 0.6161534
14.2831 INFO 0.6184244
14.31625 INFO 0.6206927
14.33283 INFO 0.6229576
14.34938 INFO 0.6252185
14.36593 INFO 0.6274745
14.38252 INFO 0.6297237
14.41563 INFO 0.6319656
14.4322 INFO 0.6341979
14.44878 INFO 0.6364205
14.46535 INFO 0.6386324
14.49846 INFO 0.6408334
14.51501 INFO 0.6430212
14.53161 INFO 0.6451957
14.54818 INFO 0.6473564
14.56473 INFO 0.6495028
14.59787 INFO 0.6516345
14.61445 INFO 0.6537511
14.631 INFO 0.6558523
14.64759 INFO 0.6579375
14.66413 INFO 0.6600068
14.69726 INFO 0.6620594
14.71383 INFO 0.6640954
14.73041 INFO 0.6661137
14.74697 INFO 0.6681132
14.76354 INFO 0.6700937
14.79666 INFO 0.672055
14.81322 INFO 0.673997
14.82985 INFO 0.6759192
14.84644 INFO 0.6778219
14.86297 INFO 0.6797045
14.89606 INFO 0.6815671
14.91264 INFO 0.6834095
14.92923 INFO 0.6852316
14.94577 INFO 0.6870332
14.96236 INFO 0.6888143
14.99546 INFO 0.6905747
15.01204 INFO 0.6923144
15.02859 INFO 0.6940333
15.04516 INFO 0.6957313
15.07831 INFO 0.6974083
15.09487 INFO 0.6990644
15.11146 INFO 0.7006994
15.12801 INFO 0.7023134
15.14459 INFO 0.7039064
15.17771 INFO 0.7054781
15.19429 INFO 0.7070289
15.21085 INFO 0.7085584
15.2274 INFO 0.710067
15.24398 INFO 0.7115546
15.27712 INFO 0.7130211
15.29366 INFO 0.7144667
15.31022 INFO 0.7158913
15.3268 INFO 0.717295
15.34338 INFO 0.7186779
15.37651 INFO 0.7200401
15.39305 INFO 0.7213816
15.40963 INFO 0.7227027
15.42619 INFO 0.7240031
15.44277 INFO 0.7252831
15.47589 INFO 0.7265429
15.49245 INFO 0.7277825
15.50904 INFO 0.7290018
15.52558 INFO 0.730201
15.55874 INFO 0.7313805
15.55883 INFO Goes into Dodge mode.
15.57531 INFO 0.7325397
15.59186 INFO 0.7336789
15.60845 INFO 0.7347983
15.62499 INFO 0.7358977
15.65813 INFO 0.7369773
15.67469 INFO 0.7380368
15.69126 INFO 0.7390764
15.70783 INFO 0.740096
15.7244 INFO 0.7410957
15.75754 INFO 0.742075
15.7741 INFO 0.7430339
15.79068 INFO 0.7439724
15.80722 INFO 0.74489
15.8238 INFO 0.7457868
15.857 INFO 0.7466625
15.87352 INFO 0.7475166
15.89007 INFO 0.748349
15.90664 INFO 0.7491592
15.9232 INFO 0.749947
15.95638 INFO 0.750712
15.97289 INFO 0.7514537
15.98953 INFO 0.7521718
16.00602 INFO 0.7528658
16.00607 INFO Goes into Track mode.
16.0226 INFO 0.7535352
16.05576 INFO 0.7541799
16.07233 INFO 0.7547992
16.08887 INFO 0.7553928
16.10545 INFO 0.7559595
16.13859 INFO 0.7564988
16.15521 INFO 0.7570485
16.17171 INFO 0.7575704
16.18826 INFO 0.7580636
16.20483 INFO 0.758527
16.23801 INFO 0.75896
16.25455 INFO 0.7593616
16.2711 INFO 0.7597303
16.28768 INFO 0.7600648
16.30423 INFO 0.7603641
16.33739 INFO 0.7606274
16.35394 INFO 0.7608542
16.37052 INFO 0.761844
16.3871 INFO 0.7627808
16.4037 INFO 0.7636604
16.43678 INFO 0.7644804
16.45337 INFO 0.7652386
16.4699 INFO 0.7659339
16.48647 INFO 0.7665643
16.50302 INFO 0.7671285
16.53618 INFO 0.7676252
16.55274 INFO 0.7680529
16.56931 INFO 0.7702485
16.58587 INFO 0.7722284
16.60245 INFO 0.774013
16.63561 INFO 0.7756205
16.65214 INFO 0.7770667
16.6687 INFO 0.7783651
16.68527 INFO 0.7795274
16.71843 INFO 0.7805637
16.73498 INFO 0.7814826
16.75154 INFO 0.7822924
16.7681 INFO 0.7829995
16.78466 INFO 0.7836105
16.81779 INFO 0.7841309
16.83441 INFO 0.7845654
16.85101 INFO 0.7849188
16.86751 INFO 0.7851953
16.88409 INFO 0.7853983
16.91723 INFO 0.7855313
16.93378 INFO 0.7855977
16.95035 INFO 0.7856001
16.96691 INFO 0.7855412
16.98354 INFO 0.7854238
17.01661 INFO 0.7852495
17.03318 INFO 0.7850211
17.04975 INFO 0.7847401
17.0663 INFO 0.7844087
17.08287 INFO 0.7840282
17.116 INFO 0.7838553
17.13257 INFO 0.7836247
17.14923 INFO 0.7833385
17.1657 INFO 0.7829974
17.19884 INFO 0.7826028
17.21544 INFO 0.7821556
17.23198 INFO 0.7816565
17.24859 INFO 0.7811069
17.2651 INFO 0.7805071
17.29825 INFO 0.7798583
17.31487 INFO 0.7791608
17.33142 INFO 0.7784153
17.34794 INFO 0.7776227
17.36449 INFO 0.7767829
17.3977 INFO 0.7758967
17.41419 INFO 0.7749646
17.43077 INFO 0.7739874
17.44737 INFO 0.772965
17.46391 INFO 0.7718977
17.49701 INFO 0.7707866
17.51361 INFO 0.7696314
17.53017 INFO 0.7684327
17.54673 INFO 0.7671907
17.56328 INFO 0.7659056
17.59643 INFO 0.7645779
17.61299 INFO 0.7632075
17.62956 INFO 0.7617952
17.64614 INFO 0.7603409
17.66271 INFO 0.7588449
17.69584 INFO 0.7573072
17.71242 INFO 0.7557286
17.72897 INFO 0.7541089
17.74554 INFO 0.7524483
17.77868 INFO 0.7507471
17.79522 INFO 0.7490054
17.8118 INFO 0.7472234
17.82841 INFO 0.7454013
17.84499 INFO 0.7435395
17.87807 INFO 0.7416378
17.89466 INFO 0.7396968
17.9112 INFO 0.7377167
17.9278 INFO 0.7356974
17.94434 INFO 0.7336393
17.97749 INFO 0.7315425
17.99405 INFO 0.729407
18.0106 INFO 0.7272336
18.02717 INFO 0.7250221
18.04373 INFO 0.7227729
18.07687 INFO 0.720486
18.09343 INFO 0.7181619
18.11 INFO 0.7158008
18.12665 INFO 0.713403
18.14314 INFO 0.7109687
18.17626 INFO 0.7084981
18.19283 INFO 0.7059916
18.20942 INFO 0.7034495
18.22598 INFO 0.7008723
18.24256 INFO 0.6982603
18.2757 INFO 0.6956136
18.2923 INFO 0.6929325
18.3088 INFO 0.6902179
18.32539 INFO 0.6874696
18.35851 INFO 0.6846885
18.37506 INFO 0.681875
18.39164 INFO 0.679029
18.40821 INFO 0.6761515
18.42476 INFO 0.6732426
18.45801 INFO 0.6703032
18.47449 INFO 0.6673335
18.49102 INFO 0.6643341
18.50758 INFO 0.6613054
18.5242 INFO 0.6582483
18.55732 INFO 0.6551629
18.57387 INFO 0.6520504
18.59044 INFO 0.6489114
18.60704 INFO 0.6457465
18.62364 INFO 0.6425563
18.65672 INFO 0.6393414
18.67327 INFO 0.6361023
18.68983 INFO 0.6328404
18.70642 INFO 0.6295554
18.72297 INFO 0.6262487
18.75611 INFO 0.6229207
18.77268 INFO 0.6195723
18.78925 INFO 0.6162043
18.8058 INFO 0.6128171
18.8224 INFO 0.609412
18.85556 INFO 0.6059892
18.87208 INFO 0.6025504
18.88864 INFO 0.5990956
18.90522 INFO 0.5956261
18.93835 INFO 0.5921423
18.95499 INFO 0.5886458
18.97148 INFO 0.5851368
18.98803 INFO 0.5816166
19.00461 INFO 0.5780863
19.03774 INFO 0.5745464
19.05431 INFO 0.5709979
19.07088 INFO 0.5674419
19.08744 INFO 0.5638795
19.104 INFO 0.5603116
19.13714 INFO 0.556739
19.15372 INFO 0.5531629
19.17027 INFO 0.5495844
19.18684 INFO 0.5460044
19.20344 INFO 0.542424
19.23656 INFO 0.5388443
19.25314 INFO 0.5352663
19.26966 INFO 0.5316913
19.28631 INFO 0.5281202
19.30285 INFO 0.524554
19.33595 INFO 0.5209943
19.35252 INFO 0.5174418
19.36907 INFO 0.5138979
19.38562 INFO 0.5103638
19.41875 INFO 0.5068405
19.43533 INFO 0.5033293
24.37231 INFO 0.5027117
24.38877 INFO 0.5055047
24.40542 INFO 0.5082763
24.43848 INFO 0.5110254
24.45504 INFO 0.5137511
24.4716 INFO 0.5164524
24.48821 INFO 0.521602
24.50473 INFO 0.5266924
24.53792 INFO 0.5317265
24.55458 INFO 0.5391581
24.57108 INFO 0.5464882
24.58759 INFO 0.5537241
24.60414 INFO 0.5608692
24.63729 INFO 0.5679268
24.65387 INFO 0.5748996
24.67047 INFO 0.581789
24.68696 INFO 0.5885963
24.70356 INFO 0.5953226
24.73674 INFO 0.6019682
24.75325 INFO 0.6085343
24.7698 INFO 0.6150213
24.78648 INFO 0.62143
24.80293 INFO 0.6277613
24.83611 INFO 0.6340161
24.85265 INFO 0.6401949
24.86927 INFO 0.6462984
24.88579 INFO 0.6523269
24.90252 INFO 0.6582805
24.93552 INFO 0.6641588
24.95205 INFO 0.6699618
24.96861 INFO 0.6756889
24.98516 INFO 0.681339
25.01829 INFO 0.6869115
25.03486 INFO 0.6924053
25.05146 INFO 0.6978189
25.068 INFO 0.7031518
25.08457 INFO 0.7084017
25.1177 INFO 0.7135683
25.13429 INFO 0.7186491
25.15086 INFO 0.7236413
25.16741 INFO 0.7285422
25.18396 INFO 0.7354738
25.21713 INFO 0.744616
25.23367 INFO 0.7535784
25.25029 INFO 0.762371
25.26682 INFO 0.771003
25.28337 INFO 0.7794822
25.31649 INFO 0.7878157
25.33311 INFO 0.7960103
25.34967 INFO 0.8040709
25.36623 INFO 0.812003
25.38278 INFO 0.819811
25.41589 INFO 0.8274983
25.43246 INFO 0.8350691
25.44905 INFO 0.842526
25.46563 INFO 0.8498716
25.4988 INFO 0.8571085
25.5153 INFO 0.8642388
25.53186 INFO 0.8712646
25.54844 INFO 0.8781874
25.56499 INFO 0.885009
25.59812 INFO 0.8917307
25.6147 INFO 0.8983536
25.63127 INFO 0.9048774
25.64787 INFO 0.9113011
25.66439 INFO 0.9176236
25.69755 INFO 0.9238428
25.71413 INFO 0.9299545
25.73068 INFO 0.9359593
25.74722 INFO 0.9418578
25.76384 INFO 0.9476506
25.79692 INFO 0.9533381
25.8135 INFO 0.958921
25.83011 INFO 0.9643996
25.84665 INFO 0.9697744
25.86319 INFO 0.9750459
25.89641 INFO 0.9802142
25.9129 INFO 0.98528
25.92949 INFO 0.9902434
25.94608 INFO 0.995105
25.96263 INFO 0.9998646
25.99573 INFO 1.004522
26.01234 INFO 1.009075
26.02892 INFO 1.013522
26.04548 INFO 1.01786
26.07864 INFO 1.022089
26.09518 INFO 1.026205
26.11176 INFO 1.030208
26.12829 INFO 1.034098
26.14487 INFO 1.037876
26.178 INFO 1.041542
26.19459 INFO 1.040152
26.21114 INFO 1.0386
26.22776 INFO 1.037038
26.24426 INFO 1.03539
26.27736 INFO 1.033656
26.29394 INFO 1.031836
26.31051 INFO 1.029931
26.32722 INFO 1.027941
26.34366 INFO 1.025867
26.37684 INFO 1.02371
26.3934 INFO 1.021472
26.40991 INFO 1.020123
26.42647 INFO 1.018692
26.44308 INFO 1.01718
26.47618 INFO 1.015587
26.49286 INFO 1.013914
26.50931 INFO 1.012164
26.52775 INFO 1.010337
26.54243 INFO 1.008435
26.57558 INFO 1.006457
26.59213 INFO 1.004405
26.60876 INFO 1.004883
26.62527 INFO 1.005274
26.65842 INFO 1.005578
26.67508 INFO 1.005796
26.69154 INFO 1.005926
26.7082 INFO 1.00597
26.72466 INFO 1.005928
26.75781 INFO 1.005799
26.77438 INFO 1.005584
26.79094 INFO 1.005284
26.8075 INFO 1.004897
26.82416 INFO 1.004426
26.85721 INFO 1.003868
26.87391 INFO 1.003227
26.89034 INFO 1.002501
26.90692 INFO 1.001691
26.92346 INFO 1.000798
26.95667 INFO 0.9998223
26.97321 INFO 0.9987645
26.98977 INFO 0.9976254
27.00635 INFO 0.9964056
27.02291 INFO 0.9951063
27.05605 INFO 0.9937283
27.07262 INFO 0.9922729
27.08918 INFO 0.9907408
27.10574 INFO 0.9891335
27.13891 INFO 0.987452
27.15545 INFO 0.9856972
27.17202 INFO 0.9838704
27.18856 INFO 0.981973
27.20517 INFO 0.9800058
27.23829 INFO 0.9779702
27.25482 INFO 0.9758678
27.27136 INFO 0.9736995
27.28793 INFO 0.9714665
27.3045 INFO 0.9691702
27.33769 INFO 0.9668118
27.35424 INFO 0.9643924
27.37078 INFO 0.9619138
27.38736 INFO 0.9593763
27.40392 INFO 0.9567811
27.43705 INFO 0.9541287
27.45363 INFO 0.9514195
27.47017 INFO 0.9486539
27.48672 INFO 0.9458336
27.50328 INFO 0.942959
27.53653 INFO 0.9400316
27.55301 INFO 0.9370525
27.56958 INFO 0.9340227
27.58636 INFO 0.9309434
27.60269 INFO 0.9278158
27.63584 INFO 0.924641
27.6524 INFO 0.9214206
27.66895 INFO 0.9181554
27.68553 INFO 0.9148469
27.71869 INFO 0.9114963
27.73522 INFO 0.9081046
27.75184 INFO 0.904673
27.76836 INFO 0.9012087
27.78492 INFO 0.8977123
27.81805 INFO 0.8941846
27.8347 INFO 0.8906267
27.8512 INFO 0.887039
27.86783 INFO 0.8834223
27.88437 INFO 0.8823507
27.91747 INFO 0.8811135
27.93406 INFO 0.8797235
27.95063 INFO 0.8781925
27.96716 INFO 0.8765306
27.98374 INFO 0.8747465
28.01687 INFO 0.8728487
28.03349 INFO 0.8708439
28.05002 INFO 0.8687389
28.06659 INFO 0.8665393
28.08313 INFO 0.8667694
28.11628 INFO 0.8667055
28.13286 INFO 0.8663757
28.14946 INFO 0.8658128
28.16597 INFO 0.8650457
28.18254 INFO 0.8640873
28.21569 INFO 0.8629578
28.23226 INFO 0.8616741
28.24883 INFO 0.8602505
28.26538 INFO 0.8587003
28.29851 INFO 0.859771
28.31507 INFO 0.8606442
28.33167 INFO 0.8613417
28.34823 INFO 0.8618823
28.36484 INFO 0.8655878
28.39792 INFO 0.8690186
28.41455 INFO 0.8722205
28.43105 INFO 0.875226
28.44764 INFO 0.8780584
28.46418 INFO 0.8807349
28.4973 INFO 0.8832675
28.51387 INFO 0.8856645
28.53053 INFO 0.8902213
28.54701 INFO 0.8945705
28.56357 INFO 0.898702
28.59672 INFO 0.9026056
28.6133 INFO 0.9062704
28.62985 INFO 0.9104357
28.64641 INFO 0.9142122
28.66299 INFO 0.9176928
28.6962 INFO 0.9208834
28.71268 INFO 0.9237905
28.72924 INFO 0.9264206
28.74581 INFO 0.92878
28.76238 INFO 0.9308748
28.79551 INFO 0.9327121
28.81207 INFO 0.9342986
28.82868 INFO 0.9356418
28.84524 INFO 0.9367488
28.87838 INFO 0.9403253
28.89492 INFO 0.9435335
28.91147 INFO 0.9461443
28.92807 INFO 0.9483359
28.94462 INFO 0.9501433
28.97774 INFO 0.9515963
28.9943 INFO 0.9527209
29.01097 INFO 0.9535402
29.02745 INFO 0.9540744
29.04401 INFO 0.9543424
29.07713 INFO 0.9543598
29.0937 INFO 0.9541421
29.11027 INFO 0.9537031
29.12685 INFO 0.9530555
29.1434 INFO 0.9522108
29.17658 INFO 0.9511802
29.19317 INFO 0.949974
29.20967 INFO 0.9486014
29.22625 INFO 0.9470716
29.24289 INFO 0.945393
29.27594 INFO 0.9435737
29.29251 INFO 0.9416208
29.30908 INFO 0.9395415
29.32565 INFO 0.9373426
29.35881 INFO 0.9350303
29.37537 INFO 0.9326109
29.3919 INFO 0.9300901
29.40849 INFO 0.9274732
29.42505 INFO 0.9247657
29.45819 INFO 0.9219723
29.47473 INFO 0.9190975
29.49132 INFO 0.9161463
29.50786 INFO 0.9131226
29.52451 INFO 0.9100306
29.55758 INFO 0.9068741
29.57412 INFO 0.9036569
29.5907 INFO 0.9003823
29.60726 INFO 0.897054
29.62382 INFO 0.8936749
29.65698 INFO 0.8902481
29.67352 INFO 0.8867766
29.69017 INFO 0.8832633
29.70669 INFO 0.8797106
29.72323 INFO 0.8761211
29.75638 INFO 0.8724973
29.77293 INFO 0.8688415
29.78949 INFO 0.8651559
29.80607 INFO 0.8614423
29.82263 INFO 0.857703
29.85576 INFO 0.8539399
29.87232 INFO 0.8501545
29.88895 INFO 0.8463488
29.90546 INFO 0.8425242
29.93863 INFO 0.8386825
29.95516 INFO 0.834825
29.97174 INFO 0.8309532
29.9883 INFO 0.8270684
30.00486 INFO 0.8231718
30.03802 INFO 0.8192647
30.05458 INFO 0.815348
30.07113 INFO 0.8114231
30.08769 INFO 0.8074906
30.10426 INFO 0.8035516
30.13741 INFO 0.799607
30.15397 INFO 0.7956574
30.17053 INFO 0.7917038
30.18718 INFO 0.7877467
30.20369 INFO 0.7837867
30.23682 INFO 0.7798247
30.25338 INFO 0.7758608
30.26993 INFO 0.7718962
30.28651 INFO 0.7679307
30.30306 INFO 0.763965
30.33622 INFO 0.7599996
30.35278 INFO 0.7560347
30.36934 INFO 0.7520707
30.38591 INFO 0.7481077
30.40248 INFO 0.7441465
30.43561 INFO 0.7401868
30.45218 INFO 0.7362291
30.46873 INFO 0.7322733
30.4853 INFO 0.7283198
30.51851 INFO 0.7243686
30.53502 INFO 0.7204198
30.5516 INFO 0.7164735
30.56813 INFO 0.7125295
30.58472 INFO 0.7085881
30.61784 INFO 0.7046493
30.63439 INFO 0.7007129
30.651 INFO 0.6967788
30.66754 INFO 0.692847
30.68418 INFO 0.6889176
30.71723 INFO 0.6849905
30.73383 INFO 0.6810654
30.75038 INFO 0.6771422
30.76695 INFO 0.6732208
30.7835 INFO 0.6693011
30.81665 INFO 0.665383
30.83325 INFO 0.6614664
30.84987 INFO 0.6575509
30.86634 INFO 0.6536365
30.88295 INFO 0.649723
30.91604 INFO 0.6458104
30.93263 INFO 0.6418982
30.94922 INFO 0.6379864
30.96576 INFO 0.6340747
30.9823 INFO 0.6301631
31.01548 INFO 0.6262513
31.03203 INFO 0.622339
31.04861 INFO 0.618426
31.06518 INFO 0.6145122
31.09831 INFO 0.6105974
31.11487 INFO 0.6066812
31.13144 INFO 0.6027636
31.14801 INFO 0.5988443
31.16458 INFO 0.5949231
31.19771 INFO 0.5909998
31.21428 INFO 0.5870741
31.23084 INFO 0.5831459
31.24743 INFO 0.579215
31.26395 INFO 0.5752812
31.29706 INFO 0.5713444
31.31371 INFO 0.567404
31.33022 INFO 0.5634604
31.34677 INFO 0.5595835
31.36335 INFO 0.5557001
31.39647 INFO 0.5518095
31.41305 INFO 0.5479119
31.4296 INFO 0.5440072
31.44618 INFO 0.540095
31.46275 INFO 0.5361752
31.49586 INFO 0.5322477
31.51244 INFO 0.5283124
31.52901 INFO 0.5243691
31.54559 INFO 0.5204177
31.5787 INFO 0.5164583
31.59528 INFO 0.5124905
31.61184 INFO 0.5085145
31.62839 INFO 0.5045303
31.64497 INFO 0.5005378
33.51705 INFO 0.5014607
33.53363 INFO 0.5033707
33.55017 INFO 0.5052973
33.56676 INFO 0.5072402
33.58328 INFO 0.5091991
33.61644 INFO 0.511174
33.63301 INFO 0.5131646
33.64956 INFO 0.5151706
33.66619 INFO 0.5171921
33.68266 INFO 0.5192287
33.71586 INFO 0.5212804
33.73236 INFO 0.5233471
33.74898 INFO 0.5254287
33.76553 INFO 0.5275249
33.79863 INFO 0.5296358
33.81524 INFO 0.5317611
33.83193 INFO 0.5339006
33.84841 INFO 0.5360543
33.86489 INFO 0.5382217
33.8981 INFO 0.5404027
33.91461 INFO 0.5425972
33.93125 INFO 0.5448047
33.94775 INFO 0.5470251
33.96434 INFO 0.5492579
33.99748 INFO 0.5515029
34.01401 INFO 0.5537596
34.03059 INFO 0.5560271
34.04714 INFO 0.5582994
34.06372 INFO 0.5605801
34.09685 INFO 0.5628693
34.11344 INFO 0.5651667
34.12999 INFO 0.5674719
34.14658 INFO 0.5697844
34.16317 INFO 0.5721036
34.19624 INFO 0.5744291
34.21284 INFO 0.5767602
34.22939 INFO 0.5790965
34.24601 INFO 0.5814375
34.2625 INFO 0.5837826
34.29565 INFO 0.5861313
34.3122 INFO 0.5884834
34.32883 INFO 0.5908381
34.34534 INFO 0.5931948
34.37848 INFO 0.5955534
34.39509 INFO 0.5979131
34.41161 INFO 0.6002734
34.42821 INFO 0.602634
34.44477 INFO 0.6049943
34.47787 INFO 0.6073537
34.49446 INFO 0.609712
34.51105 INFO 0.6120685
34.52757 INFO 0.6144227
34.54417 INFO 0.6167743
34.57731 INFO 0.6191226
34.59394 INFO 0.6214675
34.61044 INFO 0.6238081
34.62698 INFO 0.6261443
34.64359 INFO 0.6284755
34.67673 INFO 0.6308014
34.69325 INFO 0.6331214
34.70983 INFO 0.6354352
34.72641 INFO 0.6377423
34.74295 INFO 0.6400423
34.77607 INFO 0.6423349
34.79269 INFO 0.6446195
34.8092 INFO 0.6468958
34.82584 INFO 0.6491635
34.84235 INFO 0.6514223
34.87547 INFO 0.6536716
34.89212 INFO 0.6559113
34.90864 INFO 0.6581414
34.92517 INFO 0.6603626
34.95832 INFO 0.6625748
34.97491 INFO 0.6647782
34.99144 INFO 0.6669729
35.00805 INFO 0.6691585
35.02457 INFO 0.6713351
35.05777 INFO 0.6735021
35.07431 INFO 0.6756595
35.09087 INFO 0.6778072
35.10741 INFO 0.6799448
35.124 INFO 0.6820724
35.15716 INFO 0.6841896
35.17368 INFO 0.6862963
35.19028 INFO 0.6883926
35.20681 INFO 0.6904781
35.22342 INFO 0.6925529
35.25656 INFO 0.6946169
35.27307 INFO 0.6966698
35.28968 INFO 0.6987119
35.30621 INFO 0.7007428
35.32281 INFO 0.7027625
35.35593 INFO 0.7047712
35.37251 INFO 0.7067687
35.38906 INFO 0.7087551
35.40567 INFO 0.7107304
35.43879 INFO 0.7126947
35.45533 INFO 0.7146477
35.47191 INFO 0.7165891
35.48845 INFO 0.7185193
35.50502 INFO 0.720438
35.53816 INFO 0.7223454
35.55476 INFO 0.7242415
35.57127 INFO 0.7261263
35.58789 INFO 0.7280001
35.6044 INFO 0.7298626
35.63754 INFO 0.731714
35.65416 INFO 0.7335545
35.67067 INFO 0.735384
35.68727 INFO 0.7372026
35.70382 INFO 0.7390105
35.73698 INFO 0.7408076
35.75351 INFO 0.7425942
35.77011 INFO 0.7443703
35.78662 INFO 0.746136
35.80323 INFO 0.7478913
35.83644 INFO 0.7496364
35.85291 INFO 0.7513713
35.8695 INFO 0.7530962
35.88604 INFO 0.7548112
35.9027 INFO 0.7565165
35.93575 INFO 0.7582121
35.95235 INFO 0.7598981
35.96888 INFO 0.7615746
35.98548 INFO 0.7632418
36.01861 INFO 0.7648997
36.03513 INFO 0.7665485
36.05175 INFO 0.7681882
36.06828 INFO 0.7698193
36.08487 INFO 0.7714413
36.11799 INFO 0.7730547
36.13457 INFO 0.7746595
36.15111 INFO 0.7762558
36.16772 INFO 0.7778438
36.18424 INFO 0.7794235
36.21737 INFO 0.7809951
36.23399 INFO 0.7825585
36.25051 INFO 0.7841142
36.26712 INFO 0.7856618
36.28365 INFO 0.7872018
36.3168 INFO 0.7887341
36.33334 INFO 0.7902588
36.34995 INFO 0.791776
36.36649 INFO 0.7932859
36.38308 INFO 0.7947884
36.41621 INFO 0.7962834
36.43277 INFO 0.7977701
36.44935 INFO 0.7992485
36.46589 INFO 0.8007184
36.48247 INFO 0.8021792
36.51559 INFO 0.8036308
36.53216 INFO 0.8050724
36.54872 INFO 0.8065035
36.56534 INFO 0.8079242
36.59845 INFO 0.8093345
36.61497 INFO 0.8107343
36.63158 INFO 0.8121234
36.64814 INFO 0.8135021
36.66472 INFO 0.8148707
36.69786 INFO 0.816229
36.71436 INFO 0.8175773
36.73094 INFO 0.8189156
36.74755 INFO 0.820244
36.76409 INFO 0.8215629
36.79721 INFO 0.8228725
36.81383 INFO 0.824173
36.83038 INFO 0.8254644
36.84695 INFO 0.8267472
36.86348 INFO 0.8280216
36.89666 INFO 0.8292875
36.91318 INFO 0.830545
36.92979 INFO 0.8317938
36.94632 INFO 0.8330345
36.96291 INFO 0.834267
36.99605 INFO 0.8354915
37.01258 INFO 0.8367087
37.02918 INFO 0.837919
37.04574 INFO 0.8391227
37.07885 INFO 0.8403205
37.09542 INFO 0.8415128
37.112 INFO 0.8427005
37.12857 INFO 0.8438839
37.14515 INFO 0.8450636
37.17828 INFO 0.8462408
37.19483 INFO 0.8474159
37.21143 INFO 0.8485896
37.22796 INFO 0.8497633
37.24458 INFO 0.8509389
37.27768 INFO 0.8521178
37.29422 INFO 0.8533018
37.31078 INFO 0.8544927
37.32737 INFO 0.8556917
37.34393 INFO 0.8569
37.37704 INFO 0.8581185
37.39365 INFO 0.8593484
37.41021 INFO 0.8605905
37.4268 INFO 0.8618455
37.44331 INFO 0.8631139
37.47646 INFO 0.864396
37.49304 INFO 0.8656924
37.50957 INFO 0.8670031
37.52617 INFO 0.8683284
37.54273 INFO 0.8696686
37.576 INFO 0.8710237
37.59241 INFO 0.8723938
37.60902 INFO 0.873779
37.62553 INFO 0.8751793
37.65872 INFO 0.8765947
37.67527 INFO 0.878025
37.69181 INFO 0.8794702
37.70841 INFO 0.8809301
37.72492 INFO 0.8824049
37.75811 INFO 0.883894
37.77464 INFO 0.8853973
37.79124 INFO 0.886914
37.80777 INFO 0.8884436
37.82439 INFO 0.8899848
37.85754 INFO 0.8915365
37.87411 INFO 0.8930966
37.89067 INFO 0.8946637
37.90724 INFO 0.8962364
37.92381 INFO 0.8978141
37.95694 INFO 0.8993949
37.97352 INFO 0.9009776
37.99011 INFO 0.9025598
38.00657 INFO 0.904141
38.02315 INFO 0.9057195
38.0563 INFO 0.9072945
38.07284 INFO 0.9088648
38.0894 INFO 0.9104301
38.10596 INFO 0.9119896
38.12254 INFO 0.9135427
38.15568 INFO 0.915089
38.17223 INFO 0.9166279
38.1888 INFO 0.9181587
38.20536 INFO 0.919681
38.23854 INFO 0.9211944
38.25508 INFO 0.9226989
38.27166 INFO 0.9241943
38.28823 INFO 0.9256806
38.30478 INFO 0.927158
38.33802 INFO 0.9286259
38.35448 INFO 0.9300846
38.37103 INFO 0.931533
38.38759 INFO 0.9329706
38.40415 INFO 0.9343973
38.43731 INFO 0.9358119
38.45388 INFO 0.9372144
38.47042 INFO 0.9386039
38.487 INFO 0.9399799
38.50355 INFO 0.9413419
38.53671 INFO 0.9426891
38.55328 INFO 0.944021
38.56983 INFO 0.9453372
38.5864 INFO 0.9466369
38.60296 INFO 0.9479195
38.63612 INFO 0.9491846
38.65268 INFO 0.9504312
38.66925 INFO 0.9516591
38.68583 INFO 0.9528677
38.70236 INFO 0.9540564
38.7355 INFO 0.9552248
38.75207 INFO 0.956372
38.76863 INFO 0.9574977
38.78519 INFO 0.9586009
38.81833 INFO 0.9596814
38.835 INFO 0.9607385
38.8515 INFO 0.9617718
38.86805 INFO 0.9627805
38.88459 INFO 0.9637644
38.91774 INFO 0.9647227
38.93433 INFO 0.9656551
38.95094 INFO 0.9665611
38.96757 INFO 0.9674401
38.98403 INFO 0.9682916
39.01718 INFO 0.9691154
39.03375 INFO 0.9699108
39.05031 INFO 0.9706774
39.06689 INFO 0.971415
39.08344 INFO 0.972123
39.11657 INFO 0.972801
39.13314 INFO 0.9734486
39.14972 INFO 0.9740657
39.16627 INFO 0.9746516
39.18284 INFO 0.9752062
39.21606 INFO 0.975729
39.23254 INFO 0.9762199
39.24911 INFO 0.9766784
39.26564 INFO 0.9771043
39.29876 INFO 0.9774974
39.31534 INFO 0.9778572
39.33191 INFO 0.9781838
39.34847 INFO 0.9784767
39.36504 INFO 0.9787358
39.39816 INFO 0.9789609
39.41475 INFO 0.9791517
39.43133 INFO 0.9793083
39.44789 INFO 0.9794301
39.46443 INFO 0.9795175
39.49758 INFO 0.9795699
39.51414 INFO 0.9795874
39.53071 INFO 0.9795699
39.54728 INFO 0.9795172
39.56384 INFO 0.9794294
39.59706 INFO 0.9793059
39.61353 INFO 0.9791468
39.6301 INFO 0.9789518
39.64668 INFO 0.9787211
39.66327 INFO 0.9784546
39.69637 INFO 0.9781523
39.71295 INFO 0.9778146
39.72951 INFO 0.9774411
39.74608 INFO 0.9770324
39.76263 INFO 0.9765882
39.79576 INFO 0.976109
39.81232 INFO 0.9755946
39.82893 INFO 0.9750454
39.84549 INFO 0.9744615
39.87859 INFO 0.9738431
39.89516 INFO 0.9731902
39.91182 INFO 0.9725032
39.92831 INFO 0.9717824
39.94492 INFO 0.9710279
39.97802 INFO 0.9702398
39.99457 INFO 0.9694187
40.01114 INFO 0.9685646
40.02773 INFO 0.9676779
40.0443 INFO 0.9667586
40.07742 INFO 0.9658073
40.09398 INFO 0.9648241
40.11056 INFO 0.9638093
40.12713 INFO 0.9627634
40.14368 INFO 0.9616862
40.17685 INFO 0.9605791
40.19339 INFO 0.959443
40.20998 INFO 0.9582793
40.22654 INFO 0.9570884
40.24313 INFO 0.955871
40.2762 INFO 0.9546273
40.2929 INFO 0.9533592
40.30933 INFO 0.9520666
40.32592 INFO 0.9507505
40.34246 INFO 0.9494115
40.37562 INFO 0.94805
40.39219 INFO 0.9466667
40.40875 INFO 0.9452615
40.42536 INFO 0.943835
40.45845 INFO 0.9423871
40.475 INFO 0.940919
40.49156 INFO 0.9394309
40.50814 INFO 0.9379231
40.5247 INFO 0.9363958
40.55786 INFO 0.9348495
40.5744 INFO 0.9332843
40.59098 INFO 0.9317008
40.60754 INFO 0.9300991
40.6241 INFO 0.9284791
40.65723 INFO 0.9268404
40.67385 INFO 0.9251814
40.69036 INFO 0.9235023
40.70694 INFO 0.9218026
40.7235 INFO 0.9200822
40.75666 INFO 0.9183404
40.77321 INFO 0.916575
40.78978 INFO 0.9147854
40.80634 INFO 0.9129723
40.82293 INFO 0.9111357
40.85607 INFO 0.9092763
40.8726 INFO 0.9073943
40.88917 INFO 0.9054901
40.90581 INFO 0.903564
40.9223 INFO 0.9016163
40.95546 INFO 0.8996476
40.97202 INFO 0.8976583
40.98856 INFO 0.8956493
41.00513 INFO 0.8936209
41.03829 INFO 0.8915734
41.05486 INFO 0.8895073
41.07141 INFO 0.887423
41.08796 INFO 0.8853207
41.10454 INFO 0.8832007
41.13767 INFO 0.8810636
41.15425 INFO 0.8789095
41.17081 INFO 0.8767387
41.18736 INFO 0.8745518
41.20393 INFO 0.8723487
41.23713 INFO 0.87013
41.25366 INFO 0.8678961
41.2702 INFO 0.8656471
41.2868 INFO 0.8633833
41.30333 INFO 0.8611052
41.33647 INFO 0.858813
41.35305 INFO 0.856507
41.3696 INFO 0.8541877
41.38617 INFO 0.8518552
41.40273 INFO 0.8495096
41.43589 INFO 0.8471518
41.45247 INFO 0.8447816
41.46901 INFO 0.8423986
41.48557 INFO 0.8400037
41.51871 INFO 0.8375965
41.53542 INFO 0.835175
41.55185 INFO 0.8327385
41.56841 INFO 0.8302851
41.58496 INFO 0.8278126
41.61818 INFO 0.8253189
41.63472 INFO 0.8228003
41.65125 INFO 0.8202567
41.66781 INFO 0.8176883
41.68437 INFO 0.8150956
41.71765 INFO 0.8124789
41.73409 INFO 0.8098387
41.75064 INFO 0.8071753
41.76721 INFO 0.8044891
41.78385 INFO 0.8017807
41.81697 INFO 0.7990504
41.83349 INFO 0.796298
41.85005 INFO 0.7935242
41.86659 INFO 0.7907292
41.88328 INFO 0.7879138
41.91637 INFO 0.7850782
41.93289 INFO 0.7822232
41.94945 INFO 0.7793491
41.96603 INFO 0.7764565
41.9828 INFO 0.7735466
42.01589 INFO 0.7706199
42.03244 INFO 0.7676774
42.04903 INFO 0.7647199
42.06578 INFO 0.7617485
42.09879 INFO 0.7587634
42.11527 INFO 0.7557666
42.13186 INFO 0.752759
42.14843 INFO 0.7497454
42.16498 INFO 0.7467262
42.1982 INFO 0.7437016
42.2147 INFO 0.7406732
42.23125 INFO 0.7376416
42.24786 INFO 0.734607
42.26445 INFO 0.7315698
42.29751 INFO 0.7285308
42.31408 INFO 0.7254903
42.33067 INFO 0.7224492
42.34724 INFO 0.7194077
42.3638 INFO 0.7163661
42.39693 INFO 0.7133251
42.41347 INFO 0.7102844
42.43004 INFO 0.7072445
42.44663 INFO 0.7042058
42.4632 INFO 0.7011679
42.49633 INFO 0.6981314
42.51291 INFO 0.6950967
42.52946 INFO 0.6920637
42.54601 INFO 0.6890323
42.56258 INFO 0.6860024
42.59573 INFO 0.6829737
42.61229 INFO 0.6799461
42.62886 INFO 0.6769193
42.64544 INFO 0.6738932
42.67855 INFO 0.6708678
42.69511 INFO 0.6678428
42.7117 INFO 0.664818
42.72826 INFO 0.6617933
42.74483 INFO 0.6587679
42.77797 INFO 0.6557421
42.79451 INFO 0.6527156
42.81108 INFO 0.6496879
42.82769 INFO 0.6466593
42.84422 INFO 0.6436291
42.87735 INFO 0.6405972
42.89394 INFO 0.6375638
42.91055 INFO 0.6345285
42.92707 INFO 0.6314911
42.94361 INFO 0.6284512
42.97681 INFO 0.6254086
42.99334 INFO 0.6223634
43.00989 INFO 0.6193153
43.02644 INFO 0.6162642
43.04302 INFO 0.6132098
43.07615 INFO 0.610152
43.09272 INFO 0.6070904
43.10928 INFO 0.6040246
43.12587 INFO 0.6009546
43.14243 INFO 0.59788
43.17556 INFO 0.5948005
43.19213 INFO 0.5917159
43.20869 INFO 0.5886257
43.22525 INFO 0.5855294
43.2584 INFO 0.5824264
43.27497 INFO 0.579316
43.29151 INFO 0.5761977
43.30808 INFO 0.5730711
43.32465 INFO 0.5699352
43.35778 INFO 0.5667894
43.37436 INFO 0.5636326
43.39093 INFO 0.5604642
43.40749 INFO 0.5572833
43.42405 INFO 0.5540894
43.45722 INFO 0.5508818
43.47378 INFO 0.5476595
43.49031 INFO 0.544422
43.50689 INFO 0.5411689
43.52346 INFO 0.5378995
43.55659 INFO 0.5346134
43.57315 INFO 0.5313097
43.58978 INFO 0.5279877
43.60629 INFO 0.5246469
43.62286 INFO 0.5212867
43.65603 INFO 0.5179067
43.67255 INFO 0.5145065
43.68911 INFO 0.511086
43.70569 INFO 0.5076451
43.73883 INFO 0.5041838
43.75539 INFO 0.5007018
50.89562 INFO 0.500042
50.9122 INFO 0.5007465
50.92876 INFO 0.5014269
50.94532 INFO 0.5020838
50.97852 INFO 0.5027177
50.99504 INFO 0.5033293
51.01159 INFO 0.5039193
51.0282 INFO 0.5044882
51.04473 INFO 0.5050363
51.07785 INFO 0.5055642
51.09443 INFO 0.5060724
51.11098 INFO 0.5065615
51.12755 INFO 0.507032
51.14414 INFO 0.5074846
51.17725 INFO 0.5079197
51.19381 INFO 0.5083381
51.21039 INFO 0.50874
51.22696 INFO 0.5091258
51.24354 INFO 0.509496
51.27664 INFO 0.5098513
51.29322 INFO 0.5101922
51.30978 INFO 0.5105193
51.32635 INFO 0.5108326
51.34292 INFO 0.5111329
51.37605 INFO 0.5114202
51.39264 INFO 0.5116951
51.40918 INFO 0.5119584
51.42574 INFO 0.5122106
51.44232 INFO 0.5124524
51.47545 INFO 0.5126845
51.49206 INFO 0.5129089
51.50861 INFO 0.5131264
51.52514 INFO 0.5133377
51.55831 INFO 0.5135431
51.57484 INFO 0.5137433
51.59145 INFO 0.5139396
51.60798 INFO 0.5141324
51.62455 INFO 0.5143223
51.65769 INFO 0.5145095
51.67425 INFO 0.5146948
51.69081 INFO 0.5148784
51.70738 INFO 0.515061
51.72395 INFO 0.5152434
51.7571 INFO 0.515426
51.77365 INFO 0.5156099
51.79022 INFO 0.5157959
51.80677 INFO 0.515985
51.82336 INFO 0.5161788
51.8565 INFO 0.5163788
51.87307 INFO 0.5165864
51.88962 INFO 0.5168024
51.90618 INFO 0.517028
51.92274 INFO 0.5172642
51.9559 INFO 0.5175118
51.97248 INFO 0.5203608
51.98918 INFO 0.5231879
52.0056 INFO 0.5259683
52.03876 INFO 0.5286779
52.05529 INFO 0.5312941
52.07184 INFO 0.533797
52.08842 INFO 0.53617
52.10499 INFO 0.5384
52.13812 INFO 0.5404775
52.15475 INFO 0.5423965
52.17125 INFO 0.544154
52.18781 INFO 0.54575
52.20437 INFO 0.5471862
52.23757 INFO 0.5484664
52.25409 INFO 0.5495954
52.27064 INFO 0.5505786
52.28724 INFO 0.5514217
52.30378 INFO 0.5521303
52.33692 INFO 0.5527095
52.3535 INFO 0.5531635
52.37007 INFO 0.5534961
52.38661 INFO 0.5537106
52.40318 INFO 0.5538093
52.43637 INFO 0.5537951
52.4529 INFO 0.5536699
52.46946 INFO 0.5534359
52.48609 INFO 0.5530953
52.50258 INFO 0.5526505
52.53573 INFO 0.5521038
52.53579 INFO Goes into Dodge mode.
52.5523 INFO 0.5514572
52.56884 INFO 0.5507135
52.58542 INFO 0.5498759
52.61855 INFO 0.548948
52.63513 INFO 0.5479341
52.65178 INFO 0.5468387
52.66825 INFO 0.5456666
52.68481 INFO 0.5444232
52.71798 INFO 0.5431131
52.73454 INFO 0.5417418
52.75112 INFO 0.5403142
52.76774 INFO 0.5388358
52.78421 INFO 0.5373122
52.81737 INFO 0.5357486
52.83396 INFO 0.534151
52.85057 INFO 0.5325242
52.86707 INFO 0.5308731
52.88361 INFO 0.5292023
52.91675 INFO 0.5275161
52.93332 INFO 0.5258183
52.94989 INFO 0.5241127
52.96658 INFO 0.5224025
52.98305 INFO 0.5206907
53.01616 INFO 0.5189801
53.03273 INFO 0.5172732
53.04937 INFO 0.5155725
53.06586 INFO 0.5138801
53.08241 INFO 0.5121978
53.11555 INFO 0.5105275
53.13221 INFO 0.5088703
53.14869 INFO 0.5072275
53.16525 INFO 0.5056003
53.1984 INFO 0.5039902
53.21495 INFO 0.5023961
53.23153 INFO 0.5008188
53.24828 INFO Goes into Track mode.
53.33136 INFO Has hit obstacle
53.54634 INFO Goes into Dodge mode.
53.82796 INFO 0.5000724
53.84448 INFO 0.5005637
53.87761 INFO 0.5010737
53.89421 INFO 0.5016079
53.91075 INFO 0.5021675
53.92733 INFO 0.5027536
53.94388 INFO 0.5033659
53.97702 INFO 0.5026217
53.99364 INFO 0.5018055
54.01016 INFO 0.5012649
54.02674 INFO 0.5008284
54.0433 INFO 0.5004548
54.07642 INFO 0.5001303
54.2752 INFO 0.5000185
54.29177 INFO 0.5003467
54.30834 INFO 0.5007389
54.32492 INFO 0.5011954
54.35807 INFO 0.5017169
54.37461 INFO 0.5023035
54.39118 INFO 0.5029554
54.40774 INFO 0.5036731
54.4243 INFO 0.5044565
54.45745 INFO 0.505306
54.474 INFO 0.5062214
54.49057 INFO 0.5072028
54.50715 INFO 0.5082503
54.5237 INFO 0.509364
54.55687 INFO 0.5105439
54.57341 INFO 0.5117899
54.59 INFO 0.5131019
54.60658 INFO 0.5144799
54.62312 INFO 0.5159237
54.65626 INFO 0.5174334
54.6728 INFO 0.5190086
54.68938 INFO 0.5206493
54.70596 INFO 0.5223553
54.72251 INFO 0.5241261
54.75566 INFO 0.5259616
54.77222 INFO 0.5278614
54.78878 INFO 0.5298254
54.78884 INFO Goes into Track mode.
54.80534 INFO 0.5318598
54.83851 INFO 0.533964
54.85506 INFO 0.536137
54.87161 INFO 0.5383783
54.88818 INFO 0.5406867
54.90477 INFO 0.5430613
54.93789 INFO 0.5455013
54.95454 INFO 0.5480053
54.97107 INFO 0.5505723
54.98758 INFO 0.5532014
55.00421 INFO 0.5558917
55.03731 INFO 0.558642
55.05387 INFO 0.5614513
55.07042 INFO 0.5643185
55.08698 INFO 0.5672426
55.10356 INFO 0.5702223
55.13667 INFO 0.5732565
55.15326 INFO 0.5763435
55.16983 INFO 0.5794828
55.18639 INFO 0.5826733
55.20295 INFO 0.5859143
55.23611 INFO 0.5892051
55.25267 INFO 0.5925447
55.26921 INFO 0.5959321
55.28579 INFO 0.5993661
55.30235 INFO 0.6028463
55.33549 INFO 0.6063716
55.35206 INFO 0.6099409
55.36861 INFO 0.6135535
55.3852 INFO 0.6172084
55.41837 INFO 0.6209045
55.43488 INFO 0.6246404
55.45145 INFO 0.6284148
55.46804 INFO 0.6322275
55.48458 INFO 0.6360775
55.51776 INFO 0.6399649
55.53436 INFO 0.6438889
55.55085 INFO 0.6478493
55.56742 INFO 0.6518455
55.58398 INFO 0.6558774
55.61721 INFO 0.6599448
55.63368 INFO 0.6640474
55.65026 INFO 0.6681848
55.66682 INFO 0.6723572
55.68339 INFO 0.6765645
55.71652 INFO 0.6808065
55.71658 INFO Goes into Dodge mode.
55.73312 INFO 0.6850762
55.74965 INFO 0.6893732
55.76622 INFO 0.6936976
55.78279 INFO 0.6980494
55.81592 INFO 0.7024286
55.83252 INFO 0.7068339
55.84907 INFO 0.7112657
55.86563 INFO 0.7157239
55.89875 INFO 0.7202088
55.91532 INFO 0.7247203
55.93188 INFO 0.7292591
55.94854 INFO 0.733825
55.96508 INFO 0.7384182
55.99822 INFO 0.7430383
56.01478 INFO 0.7476849
56.01485 INFO Goes into Track mode.
56.0313 INFO 0.752367
56.04787 INFO 0.7570844
56.06443 INFO 0.7618369
56.09757 INFO 0.7666249
56.11413 INFO 0.771448
56.1307 INFO 0.7763063
56.14725 INFO 0.7812002
56.16385 INFO 0.7861299
56.19695 INFO 0.7910955
56.21353 INFO 0.7960967
56.23009 INFO 0.8011334
56.24672 INFO 0.8062055
56.26322 INFO 0.8113126
56.29639 INFO 0.8164546
56.3129 INFO 0.821631
56.32949 INFO 0.8268412
56.34607 INFO 0.832085
56.3626 INFO 0.8373618
56.39576 INFO 0.8426711
56.41232 INFO 0.8480121
56.42887 INFO 0.8533837
56.44545 INFO 0.8587851
56.47858 INFO 0.8642157
56.49514 INFO 0.8696743
56.5117 INFO 0.8751603
56.52829 INFO 0.8806723
56.54486 INFO 0.8862093
56.57798 INFO 0.8917697
56.59455 INFO 0.8973522
56.61111 INFO 0.9029555
56.62767 INFO 0.9085776
56.64426 INFO 0.9142166
56.67738 INFO 0.9198709
56.69393 INFO 0.9255388
56.71053 INFO 0.931218
56.72709 INFO 0.9368809
56.74364 INFO 0.9425501
56.77678 INFO 0.9482232
56.79337 INFO 0.9538981
56.8099 INFO 0.9595723
56.82652 INFO 0.9652436
56.84309 INFO 0.9709096
56.87619 INFO 0.9765678
56.89274 INFO 0.9822156
56.90931 INFO 0.9878508
56.92587 INFO 0.9934706
56.94246 INFO 0.9990726
56.97559 INFO 1.004654
56.99217 INFO 1.010212
57.00877 INFO 1.015745
57.0253 INFO 1.02125
57.05844 INFO 1.026724
57.07499 INFO 1.032164
57.09158 INFO 1.037569
57.10817 INFO 1.042936
57.12468 INFO 1.048262
57.15782 INFO 1.053544
57.17438 INFO 1.058782
57.19094 INFO 1.063972
57.20752 INFO 1.069112
57.2241 INFO 1.074201
57.25741 INFO 1.079235
57.27377 INFO 1.084215
57.29036 INFO 1.089136
57.30692 INFO 1.093999
57.32349 INFO 1.0988
57.35662 INFO 1.103538
57.37319 INFO 1.108212
57.38976 INFO 1.112819
57.40632 INFO 1.117359
57.42287 INFO 1.121831
57.45602 INFO 1.126232
57.47259 INFO 1.130561
57.48916 INFO 1.134818
57.50571 INFO 1.139
57.53889 INFO 1.143106
57.55544 INFO 1.147136
57.57197 INFO 1.151089
57.58854 INFO 1.154962
57.60516 INFO 1.158755
57.63834 INFO 1.162468
57.65481 INFO 1.166098
57.67138 INFO 1.169645
57.68795 INFO 1.173108
57.70451 INFO 1.176487
57.73765 INFO 1.179779
57.75422 INFO 1.182984
57.77086 INFO 1.186102
57.78733 INFO 1.18913
57.80391 INFO 1.192069
57.8371 INFO 1.194917
57.85362 INFO 1.197673
57.87019 INFO 1.200338
57.88675 INFO 1.20291
57.90332 INFO 1.205387
57.93645 INFO 1.20777
57.95303 INFO 1.210059
57.96958 INFO 1.212251
57.98616 INFO 1.214347
58.00277 INFO 1.216347
58.03585 INFO 1.218249
58.05244 INFO 1.220053
58.06898 INFO 1.221759
58.08554 INFO 1.223367
58.11869 INFO 1.224876
58.13527 INFO 1.226285
58.15181 INFO 1.227595
58.16841 INFO 1.228805
58.18493 INFO 1.229916
58.21819 INFO 1.230926
58.23472 INFO 1.231837
58.25127 INFO 1.232647
58.2678 INFO 1.233356
58.28439 INFO 1.233966
58.31755 INFO 1.234475
58.33471 INFO 1.234885
58.35124 INFO 1.235194
58.36781 INFO 1.235404
58.38437 INFO 1.235514
58.41759 INFO 1.235525
58.43406 INFO 1.235437
58.45064 INFO 1.23525
58.46722 INFO 1.234965
58.48376 INFO 1.234582
58.51691 INFO 1.234102
58.53346 INFO 1.233525
58.55004 INFO 1.232851
58.56658 INFO 1.232082
58.58319 INFO 1.231217
58.61639 INFO 1.230258
58.63286 INFO 1.229204
58.64944 INFO 1.228058
58.66599 INFO 1.226818
58.68257 INFO 1.225487
58.71569 INFO 1.224064
58.73228 INFO 1.222552
58.74884 INFO 1.220949
58.7654 INFO 1.219258
58.79854 INFO 1.217479
58.81514 INFO 1.215613
58.8317 INFO 1.213661
58.84826 INFO 1.211623
58.8648 INFO 1.2095
58.89794 INFO 1.207295
58.91451 INFO 1.205006
58.93108 INFO 1.202635
58.94764 INFO 1.200184
58.96423 INFO 1.197652
58.99746 INFO 1.195042
59.01396 INFO 1.192353
59.03051 INFO 1.189588
59.0471 INFO 1.186746
59.06364 INFO 1.186485
59.09677 INFO 1.185931
59.11335 INFO 1.185112
59.12993 INFO 1.184057
59.14651 INFO 1.182788
59.16303 INFO 1.181325
59.19619 INFO 1.179683
59.21274 INFO 1.177892
59.2293 INFO 1.175966
59.24591 INFO 1.173916
59.26248 INFO 1.171753
59.29555 INFO 1.169487
59.31212 INFO 1.167127
59.3287 INFO 1.16468
59.34524 INFO 1.162153
59.37838 INFO 1.159554
59.39497 INFO 1.156887
59.41151 INFO 1.154159
59.42807 INFO 1.151373
59.44464 INFO 1.148535
59.47778 INFO 1.145648
59.49433 INFO 1.142716
59.5109 INFO 1.139742
59.52747 INFO 1.136729
59.54407 INFO 1.133681
59.57719 INFO 1.130599
59.59374 INFO 1.127487
59.61031 INFO 1.124345
59.62686 INFO 1.121177
59.64347 INFO 1.117983
59.67657 INFO 1.114766
59.69317 INFO 1.111527
59.70971 INFO 1.108268
59.72628 INFO 1.104989
59.74294 INFO 1.101691
59.77596 INFO 1.098377
59.79253 INFO 1.095047
59.80912 INFO 1.091702
59.82572 INFO 1.088342
59.85882 INFO 1.084968
59.87538 INFO 1.081583
59.89193 INFO 1.078184
59.9085 INFO 1.074775
59.92508 INFO 1.071319
59.95821 INFO 1.067817
59.97476 INFO 1.064267
59.99133 INFO 1.060672
60.00796 INFO 1.05703
60.02449 INFO 1.053344
60.05774 INFO 1.049612
60.07418 INFO 1.045836
60.09074 INFO 1.042017
60.10731 INFO 1.038154
60.12386 INFO 1.034248
60.15707 INFO 1.0303
60.17356 INFO 1.02631
60.19013 INFO 1.022279
60.2067 INFO 1.018208
60.22328 INFO 1.014096
60.25652 INFO 1.009945
60.27298 INFO 1.005756
60.28954 INFO 1.001527
60.30608 INFO 0.9972605
60.32269 INFO 0.9929555
60.3558 INFO 0.9886123
60.37237 INFO 0.9842301
60.38894 INFO 0.9798094
60.4056 INFO 0.9753497
60.43863 INFO 0.9708512
60.45523 INFO 0.9663134
60.47175 INFO 0.9617363
60.48833 INFO 0.9571192
60.5049 INFO 0.9524623
60.53803 INFO 0.9477656
60.55469 INFO 0.9430282
60.57118 INFO 0.9382507
60.58773 INFO 0.933433
60.6043 INFO 0.9285755
60.63743 INFO 0.9236783
60.654 INFO 0.9187413
60.67057 INFO 0.9137647
60.68714 INFO 0.908749
60.70373 INFO 0.9036943
60.73684 INFO 0.8986011
60.75349 INFO 0.8948048
60.76997 INFO 0.8909408
60.78654 INFO 0.8870078
60.8031 INFO 0.8830068
60.8363 INFO 0.8789385
60.85282 INFO 0.8748038
60.86937 INFO 0.870604
60.88601 INFO 0.8663403
60.9025 INFO 0.8620137
60.93564 INFO 0.8576257
60.95221 INFO 0.8531777
60.96879 INFO 0.8486711
60.98534 INFO 0.8441073
61.01857 INFO 0.8394879
61.03503 INFO 0.8348146
61.05162 INFO 0.8300889
61.06821 INFO 0.8253125
61.08472 INFO 0.8204873
61.11787 INFO 0.815615
61.13444 INFO 0.8106974
61.15101 INFO 0.8057365
61.16756 INFO 0.8007338
61.18415 INFO 0.7956916
61.21729 INFO 0.7906116
61.21735 INFO Goes into Dodge mode.
61.23382 INFO 0.7854959
61.25043 INFO 0.7803462
61.26699 INFO 0.7751648
61.28354 INFO 0.7699535
61.31667 INFO 0.7647146
61.33326 INFO 0.7594502
61.3498 INFO 0.7541625
61.36637 INFO 0.7488539
61.38301 INFO 0.7435267
61.41607 INFO 0.7381833
61.41612 INFO Goes into Track mode.
61.43263 INFO 0.7328267
61.43303 INFO Has hit obstacle
61.44922 INFO 0.731609
61.46577 INFO 0.7306896
61.48232 INFO 0.7293996
61.51551 INFO 0.7280771
61.53204 INFO 0.7267261
61.54863 INFO 0.7253505
61.56519 INFO 0.7239544
61.59832 INFO 0.7225417
61.59837 INFO Goes into Dodge mode.
61.61488 INFO 0.7211165
61.63147 INFO 0.7196826
61.64802 INFO 0.7182439
61.66457 INFO 0.7168038
61.6977 INFO 0.7153662
61.71437 INFO 0.7139345
61.73084 INFO 0.7125119
61.7474 INFO 0.7111017
61.76398 INFO 0.7097071
61.79709 INFO 0.708331
61.81367 INFO 0.7069764
61.83028 INFO 0.7056462
61.84681 INFO 0.7043429
61.86337 INFO 0.7030692
61.8965 INFO 0.7018273
61.91306 INFO 0.7006198
61.92965 INFO 0.6994485
61.94621 INFO 0.6983157
61.96278 INFO 0.6972235
61.9959 INFO 0.6961738
62.01252 INFO 0.6951687
62.02904 INFO 0.6942095
62.04566 INFO 0.6932979
62.07874 INFO 0.6924352
62.09532 INFO 0.6916226
62.11191 INFO 0.6908614
62.12845 INFO 0.6901525
62.14501 INFO 0.6894968
62.17813 INFO 0.688895
62.1947 INFO 0.6883479
62.21133 INFO 0.6878564
62.22783 INFO 0.687422
62.24446 INFO 0.6870458
62.27753 INFO 0.686728
62.2941 INFO 0.686469
62.31067 INFO 0.6862686
62.32727 INFO 0.6861274
62.34381 INFO 0.6860449
62.377 INFO 0.6860214
62.39352 INFO 0.6860567
62.41006 INFO 0.6861505
62.42663 INFO 0.6863025
62.44321 INFO 0.6865126
62.47632 INFO 0.6867801
62.49289 INFO 0.6871048
62.50946 INFO 0.6874859
62.52602 INFO 0.6879231
62.54266 INFO 0.6884157
62.57573 INFO 0.6889631
62.59232 INFO 0.6895643
62.60886 INFO 0.6902189
62.62543 INFO 0.6909261
62.65858 INFO 0.6916851
62.67513 INFO 0.6924948
62.69169 INFO 0.6933546
62.70829 INFO 0.6942635
62.70834 INFO Goes into Track mode.
62.72483 INFO 0.6952223
62.75799 INFO 0.6962301
62.77452 INFO 0.6972857
62.79109 INFO 0.6983881
62.80767 INFO 0.6995363
62.80804 INFO Has hit obstacle
62.82425 INFO 0.7011704
62.8574 INFO 0.7029147
62.87402 INFO 0.704657
62.89051 INFO 0.7064521
62.90709 INFO 0.7083001
62.92363 INFO 0.7102006
62.95677 INFO 0.7121532
62.97338 INFO 0.7141574
62.98991 INFO 0.716213
63.0065 INFO 0.7183193
63.02311 INFO 0.720476
63.05624 INFO 0.7226824
63.07277 INFO 0.7249379
63.08935 INFO 0.7272419
63.08971 INFO Has hit obstacle
63.1059 INFO 0.7296555
63.12249 INFO 0.7321249
63.15562 INFO 0.7346492
63.17218 INFO 0.7372282
63.18874 INFO 0.7398612
63.20533 INFO 0.7425479
63.23846 INFO 0.7452877
63.25502 INFO 0.7480798
63.27156 INFO 0.7509238
63.28813 INFO 0.7538189
63.30467 INFO 0.7567642
63.33782 INFO 0.7597591
63.35439 INFO 0.7628025
63.37102 INFO 0.7658939
63.3875 INFO 0.7690321
63.40409 INFO 0.7722161
63.43721 INFO 0.7754456
63.45378 INFO 0.7787194
63.47034 INFO 0.7820368
63.4869 INFO 0.7853972
63.50346 INFO 0.7887994
63.53669 INFO 0.7922436
63.55318 INFO 0.795729
63.56977 INFO 0.7992554
63.58632 INFO 0.8028226
63.60288 INFO 0.8064302
63.63603 INFO 0.8100778
63.65258 INFO 0.8137648
63.66914 INFO 0.8174909
63.6857 INFO 0.8212557
63.71886 INFO 0.8250589
63.73541 INFO 0.8288997
63.75198 INFO 0.8327776
63.76854 INFO 0.8366918
63.78512 INFO 0.84122
63.81826 INFO 0.8452141
63.83484 INFO 0.8492408
63.85141 INFO 0.8532994
63.86794 INFO 0.8573886
63.8845 INFO 0.861508
63.91765 INFO 0.8656569
63.93425 INFO 0.8698345
63.95078 INFO 0.8740408
63.96733 INFO 0.8782754
63.98394 INFO 0.882538
64.01711 INFO 0.8868285
64.03365 INFO 0.8911469
64.05024 INFO 0.8954932
64.06679 INFO 0.8998673
64.08334 INFO 0.9042692
64.11649 INFO 0.908699
64.13307 INFO 0.9131563
64.14961 INFO 0.9176413
64.16617 INFO 0.9221538
64.18272 INFO 0.9266936
64.21587 INFO 0.9312605
64.23241 INFO 0.9358546
64.24904 INFO 0.9404755
64.26558 INFO 0.9451229
64.29868 INFO 0.9497969
64.31525 INFO 0.9544968
64.33181 INFO 0.9592226
64.34837 INFO 0.9639736
64.36494 INFO 0.9687501
64.39806 INFO 0.9735513
64.41462 INFO 0.9783769
64.43119 INFO 0.9832263
64.44785 INFO 0.9880993
64.46433 INFO 0.9929951
64.49745 INFO 0.9979134
64.51402 INFO 1.002854
64.53061 INFO 1.007815
64.54715 INFO 1.012798
64.56373 INFO 1.0178
64.59686 INFO 1.022822
64.61341 INFO 1.027863
64.62999 INFO 1.032922
64.64657 INFO 1.037998
64.66312 INFO 1.043091
64.69629 INFO 1.0482
64.71286 INFO 1.053324
64.72939 INFO 1.058462
64.74596 INFO 1.063614
64.76254 INFO 1.068779
64.79566 INFO 1.073957
64.81224 INFO 1.079146
64.82885 INFO 1.084345
64.84537 INFO 1.089553
64.87854 INFO 1.09477
64.89506 INFO 1.099995
64.91162 INFO 1.105227
64.9282 INFO 1.110465
64.94479 INFO 1.115708
64.97791 INFO 1.120955
64.99447 INFO 1.126205
65.01103 INFO 1.131458
65.02766 INFO 1.136712
65.04417 INFO 1.141966
65.07732 INFO 1.147219
65.09386 INFO 1.152471
65.11044 INFO 1.15772
65.12701 INFO 1.162966
65.14357 INFO 1.168206
65.17669 INFO 1.173441
65.1933 INFO 1.178668
65.20982 INFO 1.183888
65.22639 INFO 1.189098
65.24301 INFO 1.194298
65.27609 INFO 1.199486
65.29266 INFO 1.204662
65.30923 INFO 1.209824
65.32581 INFO 1.214971
65.34238 INFO 1.220102
65.37552 INFO 1.225215
65.39209 INFO 1.23031
65.40864 INFO 1.235385
65.42522 INFO 1.240438
65.45837 INFO 1.245469
65.4749 INFO 1.250476
65.49146 INFO 1.255459
65.50803 INFO 1.260415
65.52465 INFO 1.265344
65.55774 INFO 1.270245
65.57434 INFO 1.275115
65.5909 INFO 1.279954
65.60744 INFO 1.284761
65.624 INFO 1.289535
65.65717 INFO 1.294273
65.67372 INFO 1.298976
65.69028 INFO 1.303641
65.70686 INFO 1.308268
65.72342 INFO 1.312856
65.75655 INFO 1.317404
65.77311 INFO 1.32191
65.78967 INFO 1.326374
65.80623 INFO 1.330794
65.8228 INFO 1.33517
65.85595 INFO 1.3395
65.8725 INFO 1.343783
65.88907 INFO 1.348019
65.90564 INFO 1.352206
65.93879 INFO 1.356344
65.95535 INFO 1.360431
65.9719 INFO 1.364467
65.98846 INFO 1.368451
66.00504 INFO 1.372381
66.03823 INFO 1.376258
66.05476 INFO 1.380081
66.07133 INFO 1.383848
66.08788 INFO 1.387559
66.10444 INFO 1.391214
66.13761 INFO 1.394812
66.15416 INFO 1.398352
66.1707 INFO 1.401835
66.18729 INFO 1.405261
66.20385 INFO 1.408629
66.237 INFO 1.41194
66.25357 INFO 1.415194
66.27011 INFO 1.41839
66.28667 INFO 1.421529
66.30323 INFO 1.424611
66.3364 INFO 1.427635
66.35294 INFO 1.430601
66.36951 INFO 1.433509
66.38609 INFO 1.436359
66.40265 INFO 1.43915
66.43578 INFO 1.441883
66.45234 INFO 1.444558
66.46889 INFO 1.447174
66.48547 INFO 1.449732
66.5186 INFO 1.452232
66.53516 INFO 1.454674
66.55173 INFO 1.457057
66.56831 INFO 1.459384
66.58485 INFO 1.461653
66.618 INFO 1.463864
66.63457 INFO 1.466019
66.65115 INFO 1.468117
66.66769 INFO 1.470158
66.68428 INFO 1.472144
66.71739 INFO 1.474074
66.73397 INFO 1.475949
66.75053 INFO 1.477768
66.76709 INFO 1.479534
66.78366 INFO 1.481245
66.8168 INFO 1.482902
66.83339 INFO 1.484506
66.84995 INFO 1.486057
66.86652 INFO 1.487554
66.88307 INFO 1.488999
66.91618 INFO 1.490392
66.93279 INFO 1.491732
66.94936 INFO 1.49302
66.9659 INFO 1.494257
66.98245 INFO 1.495442
67.01562 INFO 1.496576
67.03222 INFO 1.49766
67.04881 INFO 1.498694
67.06534 INFO 1.499678
67.87706 INFO 1.499795
67.89364 INFO 1.498867
67.91018 INFO 1.497897
67.92676 INFO 1.496884
67.94334 INFO 1.495828
67.97647 INFO 1.494729
67.99303 INFO 1.493587
68.00961 INFO 1.492402
68.02616 INFO 1.491173
68.04274 INFO 1.4899
68.07588 INFO 1.488583
68.09245 INFO 1.487222
68.10899 INFO 1.485816
68.12557 INFO 1.484366
68.15873 INFO 1.48287
68.17527 INFO 1.481329
68.19183 INFO 1.479743
68.2084 INFO 1.47811
68.22499 INFO 1.476432
68.25812 INFO 1.474708
68.27467 INFO 1.472937
68.29121 INFO 1.47112
68.30779 INFO 1.469256
68.32439 INFO 1.467346
68.35751 INFO 1.465388
68.37406 INFO 1.463383
68.39063 INFO 1.461331
68.40721 INFO 1.459232
68.42378 INFO 1.457085
68.45693 INFO 1.454891
68.47346 INFO 1.45265
68.49002 INFO 1.450361
68.5066 INFO 1.448024
68.52316 INFO 1.44564
68.55631 INFO 1.443209
68.57285 INFO 1.44073
68.58942 INFO 1.438204
68.60598 INFO 1.435631
68.62256 INFO 1.433011
68.65569 INFO 1.430344
68.67227 INFO 1.427631
68.68882 INFO 1.42487
68.70541 INFO 1.422064
68.73854 INFO 1.419212
68.75509 INFO 1.416313
68.77167 INFO 1.41337
68.78823 INFO 1.41038
68.80479 INFO 1.407346
68.83799 INFO 1.404267
68.85452 INFO 1.401144
68.87109 INFO 1.397977
68.88763 INFO 1.394765
68.9042 INFO 1.391508
68.93736 INFO 1.388209
68.95393 INFO 1.384866
68.97047 INFO 1.381481
68.98704 INFO 1.378054
69.0036 INFO 1.374585
69.03674 INFO 1.371075
69.05332 INFO 1.367525
69.06994 INFO 1.363935
69.08647 INFO 1.360305
69.103 INFO 1.356636
69.13615 INFO 1.352928
69.15271 INFO 1.349183
69.16927 INFO 1.3454
69.18583 INFO 1.341583
69.2024 INFO 1.337731
69.23557 INFO 1.333848
69.25214 INFO 1.329936
69.26868 INFO 1.326
69.28525 INFO 1.322041
69.31837 INFO 1.318062
69.33495 INFO 1.314065
69.35153 INFO 1.31005
69.36807 INFO 1.306018
69.38463 INFO 1.301971
69.41777 INFO 1.29791
69.43435 INFO 1.293838
69.45091 INFO 1.289756
69.4675 INFO 1.285666
69.48403 INFO 1.28157
69.51717 INFO 1.277471
69.53379 INFO 1.27337
69.55032 INFO 1.26927
69.56688 INFO 1.265173
69.58345 INFO 1.261081
69.6166 INFO 1.256996
69.63316 INFO 1.252921
69.64973 INFO 1.248855
69.66626 INFO 1.244804
69.68283 INFO 1.240769
69.71597 INFO 1.236753
69.73254 INFO 1.23276
69.74911 INFO 1.228792
69.76569 INFO 1.22485
69.7988 INFO 1.220937
69.81539 INFO 1.217057
69.83199 INFO 1.213211
69.84851 INFO 1.209402
69.86507 INFO 1.205631
69.89821 INFO 1.201899
69.91479 INFO 1.198209
69.93135 INFO 1.194564
69.9479 INFO 1.190964
69.96448 INFO 1.187411
69.99759 INFO 1.183904
70.01416 INFO 1.180446
70.03075 INFO 1.177037
70.04731 INFO 1.173677
70.06387 INFO 1.170368
70.09703 INFO 1.167112
70.11358 INFO 1.163908
70.13016 INFO 1.160758
70.14671 INFO 1.157662
70.16328 INFO 1.15462
70.19641 INFO 1.151633
70.21299 INFO 1.148702
70.22953 INFO 1.145827
70.24618 INFO 1.14301
70.2627 INFO 1.140249
70.29581 INFO 1.137544
70.31239 INFO 1.134894
70.32896 INFO 1.1323
70.34553 INFO 1.12976
70.37863 INFO 1.127274
70.3952 INFO 1.12484
70.41177 INFO 1.122456
70.42835 INFO 1.12012
70.44492 INFO 1.117832
70.47803 INFO 1.11559
70.49462 INFO 1.113393
70.51116 INFO 1.111239
70.52773 INFO 1.109128
70.5443 INFO 1.10706
70.57742 INFO 1.105033
70.594 INFO 1.103043
70.61057 INFO 1.101088
70.62713 INFO 1.099164
70.6437 INFO 1.09727
70.67684 INFO 1.095405
70.69341 INFO 1.093566
70.70998 INFO 1.091754
70.72655 INFO 1.089966
70.7431 INFO 1.088204
70.77623 INFO 1.086465
70.79279 INFO 1.084748
70.80938 INFO 1.083053
70.82597 INFO 1.08138
70.84254 INFO 1.079729
70.87563 INFO 1.078101
70.8922 INFO 1.076494
70.90878 INFO 1.074909
70.92535 INFO 1.073346
70.95849 INFO 1.071804
70.97505 INFO 1.070284
70.99164 INFO 1.068786
71.00821 INFO 1.06731
71.02478 INFO 1.065856
71.05791 INFO 1.064424
71.07452 INFO 1.063015
71.09104 INFO 1.061628
71.10762 INFO 1.060265
71.12418 INFO 1.058925
71.15735 INFO 1.057609
71.17387 INFO 1.056317
71.19045 INFO 1.05505
71.20701 INFO 1.053808
71.22358 INFO 1.052593
71.25673 INFO 1.051403
71.27329 INFO 1.050241
71.28983 INFO 1.049107
71.30637 INFO 1.048002
71.32295 INFO 1.046926
71.35607 INFO 1.045881
71.37263 INFO 1.044869
71.38921 INFO 1.043889
71.40578 INFO 1.042943
71.42234 INFO 1.042032
71.45551 INFO 1.041157
71.47203 INFO 1.040318
71.4886 INFO 1.039517
71.50517 INFO 1.038755
71.53831 INFO 1.038032
71.55488 INFO 1.03735
71.57145 INFO 1.036708
71.588 INFO 1.036109
71.60458 INFO 1.035552
71.63772 INFO 1.035038
71.65429 INFO 1.03457
71.67085 INFO 1.034146
71.68741 INFO 1.033768
71.70398 INFO 1.033436
71.73711 INFO 1.033152
71.75368 INFO 1.032916
71.77024 INFO 1.032728
71.7868 INFO 1.032589
71.80339 INFO 1.0325
71.83655 INFO 1.032462
71.8531 INFO 1.032474
71.86964 INFO 1.032538
71.88622 INFO 1.032653
71.90278 INFO 1.032821
71.93591 INFO 1.033041
71.95248 INFO 1.033314
71.96904 INFO 1.033641
71.98566 INFO 1.034021
72.01878 INFO 1.034455
72.03533 INFO 1.034943
72.05191 INFO 1.035486
72.06847 INFO 1.036083
72.08508 INFO 1.036736
72.11819 INFO 1.037444
72.13474 INFO 1.038207
72.15131 INFO 1.039026
72.16788 INFO 1.0399
72.18444 INFO 1.040831
72.21758 INFO 1.041817
72.23413 INFO 1.04286
72.25072 INFO 1.043959
72.26729 INFO 1.045113
72.28383 INFO 1.046324
72.31696 INFO 1.047591
72.33352 INFO 1.048913
72.35008 INFO 1.050291
72.36666 INFO 1.051724
72.3832 INFO 1.053211
72.41634 INFO 1.054752
72.4329 INFO 1.056344
72.44947 INFO 1.057984
72.46603 INFO 1.059669
72.4826 INFO 1.061395
72.51574 INFO 1.063156
72.53232 INFO 1.064948
72.54887 INFO 1.066767
72.56544 INFO 1.068612
72.59864 INFO 1.070482
72.61513 INFO 1.072371
72.63169 INFO 1.074277
72.64827 INFO 1.076195
72.66483 INFO 1.078123
72.69796 INFO 1.080058
72.71452 INFO 1.081999
72.73109 INFO 1.083944
72.74766 INFO 1.085892
72.76423 INFO 1.087842
72.79736 INFO 1.089793
72.81393 INFO 1.091743
72.83054 INFO 1.093693
72.84708 INFO 1.095639
72.86365 INFO 1.097581
72.89677 INFO 1.099517
72.91333 INFO 1.101444
72.92991 INFO 1.103361
72.94649 INFO 1.105267
72.96303 INFO 1.10716
72.99617 INFO 1.10904
73.01273 INFO 1.110903
73.02929 INFO 1.112749
73.04588 INFO 1.114578
73.06245 INFO 1.116389
73.09559 INFO 1.118182
73.11214 INFO 1.119954
73.12871 INFO 1.121706
73.14526 INFO 1.123438
73.17839 INFO 1.125148
73.19498 INFO 1.126837
73.21154 INFO 1.128504
73.2281 INFO 1.130149
73.24471 INFO 1.131771
73.27782 INFO 1.133372
73.29436 INFO 1.134949
73.31094 INFO 1.136503
73.32751 INFO 1.138034
73.34407 INFO 1.139542
73.3772 INFO 1.141027
73.39376 INFO 1.142488
73.41033 INFO 1.143926
73.4269 INFO 1.145341
73.44347 INFO 1.146732
73.4766 INFO 1.1481
73.49316 INFO 1.149445
73.5098 INFO 1.150767
73.52631 INFO 1.152067
73.54289 INFO 1.153344
73.576 INFO 1.154599
73.59256 INFO 1.155832
73.60914 INFO 1.157044
73.62571 INFO 1.158234
73.65885 INFO 1.159404
73.67543 INFO 1.160553
73.69196 INFO 1.161683
73.70855 INFO 1.162793
73.7251 INFO 1.163885
73.75823 INFO 1.164958
73.7748 INFO 1.166014
73.79137 INFO 1.167053
73.80793 INFO 1.168075
73.82454 INFO 1.169082
73.85765 INFO 1.170074
73.8742 INFO 1.171051
73.89076 INFO 1.172015
73.90734 INFO 1.172966
73.9239 INFO 1.173904
73.95706 INFO 1.174832
73.97359 INFO 1.175749
73.99017 INFO 1.176656
74.00673 INFO 1.177554
74.02331 INFO 1.178444
74.05645 INFO 1.179327
74.073 INFO 1.180203
74.08962 INFO 1.181072
74.10614 INFO 1.181937
74.1227 INFO 1.182798
74.15586 INFO 1.183654
74.17245 INFO 1.184507
74.18896 INFO 1.185358
74.20554 INFO 1.186207
74.23875 INFO 1.187055
74.25527 INFO 1.187901
74.2718 INFO 1.188747
74.28839 INFO 1.189592
74.30493 INFO 1.190438
74.33807 INFO 1.191283
74.35464 INFO 1.192128
74.37121 INFO 1.192973
74.38777 INFO 1.193816
74.40437 INFO 1.194657
74.43748 INFO 1.195493
74.45405 INFO 1.19632
74.47061 INFO 1.197133
74.48717 INFO 1.197929
74.50373 INFO 1.198705
74.537 INFO 1.199459
74.55344 INFO 1.200189
74.57004 INFO 1.200893
74.58658 INFO 1.201568
74.60314 INFO 1.202216
74.63638 INFO 1.202834
74.65284 INFO 1.203422
74.6694 INFO 1.203979
74.68598 INFO 1.204504
74.70264 INFO 1.204997
74.73573 INFO 1.205457
74.75226 INFO 1.205882
74.76881 INFO 1.206271
74.78535 INFO 1.206624
74.81852 INFO 1.20694
74.83511 INFO 1.207219
74.85165 INFO 1.20746
74.8683 INFO 1.207665
74.8848 INFO 1.207831
74.91791 INFO 1.207959
74.9345 INFO 1.208049
74.95103 INFO 1.208103
74.96758 INFO 1.208119
74.98418 INFO 1.208097
75.0173 INFO 1.208038
75.03386 INFO 1.207942
75.05045 INFO 1.207809
75.06702 INFO 1.207641
75.08362 INFO 1.207438
75.11671 INFO 1.207201
75.13338 INFO 1.206929
75.14986 INFO 1.206623
75.16641 INFO 1.206285
75.18296 INFO 1.205913
75.2161 INFO 1.205508
75.23266 INFO 1.205072
75.2493 INFO 1.204603
75.26582 INFO 1.204102
75.28237 INFO 1.203571
75.31553 INFO 1.203009
75.33208 INFO 1.202417
75.34866 INFO 1.201795
75.3652 INFO 1.201145
75.39834 INFO 1.200468
75.4149 INFO 1.199766
75.43148 INFO 1.199038
75.44804 INFO 1.198286
75.46461 INFO 1.19751
75.49775 INFO 1.19671
75.5143 INFO 1.195886
75.53088 INFO 1.19504
75.54744 INFO 1.19417
75.56401 INFO 1.193277
75.59713 INFO 1.192361
75.6137 INFO 1.191422
75.63026 INFO 1.190461
75.64688 INFO 1.189478
75.66345 INFO 1.188473
75.69654 INFO 1.187444
75.71312 INFO 1.186389
75.72968 INFO 1.185306
75.74623 INFO 1.184194
75.7628 INFO 1.183051
75.79594 INFO 1.181877
75.81251 INFO 1.18067
75.8291 INFO 1.179431
75.84563 INFO 1.17816
75.87878 INFO 1.176856
75.89534 INFO 1.175519
75.9119 INFO 1.174149
75.92848 INFO 1.172746
75.94506 INFO 1.17131
75.97818 INFO 1.169841
75.99474 INFO 1.168339
76.0113 INFO 1.166803
76.02787 INFO 1.165233
76.04446 INFO 1.16363
76.07758 INFO 1.161993
76.09418 INFO 1.160323
76.11074 INFO 1.15862
76.12727 INFO 1.156884
76.14384 INFO 1.155115
76.17696 INFO 1.153314
76.19354 INFO 1.15148
76.21011 INFO 1.149613
76.22668 INFO 1.147714
76.24326 INFO 1.145784
76.27637 INFO 1.143821
76.29301 INFO 1.141826
76.30951 INFO 1.14172
76.32609 INFO 1.141571
76.34264 INFO 1.141381
76.37578 INFO 1.141149
76.39234 INFO 1.140876
76.40891 INFO 1.140562
76.42548 INFO 1.140207
76.45869 INFO 1.139811
76.47517 INFO 1.139375
76.49173 INFO 1.138899
76.5083 INFO 1.138384
76.52488 INFO 1.137829
76.55802 INFO 1.137236
76.57458 INFO 1.136603
76.59114 INFO 1.135934
76.6077 INFO 1.135226
76.62435 INFO 1.134482
76.65744 INFO 1.1337
76.67396 INFO 1.132883
76.69053 INFO 1.13203
76.70709 INFO 1.131141
76.72367 INFO 1.130218
76.75681 INFO 1.129259
76.77335 INFO 1.128267
76.79 INFO 1.127242
76.8065 INFO 1.126183
76.82306 INFO 1.125091
76.85622 INFO 1.123968
76.87276 INFO 1.122812
76.88933 INFO 1.121624
76.90588 INFO 1.120406
76.92248 INFO 1.119157
76.95564 INFO 1.117877
76.97221 INFO 1.116568
76.98872 INFO 1.115229
77.00529 INFO 1.113861
77.03845 INFO 1.112463
77.055 INFO 1.111038
77.07158 INFO 1.109583
77.0882 INFO 1.108101
77.1047 INFO 1.106591
77.13783 INFO 1.105054
77.15443 INFO 1.10349
77.17096 INFO 1.101899
77.18754 INFO 1.100282
77.20409 INFO 1.098639
77.23724 INFO 1.09697
77.25382 INFO 1.095276
77.27038 INFO 1.093557
77.28695 INFO 1.091813
77.30351 INFO 1.090045
77.33665 INFO 1.088253
77.35321 INFO 1.086437
77.36977 INFO 1.084597
77.38634 INFO 1.082733
77.40289 INFO 1.080847
77.43603 INFO 1.078937
77.45263 INFO 1.077005
77.46918 INFO 1.07505
77.48574 INFO 1.073073
77.5023 INFO 1.071074
77.53542 INFO 1.069052
77.55202 INFO 1.067009
77.56858 INFO 1.064945
77.58514 INFO 1.062859
77.61827 INFO 1.060751
77.63485 INFO 1.058623
77.65144 INFO 1.056474
77.66801 INFO 1.054304
77.68454 INFO 1.052112
77.71769 INFO 1.0499
77.73425 INFO 1.047667
77.75082 INFO 1.045413
77.76738 INFO 1.043139
77.78393 INFO 1.040844
77.81707 INFO 1.038528
77.83369 INFO 1.036191
77.85022 INFO 1.033834
77.86678 INFO 1.031456
77.88334 INFO 1.029058
77.9165 INFO 1.026639
77.93304 INFO 1.024199
77.94962 INFO 1.021739
77.96619 INFO 1.019258
77.98275 INFO 1.016757
78.01589 INFO 1.014235
78.03245 INFO 1.011693
78.049 INFO 1.00913
78.06557 INFO 1.006547
78.09879 INFO 1.003944
78.11528 INFO 1.00132
78.13182 INFO 0.9986765
78.14841 INFO 0.9960126
78.16497 INFO 0.9933282
78.19811 INFO 0.9906236
78.21468 INFO 0.9878976
78.23122 INFO 0.9851484
78.24787 INFO 0.9823755
78.2644 INFO 0.9795786
78.29751 INFO 0.9767567
78.31406 INFO 0.9739093
78.33064 INFO 0.971036
78.34721 INFO 0.9681358
78.36379 INFO 0.9652086
78.39691 INFO 0.9622536
78.41348 INFO 0.9592699
78.43003 INFO 0.9562578
78.4466 INFO 0.9532174
78.46317 INFO 0.9501492
78.4963 INFO 0.947053
78.51287 INFO 0.9439281
78.52945 INFO 0.940775
78.54601 INFO 0.9375936
78.56257 INFO 0.934384
78.59572 INFO 0.9311463
78.61227 INFO 0.927882
78.62884 INFO 0.9245919
78.64544 INFO 0.9212771
78.67853 INFO 0.9179384
78.69512 INFO 0.9145764
78.71167 INFO 0.9111922
78.72823 INFO 0.9077867
78.74479 INFO 0.904361
78.77794 INFO 0.9009169
78.7945 INFO 0.8974547
78.81108 INFO 0.893975
78.82767 INFO 0.8904801
78.84428 INFO 0.8869705
78.87734 INFO 0.8834476
78.89391 INFO 0.8799136
78.91047 INFO 0.8763691
78.92715 INFO 0.8728145
78.94369 INFO 0.8692514
78.97674 INFO 0.8656811
78.99329 INFO 0.8621054
79.00986 INFO 0.858525
79.02653 INFO 0.8549417
79.04301 INFO 0.8513578
79.07613 INFO 0.847774
79.09275 INFO 0.8441936
79.10934 INFO 0.8406178
79.12582 INFO 0.8370483
79.1424 INFO 0.8334861
79.17555 INFO 0.8299321
79.1921 INFO 0.8263879
79.20867 INFO 0.8228537
79.22523 INFO 0.8193297
79.25839 INFO 0.8158175
79.27494 INFO 0.8123177
79.29152 INFO 0.8088312
79.30805 INFO 0.8053585
79.32468 INFO 0.8019003
79.3578 INFO 0.7984574
79.37435 INFO 0.795031
79.3909 INFO 0.7916216
79.40747 INFO 0.7882286
79.42403 INFO 0.7848521
79.45719 INFO 0.781492
79.47372 INFO 0.7781486
79.49029 INFO 0.7748218
79.50688 INFO 0.7715114
79.52344 INFO 0.7682172
79.55667 INFO 0.7649391
79.5731 INFO 0.7616768
79.58971 INFO 0.7584304
79.60628 INFO 0.7551998
79.62283 INFO 0.751985
79.65597 INFO 0.7487855
79.67255 INFO 0.7456018
79.68911 INFO 0.7424336
79.70568 INFO 0.7392807
79.73882 INFO 0.7361439
79.75539 INFO 0.7330232
79.77195 INFO 0.7299184
79.78853 INFO 0.7268302
79.80506 INFO 0.7237584
79.83823 INFO 0.7207028
79.85478 INFO 0.7176636
79.87133 INFO 0.7146401
79.88791 INFO 0.7116321
79.90449 INFO 0.7086395
79.93761 INFO 0.705662
79.95419 INFO 0.7027048
79.97073 INFO 0.6997675
79.98734 INFO 0.6968497
80.00387 INFO 0.693951
80.03704 INFO 0.6910708
80.05361 INFO 0.688209
80.07018 INFO 0.6853651
80.08673 INFO 0.682539
80.10333 INFO 0.6797302
80.13647 INFO 0.6769384
80.15302 INFO 0.6741633
80.16959 INFO 0.671405
80.18614 INFO 0.6686628
80.20271 INFO 0.6659368
80.23586 INFO 0.6632265
80.25241 INFO 0.6605319
80.26895 INFO 0.6578528
80.28555 INFO 0.655189
80.31864 INFO 0.6525403
80.33521 INFO 0.6499065
80.35178 INFO 0.6472875
80.36833 INFO 0.6446831
80.38491 INFO 0.6420932
80.41803 INFO 0.6395177
80.43462 INFO 0.6369565
80.45118 INFO 0.6344093
80.46776 INFO 0.6318762
80.48429 INFO 0.629357
80.51743 INFO 0.6268515
80.534 INFO 0.6243598
80.55058 INFO 0.6218817
80.56711 INFO 0.6194171
80.58369 INFO 0.6169659
80.61684 INFO 0.6145281
80.6334 INFO 0.6121035
80.64997 INFO 0.6096922
80.66657 INFO 0.607294
80.6831 INFO 0.6049089
80.71625 INFO 0.6025368
80.73283 INFO 0.6001777
80.74936 INFO 0.5978315
80.76595 INFO 0.5954981
80.78249 INFO 0.5931776
80.81563 INFO 0.5908698
80.83225 INFO 0.5885748
80.84884 INFO 0.5862924
80.86533 INFO 0.5840227
80.89846 INFO 0.5817656
80.91503 INFO 0.5795212
80.9317 INFO 0.5772893
80.94817 INFO 0.57507
80.96475 INFO 0.5728631
80.9979 INFO 0.5706687
81.01446 INFO 0.5684868
81.03103 INFO 0.5663174
81.04762 INFO 0.5641602
81.06418 INFO 0.5620155
81.0974 INFO 0.5598833
81.11388 INFO 0.5577633
81.13044 INFO 0.5556558
81.147 INFO 0.5535607
81.16357 INFO 0.5514778
81.19669 INFO 0.5494074
81.21326 INFO 0.5473493
81.22985 INFO 0.5453035
81.24644 INFO 0.5432699
81.263 INFO 0.5412489
81.2961 INFO 0.53924
81.31266 INFO 0.5372385
81.32922 INFO 0.5352444
81.34578 INFO 0.5332564
81.36236 INFO 0.5312746
81.39548 INFO 0.5292991
81.41203 INFO 0.5273293
81.4286 INFO 0.5253654
81.44518 INFO 0.5234069
81.47831 INFO 0.5214534
81.49484 INFO 0.5195057
81.51143 INFO 0.5175638
81.52799 INFO 0.5156286
81.54459 INFO 0.5136999
81.5778 INFO 0.511778
81.59426 INFO 0.509863
81.61083 INFO 0.507955
81.62741 INFO 0.5060539
81.64398 INFO 0.5041599
81.67712 INFO 0.502273
81.6937 INFO 0.5003935
86.06741 INFO Goes into Dodge mode.
86.97848 INFO Goes into Track mode.
88.86704 INFO 0.5014596
88.88364 INFO 0.5038217
88.91676 INFO 0.50613
88.93331 INFO 0.5083846
88.94992 INFO 0.5105852
88.96641 INFO 0.5127317
88.98301 INFO 0.5148244
89.01612 INFO 0.5168634
89.03271 INFO 0.5188693
89.04928 INFO 0.5208415
89.06584 INFO 0.5227792
89.08239 INFO 0.5246817
89.11558 INFO 0.5265483
89.1321 INFO 0.5283788
89.14869 INFO 0.5301728
89.16523 INFO 0.5319294
89.19836 INFO 0.5336484
89.21493 INFO 0.5353287
89.2315 INFO 0.5369699
89.24808 INFO 0.538571
89.26465 INFO 0.5401314
89.2978 INFO 0.5416503
89.31432 INFO 0.5431268
89.33091 INFO 0.5445605
89.34747 INFO 0.5459507
89.36404 INFO 0.5472967
89.39717 INFO 0.5485982
89.41375 INFO 0.5498547
89.4303 INFO 0.5510657
89.44687 INFO 0.5522309
89.46342 INFO 0.5533497
89.49657 INFO 0.5544217
89.51312 INFO 0.5554465
89.5297 INFO 0.5564238
89.5463 INFO 0.5573532
89.56296 INFO 0.5582345
89.59599 INFO 0.5590672
89.61253 INFO 0.5598513
89.6291 INFO 0.5605865
89.64568 INFO 0.5612724
89.6788 INFO 0.5619091
89.69537 INFO 0.5624964
89.71198 INFO 0.563034
89.72858 INFO 0.563522
89.74509 INFO 0.5639601
89.77821 INFO 0.5643485
89.79494 INFO 0.5646871
89.81135 INFO 0.5649756
89.82801 INFO 0.5652143
89.84448 INFO 0.5654033
89.8776 INFO 0.5655425
89.8942 INFO 0.5656322
89.91074 INFO 0.5672435
89.92735 INFO 0.5687392
89.94388 INFO 0.5701222
89.97701 INFO 0.5713966
89.99377 INFO 0.5725666
90.01013 INFO 0.5736364
90.02673 INFO 0.5746104
90.04328 INFO 0.575493
90.07642 INFO 0.5762887
90.09298 INFO 0.5770021
90.1096 INFO 0.5776378
90.12611 INFO 0.5782001
90.14275 INFO 0.5786936
90.17591 INFO 0.5791228
90.19237 INFO 0.5794923
90.20895 INFO 0.5798062
90.22549 INFO 0.5800694
90.25865 INFO 0.5802858
90.27522 INFO 0.5804598
90.29177 INFO 0.5805955
90.30838 INFO 0.5806969
90.32491 INFO 0.580768
90.35807 INFO 0.5808125
90.37458 INFO 0.580834
90.39117 INFO 0.5808361
90.40778 INFO 0.5808221
90.42431 INFO 0.5807951
90.45757 INFO 0.5807577
90.47401 INFO 0.580713
90.49058 INFO 0.580664
90.50716 INFO 0.5806136
90.5237 INFO 0.5805643
90.55685 INFO 0.5805179
90.57341 INFO 0.5804759
90.59004 INFO 0.5804397
90.60654 INFO 0.5804107
90.62312 INFO 0.5803905
90.65624 INFO 0.5803803
90.67282 INFO 0.5803805
90.68939 INFO 0.5803922
90.70594 INFO 0.5804162
90.7225 INFO 0.5804532
90.75564 INFO 0.5805035
90.77231 INFO 0.5805678
90.78879 INFO 0.5806466
90.80534 INFO 0.5807403
90.83848 INFO 0.5808493
90.85505 INFO 0.580974
90.8716 INFO 0.5811146
90.88817 INFO 0.5812713
90.90488 INFO 0.5814442
90.93788 INFO 0.5816333
90.95453 INFO 0.5818385
90.97102 INFO 0.5820594
90.98757 INFO 0.5822965
91.00414 INFO 0.5825498
91.03728 INFO 0.5828195
91.05385 INFO 0.5831059
91.0704 INFO 0.5834097
91.08696 INFO 0.5837312
91.10354 INFO 0.5840698
91.13667 INFO 0.5844219
91.15325 INFO 0.5847492
91.16982 INFO 0.5850506
91.18636 INFO 0.585325
91.20294 INFO 0.5855712
91.23609 INFO 0.5857881
91.25265 INFO 0.5859743
91.26921 INFO 0.5861288
91.28582 INFO 0.5862502
91.30234 INFO 0.5863374
91.33547 INFO 0.5863892
91.35205 INFO 0.5864045
91.36859 INFO 0.5863822
91.38516 INFO 0.5863212
91.4183 INFO 0.5862206
91.43488 INFO 0.5860795
91.45146 INFO 0.5858971
91.46804 INFO 0.5856725
91.48456 INFO 0.5854051
91.51771 INFO 0.5850943
91.53429 INFO 0.5847394
91.55085 INFO 0.58434
91.5674 INFO 0.5838957
91.58399 INFO 0.5834063
91.6171 INFO 0.5828712
91.63365 INFO 0.5822904
91.65025 INFO 0.5816637
91.66682 INFO 0.5809911
91.68336 INFO 0.5802725
91.7165 INFO 0.5795079
91.73308 INFO 0.5786976
91.74967 INFO 0.5778414
91.7662 INFO 0.5769398
91.78286 INFO 0.5759928
91.81593 INFO 0.5750008
91.8325 INFO 0.573964
91.84919 INFO 0.572883
91.86562 INFO 0.5717579
91.89876 INFO 0.5705892
91.91531 INFO 0.5693774
91.93187 INFO 0.568123
91.94851 INFO 0.5668264
91.965 INFO 0.5654882
91.99812 INFO 0.5641088
92.0147 INFO 0.5626889
92.03127 INFO 0.561229
92.04784 INFO 0.5597297
92.06446 INFO 0.5581916
92.09753 INFO 0.5566153
92.1141 INFO 0.5550014
92.13073 INFO 0.5533506
92.14724 INFO 0.5516634
92.16381 INFO 0.5499405
92.19693 INFO 0.5481826
92.21351 INFO 0.5463903
92.23009 INFO 0.5445642
92.24667 INFO 0.5427051
92.26322 INFO 0.5408134
92.29633 INFO 0.5388901
92.3129 INFO 0.5369354
92.3295 INFO 0.5349504
Time : 2/1/2017 12:27:10 AM logfile now closed.
