Time : 2/2/2017 4:02:55 AM
1.491605 INFO Goes into Track mode.
4.447661 INFO Goes into Escape mode.
4.464344 INFO Goes into Track mode.
4.464365 INFO Goes into Escape mode.
4.480857 INFO Goes into Track mode.
4.480869 INFO Goes into Escape mode.
4.497372 INFO Goes into Track mode.
4.497392 INFO Goes into Escape mode.
4.530531 INFO Goes into Track mode.
4.530552 INFO Goes into Escape mode.
4.547484 INFO Goes into Track mode.
4.547497 INFO Goes into Escape mode.
4.564073 INFO Goes into Track mode.
4.564085 INFO Goes into Escape mode.
4.580626 INFO Goes into Track mode.
4.580638 INFO Goes into Escape mode.
4.59725 INFO Goes into Track mode.
4.597262 INFO Goes into Escape mode.
4.630417 INFO Goes into Track mode.
4.630429 INFO Goes into Escape mode.
4.646864 INFO Goes into Track mode.
4.646876 INFO Goes into Escape mode.
4.663441 INFO Goes into Track mode.
4.663454 INFO Goes into Escape mode.
4.67997 INFO Goes into Track mode.
4.679983 INFO Goes into Escape mode.
4.696585 INFO Goes into Track mode.
4.696598 INFO Goes into Escape mode.
4.729685 INFO Goes into Track mode.
4.729696 INFO Goes into Escape mode.
4.746218 INFO Goes into Track mode.
4.746247 INFO Goes into Escape mode.
4.762825 INFO Goes into Track mode.
4.762838 INFO Goes into Escape mode.
4.779409 INFO Goes into Track mode.
4.779424 INFO Goes into Escape mode.
4.796175 INFO Goes into Track mode.
4.796186 INFO Goes into Escape mode.
4.829098 INFO Goes into Track mode.
4.829111 INFO Goes into Escape mode.
4.845672 INFO Goes into Track mode.
4.845685 INFO Goes into Escape mode.
4.862261 INFO Goes into Track mode.
4.862274 INFO Goes into Escape mode.
4.878768 INFO Goes into Track mode.
4.87878 INFO Goes into Escape mode.
4.91189 INFO Goes into Track mode.
4.911902 INFO Goes into Escape mode.
4.928476 INFO Goes into Track mode.
4.928489 INFO Goes into Escape mode.
4.945033 INFO Goes into Track mode.
4.945045 INFO Goes into Escape mode.
4.961633 INFO Goes into Track mode.
4.961646 INFO Goes into Escape mode.
4.978184 INFO Goes into Track mode.
4.978197 INFO Goes into Escape mode.
5.011315 INFO Goes into Track mode.
5.011326 INFO Goes into Escape mode.
5.027851 INFO Goes into Track mode.
5.027863 INFO Goes into Escape mode.
5.04441 INFO Goes into Track mode.
5.044421 INFO Goes into Escape mode.
5.061028 INFO Goes into Track mode.
5.061042 INFO Goes into Escape mode.
5.077593 INFO Goes into Track mode.
5.077606 INFO Goes into Escape mode.
5.110729 INFO Goes into Track mode.
5.110741 INFO Goes into Escape mode.
5.127326 INFO Goes into Track mode.
5.12734 INFO Goes into Escape mode.
5.143894 INFO Goes into Track mode.
5.143906 INFO Goes into Escape mode.
5.160449 INFO Goes into Track mode.
5.160461 INFO Goes into Escape mode.
5.177011 INFO Goes into Track mode.
5.177023 INFO Goes into Escape mode.
5.210155 INFO Goes into Track mode.
5.210167 INFO Goes into Escape mode.
5.226698 INFO Goes into Track mode.
5.22671 INFO Goes into Escape mode.
5.243281 INFO Goes into Track mode.
5.243292 INFO Goes into Escape mode.
5.259839 INFO Goes into Track mode.
5.259851 INFO Goes into Escape mode.
5.276495 INFO Goes into Track mode.
5.276507 INFO Goes into Escape mode.
5.309566 INFO Goes into Track mode.
5.309578 INFO Goes into Escape mode.
5.326058 INFO Goes into Track mode.
5.326069 INFO Goes into Escape mode.
5.34265 INFO Goes into Track mode.
5.342662 INFO Goes into Escape mode.
5.359226 INFO Goes into Track mode.
5.359238 INFO Goes into Escape mode.
5.39238 INFO Goes into Track mode.
5.392393 INFO Goes into Escape mode.
5.408964 INFO Goes into Track mode.
5.408977 INFO Goes into Escape mode.
5.425475 INFO Goes into Track mode.
5.425486 INFO Goes into Escape mode.
5.442164 INFO Goes into Track mode.
5.442177 INFO Goes into Escape mode.
5.458632 INFO Goes into Track mode.
5.458643 INFO Goes into Escape mode.
5.491753 INFO Goes into Track mode.
5.491765 INFO Goes into Escape mode.
5.50834 INFO Goes into Track mode.
5.508355 INFO Goes into Escape mode.
5.524882 INFO Goes into Track mode.
5.524947 INFO Goes into Escape mode.
5.541451 INFO Goes into Track mode.
5.541464 INFO Goes into Escape mode.
5.558038 INFO Goes into Track mode.
5.55805 INFO Goes into Escape mode.
5.591314 INFO Goes into Track mode.
5.591329 INFO Goes into Escape mode.
5.60782 INFO Goes into Track mode.
5.607832 INFO Goes into Escape mode.
5.624316 INFO Goes into Track mode.
5.624329 INFO Goes into Escape mode.
5.640964 INFO Goes into Track mode.
5.640976 INFO Goes into Escape mode.
5.657461 INFO Goes into Track mode.
5.657472 INFO Goes into Escape mode.
5.69065 INFO Goes into Track mode.
5.690663 INFO Goes into Escape mode.
5.707137 INFO Goes into Track mode.
5.707148 INFO Goes into Escape mode.
5.723707 INFO Goes into Track mode.
5.723722 INFO Goes into Escape mode.
5.740297 INFO Goes into Track mode.
5.74031 INFO Goes into Escape mode.
5.756879 INFO Goes into Track mode.
5.756891 INFO Goes into Escape mode.
5.789974 INFO Goes into Track mode.
5.789986 INFO Goes into Escape mode.
5.806572 INFO Goes into Track mode.
5.806585 INFO Goes into Escape mode.
5.823121 INFO Goes into Track mode.
5.823133 INFO Goes into Escape mode.
5.839671 INFO Goes into Track mode.
5.839682 INFO Goes into Escape mode.
5.856297 INFO Goes into Track mode.
5.856317 INFO Goes into Escape mode.
5.889447 INFO Goes into Track mode.
5.889459 INFO Goes into Escape mode.
5.906174 INFO Goes into Track mode.
5.906187 INFO Goes into Escape mode.
5.922696 INFO Goes into Track mode.
5.922709 INFO Goes into Escape mode.
5.939124 INFO Goes into Track mode.
5.939137 INFO Goes into Escape mode.
5.972332 INFO Goes into Track mode.
5.972343 INFO Goes into Escape mode.
5.988896 INFO Goes into Track mode.
5.98891 INFO Goes into Escape mode.
6.005433 INFO Goes into Track mode.
6.005445 INFO Goes into Escape mode.
6.02207 INFO Goes into Track mode.
6.022085 INFO Goes into Escape mode.
6.038553 INFO Goes into Track mode.
6.038566 INFO Goes into Escape mode.
6.071691 INFO Goes into Track mode.
6.071703 INFO Goes into Escape mode.
6.088339 INFO Goes into Track mode.
6.088352 INFO Goes into Escape mode.
6.10496 INFO Goes into Track mode.
6.104971 INFO Goes into Escape mode.
6.121369 INFO Goes into Track mode.
6.121382 INFO Goes into Escape mode.
6.137918 INFO Goes into Track mode.
6.13793 INFO Goes into Escape mode.
6.171069 INFO Goes into Track mode.
6.171081 INFO Goes into Escape mode.
6.187676 INFO Goes into Track mode.
6.187688 INFO Goes into Escape mode.
6.20417 INFO Goes into Track mode.
6.204182 INFO Goes into Escape mode.
6.220776 INFO Goes into Track mode.
6.220788 INFO Goes into Escape mode.
6.237399 INFO Goes into Track mode.
6.237411 INFO Goes into Escape mode.
6.270452 INFO Goes into Track mode.
6.270463 INFO Goes into Escape mode.
6.28698 INFO Goes into Track mode.
6.286992 INFO Goes into Escape mode.
6.30361 INFO Goes into Track mode.
6.303623 INFO Goes into Escape mode.
6.320122 INFO Goes into Track mode.
6.320135 INFO Goes into Escape mode.
6.336699 INFO Goes into Track mode.
6.336711 INFO Goes into Escape mode.
6.369823 INFO Goes into Track mode.
6.369834 INFO Goes into Escape mode.
6.386405 INFO Goes into Track mode.
6.386417 INFO Goes into Escape mode.
6.403095 INFO Goes into Track mode.
6.403107 INFO Goes into Escape mode.
6.419588 INFO Goes into Track mode.
6.419599 INFO Goes into Escape mode.
6.436093 INFO Goes into Track mode.
6.436105 INFO Goes into Escape mode.
6.469221 INFO Goes into Track mode.
6.469232 INFO Goes into Escape mode.
6.485831 INFO Goes into Track mode.
6.485844 INFO Goes into Escape mode.
6.502384 INFO Goes into Track mode.
6.502397 INFO Goes into Escape mode.
6.519122 INFO Goes into Track mode.
6.519134 INFO Goes into Escape mode.
6.552078 INFO Goes into Track mode.
6.552093 INFO Goes into Escape mode.
6.568708 INFO Goes into Track mode.
14.53746 INFO Goes into Escape mode.
14.57043 INFO Goes into Track mode.
14.57045 INFO Goes into Escape mode.
14.58694 INFO Goes into Track mode.
14.58696 INFO Goes into Escape mode.
14.60347 INFO Goes into Track mode.
14.60353 INFO Goes into Escape mode.
14.62014 INFO Goes into Track mode.
14.62016 INFO Goes into Escape mode.
14.63663 INFO Goes into Track mode.
14.63664 INFO Goes into Escape mode.
14.66999 INFO Goes into Track mode.
14.67 INFO Goes into Escape mode.
14.68645 INFO Goes into Track mode.
14.68646 INFO Goes into Escape mode.
14.70296 INFO Goes into Track mode.
14.70298 INFO Goes into Escape mode.
14.71943 INFO Goes into Track mode.
14.71945 INFO Goes into Escape mode.
14.73605 INFO Goes into Track mode.
14.73606 INFO Goes into Escape mode.
14.76917 INFO Goes into Track mode.
14.76918 INFO Goes into Escape mode.
14.78574 INFO Goes into Track mode.
14.78575 INFO Goes into Escape mode.
14.80241 INFO Goes into Track mode.
14.80243 INFO Goes into Escape mode.
14.81887 INFO Goes into Track mode.
14.81888 INFO Goes into Escape mode.
14.85228 INFO Goes into Track mode.
14.85229 INFO Goes into Escape mode.
14.86856 INFO Goes into Track mode.
14.86857 INFO Goes into Escape mode.
14.88517 INFO Goes into Track mode.
14.88518 INFO Goes into Escape mode.
14.90173 INFO Goes into Track mode.
14.90174 INFO Goes into Escape mode.
14.91824 INFO Goes into Track mode.
14.91825 INFO Goes into Escape mode.
14.95141 INFO Goes into Track mode.
14.95143 INFO Goes into Escape mode.
14.968 INFO Goes into Track mode.
14.96801 INFO Goes into Escape mode.
14.98454 INFO Goes into Track mode.
14.98456 INFO Goes into Escape mode.
15.00128 INFO Goes into Track mode.
15.00129 INFO Goes into Escape mode.
15.01772 INFO Goes into Track mode.
15.01773 INFO Goes into Escape mode.
15.05083 INFO Goes into Track mode.
15.05084 INFO Goes into Escape mode.
15.0674 INFO Goes into Track mode.
15.06741 INFO Goes into Escape mode.
15.08403 INFO Goes into Track mode.
15.08404 INFO Goes into Escape mode.
15.10048 INFO Goes into Track mode.
15.10049 INFO Goes into Escape mode.
15.11707 INFO Goes into Track mode.
15.11708 INFO Goes into Escape mode.
15.15038 INFO Goes into Track mode.
15.15039 INFO Goes into Escape mode.
15.16687 INFO Goes into Track mode.
15.16689 INFO Goes into Escape mode.
15.18335 INFO Goes into Track mode.
15.18336 INFO Goes into Escape mode.
15.19995 INFO Goes into Track mode.
15.19996 INFO Goes into Escape mode.
15.21644 INFO Goes into Track mode.
15.21645 INFO Goes into Escape mode.
15.24982 INFO Goes into Track mode.
15.24983 INFO Goes into Escape mode.
15.26617 INFO Goes into Track mode.
15.26618 INFO Goes into Escape mode.
15.28275 INFO Goes into Track mode.
15.28277 INFO Goes into Escape mode.
15.29931 INFO Goes into Track mode.
15.29932 INFO Goes into Escape mode.
15.33247 INFO Goes into Track mode.
15.33248 INFO Goes into Escape mode.
15.34902 INFO Goes into Track mode.
15.34903 INFO Goes into Escape mode.
15.36557 INFO Goes into Track mode.
15.36558 INFO Goes into Escape mode.
15.38217 INFO Goes into Track mode.
15.3822 INFO Goes into Escape mode.
15.39878 INFO Goes into Track mode.
15.39879 INFO Goes into Escape mode.
15.43181 INFO Goes into Track mode.
15.43183 INFO Goes into Escape mode.
15.4484 INFO Goes into Track mode.
15.44841 INFO Goes into Escape mode.
15.46495 INFO Goes into Track mode.
15.46496 INFO Goes into Escape mode.
15.48155 INFO Goes into Track mode.
15.48156 INFO Goes into Escape mode.
15.49819 INFO Goes into Track mode.
15.4982 INFO Goes into Escape mode.
15.53124 INFO Goes into Track mode.
15.53125 INFO Goes into Escape mode.
15.54787 INFO Goes into Track mode.
15.54788 INFO Goes into Escape mode.
15.5644 INFO Goes into Track mode.
15.56441 INFO Goes into Escape mode.
15.58098 INFO Goes into Track mode.
15.58099 INFO Goes into Escape mode.
15.59749 INFO Goes into Track mode.
15.5975 INFO Goes into Escape mode.
15.63074 INFO Goes into Track mode.
15.63076 INFO Goes into Escape mode.
15.64723 INFO Goes into Track mode.
15.64724 INFO Goes into Escape mode.
15.66381 INFO Goes into Track mode.
15.66382 INFO Goes into Escape mode.
15.68036 INFO Goes into Track mode.
15.68038 INFO Goes into Escape mode.
15.69693 INFO Goes into Track mode.
15.69694 INFO Goes into Escape mode.
15.73005 INFO Goes into Track mode.
15.73007 INFO Goes into Escape mode.
15.74657 INFO Goes into Track mode.
15.74658 INFO Goes into Escape mode.
15.76318 INFO Goes into Track mode.
15.76319 INFO Goes into Escape mode.
15.77975 INFO Goes into Track mode.
15.77976 INFO Goes into Escape mode.
15.79632 INFO Goes into Track mode.
15.79633 INFO Goes into Escape mode.
15.82942 INFO Goes into Track mode.
15.82944 INFO Goes into Escape mode.
15.846 INFO Goes into Track mode.
15.84602 INFO Goes into Escape mode.
15.86263 INFO Goes into Track mode.
15.86264 INFO Goes into Escape mode.
15.87915 INFO Goes into Track mode.
15.87916 INFO Goes into Escape mode.
15.9123 INFO Goes into Track mode.
15.91231 INFO Goes into Escape mode.
15.92885 INFO Goes into Track mode.
15.92886 INFO Goes into Escape mode.
15.94548 INFO Goes into Track mode.
15.9455 INFO Goes into Escape mode.
15.96205 INFO Goes into Track mode.
15.96206 INFO Goes into Escape mode.
15.97855 INFO Goes into Track mode.
15.97856 INFO Goes into Escape mode.
16.01171 INFO Goes into Track mode.
16.01172 INFO Goes into Escape mode.
16.02824 INFO Goes into Track mode.
16.02825 INFO Goes into Escape mode.
16.04505 INFO Goes into Track mode.
16.04506 INFO Goes into Escape mode.
16.06152 INFO Goes into Track mode.
16.06153 INFO Goes into Escape mode.
16.07801 INFO Goes into Track mode.
16.07802 INFO Goes into Escape mode.
16.11113 INFO Goes into Track mode.
16.11115 INFO Goes into Escape mode.
16.12767 INFO Goes into Track mode.
16.12768 INFO Goes into Escape mode.
16.14423 INFO Goes into Track mode.
16.14424 INFO Goes into Escape mode.
16.161 INFO Goes into Track mode.
16.16101 INFO Goes into Escape mode.
16.17736 INFO Goes into Track mode.
16.17737 INFO Goes into Escape mode.
16.21049 INFO Goes into Track mode.
16.2105 INFO Goes into Escape mode.
16.22714 INFO Goes into Track mode.
16.22715 INFO Goes into Escape mode.
16.24362 INFO Goes into Track mode.
16.24364 INFO Goes into Escape mode.
16.26026 INFO Goes into Track mode.
16.26027 INFO Goes into Escape mode.
16.27705 INFO Goes into Track mode.
16.27706 INFO Goes into Escape mode.
16.30994 INFO Goes into Track mode.
16.30996 INFO Goes into Escape mode.
16.32658 INFO Goes into Track mode.
16.32659 INFO Goes into Escape mode.
16.34307 INFO Goes into Track mode.
16.34308 INFO Goes into Escape mode.
16.35986 INFO Goes into Track mode.
16.35987 INFO Goes into Escape mode.
16.37626 INFO Goes into Track mode.
16.37627 INFO Goes into Escape mode.
16.40938 INFO Goes into Track mode.
16.40939 INFO Goes into Escape mode.
16.4259 INFO Goes into Track mode.
16.42591 INFO Goes into Escape mode.
16.44245 INFO Goes into Track mode.
16.44246 INFO Goes into Escape mode.
16.45901 INFO Goes into Track mode.
16.45902 INFO Goes into Escape mode.
16.49243 INFO Goes into Track mode.
16.49244 INFO Goes into Escape mode.
16.50902 INFO Goes into Track mode.
16.50903 INFO Goes into Escape mode.
16.52531 INFO Goes into Track mode.
16.52532 INFO Goes into Escape mode.
16.54183 INFO Goes into Track mode.
16.54184 INFO Goes into Escape mode.
16.55846 INFO Goes into Dodge mode.
16.72411 INFO Goes into Track mode.
20.76632 INFO Goes into Escape mode.
20.78285 INFO Goes into Track mode.
20.78287 INFO Goes into Escape mode.
20.79939 INFO Goes into Track mode.
20.7994 INFO Goes into Escape mode.
20.81597 INFO Goes into Track mode.
20.81598 INFO Goes into Escape mode.
20.84911 INFO Goes into Track mode.
20.84912 INFO Goes into Escape mode.
20.8658 INFO Goes into Track mode.
20.86581 INFO Goes into Escape mode.
20.88228 INFO Goes into Track mode.
20.88229 INFO Goes into Escape mode.
20.89879 INFO Goes into Track mode.
20.8988 INFO Goes into Escape mode.
20.932 INFO Goes into Track mode.
20.93201 INFO Goes into Escape mode.
20.94875 INFO Goes into Track mode.
20.94876 INFO Goes into Escape mode.
20.96508 INFO Goes into Track mode.
20.96509 INFO Goes into Escape mode.
20.98161 INFO Goes into Track mode.
20.98178 INFO Goes into Escape mode.
20.9982 INFO Goes into Track mode.
20.99821 INFO Goes into Escape mode.
21.03144 INFO Goes into Track mode.
21.03146 INFO Goes into Escape mode.
21.04789 INFO Goes into Track mode.
21.0479 INFO Goes into Escape mode.
21.06474 INFO Goes into Track mode.
21.06476 INFO Goes into Escape mode.
21.08111 INFO Goes into Track mode.
21.08112 INFO Goes into Escape mode.
21.09768 INFO Goes into Track mode.
21.09769 INFO Goes into Escape mode.
21.13088 INFO Goes into Track mode.
21.13089 INFO Goes into Escape mode.
21.14741 INFO Goes into Track mode.
21.14742 INFO Goes into Escape mode.
21.16399 INFO Goes into Track mode.
21.164 INFO Goes into Escape mode.
21.18056 INFO Goes into Track mode.
21.18057 INFO Goes into Escape mode.
21.19725 INFO Goes into Track mode.
21.19726 INFO Goes into Escape mode.
21.23026 INFO Goes into Track mode.
21.23028 INFO Goes into Escape mode.
21.24687 INFO Goes into Track mode.
21.24689 INFO Goes into Escape mode.
21.26337 INFO Goes into Track mode.
21.26338 INFO Goes into Escape mode.
21.27994 INFO Goes into Track mode.
21.27995 INFO Goes into Escape mode.
21.2965 INFO Goes into Track mode.
21.29651 INFO Goes into Escape mode.
21.32965 INFO Goes into Track mode.
21.32967 INFO Goes into Escape mode.
21.34622 INFO Goes into Track mode.
21.34624 INFO Goes into Escape mode.
21.36283 INFO Goes into Track mode.
21.36284 INFO Goes into Escape mode.
21.37935 INFO Goes into Track mode.
21.37936 INFO Goes into Escape mode.
21.4124 INFO Goes into Track mode.
21.41242 INFO Goes into Escape mode.
21.42894 INFO Goes into Track mode.
21.42895 INFO Goes into Escape mode.
21.44555 INFO Goes into Track mode.
21.44556 INFO Goes into Escape mode.
21.46212 INFO Goes into Track mode.
21.46214 INFO Goes into Escape mode.
21.4787 INFO Goes into Track mode.
21.47871 INFO Goes into Escape mode.
21.51178 INFO Goes into Track mode.
21.51179 INFO Goes into Escape mode.
21.52843 INFO Goes into Track mode.
21.52844 INFO Goes into Escape mode.
21.54487 INFO Goes into Track mode.
21.54488 INFO Goes into Escape mode.
21.56146 INFO Goes into Track mode.
21.56148 INFO Goes into Escape mode.
21.57805 INFO Goes into Track mode.
21.57806 INFO Goes into Escape mode.
21.61116 INFO Goes into Track mode.
21.61118 INFO Goes into Escape mode.
21.6277 INFO Goes into Track mode.
21.62771 INFO Goes into Escape mode.
21.64428 INFO Goes into Track mode.
21.64429 INFO Goes into Escape mode.
21.66086 INFO Goes into Track mode.
21.66087 INFO Goes into Escape mode.
21.67764 INFO Goes into Track mode.
21.67765 INFO Goes into Escape mode.
21.71058 INFO Goes into Track mode.
21.71059 INFO Goes into Escape mode.
21.72712 INFO Goes into Track mode.
32.28004 INFO Goes into Escape mode.
32.2966 INFO Goes into Track mode.
32.29662 INFO Goes into Escape mode.
32.32976 INFO Goes into Track mode.
32.32977 INFO Goes into Escape mode.
32.34627 INFO Goes into Track mode.
32.34629 INFO Goes into Escape mode.
32.3629 INFO Goes into Track mode.
32.36292 INFO Goes into Escape mode.
32.37945 INFO Goes into Track mode.
32.37946 INFO Goes into Escape mode.
32.39601 INFO Goes into Track mode.
32.39602 INFO Goes into Escape mode.
32.42913 INFO Goes into Track mode.
32.42914 INFO Goes into Escape mode.
32.44571 INFO Goes into Track mode.
32.44572 INFO Goes into Escape mode.
32.46224 INFO Goes into Track mode.
32.46226 INFO Goes into Escape mode.
32.47889 INFO Goes into Track mode.
32.4789 INFO Goes into Escape mode.
32.51195 INFO Goes into Track mode.
32.51196 INFO Goes into Escape mode.
32.52851 INFO Goes into Track mode.
32.52853 INFO Goes into Escape mode.
32.54514 INFO Goes into Track mode.
32.54515 INFO Goes into Escape mode.
32.56176 INFO Goes into Track mode.
32.56178 INFO Goes into Escape mode.
32.57831 INFO Goes into Track mode.
32.57832 INFO Goes into Escape mode.
32.61159 INFO Goes into Track mode.
32.6116 INFO Goes into Escape mode.
32.62792 INFO Goes into Track mode.
32.62793 INFO Goes into Escape mode.
32.6445 INFO Goes into Track mode.
32.64452 INFO Goes into Escape mode.
32.66113 INFO Goes into Track mode.
32.66114 INFO Goes into Escape mode.
32.67763 INFO Goes into Track mode.
32.67764 INFO Goes into Escape mode.
32.71077 INFO Goes into Track mode.
32.71078 INFO Goes into Escape mode.
32.72729 INFO Goes into Track mode.
32.72731 INFO Goes into Escape mode.
32.74424 INFO Goes into Track mode.
32.74426 INFO Goes into Escape mode.
32.76052 INFO Goes into Track mode.
32.76054 INFO Goes into Escape mode.
32.77707 INFO Goes into Track mode.
32.77708 INFO Goes into Escape mode.
32.81018 INFO Goes into Track mode.
32.8102 INFO Goes into Escape mode.
32.82673 INFO Goes into Track mode.
32.82674 INFO Goes into Escape mode.
32.84329 INFO Goes into Track mode.
32.8433 INFO Goes into Escape mode.
32.8599 INFO Goes into Track mode.
32.85991 INFO Goes into Escape mode.
32.87646 INFO Goes into Track mode.
32.87647 INFO Goes into Escape mode.
32.90969 INFO Goes into Track mode.
32.9097 INFO Goes into Escape mode.
32.92616 INFO Goes into Track mode.
32.92617 INFO Goes into Escape mode.
32.94269 INFO Goes into Track mode.
32.9427 INFO Goes into Escape mode.
32.95925 INFO Goes into Track mode.
32.95927 INFO Goes into Escape mode.
32.99242 INFO Goes into Track mode.
32.99243 INFO Goes into Escape mode.
33.00897 INFO Goes into Track mode.
33.00898 INFO Goes into Escape mode.
33.02551 INFO Goes into Track mode.
33.02553 INFO Goes into Escape mode.
33.04206 INFO Goes into Track mode.
33.04208 INFO Goes into Escape mode.
33.05868 INFO Goes into Track mode.
33.0587 INFO Goes into Escape mode.
33.09187 INFO Goes into Track mode.
33.09188 INFO Goes into Escape mode.
33.10835 INFO Goes into Track mode.
33.10836 INFO Goes into Escape mode.
33.12494 INFO Goes into Track mode.
33.12495 INFO Goes into Escape mode.
33.14147 INFO Goes into Track mode.
33.14148 INFO Goes into Escape mode.
33.15815 INFO Goes into Track mode.
33.15816 INFO Goes into Escape mode.
33.19122 INFO Goes into Track mode.
33.19124 INFO Goes into Escape mode.
33.20776 INFO Goes into Track mode.
33.20778 INFO Goes into Escape mode.
33.22438 INFO Goes into Track mode.
33.22439 INFO Goes into Escape mode.
33.24089 INFO Goes into Track mode.
33.2409 INFO Goes into Escape mode.
33.25747 INFO Goes into Track mode.
33.25748 INFO Goes into Escape mode.
33.29063 INFO Goes into Track mode.
33.29064 INFO Goes into Escape mode.
33.30719 INFO Goes into Track mode.
33.30721 INFO Goes into Escape mode.
33.32372 INFO Goes into Track mode.
33.32373 INFO Goes into Escape mode.
33.3403 INFO Goes into Track mode.
33.34032 INFO Goes into Escape mode.
33.35687 INFO Goes into Track mode.
33.35688 INFO Goes into Escape mode.
33.39001 INFO Goes into Track mode.
33.39003 INFO Goes into Escape mode.
33.40672 INFO Goes into Track mode.
33.40673 INFO Goes into Escape mode.
33.4231 INFO Goes into Track mode.
33.42311 INFO Goes into Escape mode.
33.4397 INFO Goes into Track mode.
33.43972 INFO Goes into Escape mode.
33.45624 INFO Goes into Track mode.
33.45625 INFO Goes into Escape mode.
33.48944 INFO Goes into Track mode.
33.48945 INFO Goes into Escape mode.
33.50597 INFO Goes into Track mode.
33.50599 INFO Goes into Escape mode.
33.52253 INFO Goes into Track mode.
33.52255 INFO Goes into Escape mode.
33.53907 INFO Goes into Track mode.
33.53909 INFO Goes into Escape mode.
33.5724 INFO Goes into Track mode.
33.57241 INFO Goes into Escape mode.
33.58879 INFO Goes into Track mode.
33.5888 INFO Goes into Escape mode.
33.60535 INFO Goes into Track mode.
33.60537 INFO Goes into Escape mode.
33.62192 INFO Goes into Track mode.
33.62193 INFO Goes into Escape mode.
33.63871 INFO Goes into Track mode.
33.63873 INFO Goes into Escape mode.
33.67185 INFO Goes into Track mode.
33.67187 INFO Goes into Escape mode.
33.68822 INFO Goes into Track mode.
33.68823 INFO Goes into Escape mode.
33.7048 INFO Goes into Track mode.
33.70483 INFO Goes into Escape mode.
33.72133 INFO Goes into Track mode.
33.72134 INFO Goes into Escape mode.
33.73821 INFO Goes into Track mode.
33.73822 INFO Goes into Escape mode.
33.77104 INFO Goes into Track mode.
33.77105 INFO Goes into Escape mode.
33.7876 INFO Goes into Track mode.
33.78761 INFO Goes into Escape mode.
33.80416 INFO Goes into Track mode.
33.80418 INFO Goes into Escape mode.
33.82072 INFO Goes into Track mode.
33.82073 INFO Goes into Escape mode.
33.83726 INFO Goes into Track mode.
33.83727 INFO Goes into Escape mode.
33.87043 INFO Goes into Track mode.
33.87045 INFO Goes into Escape mode.
33.88723 INFO Goes into Track mode.
33.88725 INFO Goes into Escape mode.
33.90362 INFO Goes into Track mode.
33.90363 INFO Goes into Escape mode.
33.92009 INFO Goes into Track mode.
34.40067 INFO Goes into Escape mode.
34.4171 INFO Goes into Track mode.
34.41712 INFO Goes into Escape mode.
34.45024 INFO Goes into Track mode.
34.45026 INFO Goes into Escape mode.
34.46681 INFO Goes into Track mode.
34.46682 INFO Goes into Escape mode.
34.48338 INFO Goes into Track mode.
34.48339 INFO Goes into Escape mode.
34.49995 INFO Goes into Track mode.
41.06032 INFO Goes into Dodge mode.
41.44146 INFO Goes into Track mode.
41.44147 INFO Goes into Escape mode.
41.45795 INFO Goes into Track mode.
41.45796 INFO Goes into Escape mode.
41.49111 INFO Goes into Track mode.
41.49112 INFO Goes into Escape mode.
41.50766 INFO Goes into Track mode.
41.50767 INFO Goes into Escape mode.
41.52433 INFO Goes into Track mode.
41.52434 INFO Goes into Escape mode.
41.54075 INFO Goes into Track mode.
41.54076 INFO Goes into Escape mode.
41.55735 INFO Goes into Track mode.
41.55737 INFO Goes into Escape mode.
41.5905 INFO Goes into Track mode.
41.59052 INFO Goes into Escape mode.
41.60704 INFO Goes into Track mode.
41.60706 INFO Goes into Escape mode.
41.62361 INFO Goes into Track mode.
41.62362 INFO Goes into Escape mode.
41.64015 INFO Goes into Track mode.
41.64016 INFO Goes into Escape mode.
41.65675 INFO Goes into Track mode.
41.65676 INFO Goes into Escape mode.
41.68987 INFO Goes into Track mode.
41.68988 INFO Goes into Escape mode.
41.70653 INFO Goes into Track mode.
41.70654 INFO Goes into Escape mode.
41.72299 INFO Goes into Track mode.
41.723 INFO Goes into Escape mode.
41.73958 INFO Goes into Track mode.
41.73959 INFO Goes into Escape mode.
41.75615 INFO Goes into Track mode.
41.75616 INFO Goes into Escape mode.
41.78931 INFO Goes into Track mode.
41.78932 INFO Goes into Escape mode.
41.80586 INFO Goes into Track mode.
41.80587 INFO Goes into Escape mode.
41.80638 INFO Has hit obstacle
41.82239 INFO Goes into Track mode.
41.8224 INFO Goes into Escape mode.
41.83901 INFO Goes into Track mode.
41.83902 INFO Goes into Escape mode.
41.87211 INFO Goes into Track mode.
41.87213 INFO Goes into Escape mode.
41.88869 INFO Goes into Track mode.
41.88871 INFO Goes into Escape mode.
41.90522 INFO Goes into Track mode.
41.90524 INFO Goes into Escape mode.
41.92178 INFO Goes into Dodge mode.
42.38567 INFO Goes into Track mode.
42.38568 INFO Goes into Escape mode.
42.40228 INFO Goes into Track mode.
42.4023 INFO Goes into Escape mode.
42.41881 INFO Goes into Track mode.
42.41883 INFO Goes into Escape mode.
42.45197 INFO Goes into Track mode.
42.45198 INFO Goes into Escape mode.
42.46855 INFO Goes into Track mode.
42.46856 INFO Goes into Escape mode.
42.48511 INFO Goes into Track mode.
42.48512 INFO Goes into Escape mode.
42.50161 INFO Goes into Track mode.
42.50163 INFO Goes into Escape mode.
42.5182 INFO Goes into Track mode.
42.51821 INFO Goes into Escape mode.
42.55135 INFO Goes into Track mode.
42.55136 INFO Goes into Escape mode.
42.5679 INFO Goes into Track mode.
42.56791 INFO Goes into Escape mode.
42.58448 INFO Goes into Track mode.
42.58449 INFO Goes into Escape mode.
42.60136 INFO Goes into Track mode.
42.60137 INFO Goes into Escape mode.
42.61761 INFO Goes into Track mode.
42.61762 INFO Goes into Escape mode.
42.65075 INFO Goes into Track mode.
42.65076 INFO Goes into Escape mode.
42.66736 INFO Goes into Track mode.
42.66737 INFO Goes into Escape mode.
42.68393 INFO Goes into Track mode.
42.68394 INFO Goes into Escape mode.
42.70054 INFO Goes into Track mode.
42.70055 INFO Goes into Escape mode.
42.71703 INFO Goes into Track mode.
42.71704 INFO Goes into Escape mode.
42.75015 INFO Goes into Track mode.
42.75017 INFO Goes into Escape mode.
42.76672 INFO Goes into Track mode.
42.76674 INFO Goes into Escape mode.
42.78343 INFO Goes into Track mode.
42.78344 INFO Goes into Escape mode.
42.79982 INFO Goes into Track mode.
42.79983 INFO Goes into Escape mode.
42.81643 INFO Goes into Track mode.
42.81644 INFO Goes into Escape mode.
42.84954 INFO Goes into Track mode.
42.84956 INFO Goes into Escape mode.
42.86623 INFO Goes into Track mode.
42.86625 INFO Goes into Escape mode.
42.88271 INFO Goes into Track mode.
42.88273 INFO Goes into Escape mode.
42.89925 INFO Goes into Track mode.
42.89926 INFO Goes into Escape mode.
42.93237 INFO Goes into Track mode.
42.93238 INFO Goes into Escape mode.
42.94893 INFO Goes into Track mode.
42.94894 INFO Goes into Escape mode.
42.96561 INFO Goes into Track mode.
42.96563 INFO Goes into Escape mode.
42.98216 INFO Goes into Track mode.
42.98217 INFO Goes into Escape mode.
42.99866 INFO Goes into Track mode.
42.99868 INFO Goes into Escape mode.
43.03177 INFO Goes into Track mode.
43.03178 INFO Goes into Escape mode.
43.04837 INFO Goes into Track mode.
43.04839 INFO Goes into Escape mode.
43.06495 INFO Goes into Track mode.
43.06496 INFO Goes into Escape mode.
43.08155 INFO Goes into Track mode.
43.08157 INFO Goes into Escape mode.
43.09808 INFO Goes into Track mode.
43.09809 INFO Goes into Escape mode.
43.13121 INFO Goes into Track mode.
43.13122 INFO Goes into Escape mode.
43.14775 INFO Goes into Track mode.
43.14777 INFO Goes into Escape mode.
43.16435 INFO Goes into Track mode.
43.16436 INFO Goes into Escape mode.
43.1809 INFO Goes into Track mode.
43.18091 INFO Goes into Escape mode.
43.19757 INFO Goes into Track mode.
43.19758 INFO Goes into Escape mode.
43.23061 INFO Goes into Track mode.
43.23062 INFO Goes into Escape mode.
43.24715 INFO Goes into Track mode.
43.24716 INFO Goes into Escape mode.
43.26375 INFO Goes into Track mode.
43.26377 INFO Goes into Escape mode.
43.28031 INFO Goes into Track mode.
43.28033 INFO Goes into Escape mode.
43.29687 INFO Goes into Track mode.
43.29688 INFO Goes into Escape mode.
43.33001 INFO Goes into Track mode.
43.33002 INFO Goes into Escape mode.
43.34657 INFO Goes into Track mode.
43.34658 INFO Goes into Escape mode.
43.36326 INFO Goes into Track mode.
43.36327 INFO Goes into Escape mode.
43.37969 INFO Goes into Track mode.
43.3797 INFO Goes into Escape mode.
43.39632 INFO Goes into Track mode.
43.39633 INFO Goes into Escape mode.
43.42944 INFO Goes into Track mode.
43.42945 INFO Goes into Escape mode.
43.44596 INFO Goes into Track mode.
43.44597 INFO Goes into Escape mode.
43.46257 INFO Goes into Track mode.
43.46258 INFO Goes into Escape mode.
43.47915 INFO Goes into Track mode.
43.47916 INFO Goes into Escape mode.
43.51226 INFO Goes into Track mode.
43.51228 INFO Goes into Escape mode.
43.5288 INFO Goes into Track mode.
43.52881 INFO Goes into Escape mode.
43.54538 INFO Goes into Track mode.
43.54539 INFO Goes into Escape mode.
43.56194 INFO Goes into Track mode.
43.56195 INFO Goes into Escape mode.
43.57851 INFO Goes into Track mode.
43.57853 INFO Goes into Escape mode.
43.61167 INFO Goes into Track mode.
43.61168 INFO Goes into Escape mode.
43.62821 INFO Goes into Track mode.
43.62822 INFO Goes into Escape mode.
43.64478 INFO Goes into Track mode.
43.64479 INFO Goes into Escape mode.
43.66132 INFO Goes into Dodge mode.
43.87672 INFO Goes into Track mode.
44.68909 INFO Has hit obstacle
44.72205 INFO Has hit obstacle
44.80508 INFO Has hit obstacle
50.40427 INFO Goes into Dodge mode.
50.75181 INFO Goes into Track mode.
51.5304 INFO Goes into Escape mode.
51.54694 INFO Goes into Track mode.
51.54695 INFO Goes into Escape mode.
51.56353 INFO Goes into Track mode.
51.56353 INFO Goes into Escape mode.
51.58007 INFO Goes into Track mode.
51.58009 INFO Goes into Escape mode.
51.59666 INFO Goes into Track mode.
51.59667 INFO Goes into Escape mode.
51.62981 INFO Goes into Track mode.
51.62982 INFO Goes into Escape mode.
51.64637 INFO Goes into Track mode.
51.64638 INFO Goes into Escape mode.
51.66292 INFO Goes into Track mode.
51.66293 INFO Goes into Escape mode.
51.6795 INFO Goes into Track mode.
51.67952 INFO Goes into Escape mode.
51.69609 INFO Goes into Track mode.
51.69611 INFO Goes into Escape mode.
51.72923 INFO Goes into Track mode.
51.72924 INFO Goes into Escape mode.
51.74577 INFO Goes into Track mode.
51.74578 INFO Goes into Escape mode.
51.76236 INFO Goes into Track mode.
51.76239 INFO Goes into Escape mode.
51.77893 INFO Goes into Track mode.
51.77895 INFO Goes into Escape mode.
51.81206 INFO Goes into Track mode.
51.81208 INFO Goes into Escape mode.
51.82862 INFO Goes into Track mode.
51.82864 INFO Goes into Escape mode.
51.8452 INFO Goes into Track mode.
51.84521 INFO Goes into Escape mode.
51.86177 INFO Goes into Track mode.
51.86178 INFO Goes into Escape mode.
51.87833 INFO Goes into Track mode.
51.87834 INFO Goes into Escape mode.
51.91148 INFO Goes into Track mode.
51.9115 INFO Goes into Escape mode.
51.92801 INFO Goes into Track mode.
51.92802 INFO Goes into Escape mode.
51.9446 INFO Goes into Track mode.
51.94461 INFO Goes into Escape mode.
51.96118 INFO Goes into Track mode.
51.96119 INFO Goes into Escape mode.
51.97774 INFO Goes into Track mode.
51.97775 INFO Goes into Escape mode.
52.01093 INFO Goes into Track mode.
52.01094 INFO Goes into Escape mode.
52.0275 INFO Goes into Track mode.
52.02752 INFO Goes into Escape mode.
52.04399 INFO Goes into Track mode.
52.044 INFO Goes into Escape mode.
52.06068 INFO Goes into Track mode.
52.06069 INFO Goes into Escape mode.
52.07714 INFO Goes into Track mode.
52.07715 INFO Goes into Escape mode.
52.11028 INFO Goes into Track mode.
52.11029 INFO Goes into Escape mode.
52.12683 INFO Goes into Track mode.
52.12684 INFO Goes into Escape mode.
52.14365 INFO Goes into Track mode.
52.14366 INFO Goes into Escape mode.
52.15997 INFO Goes into Track mode.
52.15998 INFO Goes into Escape mode.
52.17656 INFO Goes into Track mode.
52.17657 INFO Goes into Escape mode.
52.20971 INFO Goes into Track mode.
52.20972 INFO Goes into Escape mode.
52.22626 INFO Goes into Track mode.
52.22627 INFO Goes into Escape mode.
52.24295 INFO Goes into Track mode.
52.24296 INFO Goes into Escape mode.
52.2594 INFO Goes into Track mode.
52.25941 INFO Goes into Escape mode.
52.27599 INFO Goes into Track mode.
52.276 INFO Goes into Escape mode.
52.30933 INFO Goes into Track mode.
52.30934 INFO Goes into Escape mode.
52.32571 INFO Goes into Track mode.
52.32572 INFO Goes into Escape mode.
52.34222 INFO Goes into Track mode.
52.34224 INFO Goes into Escape mode.
52.3588 INFO Goes into Track mode.
52.35881 INFO Goes into Escape mode.
52.39205 INFO Goes into Track mode.
52.39207 INFO Goes into Escape mode.
52.40852 INFO Goes into Track mode.
52.40853 INFO Goes into Escape mode.
52.42504 INFO Goes into Track mode.
52.42505 INFO Goes into Escape mode.
52.44163 INFO Goes into Track mode.
52.44164 INFO Goes into Escape mode.
52.4582 INFO Goes into Track mode.
52.45821 INFO Goes into Escape mode.
52.49135 INFO Goes into Track mode.
52.49136 INFO Goes into Escape mode.
52.50814 INFO Goes into Track mode.
52.50815 INFO Goes into Escape mode.
52.52445 INFO Goes into Track mode.
52.52446 INFO Goes into Escape mode.
52.54099 INFO Goes into Track mode.
52.541 INFO Goes into Escape mode.
52.55768 INFO Goes into Track mode.
52.55769 INFO Goes into Escape mode.
52.59072 INFO Goes into Track mode.
52.59073 INFO Goes into Escape mode.
52.60727 INFO Goes into Track mode.
52.60728 INFO Goes into Escape mode.
52.62405 INFO Goes into Track mode.
52.62406 INFO Goes into Escape mode.
52.64064 INFO Goes into Track mode.
52.64066 INFO Goes into Escape mode.
52.65705 INFO Goes into Track mode.
52.65712 INFO Goes into Escape mode.
52.69012 INFO Goes into Track mode.
52.69013 INFO Goes into Escape mode.
52.70671 INFO Goes into Track mode.
52.70673 INFO Goes into Escape mode.
52.72329 INFO Goes into Track mode.
52.7233 INFO Goes into Escape mode.
52.73978 INFO Goes into Track mode.
52.73979 INFO Goes into Escape mode.
52.75636 INFO Goes into Track mode.
52.75637 INFO Goes into Escape mode.
52.7895 INFO Goes into Track mode.
52.78951 INFO Goes into Escape mode.
52.80611 INFO Goes into Track mode.
52.80612 INFO Goes into Escape mode.
52.82262 INFO Goes into Track mode.
52.82264 INFO Goes into Escape mode.
52.83918 INFO Goes into Track mode.
52.83919 INFO Goes into Escape mode.
52.87242 INFO Goes into Track mode.
52.87244 INFO Goes into Escape mode.
52.88892 INFO Goes into Track mode.
52.88893 INFO Goes into Escape mode.
52.90542 INFO Goes into Track mode.
52.90544 INFO Goes into Escape mode.
52.92209 INFO Goes into Track mode.
52.92211 INFO Goes into Escape mode.
52.93864 INFO Goes into Track mode.
52.93865 INFO Goes into Escape mode.
52.97173 INFO Goes into Track mode.
52.97174 INFO Goes into Escape mode.
52.98829 INFO Goes into Track mode.
52.98831 INFO Goes into Escape mode.
53.00482 INFO Goes into Track mode.
53.00483 INFO Goes into Escape mode.
53.02139 INFO Goes into Track mode.
53.0214 INFO Goes into Escape mode.
53.03797 INFO Goes into Track mode.
53.03798 INFO Goes into Escape mode.
53.07112 INFO Goes into Track mode.
53.07113 INFO Goes into Escape mode.
53.0877 INFO Goes into Track mode.
53.08771 INFO Goes into Escape mode.
53.10423 INFO Goes into Track mode.
53.10424 INFO Goes into Escape mode.
53.12078 INFO Goes into Track mode.
53.1208 INFO Goes into Escape mode.
53.13734 INFO Goes into Track mode.
53.13735 INFO Goes into Escape mode.
53.17116 INFO Goes into Track mode.
53.17117 INFO Goes into Escape mode.
53.18711 INFO Goes into Track mode.
53.18712 INFO Goes into Escape mode.
53.20371 INFO Goes into Track mode.
53.20372 INFO Goes into Escape mode.
53.22026 INFO Goes into Track mode.
53.22028 INFO Goes into Escape mode.
53.23684 INFO Goes into Track mode.
53.23685 INFO Goes into Escape mode.
53.26998 INFO Goes into Track mode.
53.26999 INFO Goes into Escape mode.
53.28655 INFO Goes into Track mode.
53.28656 INFO Goes into Escape mode.
53.30309 INFO Goes into Track mode.
53.3031 INFO Goes into Escape mode.
53.31964 INFO Goes into Track mode.
53.31965 INFO Goes into Escape mode.
53.3362 INFO Goes into Track mode.
53.33622 INFO Goes into Escape mode.
53.36945 INFO Goes into Track mode.
53.36946 INFO Goes into Escape mode.
53.38633 INFO Goes into Track mode.
53.38634 INFO Goes into Escape mode.
53.4025 INFO Goes into Track mode.
53.40252 INFO Goes into Escape mode.
53.41902 INFO Goes into Track mode.
53.41903 INFO Goes into Escape mode.
53.45217 INFO Goes into Track mode.
53.45218 INFO Goes into Escape mode.
53.46875 INFO Goes into Track mode.
53.46876 INFO Goes into Escape mode.
53.48532 INFO Goes into Track mode.
53.48534 INFO Goes into Escape mode.
53.50186 INFO Goes into Track mode.
53.50187 INFO Goes into Escape mode.
53.51849 INFO Goes into Track mode.
53.5185 INFO Goes into Escape mode.
53.55162 INFO Goes into Track mode.
53.55163 INFO Goes into Escape mode.
53.56817 INFO Goes into Track mode.
53.56818 INFO Goes into Escape mode.
53.58475 INFO Goes into Track mode.
53.58476 INFO Goes into Escape mode.
53.60131 INFO Goes into Track mode.
53.60132 INFO Goes into Escape mode.
53.61785 INFO Goes into Track mode.
53.61786 INFO Goes into Escape mode.
53.65097 INFO Goes into Track mode.
53.65098 INFO Goes into Escape mode.
53.66756 INFO Goes into Track mode.
53.66758 INFO Goes into Escape mode.
53.68438 INFO Goes into Track mode.
53.68439 INFO Goes into Escape mode.
53.7007 INFO Goes into Track mode.
53.70071 INFO Goes into Escape mode.
53.71729 INFO Goes into Track mode.
53.7173 INFO Goes into Escape mode.
53.75041 INFO Goes into Track mode.
53.75042 INFO Goes into Escape mode.
53.76715 INFO Goes into Track mode.
53.76726 INFO Goes into Escape mode.
53.78353 INFO Goes into Track mode.
53.78355 INFO Goes into Escape mode.
53.80015 INFO Goes into Track mode.
53.80016 INFO Goes into Escape mode.
53.81668 INFO Goes into Track mode.
53.8167 INFO Goes into Escape mode.
53.8498 INFO Goes into Track mode.
53.84982 INFO Goes into Escape mode.
53.86648 INFO Goes into Track mode.
53.86649 INFO Goes into Escape mode.
53.883 INFO Goes into Track mode.
53.88301 INFO Goes into Escape mode.
53.89953 INFO Goes into Track mode.
53.89954 INFO Goes into Escape mode.
53.91606 INFO Goes into Track mode.
53.91607 INFO Goes into Escape mode.
53.9492 INFO Goes into Track mode.
53.94921 INFO Goes into Escape mode.
53.96577 INFO Goes into Track mode.
53.96579 INFO Goes into Escape mode.
53.98233 INFO Goes into Track mode.
53.98234 INFO Goes into Escape mode.
53.99898 INFO Goes into Track mode.
53.99899 INFO Goes into Escape mode.
54.03204 INFO Goes into Track mode.
54.03205 INFO Goes into Escape mode.
54.04862 INFO Goes into Track mode.
54.04863 INFO Goes into Escape mode.
54.06516 INFO Goes into Track mode.
54.06517 INFO Goes into Escape mode.
54.08175 INFO Goes into Track mode.
54.08176 INFO Goes into Escape mode.
54.09829 INFO Goes into Track mode.
54.0983 INFO Goes into Escape mode.
54.13142 INFO Goes into Track mode.
54.13144 INFO Goes into Escape mode.
54.14799 INFO Goes into Track mode.
54.148 INFO Goes into Escape mode.
54.16456 INFO Goes into Track mode.
56.56676 INFO Goes into Escape mode.
56.5833 INFO Goes into Track mode.
56.58332 INFO Goes into Escape mode.
56.59987 INFO Goes into Track mode.
56.59988 INFO Goes into Escape mode.
56.61639 INFO Goes into Track mode.
56.6164 INFO Goes into Escape mode.
56.64956 INFO Goes into Track mode.
56.64957 INFO Goes into Escape mode.
56.66621 INFO Goes into Track mode.
56.66622 INFO Goes into Escape mode.
56.68268 INFO Goes into Track mode.
56.68269 INFO Goes into Escape mode.
56.69924 INFO Goes into Track mode.
56.69925 INFO Goes into Escape mode.
56.73238 INFO Goes into Track mode.
56.7324 INFO Goes into Escape mode.
56.74896 INFO Goes into Track mode.
56.74897 INFO Goes into Escape mode.
56.76554 INFO Goes into Track mode.
56.76555 INFO Goes into Escape mode.
56.78206 INFO Goes into Track mode.
56.78207 INFO Goes into Escape mode.
56.79865 INFO Goes into Track mode.
56.79866 INFO Goes into Escape mode.
56.83181 INFO Goes into Track mode.
56.83182 INFO Goes into Escape mode.
56.84837 INFO Goes into Track mode.
56.84838 INFO Goes into Escape mode.
56.86493 INFO Goes into Track mode.
56.86494 INFO Goes into Escape mode.
56.8815 INFO Goes into Track mode.
56.88152 INFO Goes into Escape mode.
56.89809 INFO Goes into Track mode.
56.8981 INFO Goes into Escape mode.
56.93116 INFO Goes into Track mode.
56.93118 INFO Goes into Escape mode.
56.94775 INFO Goes into Track mode.
56.94776 INFO Goes into Escape mode.
56.96436 INFO Goes into Track mode.
56.96437 INFO Goes into Escape mode.
56.98089 INFO Goes into Track mode.
56.9809 INFO Goes into Escape mode.
56.99743 INFO Goes into Track mode.
56.99744 INFO Goes into Escape mode.
57.0308 INFO Goes into Track mode.
57.03081 INFO Goes into Escape mode.
57.04712 INFO Goes into Track mode.
57.04713 INFO Goes into Escape mode.
57.06372 INFO Goes into Track mode.
57.06373 INFO Goes into Escape mode.
57.0803 INFO Goes into Track mode.
57.08031 INFO Goes into Escape mode.
57.09684 INFO Goes into Track mode.
57.09686 INFO Goes into Escape mode.
57.12998 INFO Goes into Track mode.
57.12999 INFO Goes into Escape mode.
57.14657 INFO Goes into Track mode.
57.14658 INFO Goes into Escape mode.
57.16332 INFO Goes into Track mode.
57.16333 INFO Goes into Escape mode.
57.1797 INFO Goes into Track mode.
57.17971 INFO Goes into Escape mode.
57.19625 INFO Goes into Track mode.
57.19627 INFO Goes into Escape mode.
57.22961 INFO Goes into Track mode.
57.22963 INFO Goes into Escape mode.
57.24594 INFO Goes into Track mode.
57.24596 INFO Goes into Escape mode.
57.26265 INFO Goes into Track mode.
57.26266 INFO Goes into Escape mode.
57.27908 INFO Goes into Track mode.
57.2791 INFO Goes into Escape mode.
57.3122 INFO Goes into Track mode.
57.31221 INFO Goes into Escape mode.
57.32875 INFO Goes into Track mode.
57.32877 INFO Goes into Escape mode.
57.34532 INFO Goes into Track mode.
57.34533 INFO Goes into Escape mode.
57.36192 INFO Goes into Track mode.
57.36193 INFO Goes into Escape mode.
57.37844 INFO Goes into Track mode.
57.37846 INFO Goes into Escape mode.
57.41162 INFO Goes into Track mode.
57.41165 INFO Goes into Escape mode.
57.42824 INFO Goes into Track mode.
57.42825 INFO Goes into Escape mode.
57.44473 INFO Goes into Track mode.
57.44474 INFO Goes into Escape mode.
57.46127 INFO Goes into Track mode.
57.46128 INFO Goes into Escape mode.
57.47805 INFO Goes into Track mode.
57.47807 INFO Goes into Escape mode.
57.51101 INFO Goes into Track mode.
57.51102 INFO Goes into Escape mode.
57.52755 INFO Goes into Track mode.
57.52756 INFO Goes into Escape mode.
57.5441 INFO Goes into Track mode.
57.54411 INFO Goes into Escape mode.
57.56068 INFO Goes into Track mode.
57.5607 INFO Goes into Escape mode.
57.57728 INFO Goes into Track mode.
57.57729 INFO Goes into Escape mode.
57.61038 INFO Goes into Track mode.
57.61039 INFO Goes into Escape mode.
57.62694 INFO Goes into Track mode.
57.62695 INFO Goes into Escape mode.
57.64351 INFO Goes into Track mode.
57.64352 INFO Goes into Escape mode.
57.66007 INFO Goes into Track mode.
57.66008 INFO Goes into Escape mode.
57.6769 INFO Goes into Track mode.
57.67692 INFO Goes into Escape mode.
57.70984 INFO Goes into Track mode.
57.70985 INFO Goes into Escape mode.
57.72636 INFO Goes into Track mode.
57.72638 INFO Goes into Escape mode.
57.74307 INFO Goes into Track mode.
57.74308 INFO Goes into Escape mode.
57.75975 INFO Goes into Track mode.
57.75977 INFO Goes into Escape mode.
57.77608 INFO Goes into Track mode.
57.77609 INFO Goes into Escape mode.
57.80933 INFO Goes into Track mode.
57.80934 INFO Goes into Escape mode.
57.82578 INFO Goes into Track mode.
57.82579 INFO Goes into Escape mode.
57.84232 INFO Goes into Track mode.
57.84233 INFO Goes into Escape mode.
57.85894 INFO Goes into Track mode.
57.85895 INFO Goes into Escape mode.
57.89211 INFO Goes into Track mode.
57.89212 INFO Goes into Escape mode.
57.9087 INFO Goes into Track mode.
57.90872 INFO Goes into Escape mode.
57.92516 INFO Goes into Track mode.
57.92517 INFO Goes into Escape mode.
57.94173 INFO Goes into Track mode.
57.94175 INFO Goes into Escape mode.
57.95829 INFO Goes into Track mode.
57.95831 INFO Goes into Escape mode.
57.99143 INFO Goes into Track mode.
57.99144 INFO Goes into Escape mode.
58.008 INFO Goes into Track mode.
58.00802 INFO Goes into Escape mode.
58.02457 INFO Goes into Track mode.
58.02458 INFO Goes into Escape mode.
58.04113 INFO Goes into Track mode.
58.04114 INFO Goes into Escape mode.
58.05774 INFO Goes into Track mode.
58.05775 INFO Goes into Escape mode.
58.09087 INFO Goes into Track mode.
58.09088 INFO Goes into Escape mode.
58.10741 INFO Goes into Track mode.
58.10742 INFO Goes into Escape mode.
58.12396 INFO Goes into Track mode.
58.12397 INFO Goes into Escape mode.
58.14058 INFO Goes into Track mode.
58.14059 INFO Goes into Escape mode.
58.1571 INFO Goes into Track mode.
58.15711 INFO Goes into Escape mode.
58.19039 INFO Goes into Track mode.
58.19041 INFO Goes into Escape mode.
58.2068 INFO Goes into Track mode.
58.20681 INFO Goes into Escape mode.
58.22334 INFO Goes into Track mode.
58.22335 INFO Goes into Escape mode.
58.24 INFO Goes into Track mode.
58.24001 INFO Goes into Escape mode.
58.2565 INFO Goes into Track mode.
58.25652 INFO Goes into Escape mode.
58.28991 INFO Goes into Track mode.
58.28992 INFO Goes into Escape mode.
58.30626 INFO Goes into Track mode.
58.30627 INFO Goes into Escape mode.
58.32284 INFO Goes into Track mode.
58.32285 INFO Goes into Escape mode.
58.33936 INFO Goes into Track mode.
58.33937 INFO Goes into Escape mode.
58.35596 INFO Goes into Track mode.
58.35598 INFO Goes into Escape mode.
58.38906 INFO Goes into Track mode.
58.38908 INFO Goes into Escape mode.
58.40564 INFO Goes into Track mode.
58.40566 INFO Goes into Escape mode.
58.42216 INFO Goes into Track mode.
58.42218 INFO Goes into Escape mode.
58.43873 INFO Goes into Track mode.
58.43874 INFO Goes into Escape mode.
58.47189 INFO Goes into Track mode.
58.4719 INFO Goes into Escape mode.
58.48846 INFO Goes into Track mode.
58.48848 INFO Goes into Escape mode.
58.50499 INFO Goes into Track mode.
58.505 INFO Goes into Escape mode.
58.52155 INFO Goes into Track mode.
58.52156 INFO Goes into Escape mode.
58.5381 INFO Goes into Track mode.
58.53811 INFO Goes into Escape mode.
58.57171 INFO Goes into Track mode.
58.57172 INFO Goes into Escape mode.
58.58785 INFO Goes into Track mode.
58.58786 INFO Goes into Escape mode.
58.60439 INFO Goes into Track mode.
58.6044 INFO Goes into Escape mode.
58.62099 INFO Goes into Track mode.
58.621 INFO Goes into Escape mode.
58.63753 INFO Goes into Track mode.
58.63754 INFO Goes into Escape mode.
58.67069 INFO Goes into Track mode.
58.6707 INFO Goes into Escape mode.
58.68725 INFO Goes into Track mode.
58.68726 INFO Goes into Escape mode.
58.70383 INFO Goes into Track mode.
58.70384 INFO Goes into Escape mode.
58.72035 INFO Goes into Track mode.
58.72036 INFO Goes into Escape mode.
58.73702 INFO Goes into Track mode.
58.73704 INFO Goes into Escape mode.
58.77005 INFO Goes into Track mode.
58.77006 INFO Goes into Escape mode.
58.78661 INFO Goes into Track mode.
58.78663 INFO Goes into Escape mode.
58.8032 INFO Goes into Track mode.
58.80322 INFO Goes into Escape mode.
58.81981 INFO Goes into Track mode.
58.81982 INFO Goes into Escape mode.
58.83631 INFO Goes into Track mode.
58.83632 INFO Goes into Escape mode.
58.86948 INFO Goes into Track mode.
58.86949 INFO Goes into Escape mode.
58.88604 INFO Goes into Track mode.
58.88605 INFO Goes into Escape mode.
58.90263 INFO Goes into Track mode.
58.90265 INFO Goes into Escape mode.
58.91914 INFO Goes into Track mode.
58.91916 INFO Goes into Escape mode.
58.95226 INFO Goes into Track mode.
58.95227 INFO Goes into Escape mode.
58.96885 INFO Goes into Track mode.
58.96886 INFO Goes into Escape mode.
58.98541 INFO Goes into Track mode.
58.98542 INFO Goes into Escape mode.
59.00196 INFO Goes into Track mode.
59.00197 INFO Goes into Escape mode.
59.01855 INFO Goes into Track mode.
59.01856 INFO Goes into Escape mode.
59.05167 INFO Goes into Track mode.
59.05168 INFO Goes into Escape mode.
59.06824 INFO Goes into Track mode.
59.06826 INFO Goes into Escape mode.
59.08483 INFO Goes into Track mode.
59.08484 INFO Goes into Escape mode.
59.10135 INFO Goes into Track mode.
59.10136 INFO Goes into Escape mode.
59.11795 INFO Goes into Track mode.
59.11796 INFO Goes into Escape mode.
59.15108 INFO Goes into Track mode.
59.1511 INFO Goes into Escape mode.
59.16765 INFO Goes into Track mode.
59.16766 INFO Goes into Escape mode.
59.18421 INFO Goes into Track mode.
59.18422 INFO Goes into Escape mode.
59.20078 INFO Goes into Track mode.
59.20079 INFO Goes into Escape mode.
59.21745 INFO Goes into Track mode.
59.21746 INFO Goes into Escape mode.
59.25048 INFO Goes into Track mode.
59.25049 INFO Goes into Escape mode.
59.26705 INFO Goes into Track mode.
59.26707 INFO Goes into Escape mode.
59.28368 INFO Goes into Track mode.
59.2837 INFO Goes into Escape mode.
59.30016 INFO Goes into Track mode.
59.30017 INFO Goes into Escape mode.
59.31673 INFO Goes into Track mode.
59.31674 INFO Goes into Escape mode.
59.34985 INFO Goes into Track mode.
59.34987 INFO Goes into Escape mode.
59.36642 INFO Goes into Track mode.
59.36643 INFO Goes into Escape mode.
59.38316 INFO Goes into Track mode.
59.38317 INFO Goes into Escape mode.
59.39957 INFO Goes into Track mode.
59.39958 INFO Goes into Escape mode.
59.41611 INFO Goes into Track mode.
59.41612 INFO Goes into Escape mode.
59.44925 INFO Goes into Track mode