Time : 2/2/2017 1:58:06 AM
1.484039 INFO Goes into Track mode.
3.942088 INFO Goes into Escape mode.
3.958696 INFO Goes into Track mode.
3.958726 INFO Goes into Escape mode.
3.975134 INFO Goes into Track mode.
3.975146 INFO Goes into Escape mode.
3.991758 INFO Goes into Track mode.
3.99177 INFO Goes into Escape mode.
4.024898 INFO Goes into Track mode.
4.024909 INFO Goes into Escape mode.
4.041425 INFO Goes into Track mode.
4.041438 INFO Goes into Escape mode.
4.058027 INFO Goes into Track mode.
4.05804 INFO Goes into Escape mode.
4.074604 INFO Goes into Track mode.
4.074617 INFO Goes into Escape mode.
4.091357 INFO Goes into Track mode.
4.09137 INFO Goes into Escape mode.
4.12429 INFO Goes into Track mode.
4.124303 INFO Goes into Escape mode.
4.140931 INFO Goes into Track mode.
4.140943 INFO Goes into Escape mode.
4.157457 INFO Goes into Track mode.
4.157473 INFO Goes into Escape mode.
4.173958 INFO Goes into Track mode.
4.17397 INFO Goes into Escape mode.
4.190479 INFO Goes into Track mode.
4.19049 INFO Goes into Escape mode.
4.223794 INFO Goes into Dodge mode.
4.754431 INFO Has hit obstacle
5.565651 INFO Goes into Track mode.
5.565665 INFO Goes into Escape mode.
5.582404 INFO Goes into Track mode.
5.582416 INFO Goes into Escape mode.
5.598674 INFO Goes into Track mode.
5.598696 INFO Goes into Escape mode.
5.615341 INFO Goes into Track mode.
5.615353 INFO Goes into Escape mode.
5.631881 INFO Goes into Track mode.
5.631892 INFO Goes into Escape mode.
5.664968 INFO Goes into Track mode.
5.66498 INFO Goes into Escape mode.
5.68227 INFO Goes into Track mode.
5.682282 INFO Goes into Escape mode.
5.698156 INFO Goes into Track mode.
5.698168 INFO Goes into Escape mode.
5.714734 INFO Goes into Track mode.
5.714745 INFO Goes into Escape mode.
5.731466 INFO Goes into Track mode.
5.731478 INFO Goes into Escape mode.
5.764445 INFO Goes into Track mode.
5.764457 INFO Goes into Escape mode.
5.780998 INFO Goes into Track mode.
5.78101 INFO Goes into Escape mode.
5.797564 INFO Goes into Track mode.
5.797575 INFO Goes into Escape mode.
5.814024 INFO Goes into Track mode.
5.814036 INFO Goes into Escape mode.
5.830707 INFO Goes into Track mode.
5.830719 INFO Goes into Escape mode.
5.863831 INFO Goes into Track mode.
5.863842 INFO Goes into Escape mode.
5.880371 INFO Goes into Track mode.
5.880383 INFO Goes into Escape mode.
5.897064 INFO Goes into Track mode.
5.897076 INFO Goes into Escape mode.
5.913527 INFO Goes into Track mode.
5.913538 INFO Goes into Escape mode.
5.93 INFO Goes into Track mode.
5.930011 INFO Goes into Escape mode.
5.963163 INFO Goes into Track mode.
5.963175 INFO Goes into Escape mode.
5.979688 INFO Goes into Track mode.
5.9797 INFO Goes into Escape mode.
5.996315 INFO Goes into Track mode.
5.996326 INFO Goes into Escape mode.
6.012905 INFO Goes into Track mode.
6.012917 INFO Goes into Escape mode.
6.029571 INFO Goes into Track mode.
6.029584 INFO Goes into Escape mode.
6.062855 INFO Goes into Track mode.
6.062867 INFO Goes into Escape mode.
6.079113 INFO Goes into Track mode.
6.079125 INFO Goes into Escape mode.
6.095756 INFO Goes into Track mode.
6.095767 INFO Goes into Escape mode.
6.112297 INFO Goes into Track mode.
6.112309 INFO Goes into Escape mode.
6.145333 INFO Goes into Track mode.
6.145346 INFO Goes into Escape mode.
6.161985 INFO Goes into Track mode.
6.161998 INFO Goes into Escape mode.
6.178614 INFO Goes into Track mode.
6.178626 INFO Goes into Escape mode.
6.195063 INFO Goes into Track mode.
6.195075 INFO Goes into Escape mode.
6.211668 INFO Goes into Track mode.
6.21168 INFO Goes into Escape mode.
6.244787 INFO Goes into Track mode.
6.277937 INFO Goes into Escape mode.
6.294503 INFO Goes into Track mode.
6.294515 INFO Goes into Escape mode.
6.310997 INFO Goes into Track mode.
6.311008 INFO Goes into Escape mode.
6.344185 INFO Goes into Track mode.
6.344197 INFO Goes into Escape mode.
6.360798 INFO Goes into Track mode.
6.360814 INFO Goes into Escape mode.
6.377328 INFO Goes into Track mode.
6.377342 INFO Goes into Escape mode.
6.394047 INFO Goes into Track mode.
6.394059 INFO Goes into Escape mode.
6.410405 INFO Goes into Track mode.
6.410416 INFO Goes into Escape mode.
6.443525 INFO Goes into Track mode.
6.443541 INFO Goes into Escape mode.
6.460152 INFO Goes into Track mode.
6.460165 INFO Goes into Escape mode.
6.476598 INFO Goes into Track mode.
6.476614 INFO Goes into Escape mode.
6.493185 INFO Goes into Track mode.
6.493201 INFO Goes into Escape mode.
6.509813 INFO Goes into Track mode.
6.509826 INFO Goes into Escape mode.
6.542931 INFO Goes into Track mode.
6.542943 INFO Goes into Escape mode.
6.559618 INFO Goes into Track mode.
6.55963 INFO Goes into Escape mode.
6.576098 INFO Goes into Track mode.
6.57611 INFO Goes into Escape mode.
6.592593 INFO Goes into Track mode.
6.592606 INFO Goes into Escape mode.
6.609189 INFO Goes into Track mode.
6.609201 INFO Goes into Escape mode.
6.642329 INFO Goes into Track mode.
6.642341 INFO Goes into Escape mode.
6.658917 INFO Goes into Track mode.
6.658929 INFO Goes into Escape mode.
6.675407 INFO Goes into Track mode.
6.675419 INFO Goes into Escape mode.
6.69203 INFO Goes into Track mode.
6.692043 INFO Goes into Escape mode.
6.725329 INFO Goes into Track mode.
6.725341 INFO Goes into Escape mode.
6.741654 INFO Goes into Track mode.
6.741666 INFO Goes into Escape mode.
6.758296 INFO Goes into Track mode.
6.758308 INFO Goes into Escape mode.
6.77486 INFO Goes into Track mode.
6.774872 INFO Goes into Escape mode.
6.800984 INFO Goes into Track mode.
6.800996 INFO Goes into Escape mode.
6.817636 INFO Goes into Track mode.
6.817649 INFO Goes into Escape mode.
6.834204 INFO Goes into Track mode.
6.834216 INFO Goes into Escape mode.
6.850738 INFO Goes into Track mode.
6.850752 INFO Goes into Escape mode.
6.884098 INFO Goes into Track mode.
6.884109 INFO Goes into Escape mode.
6.900493 INFO Goes into Track mode.
6.900504 INFO Goes into Escape mode.
6.917062 INFO Goes into Track mode.
6.917074 INFO Goes into Escape mode.
6.933614 INFO Goes into Track mode.
6.933626 INFO Goes into Escape mode.
6.95012 INFO Goes into Track mode.
6.950133 INFO Goes into Escape mode.
6.983246 INFO Goes into Track mode.
6.983258 INFO Goes into Escape mode.
6.999872 INFO Goes into Track mode.
6.999887 INFO Goes into Escape mode.
7.01638 INFO Goes into Track mode.
7.016393 INFO Goes into Escape mode.
7.03325 INFO Goes into Track mode.
7.033262 INFO Goes into Escape mode.
7.04976 INFO Goes into Track mode.
7.049774 INFO Goes into Escape mode.
7.082708 INFO Goes into Track mode.
7.08272 INFO Goes into Escape mode.
7.099274 INFO Goes into Track mode.
7.099287 INFO Goes into Escape mode.
7.115744 INFO Goes into Track mode.
7.115761 INFO Goes into Escape mode.
7.132411 INFO Goes into Track mode.
7.132424 INFO Goes into Escape mode.
7.165509 INFO Goes into Track mode.
7.165524 INFO Goes into Escape mode.
7.182134 INFO Goes into Track mode.
7.182147 INFO Goes into Escape mode.
7.19883 INFO Goes into Track mode.
7.198843 INFO Goes into Escape mode.
7.215234 INFO Goes into Track mode.
7.215246 INFO Goes into Escape mode.
7.231899 INFO Goes into Track mode.
7.231912 INFO Goes into Escape mode.
7.264946 INFO Goes into Track mode.
7.264959 INFO Goes into Escape mode.
7.281397 INFO Goes into Track mode.
7.281415 INFO Goes into Escape mode.
7.298044 INFO Goes into Track mode.
7.298066 INFO Goes into Escape mode.
7.314563 INFO Goes into Track mode.
7.314582 INFO Goes into Escape mode.
7.331203 INFO Goes into Track mode.
7.331215 INFO Goes into Escape mode.
7.364523 INFO Goes into Track mode.
7.364536 INFO Goes into Escape mode.
7.380932 INFO Goes into Track mode.
7.380946 INFO Goes into Escape mode.
7.397455 INFO Goes into Track mode.
7.397467 INFO Goes into Escape mode.
7.414092 INFO Goes into Track mode.
7.414106 INFO Goes into Escape mode.
7.430593 INFO Goes into Track mode.
7.430607 INFO Goes into Escape mode.
7.463717 INFO Goes into Track mode.
7.463729 INFO Goes into Escape mode.
7.480321 INFO Goes into Track mode.
7.480398 INFO Goes into Escape mode.
7.496909 INFO Goes into Track mode.
7.496922 INFO Goes into Escape mode.
7.513488 INFO Goes into Track mode.
7.5135 INFO Goes into Escape mode.
7.530266 INFO Goes into Track mode.
7.530283 INFO Goes into Escape mode.
7.563186 INFO Goes into Track mode.
7.563198 INFO Goes into Escape mode.
7.579751 INFO Goes into Track mode.
7.579768 INFO Goes into Escape mode.
7.596317 INFO Goes into Track mode.
7.59633 INFO Goes into Escape mode.
7.612792 INFO Goes into Track mode.
7.612805 INFO Goes into Escape mode.
7.629434 INFO Goes into Track mode.
7.629446 INFO Goes into Escape mode.
7.662546 INFO Goes into Track mode.
7.66256 INFO Goes into Escape mode.
7.67915 INFO Goes into Track mode.
7.679162 INFO Goes into Escape mode.
7.695849 INFO Goes into Track mode.
7.695861 INFO Goes into Escape mode.
7.712265 INFO Goes into Track mode.
7.712276 INFO Goes into Escape mode.
7.745443 INFO Goes into Track mode.
7.745455 INFO Goes into Escape mode.
7.761995 INFO Goes into Track mode.
7.762008 INFO Goes into Escape mode.
7.778565 INFO Goes into Track mode.
7.778577 INFO Goes into Escape mode.
7.795066 INFO Goes into Track mode.
7.795078 INFO Goes into Escape mode.
7.811759 INFO Goes into Track mode.
7.811772 INFO Goes into Escape mode.
7.844839 INFO Goes into Track mode.
7.844851 INFO Goes into Escape mode.
7.861576 INFO Goes into Track mode.
7.861588 INFO Goes into Escape mode.
7.877901 INFO Goes into Track mode.
7.877913 INFO Goes into Escape mode.
7.894766 INFO Goes into Track mode.
7.894781 INFO Goes into Escape mode.
7.911105 INFO Goes into Track mode.
7.911118 INFO Goes into Escape mode.
7.944146 INFO Goes into Track mode.
7.944158 INFO Goes into Escape mode.
7.960777 INFO Goes into Track mode.
7.960789 INFO Goes into Escape mode.
7.977356 INFO Goes into Track mode.
7.977369 INFO Goes into Escape mode.
7.993939 INFO Goes into Track mode.
7.993951 INFO Goes into Escape mode.
8.010593 INFO Goes into Track mode.
8.010605 INFO Goes into Escape mode.
8.043789 INFO Goes into Track mode.
8.043802 INFO Goes into Escape mode.
8.06018 INFO Goes into Track mode.
8.060192 INFO Goes into Escape mode.
8.076802 INFO Goes into Track mode.
8.076814 INFO Goes into Escape mode.
8.09328 INFO Goes into Track mode.
8.093292 INFO Goes into Escape mode.
8.10999 INFO Goes into Track mode.
8.110003 INFO Goes into Escape mode.
8.143004 INFO Goes into Track mode.
8.143021 INFO Goes into Escape mode.
8.159717 INFO Goes into Track mode.
8.159729 INFO Goes into Escape mode.
8.176114 INFO Goes into Track mode.
8.176126 INFO Goes into Escape mode.
8.192934 INFO Goes into Track mode.
8.192947 INFO Goes into Escape mode.
8.209264 INFO Goes into Track mode.
8.209278 INFO Goes into Escape mode.
8.2424 INFO Goes into Track mode.
8.242414 INFO Goes into Escape mode.
8.259005 INFO Goes into Track mode.
9.124114 INFO Goes into Escape mode.
9.140265 INFO Goes into Track mode.
9.140277 INFO Goes into Escape mode.
9.15688 INFO Goes into Track mode.
9.156894 INFO Goes into Escape mode.
9.173618 INFO Goes into Track mode.
9.173631 INFO Goes into Escape mode.
9.190092 INFO Goes into Track mode.
9.190104 INFO Goes into Escape mode.
9.223207 INFO Goes into Track mode.
9.223219 INFO Goes into Escape mode.
9.239621 INFO Goes into Track mode.
9.239634 INFO Goes into Escape mode.
9.256284 INFO Goes into Track mode.
9.256296 INFO Goes into Escape mode.
9.272826 INFO Goes into Track mode.
9.272839 INFO Goes into Escape mode.
9.289426 INFO Goes into Track mode.
9.289438 INFO Goes into Escape mode.
9.322692 INFO Goes into Track mode.
9.322704 INFO Goes into Escape mode.
9.339088 INFO Goes into Track mode.
9.3391 INFO Goes into Escape mode.
9.355634 INFO Goes into Track mode.
9.355645 INFO Goes into Escape mode.
9.372198 INFO Goes into Track mode.
9.372211 INFO Goes into Escape mode.
9.405255 INFO Goes into Track mode.
9.405267 INFO Goes into Escape mode.
9.422154 INFO Goes into Track mode.
9.422167 INFO Goes into Escape mode.
9.438455 INFO Goes into Track mode.
9.438533 INFO Goes into Escape mode.
9.455051 INFO Goes into Track mode.
9.455068 INFO Goes into Escape mode.
9.471654 INFO Goes into Track mode.
9.471666 INFO Goes into Escape mode.
9.504691 INFO Goes into Track mode.
9.504703 INFO Goes into Escape mode.
9.521318 INFO Goes into Track mode.
9.52133 INFO Goes into Escape mode.
9.53783 INFO Goes into Track mode.
9.537843 INFO Goes into Escape mode.
9.554448 INFO Goes into Track mode.
9.554464 INFO Goes into Escape mode.
9.571508 INFO Goes into Track mode.
9.571521 INFO Goes into Escape mode.
9.604707 INFO Goes into Track mode.
9.604719 INFO Goes into Escape mode.
9.621258 INFO Goes into Track mode.
9.621269 INFO Goes into Escape mode.
9.637829 INFO Goes into Track mode.
9.637841 INFO Goes into Escape mode.
9.654557 INFO Goes into Track mode.
9.65457 INFO Goes into Escape mode.
9.67103 INFO Goes into Track mode.
9.671042 INFO Goes into Escape mode.
9.704062 INFO Goes into Track mode.
9.704074 INFO Goes into Escape mode.
9.720677 INFO Goes into Track mode.
9.72069 INFO Goes into Escape mode.
9.737165 INFO Goes into Track mode.
9.737177 INFO Goes into Escape mode.
9.753811 INFO Goes into Track mode.
9.753822 INFO Goes into Escape mode.
9.77031 INFO Goes into Track mode.
9.770323 INFO Goes into Escape mode.
9.803508 INFO Goes into Track mode.
9.803519 INFO Goes into Escape mode.
9.820268 INFO Goes into Track mode.
9.82028 INFO Goes into Escape mode.
9.836561 INFO Goes into Track mode.
9.836573 INFO Goes into Escape mode.
9.853148 INFO Goes into Track mode.
9.853165 INFO Goes into Escape mode.
9.869799 INFO Goes into Track mode.
9.869811 INFO Goes into Escape mode.
9.902877 INFO Goes into Track mode.
9.90289 INFO Goes into Escape mode.
9.919384 INFO Goes into Track mode.
9.919395 INFO Goes into Escape mode.
9.936047 INFO Goes into Track mode.
9.936059 INFO Goes into Escape mode.
9.952626 INFO Goes into Track mode.
9.952639 INFO Goes into Escape mode.
9.985876 INFO Goes into Track mode.
9.985891 INFO Goes into Escape mode.
10.00228 INFO Goes into Track mode.
10.0023 INFO Goes into Escape mode.
10.0192 INFO Goes into Track mode.
10.01921 INFO Goes into Escape mode.
10.03543 INFO Goes into Track mode.
10.03544 INFO Goes into Escape mode.
10.05201 INFO Goes into Track mode.
10.05202 INFO Goes into Escape mode.
10.08551 INFO Goes into Track mode.
10.08552 INFO Goes into Escape mode.
10.10201 INFO Goes into Track mode.
10.10202 INFO Goes into Escape mode.
10.11864 INFO Goes into Track mode.
10.11866 INFO Goes into Escape mode.
10.13511 INFO Goes into Track mode.
10.13513 INFO Goes into Escape mode.
10.15191 INFO Goes into Track mode.
10.15192 INFO Goes into Escape mode.
10.18486 INFO Goes into Track mode.
10.18487 INFO Goes into Escape mode.
10.2014 INFO Goes into Track mode.
10.20142 INFO Goes into Escape mode.
10.21805 INFO Goes into Track mode.
10.21806 INFO Goes into Escape mode.
10.23463 INFO Goes into Track mode.
10.23464 INFO Goes into Escape mode.
10.25112 INFO Goes into Track mode.
10.25114 INFO Goes into Escape mode.
10.28429 INFO Goes into Track mode.
10.2843 INFO Goes into Escape mode.
10.30106 INFO Goes into Track mode.
10.30108 INFO Goes into Escape mode.
10.3175 INFO Goes into Track mode.
10.31752 INFO Goes into Escape mode.
10.33395 INFO Goes into Track mode.
10.33396 INFO Goes into Escape mode.
10.35056 INFO Goes into Track mode.
10.35058 INFO Goes into Escape mode.
10.38369 INFO Goes into Track mode.
10.3837 INFO Goes into Escape mode.
10.40023 INFO Goes into Track mode.
10.40024 INFO Goes into Escape mode.
10.41683 INFO Goes into Track mode.
10.41684 INFO Goes into Escape mode.
10.43332 INFO Goes into Track mode.
10.43334 INFO Goes into Escape mode.
10.44996 INFO Goes into Track mode.
10.44998 INFO Goes into Escape mode.
10.48306 INFO Goes into Track mode.
10.48307 INFO Goes into Escape mode.
10.49974 INFO Goes into Track mode.
10.49975 INFO Goes into Escape mode.
10.51616 INFO Goes into Track mode.
10.51618 INFO Goes into Escape mode.
10.5328 INFO Goes into Track mode.
10.53281 INFO Goes into Escape mode.
10.54932 INFO Goes into Track mode.
10.54933 INFO Goes into Escape mode.
10.58253 INFO Goes into Track mode.
10.58254 INFO Goes into Escape mode.
10.59908 INFO Goes into Track mode.
10.5991 INFO Goes into Escape mode.
10.61571 INFO Goes into Track mode.
10.61572 INFO Goes into Escape mode.
10.63246 INFO Goes into Track mode.
10.63247 INFO Goes into Escape mode.
10.66532 INFO Goes into Track mode.
10.66533 INFO Goes into Escape mode.
10.68193 INFO Goes into Track mode.
10.68194 INFO Goes into Escape mode.
10.69874 INFO Goes into Track mode.
10.69877 INFO Goes into Escape mode.
10.71508 INFO Goes into Track mode.
10.71509 INFO Goes into Escape mode.
10.7316 INFO Goes into Track mode.
10.73161 INFO Goes into Escape mode.
10.76477 INFO Goes into Track mode.
10.76478 INFO Goes into Escape mode.
10.78135 INFO Goes into Track mode.
10.78136 INFO Goes into Escape mode.
10.79804 INFO Goes into Track mode.
10.79805 INFO Goes into Escape mode.
10.81457 INFO Goes into Track mode.
10.81458 INFO Goes into Escape mode.
10.83104 INFO Goes into Track mode.
10.83105 INFO Goes into Escape mode.
10.86417 INFO Goes into Track mode.
10.86418 INFO Goes into Escape mode.
10.88069 INFO Goes into Track mode.
10.8807 INFO Goes into Escape mode.
10.89734 INFO Goes into Track mode.
10.89735 INFO Goes into Escape mode.
10.91383 INFO Goes into Track mode.
10.91385 INFO Goes into Escape mode.
10.93047 INFO Goes into Track mode.
10.93048 INFO Goes into Escape mode.
10.96373 INFO Goes into Track mode.
10.96374 INFO Goes into Escape mode.
10.98025 INFO Goes into Track mode.
10.98026 INFO Goes into Escape mode.
10.99667 INFO Goes into Track mode.
10.99668 INFO Goes into Escape mode.
11.01324 INFO Goes into Track mode.
11.01325 INFO Goes into Escape mode.
11.02988 INFO Goes into Track mode.
11.02989 INFO Goes into Escape mode.
11.06304 INFO Goes into Track mode.
11.06305 INFO Goes into Escape mode.
11.0796 INFO Goes into Track mode.
11.07961 INFO Goes into Escape mode.
11.09627 INFO Goes into Track mode.
11.09629 INFO Goes into Escape mode.
11.11266 INFO Goes into Track mode.
11.11267 INFO Goes into Escape mode.
11.12971 INFO Goes into Track mode.
11.12972 INFO Goes into Escape mode.
11.16247 INFO Goes into Track mode.
11.16249 INFO Goes into Escape mode.
11.17898 INFO Goes into Track mode.
11.17899 INFO Goes into Escape mode.
11.19557 INFO Goes into Track mode.
11.19559 INFO Goes into Escape mode.
11.21204 INFO Goes into Track mode.
11.21205 INFO Goes into Escape mode.
11.24522 INFO Goes into Track mode.
11.24523 INFO Goes into Escape mode.
11.2618 INFO Goes into Track mode.
11.26181 INFO Goes into Escape mode.
11.27835 INFO Goes into Track mode.
11.27836 INFO Goes into Escape mode.
11.29512 INFO Goes into Track mode.
11.29513 INFO Goes into Escape mode.
11.31158 INFO Goes into Track mode.
11.31159 INFO Goes into Escape mode.
11.34463 INFO Goes into Track mode.
11.34464 INFO Goes into Escape mode.
11.36124 INFO Goes into Track mode.
11.36125 INFO Goes into Escape mode.
11.3777 INFO Goes into Track mode.
11.37772 INFO Goes into Escape mode.
11.39428 INFO Goes into Track mode.
11.39429 INFO Goes into Escape mode.
11.41119 INFO Goes into Track mode.
11.4112 INFO Goes into Escape mode.
11.44402 INFO Goes into Track mode.
11.44403 INFO Goes into Escape mode.
11.46081 INFO Goes into Track mode.
11.46082 INFO Goes into Escape mode.
11.47716 INFO Goes into Track mode.
11.47717 INFO Goes into Escape mode.
11.49377 INFO Goes into Track mode.
11.49378 INFO Goes into Escape mode.
11.51021 INFO Goes into Track mode.
11.51022 INFO Goes into Escape mode.
11.5542 INFO Goes into Track mode.
11.55422 INFO Goes into Escape mode.
11.55469 INFO Goes into Track mode.
11.5547 INFO Goes into Escape mode.
11.57075 INFO Goes into Track mode.
13.24221 INFO Shots : 0. Precision : NaN %.
Time : 2/2/2017 1:58:17 AM logfile now closed.
