Time : 2/2/2017 12:23:24 AM
1.41746 INFO Goes into Track mode.
4.965568 INFO Has hit NightHunter_AI_A.
5.13032 INFO Has hit NightHunter_AI_A.
5.296048 INFO Has hit NightHunter_AI_A.
5.478377 INFO Has hit NightHunter_AI_A.
6.140533 INFO Goes into Escape mode.
6.157103 INFO Goes into Track mode.
6.157126 INFO Goes into Escape mode.
6.173695 INFO Goes into Track mode.
6.173719 INFO Goes into Escape mode.
6.190243 INFO Goes into Track mode.
6.190264 INFO Goes into Escape mode.
6.22337 INFO Goes into Track mode.
6.223393 INFO Goes into Escape mode.
6.239908 INFO Goes into Track mode.
6.239929 INFO Goes into Escape mode.
6.256549 INFO Goes into Track mode.
6.256574 INFO Goes into Escape mode.
6.27306 INFO Goes into Track mode.
6.273083 INFO Goes into Escape mode.
6.289641 INFO Goes into Track mode.
6.289669 INFO Goes into Escape mode.
6.322772 INFO Goes into Track mode.
6.322795 INFO Goes into Escape mode.
6.339368 INFO Goes into Track mode.
6.339389 INFO Goes into Escape mode.
6.355896 INFO Goes into Track mode.
6.355919 INFO Goes into Escape mode.
6.372452 INFO Goes into Track mode.
6.372473 INFO Goes into Escape mode.
6.389016 INFO Goes into Track mode.
6.389037 INFO Goes into Escape mode.
6.422143 INFO Goes into Track mode.
6.422164 INFO Goes into Escape mode.
6.438722 INFO Goes into Track mode.
6.438742 INFO Goes into Escape mode.
6.455302 INFO Goes into Track mode.
6.455324 INFO Goes into Escape mode.
6.47194 INFO Goes into Track mode.
6.471966 INFO Goes into Escape mode.
6.488429 INFO Goes into Track mode.
6.488451 INFO Goes into Escape mode.
6.521576 INFO Goes into Track mode.
6.521599 INFO Goes into Escape mode.
6.538109 INFO Goes into Track mode.
6.538129 INFO Goes into Escape mode.
6.554692 INFO Goes into Track mode.
6.554715 INFO Goes into Escape mode.
6.571263 INFO Goes into Track mode.
6.571289 INFO Goes into Escape mode.
6.604388 INFO Goes into Track mode.
6.604415 INFO Goes into Escape mode.
6.620982 INFO Goes into Track mode.
6.621006 INFO Goes into Escape mode.
6.637538 INFO Goes into Track mode.
6.63756 INFO Goes into Escape mode.
6.654118 INFO Goes into Track mode.
6.654141 INFO Goes into Escape mode.
6.670705 INFO Goes into Track mode.
6.670728 INFO Goes into Escape mode.
6.703789 INFO Goes into Track mode.
6.703812 INFO Goes into Escape mode.
6.720356 INFO Goes into Track mode.
6.720382 INFO Goes into Escape mode.
6.736928 INFO Goes into Track mode.
6.736949 INFO Goes into Escape mode.
6.753494 INFO Goes into Track mode.
6.753514 INFO Goes into Escape mode.
6.770077 INFO Goes into Track mode.
6.770101 INFO Goes into Escape mode.
6.803216 INFO Goes into Track mode.
6.803239 INFO Goes into Escape mode.
6.819757 INFO Goes into Track mode.
6.819779 INFO Goes into Escape mode.
6.836413 INFO Goes into Track mode.
6.836438 INFO Goes into Escape mode.
6.852897 INFO Goes into Track mode.
6.852918 INFO Goes into Escape mode.
6.869477 INFO Goes into Track mode.
6.869497 INFO Goes into Escape mode.
6.902593 INFO Goes into Track mode.
6.902615 INFO Goes into Escape mode.
6.919158 INFO Goes into Track mode.
6.919181 INFO Goes into Escape mode.
6.935705 INFO Goes into Track mode.
6.935725 INFO Goes into Escape mode.
6.952338 INFO Goes into Track mode.
6.952373 INFO Goes into Escape mode.
6.968869 INFO Goes into Track mode.
6.968897 INFO Goes into Escape mode.
7.002034 INFO Goes into Track mode.
7.002056 INFO Goes into Escape mode.
7.018569 INFO Goes into Track mode.
7.018589 INFO Goes into Escape mode.
7.035113 INFO Goes into Track mode.
7.035141 INFO Goes into Escape mode.
7.051676 INFO Goes into Track mode.
7.051696 INFO Goes into Escape mode.
7.084889 INFO Goes into Track mode.
7.084923 INFO Goes into Escape mode.
7.101429 INFO Goes into Track mode.
7.101453 INFO Goes into Escape mode.
7.117986 INFO Goes into Track mode.
7.11801 INFO Goes into Escape mode.
7.134527 INFO Goes into Track mode.
7.134547 INFO Goes into Escape mode.
7.151113 INFO Goes into Track mode.
7.151136 INFO Goes into Escape mode.
7.184251 INFO Goes into Track mode.
7.184345 INFO Goes into Escape mode.
7.200796 INFO Goes into Track mode.
7.200819 INFO Goes into Escape mode.
7.217371 INFO Goes into Track mode.
7.217393 INFO Goes into Escape mode.
7.233918 INFO Goes into Track mode.
7.23394 INFO Goes into Escape mode.
7.250504 INFO Goes into Track mode.
7.250524 INFO Goes into Escape mode.
7.283629 INFO Goes into Track mode.
7.283653 INFO Goes into Escape mode.
7.300217 INFO Goes into Track mode.
7.30024 INFO Goes into Escape mode.
7.316751 INFO Goes into Track mode.
7.316772 INFO Goes into Escape mode.
7.333406 INFO Goes into Track mode.
7.33343 INFO Goes into Escape mode.
7.349881 INFO Goes into Track mode.
7.349901 INFO Goes into Escape mode.
7.383014 INFO Goes into Track mode.
7.383035 INFO Goes into Escape mode.
7.399586 INFO Goes into Track mode.
7.399609 INFO Goes into Escape mode.
7.416155 INFO Goes into Track mode.
7.416184 INFO Goes into Escape mode.
7.432714 INFO Goes into Track mode.
7.432735 INFO Goes into Escape mode.
7.449312 INFO Goes into Track mode.
7.449342 INFO Goes into Escape mode.
7.482501 INFO Goes into Track mode.
7.482525 INFO Goes into Escape mode.
7.499015 INFO Goes into Track mode.
7.499046 INFO Goes into Escape mode.
7.515596 INFO Goes into Track mode.
7.515621 INFO Goes into Escape mode.
7.532117 INFO Goes into Track mode.
7.532139 INFO Goes into Escape mode.
7.548687 INFO Goes into Track mode.
7.548709 INFO Goes into Escape mode.
7.581862 INFO Goes into Track mode.
7.581887 INFO Goes into Escape mode.
7.598392 INFO Goes into Track mode.
7.598414 INFO Goes into Escape mode.
7.615017 INFO Goes into Track mode.
7.615041 INFO Goes into Escape mode.
7.63153 INFO Goes into Track mode.
7.631553 INFO Goes into Escape mode.
7.664708 INFO Goes into Track mode.
7.664734 INFO Goes into Escape mode.
7.681234 INFO Goes into Track mode.
7.681257 INFO Goes into Escape mode.
7.697797 INFO Goes into Track mode.
7.697821 INFO Goes into Escape mode.
7.714375 INFO Goes into Track mode.
7.7144 INFO Goes into Escape mode.
7.730951 INFO Goes into Track mode.
7.730975 INFO Goes into Escape mode.
7.764087 INFO Goes into Track mode.
7.764112 INFO Goes into Escape mode.
7.780619 INFO Goes into Track mode.
7.780641 INFO Goes into Escape mode.
7.797211 INFO Goes into Track mode.
7.797238 INFO Goes into Escape mode.
7.813771 INFO Goes into Track mode.
7.813792 INFO Goes into Escape mode.
7.830339 INFO Goes into Track mode.
7.830362 INFO Goes into Escape mode.
7.863454 INFO Goes into Track mode.
7.863476 INFO Goes into Escape mode.
7.880029 INFO Goes into Track mode.
7.880049 INFO Goes into Escape mode.
7.896584 INFO Goes into Track mode.
7.896605 INFO Goes into Escape mode.
7.913142 INFO Goes into Track mode.
7.913163 INFO Goes into Escape mode.
7.929706 INFO Goes into Track mode.
7.929726 INFO Goes into Escape mode.
7.962945 INFO Goes into Track mode.
7.962972 INFO Goes into Escape mode.
7.979454 INFO Goes into Track mode.
7.979477 INFO Goes into Escape mode.
7.995979 INFO Goes into Track mode.
7.996001 INFO Goes into Escape mode.
8.012544 INFO Goes into Track mode.
8.012562 INFO Goes into Escape mode.
8.029129 INFO Goes into Track mode.
8.029151 INFO Goes into Escape mode.
8.062255 INFO Goes into Track mode.
8.062278 INFO Goes into Escape mode.
8.078839 INFO Goes into Track mode.
8.078862 INFO Goes into Escape mode.
8.09541 INFO Goes into Track mode.
8.095435 INFO Goes into Escape mode.
8.111947 INFO Goes into Track mode.
8.111968 INFO Goes into Escape mode.
8.128564 INFO Goes into Track mode.
8.128587 INFO Goes into Escape mode.
8.161685 INFO Goes into Track mode.
8.16171 INFO Goes into Escape mode.
8.178214 INFO Goes into Track mode.
8.178235 INFO Goes into Escape mode.
8.194817 INFO Goes into Track mode.
8.194839 INFO Goes into Escape mode.
8.211357 INFO Goes into Track mode.
8.211379 INFO Goes into Escape mode.
8.244471 INFO Goes into Track mode.
8.244492 INFO Goes into Escape mode.
8.261116 INFO Goes into Track mode.
8.261142 INFO Goes into Escape mode.
8.277639 INFO Goes into Track mode.
8.277665 INFO Goes into Escape mode.
8.294182 INFO Goes into Track mode.
8.294204 INFO Goes into Escape mode.
8.310776 INFO Goes into Track mode.
8.310799 INFO Goes into Escape mode.
8.343904 INFO Goes into Track mode.
8.343925 INFO Goes into Escape mode.
8.360462 INFO Goes into Track mode.
8.360487 INFO Goes into Escape mode.
8.377016 INFO Goes into Track mode.
8.377037 INFO Goes into Escape mode.
8.39359 INFO Goes into Track mode.
8.39361 INFO Goes into Escape mode.
8.410151 INFO Goes into Track mode.
8.410172 INFO Goes into Escape mode.
8.443297 INFO Goes into Track mode.
8.44332 INFO Goes into Escape mode.
8.459857 INFO Goes into Track mode.
8.45988 INFO Goes into Escape mode.
8.476486 INFO Goes into Track mode.
8.476513 INFO Goes into Escape mode.
8.493006 INFO Goes into Track mode.
8.493029 INFO Goes into Escape mode.
8.509557 INFO Goes into Track mode.
8.509578 INFO Goes into Escape mode.
8.542688 INFO Goes into Track mode.
8.54271 INFO Goes into Escape mode.
8.559269 INFO Goes into Track mode.
8.559292 INFO Goes into Escape mode.
8.575826 INFO Goes into Track mode.
8.575847 INFO Goes into Escape mode.
8.592438 INFO Goes into Track mode.
8.592463 INFO Goes into Escape mode.
8.608949 INFO Goes into Track mode.
8.60897 INFO Goes into Escape mode.
8.642089 INFO Goes into Track mode.
8.642111 INFO Goes into Escape mode.
8.658693 INFO Goes into Track mode.
8.658718 INFO Goes into Escape mode.
8.675233 INFO Goes into Track mode.
8.675256 INFO Goes into Escape mode.
8.691816 INFO Goes into Track mode.
12.43585 INFO Goes into Escape mode.
12.45243 INFO Goes into Track mode.
12.45245 INFO Goes into Escape mode.
12.46906 INFO Goes into Track mode.
12.46908 INFO Goes into Escape mode.
12.50213 INFO Goes into Track mode.
12.50216 INFO Goes into Escape mode.
12.51872 INFO Goes into Track mode.
12.51875 INFO Goes into Escape mode.
12.53526 INFO Goes into Track mode.
12.53528 INFO Goes into Escape mode.
12.55182 INFO Goes into Track mode.
12.55184 INFO Goes into Escape mode.
12.58496 INFO Goes into Track mode.
12.58498 INFO Goes into Escape mode.
12.60155 INFO Goes into Track mode.
12.60157 INFO Goes into Escape mode.
12.61808 INFO Goes into Track mode.
12.6181 INFO Goes into Escape mode.
12.63478 INFO Goes into Track mode.
12.6348 INFO Goes into Escape mode.
12.65124 INFO Goes into Track mode.
12.65126 INFO Goes into Escape mode.
12.68436 INFO Goes into Track mode.
12.68439 INFO Goes into Escape mode.
12.70094 INFO Goes into Track mode.
12.70096 INFO Goes into Escape mode.
12.71751 INFO Goes into Track mode.
12.71754 INFO Goes into Escape mode.
12.73405 INFO Goes into Track mode.
12.73407 INFO Goes into Escape mode.
12.75064 INFO Goes into Track mode.
12.75066 INFO Goes into Escape mode.
12.78378 INFO Goes into Track mode.
12.78381 INFO Goes into Escape mode.
12.80032 INFO Goes into Track mode.
12.80034 INFO Goes into Escape mode.
12.81691 INFO Goes into Track mode.
12.81693 INFO Goes into Escape mode.
12.83348 INFO Goes into Track mode.
12.83351 INFO Goes into Escape mode.
12.85004 INFO Goes into Track mode.
12.85007 INFO Goes into Escape mode.
12.88314 INFO Goes into Track mode.
12.88317 INFO Goes into Escape mode.
12.89973 INFO Goes into Track mode.
12.89975 INFO Goes into Escape mode.
12.91628 INFO Goes into Track mode.
12.9163 INFO Goes into Escape mode.
12.93285 INFO Goes into Track mode.
12.93287 INFO Goes into Escape mode.
12.94946 INFO Goes into Track mode.
12.94948 INFO Goes into Escape mode.
12.98263 INFO Goes into Track mode.
12.98265 INFO Goes into Escape mode.
12.99912 INFO Goes into Track mode.
12.99915 INFO Goes into Escape mode.
13.01568 INFO Goes into Track mode.
13.0157 INFO Goes into Escape mode.
13.03233 INFO Goes into Track mode.
13.03236 INFO Goes into Escape mode.
13.04882 INFO Goes into Track mode.
13.04884 INFO Goes into Escape mode.
13.08199 INFO Goes into Track mode.
13.08202 INFO Goes into Escape mode.
13.09855 INFO Goes into Track mode.
13.09857 INFO Goes into Escape mode.
13.11519 INFO Goes into Track mode.
13.11522 INFO Goes into Escape mode.
13.1317 INFO Goes into Track mode.
13.13172 INFO Goes into Escape mode.
13.1648 INFO Goes into Track mode.
13.16483 INFO Goes into Escape mode.
13.18139 INFO Goes into Track mode.
13.18141 INFO Goes into Escape mode.
13.19792 INFO Goes into Track mode.
13.19794 INFO Goes into Escape mode.
13.21455 INFO Goes into Track mode.
13.21457 INFO Goes into Escape mode.
13.23105 INFO Goes into Track mode.
13.23107 INFO Goes into Escape mode.
13.26424 INFO Goes into Track mode.
13.26426 INFO Goes into Escape mode.
13.28079 INFO Goes into Track mode.
13.28081 INFO Goes into Escape mode.
13.29732 INFO Goes into Track mode.
13.29734 INFO Goes into Escape mode.
13.31392 INFO Goes into Track mode.
13.31394 INFO Goes into Escape mode.
13.33047 INFO Goes into Track mode.
13.3305 INFO Goes into Escape mode.
13.36363 INFO Goes into Track mode.
13.36365 INFO Goes into Escape mode.
13.38018 INFO Goes into Track mode.
13.3802 INFO Goes into Escape mode.
13.39674 INFO Goes into Track mode.
13.39676 INFO Goes into Escape mode.
13.41329 INFO Goes into Track mode.
13.41332 INFO Goes into Escape mode.
13.42985 INFO Goes into Track mode.
13.42987 INFO Goes into Escape mode.
13.46304 INFO Goes into Track mode.
13.46307 INFO Goes into Escape mode.
13.47957 INFO Goes into Track mode.
13.4796 INFO Goes into Escape mode.
13.49612 INFO Goes into Track mode.
13.49614 INFO Goes into Escape mode.
13.51274 INFO Goes into Track mode.
13.51277 INFO Goes into Escape mode.
13.52924 INFO Goes into Track mode.
13.52926 INFO Goes into Escape mode.
13.56239 INFO Goes into Track mode.
13.56241 INFO Goes into Escape mode.
13.57895 INFO Goes into Track mode.
13.57897 INFO Goes into Escape mode.
13.59554 INFO Goes into Track mode.
13.59556 INFO Goes into Escape mode.
13.61212 INFO Goes into Track mode.
13.61214 INFO Goes into Escape mode.
13.62865 INFO Goes into Track mode.
13.62867 INFO Goes into Escape mode.
13.66181 INFO Goes into Track mode.
13.66184 INFO Goes into Escape mode.
13.67838 INFO Goes into Track mode.
13.67841 INFO Goes into Escape mode.
13.69492 INFO Goes into Track mode.
13.69494 INFO Goes into Escape mode.
13.71154 INFO Goes into Track mode.
13.71157 INFO Goes into Escape mode.
13.74465 INFO Goes into Track mode.
13.74468 INFO Goes into Escape mode.
13.76119 INFO Goes into Track mode.
13.76121 INFO Goes into Escape mode.
13.77777 INFO Goes into Track mode.
13.77779 INFO Goes into Escape mode.
13.79431 INFO Goes into Track mode.
13.79433 INFO Goes into Escape mode.
13.81089 INFO Goes into Track mode.
13.81091 INFO Goes into Escape mode.
13.84403 INFO Goes into Track mode.
13.84405 INFO Goes into Escape mode.
13.8606 INFO Goes into Track mode.
13.86063 INFO Goes into Escape mode.
13.87715 INFO Goes into Track mode.
13.87717 INFO Goes into Escape mode.
13.8938 INFO Goes into Track mode.
13.89382 INFO Goes into Escape mode.
13.91031 INFO Goes into Track mode.
13.91033 INFO Goes into Escape mode.
13.94347 INFO Goes into Track mode.
13.94349 INFO Goes into Escape mode.
13.95998 INFO Goes into Track mode.
13.96001 INFO Goes into Escape mode.
13.97655 INFO Goes into Track mode.
13.97657 INFO Goes into Escape mode.
13.9931 INFO Goes into Track mode.
13.99312 INFO Goes into Escape mode.
14.00969 INFO Goes into Track mode.
14.00971 INFO Goes into Escape mode.
14.04283 INFO Goes into Track mode.
14.04286 INFO Goes into Escape mode.
14.05939 INFO Goes into Track mode.
14.05941 INFO Goes into Escape mode.
14.07598 INFO Goes into Track mode.
14.076 INFO Goes into Escape mode.
14.09252 INFO Goes into Track mode.
14.09254 INFO Goes into Escape mode.
14.10918 INFO Goes into Track mode.
14.1092 INFO Goes into Escape mode.
14.14223 INFO Goes into Track mode.
14.14226 INFO Goes into Escape mode.
14.15879 INFO Goes into Track mode.
14.15882 INFO Goes into Escape mode.
14.17538 INFO Goes into Track mode.
14.1754 INFO Goes into Escape mode.
14.19193 INFO Goes into Track mode.
16.67719 INFO Has hit NightHunter_AI_A.
17.15742 INFO Goes into Escape mode.
17.17395 INFO Goes into Track mode.
17.17397 INFO Goes into Escape mode.
17.19052 INFO Goes into Track mode.
17.19055 INFO Goes into Escape mode.
17.22363 INFO Goes into Track mode.
17.22365 INFO Goes into Escape mode.
17.24021 INFO Goes into Track mode.
17.24023 INFO Goes into Escape mode.
17.25689 INFO Goes into Track mode.
17.25692 INFO Goes into Escape mode.
17.27334 INFO Goes into Track mode.
17.27337 INFO Goes into Escape mode.
17.28989 INFO Goes into Track mode.
17.28991 INFO Goes into Escape mode.
17.32303 INFO Goes into Track mode.
17.32306 INFO Goes into Escape mode.
17.33963 INFO Goes into Track mode.
17.33965 INFO Goes into Escape mode.
17.35616 INFO Goes into Track mode.
17.35619 INFO Goes into Escape mode.
17.37274 INFO Goes into Track mode.
17.37277 INFO Goes into Escape mode.
17.3893 INFO Goes into Track mode.
17.38932 INFO Goes into Escape mode.
17.42242 INFO Goes into Track mode.
17.42245 INFO Goes into Escape mode.
17.43898 INFO Goes into Track mode.
17.439 INFO Goes into Escape mode.
17.45554 INFO Goes into Track mode.
17.45557 INFO Goes into Escape mode.
17.47219 INFO Goes into Track mode.
17.47222 INFO Goes into Escape mode.
17.4887 INFO Goes into Track mode.
17.48872 INFO Goes into Escape mode.
17.52181 INFO Goes into Track mode.
17.52184 INFO Goes into Escape mode.
17.53838 INFO Goes into Track mode.
17.5384 INFO Goes into Escape mode.
17.55494 INFO Goes into Track mode.
17.55497 INFO Goes into Escape mode.
17.57153 INFO Goes into Track mode.
17.57155 INFO Goes into Escape mode.
17.60465 INFO Goes into Track mode.
17.60467 INFO Goes into Escape mode.
17.62123 INFO Goes into Track mode.
17.62125 INFO Goes into Escape mode.
17.6378 INFO Goes into Track mode.
17.63783 INFO Goes into Escape mode.
17.6544 INFO Goes into Track mode.
17.65442 INFO Goes into Escape mode.
17.67093 INFO Goes into Track mode.
17.67096 INFO Goes into Escape mode.
17.70411 INFO Goes into Track mode.
17.70414 INFO Goes into Escape mode.
17.72065 INFO Goes into Track mode.
17.72067 INFO Goes into Escape mode.
17.73722 INFO Goes into Track mode.
17.73725 INFO Goes into Escape mode.
17.75378 INFO Goes into Track mode.
17.7538 INFO Goes into Escape mode.
17.77035 INFO Goes into Track mode.
17.77038 INFO Goes into Escape mode.
17.8035 INFO Goes into Track mode.
17.80352 INFO Goes into Escape mode.
17.82004 INFO Goes into Track mode.
17.82006 INFO Goes into Escape mode.
17.83666 INFO Goes into Track mode.
17.83668 INFO Goes into Escape mode.
17.85319 INFO Goes into Track mode.
17.85321 INFO Goes into Escape mode.
17.86977 INFO Goes into Track mode.
17.86979 INFO Goes into Escape mode.
17.90289 INFO Goes into Track mode.
17.90292 INFO Goes into Escape mode.
17.91942 INFO Goes into Track mode.
17.91945 INFO Goes into Escape mode.
17.936 INFO Goes into Track mode.
17.93603 INFO Goes into Escape mode.
17.95256 INFO Goes into Track mode.
17.9526 INFO Goes into Escape mode.
17.96913 INFO Goes into Track mode.
17.96915 INFO Goes into Escape mode.
18.00224 INFO Goes into Track mode.
18.00226 INFO Goes into Escape mode.
18.01882 INFO Goes into Track mode.
18.01884 INFO Goes into Escape mode.
18.0354 INFO Goes into Track mode.
18.03543 INFO Goes into Escape mode.
18.05201 INFO Goes into Track mode.
18.05204 INFO Goes into Escape mode.
18.0686 INFO Goes into Track mode.
18.06863 INFO Goes into Escape mode.
18.10166 INFO Goes into Track mode.
18.10168 INFO Goes into Escape mode.
18.11822 INFO Goes into Track mode.
18.11824 INFO Goes into Escape mode.
18.1348 INFO Goes into Track mode.
18.13482 INFO Goes into Escape mode.
18.15142 INFO Goes into Track mode.
18.15144 INFO Goes into Escape mode.
18.18449 INFO Goes into Track mode.
18.18452 INFO Goes into Escape mode.
18.20108 INFO Goes into Track mode.
18.20111 INFO Goes into Escape mode.
18.21764 INFO Goes into Track mode.
18.21772 INFO Goes into Escape mode.
18.2342 INFO Goes into Track mode.
18.23422 INFO Goes into Escape mode.
18.25074 INFO Goes into Track mode.
18.25076 INFO Goes into Escape mode.
18.28388 INFO Goes into Track mode.
18.2839 INFO Goes into Escape mode.
18.30044 INFO Goes into Track mode.
18.30046 INFO Goes into Escape mode.
18.31702 INFO Goes into Track mode.
18.31704 INFO Goes into Escape mode.
18.33358 INFO Goes into Track mode.
18.33361 INFO Goes into Escape mode.
18.35015 INFO Goes into Track mode.
18.35017 INFO Goes into Escape mode.
18.38329 INFO Goes into Track mode.
18.38332 INFO Goes into Escape mode.
18.39983 INFO Goes into Track mode.
18.39985 INFO Goes into Escape mode.
18.41645 INFO Goes into Track mode.
18.41648 INFO Goes into Escape mode.
18.43298 INFO Goes into Track mode.
18.433 INFO Goes into Escape mode.
18.44954 INFO Goes into Track mode.
18.44956 INFO Goes into Escape mode.
18.48269 INFO Goes into Track mode.
18.48271 INFO Goes into Escape mode.
18.49926 INFO Goes into Track mode.
18.49928 INFO Goes into Escape mode.
18.51583 INFO Goes into Track mode.
18.51585 INFO Goes into Escape mode.
18.53237 INFO Goes into Track mode.
18.53239 INFO Goes into Escape mode.
18.54898 INFO Goes into Track mode.
18.549 INFO Goes into Escape mode.
18.5821 INFO Goes into Track mode.
18.58212 INFO Goes into Escape mode.
18.59866 INFO Goes into Track mode.
18.59868 INFO Goes into Escape mode.
18.61521 INFO Goes into Track mode.
18.61522 INFO Goes into Escape mode.
18.63181 INFO Goes into Track mode.
18.63183 INFO Goes into Escape mode.
18.66497 INFO Goes into Track mode.
18.66499 INFO Goes into Escape mode.
18.68152 INFO Goes into Track mode.
18.68155 INFO Goes into Escape mode.
18.69809 INFO Goes into Track mode.
18.69811 INFO Goes into Escape mode.
18.71464 INFO Goes into Track mode.
18.71467 INFO Goes into Escape mode.
18.7312 INFO Goes into Track mode.
18.73123 INFO Goes into Escape mode.
18.76433 INFO Goes into Track mode.
18.76436 INFO Goes into Escape mode.
18.78089 INFO Goes into Track mode.
18.78091 INFO Goes into Escape mode.
18.79745 INFO Goes into Track mode.
18.79747 INFO Goes into Escape mode.
18.81403 INFO Goes into Track mode.
18.81406 INFO Goes into Escape mode.
18.83059 INFO Goes into Track mode.
18.83062 INFO Goes into Escape mode.
18.86373 INFO Goes into Track mode.
18.86375 INFO Goes into Escape mode.
18.88031 INFO Goes into Track mode.
18.88034 INFO Goes into Escape mode.
18.89693 INFO Goes into Track mode.
18.89695 INFO Goes into Escape mode.
18.91345 INFO Goes into Track mode.
18.91348 INFO Goes into Escape mode.
18.92998 INFO Goes into Track mode.
18.93001 INFO Goes into Escape mode.
18.96312 INFO Goes into Track mode.
18.96315 INFO Goes into Escape mode.
18.97969 INFO Goes into Track mode.
18.97971 INFO Goes into Escape mode.
18.99625 INFO Goes into Track mode.
18.99628 INFO Goes into Escape mode.
19.0129 INFO Goes into Track mode.
19.01292 INFO Goes into Escape mode.
19.02936 INFO Goes into Track mode.
19.02938 INFO Goes into Escape mode.
19.06254 INFO Goes into Track mode.
19.06256 INFO Goes into Escape mode.
19.07909 INFO Goes into Track mode.
19.07911 INFO Goes into Escape mode.
19.09565 INFO Goes into Track mode.
19.09567 INFO Goes into Escape mode.
19.11223 INFO Goes into Track mode.
19.11225 INFO Goes into Escape mode.
19.12895 INFO Goes into Track mode.
19.12897 INFO Goes into Escape mode.
19.16198 INFO Goes into Track mode.
19.162 INFO Goes into Escape mode.
19.17854 INFO Goes into Track mode.
19.17856 INFO Goes into Escape mode.
19.1951 INFO Goes into Track mode.
19.19512 INFO Goes into Escape mode.
19.21165 INFO Goes into Track mode.
19.21167 INFO Goes into Escape mode.
19.24479 INFO Goes into Track mode.
19.24482 INFO Goes into Escape mode.
19.26135 INFO Goes into Track mode.
19.26138 INFO Goes into Escape mode.
19.27792 INFO Goes into Track mode.
22.11106 INFO Has hit NightHunter_AI_A.
23.45269 INFO Goes into Escape mode.
23.46932 INFO Goes into Track mode.
23.46935 INFO Goes into Escape mode.
23.50238 INFO Goes into Track mode.
23.50241 INFO Goes into Escape mode.
23.51896 INFO Goes into Track mode.
23.51898 INFO Goes into Escape mode.
23.53553 INFO Goes into Track mode.
23.53555 INFO Goes into Escape mode.
23.55208 INFO Goes into Track mode.
23.5521 INFO Goes into Escape mode.
23.56867 INFO Goes into Track mode.
23.5687 INFO Goes into Escape mode.
23.60179 INFO Goes into Track mode.
23.60181 INFO Goes into Escape mode.
23.61835 INFO Goes into Track mode.
23.61837 INFO Goes into Escape mode.
23.63492 INFO Goes into Track mode.
23.63494 INFO Goes into Escape mode.
23.65151 INFO Goes into Track mode.
23.65154 INFO Goes into Escape mode.
23.68466 INFO Goes into Track mode.
23.68469 INFO Goes into Escape mode.
23.70118 INFO Goes into Track mode.
23.7012 INFO Goes into Escape mode.
23.71778 INFO Goes into Track mode.
23.7178 INFO Goes into Escape mode.
23.73434 INFO Goes into Track mode.
23.73436 INFO Goes into Escape mode.
23.7509 INFO Goes into Track mode.
23.75093 INFO Goes into Escape mode.
23.78404 INFO Goes into Track mode.
23.78406 INFO Goes into Escape mode.
23.80062 INFO Goes into Track mode.
23.80064 INFO Goes into Escape mode.
23.81715 INFO Goes into Track mode.
23.81717 INFO Goes into Escape mode.
23.83377 INFO Goes into Track mode.
23.8338 INFO Goes into Escape mode.
23.85035 INFO Goes into Track mode.
23.85037 INFO Goes into Escape mode.
23.88343 INFO Goes into Track mode.
23.88346 INFO Goes into Escape mode.
23.89999 INFO Goes into Track mode.
23.90002 INFO Goes into Escape mode.
23.91655 INFO Goes into Track mode.
23.91658 INFO Goes into Escape mode.
23.93317 INFO Goes into Track mode.
23.93319 INFO Goes into Escape mode.
23.94973 INFO Goes into Track mode.
23.94975 INFO Goes into Escape mode.
23.98282 INFO Goes into Track mode.
23.98284 INFO Goes into Escape mode.
23.99938 INFO Goes into Track mode.
23.9994 INFO Goes into Escape mode.
24.01609 INFO Goes into Track mode.
24.01611 INFO Goes into Escape mode.
24.03251 INFO Goes into Track mode.
24.03253 INFO Goes into Escape mode.
24.04909 INFO Goes into Track mode.
24.04911 INFO Goes into Escape mode.
24.08223 INFO Goes into Track mode.
24.08225 INFO Goes into Escape mode.
24.09878 INFO Goes into Track mode.
24.0988 INFO Goes into Escape mode.
24.11537 INFO Goes into Track mode.
24.11539 INFO Goes into Escape mode.
24.13191 INFO Goes into Track mode.
24.13193 INFO Goes into Escape mode.
24.14848 INFO Goes into Track mode.
24.1485 INFO Goes into Escape mode.
24.18166 INFO Goes into Track mode.
24.18168 INFO Goes into Escape mode.
24.19822 INFO Goes into Track mode.
24.19824 INFO Goes into Escape mode.
24.21476 INFO Goes into Track mode.
24.21478 INFO Goes into Escape mode.
24.23135 INFO Goes into Track mode.
24.23138 INFO Goes into Escape mode.
24.26452 INFO Goes into Track mode.
24.26455 INFO Goes into Escape mode.
24.28103 INFO Goes into Track mode.
24.28105 INFO Goes into Escape mode.
24.29761 INFO Goes into Track mode.
24.29763 INFO Goes into Escape mode.
24.31416 INFO Goes into Track mode.
24.31418 INFO Goes into Escape mode.
24.33071 INFO Goes into Track mode.
24.33074 INFO Goes into Escape mode.
24.36386 INFO Goes into Track mode.
24.36388 INFO Goes into Escape mode.
24.38042 INFO Goes into Track mode.
24.38044 INFO Goes into Escape mode.
24.39698 INFO Goes into Track mode.
24.39701 INFO Goes into Escape mode.
24.41356 INFO Goes into Track mode.
24.41358 INFO Goes into Escape mode.
24.43014 INFO Goes into Track mode.
24.43017 INFO Goes into Escape mode.
24.4633 INFO Goes into Track mode.
24.46332 INFO Goes into Escape mode.
24.4799 INFO Goes into Track mode.
24.47992 INFO Goes into Escape mode.
24.49644 INFO Goes into Track mode.
24.49646 INFO Goes into Escape mode.
24.51301 INFO Goes into Track mode.
24.51303 INFO Goes into Escape mode.
24.52953 INFO Goes into Track mode.
24.52955 INFO Goes into Escape mode.
24.56269 INFO Goes into Track mode.
24.56271 INFO Goes into Escape mode.
24.57921 INFO Goes into Track mode.
24.57924 INFO Goes into Escape mode.
24.59577 INFO Goes into Track mode.
24.59579 INFO Goes into Escape mode.
24.61233 INFO Goes into Track mode.
24.61235 INFO Goes into Escape mode.
24.62892 INFO Goes into Track mode.
24.62894 INFO Goes into Escape mode.
24.66206 INFO Goes into Track mode.
24.66208 INFO Goes into Escape mode.
24.67862 INFO Goes into Track mode.
24.67864 INFO Goes into Escape mode.
24.69522 INFO Goes into Track mode.
24.69524 INFO Goes into Escape mode.
24.71175 INFO Goes into Track mode.
24.71177 INFO Goes into Escape mode.
24.74489 INFO Goes into Track mode.
24.74492 INFO Goes into Escape mode.
24.76148 INFO Goes into Track mode.
24.76151 INFO Goes into Escape mode.
24.77803 INFO Goes into Track mode.
26.61718 INFO Has hit NightHunter_AI_A.
27.21337 INFO Goes into Dodge mode.
28.33989 INFO Goes into Track mode.
28.35675 INFO Has hit obstacle
31.18944 INFO Goes into Escape mode.
31.22248 INFO Goes into Track mode.
31.2225 INFO Goes into Escape mode.
31.23907 INFO Goes into Track mode.
31.2391 INFO Goes into Escape mode.
31.25565 INFO Goes into Track mode.
31.25568 INFO Goes into Escape mode.
31.27217 INFO Goes into Track mode.
31.2722 INFO Goes into Escape mode.
31.28875 INFO Goes into Track mode.
31.28877 INFO Goes into Escape mode.
31.32186 INFO Goes into Track mode.
31.32188 INFO Goes into Escape mode.
31.33841 INFO Goes into Track mode.
31.33843 INFO Goes into Escape mode.
31.35502 INFO Goes into Track mode.
31.35504 INFO Goes into Escape mode.
31.37158 INFO Goes into Track mode.
31.3716 INFO Goes into Escape mode.
31.40468 INFO Goes into Track mode.
31.40471 INFO Goes into Escape mode.
31.42128 INFO Goes into Track mode.
31.4213 INFO Goes into Escape mode.
31.43782 INFO Goes into Track mode.
31.43784 INFO Goes into Escape mode.
31.45442 INFO Goes into Track mode.
31.45444 INFO Goes into Escape mode.
31.47101 INFO Goes into Track mode.
31.47104 INFO Goes into Escape mode.
31.5041 INFO Goes into Track mode.
31.50412 INFO Goes into Escape mode.
31.52065 INFO Goes into Track mode.
31.52067 INFO Goes into Escape mode.
31.53723 INFO Goes into Track mode.
31.53725 INFO Goes into Escape mode.
31.55379 INFO Goes into Track mode.
31.55381 INFO Goes into Escape mode.
31.57036 INFO Goes into Track mode.
31.57038 INFO Goes into Escape mode.
31.6035 INFO Goes into Track mode.
31.60352 INFO Goes into Escape mode.
31.62006 INFO Goes into Track mode.
31.62011 INFO Goes into Escape mode.
31.63662 INFO Goes into Track mode.
31.63665 INFO Goes into Escape mode.
31.65319 INFO Goes into Track mode.
31.65322 INFO Goes into Escape mode.
31.66977 INFO Goes into Track mode.
31.66979 INFO Goes into Escape mode.
31.70288 INFO Goes into Track mode.
31.70291 INFO Goes into Escape mode.
31.7195 INFO Goes into Track mode.
31.71953 INFO Goes into Escape mode.
31.73606 INFO Goes into Track mode.
31.73608 INFO Goes into Escape mode.
31.75265 INFO Goes into Track mode.
31.75267 INFO Goes into Escape mode.
31.7692 INFO Goes into Track mode.
31.76922 INFO Goes into Escape mode.
31.80231 INFO Goes into Track mode.
31.80233 INFO Goes into Escape mode.
31.81886 INFO Goes into Track mode.
31.81888 INFO Goes into Escape mode.
31.83544 INFO Goes into Track mode.
31.83547 INFO Goes into Escape mode.
31.85201 INFO Goes into Track mode.
31.85203 INFO Goes into Escape mode.
31.86859 INFO Goes into Track mode.
31.86861 INFO Goes into Escape mode.
31.90172 INFO Goes into Track mode.
31.90175 INFO Goes into Escape mode.
31.91826 INFO Goes into Track mode.
31.91829 INFO Goes into Escape mode.
31.93486 INFO Goes into Track mode.
31.93489 INFO Goes into Escape mode.
31.95141 INFO Goes into Track mode.
31.95143 INFO Goes into Escape mode.
31.98456 INFO Goes into Track mode.
31.98458 INFO Goes into Escape mode.
32.00109 INFO Goes into Track mode.
32.00112 INFO Goes into Escape mode.
32.01767 INFO Goes into Track mode.
32.01769 INFO Goes into Escape mode.
32.03424 INFO Goes into Track mode.
32.03426 INFO Goes into Escape mode.
32.05082 INFO Goes into Track mode.
32.05085 INFO Goes into Escape mode.
32.08398 INFO Goes into Track mode.
32.08414 INFO Goes into Escape mode.
32.10049 INFO Goes into Track mode.
32.10051 INFO Goes into Escape mode.
32.11706 INFO Goes into Track mode.
32.11708 INFO Goes into Escape mode.
32.13362 INFO Goes into Track mode.
32.13364 INFO Goes into Escape mode.
32.1502 INFO Goes into Track mode.
32.15022 INFO Goes into Escape mode.
32.18334 INFO Goes into Track mode.
32.18336 INFO Goes into Escape mode.
32.19989 INFO Goes into Track mode.
32.19991 INFO Goes into Escape mode.
32.2165 INFO Goes into Track mode.
32.21653 INFO Goes into Escape mode.
32.23309 INFO Goes into Track mode.
32.23311 INFO Goes into Escape mode.
32.24963 INFO Goes into Track mode.
32.24965 INFO Goes into Escape mode.
32.28278 INFO Goes into Track mode.
32.2828 INFO Goes into Escape mode.
32.29943 INFO Goes into Track mode.
32.29946 INFO Goes into Escape mode.
32.31591 INFO Goes into Track mode.
32.31593 INFO Goes into Escape mode.
32.33242 INFO Goes into Track mode.
32.33245 INFO Goes into Escape mode.
32.34899 INFO Goes into Track mode.
32.34901 INFO Goes into Escape mode.
32.38213 INFO Goes into Track mode.
32.38216 INFO Goes into Escape mode.
32.3987 INFO Goes into Track mode.
32.39873 INFO Goes into Escape mode.
32.41526 INFO Goes into Track mode.
32.41528 INFO Goes into Escape mode.
32.43185 INFO Goes into Track mode.
32.43187 INFO Goes into Escape mode.
32.46509 INFO Goes into Track mode.
32.46512 INFO Goes into Escape mode.
32.48164 INFO Goes into Track mode.
32.48167 INFO Goes into Escape mode.
32.49816 INFO Goes into Track mode.
32.49819 INFO Goes into Escape mode.
32.51474 INFO Goes into Track mode.
32.51476 INFO Goes into Escape mode.
32.5313 INFO Goes into Track mode.
32.53133 INFO Goes into Escape mode.
32.56435 INFO Goes into Track mode.
32.56437 INFO Goes into Escape mode.
32.58091 INFO Goes into Track mode.
32.58093 INFO Goes into Escape mode.
32.59747 INFO Goes into Track mode.
32.59748 INFO Goes into Escape mode.
32.61404 INFO Goes into Track mode.
32.61406 INFO Goes into Escape mode.
32.63061 INFO Goes into Track mode.
32.63063 INFO Goes into Escape mode.
32.66381 INFO Goes into Track mode.
32.66384 INFO Goes into Escape mode.
32.68044 INFO Goes into Track mode.
32.68047 INFO Goes into Escape mode.
32.69688 INFO Goes into Track mode.
32.6969 INFO Goes into Escape mode.
32.71348 INFO Goes into Track mode.
32.7135 INFO Goes into Escape mode.
32.73004 INFO Goes into Track mode.
32.73006 INFO Goes into Escape mode.
32.76318 INFO Goes into Track mode.
32.76321 INFO Goes into Escape mode.
32.77972 INFO Goes into Track mode.
32.77975 INFO Goes into Escape mode.
32.7963 INFO Goes into Track mode.
32.79632 INFO Goes into Escape mode.
32.81283 INFO Goes into Track mode.
32.81285 INFO Goes into Escape mode.
32.82944 INFO Goes into Track mode.
32.82946 INFO Goes into Escape mode.
32.86258 INFO Goes into Track mode.
32.86261 INFO Goes into Escape mode.
32.87914 INFO Goes into Track mode.
32.87916 INFO Goes into Escape mode.
32.89571 INFO Goes into Track mode.
32.89574 INFO Goes into Escape mode.
32.91226 INFO Goes into Track mode.
32.91228 INFO Goes into Escape mode.
32.92883 INFO Goes into Track mode.
32.92885 INFO Goes into Escape mode.
32.96197 INFO Goes into Track mode.
32.96199 INFO Goes into Escape mode.
32.97856 INFO Goes into Track mode.
32.97858 INFO Goes into Escape mode.
32.99509 INFO Goes into Track mode.
32.99511 INFO Goes into Escape mode.
33.01164 INFO Goes into Track mode.
36.89067 INFO Goes into Escape mode.
36.92141 INFO Goes into Track mode.
36.92144 INFO Goes into Escape mode.
36.93798 INFO Goes into Track mode.
36.93801 INFO Goes into Escape mode.
36.95453 INFO Goes into Track mode.
36.95456 INFO Goes into Escape mode.
36.97108 INFO Goes into Track mode.
36.9711 INFO Goes into Escape mode.
37.00422 INFO Goes into Track mode.
37.00425 INFO Goes into Escape mode.
37.02079 INFO Goes into Track mode.
37.02081 INFO Goes into Escape mode.
37.03736 INFO Goes into Track mode.
37.03738 INFO Goes into Escape mode.
37.05394 INFO Goes into Track mode.
37.05402 INFO Goes into Escape mode.
37.07048 INFO Goes into Track mode.
37.0705 INFO Goes into Escape mode.
37.10369 INFO Goes into Track mode.
37.10372 INFO Goes into Escape mode.
37.12027 INFO Goes into Track mode.
37.1203 INFO Goes into Escape mode.
37.13678 INFO Goes into Track mode.
37.1368 INFO Goes into Escape mode.
37.15333 INFO Goes into Track mode.
37.15335 INFO Goes into Escape mode.
37.16988 INFO Goes into Track mode.
37.16991 INFO Goes into Escape mode.
37.20303 INFO Goes into Track mode.
37.20305 INFO Goes into Escape mode.
37.21959 INFO Goes into Track mode.
37.2196 INFO Goes into Escape mode.
37.2362 INFO Goes into Track mode.
37.23623 INFO Goes into Escape mode.
37.25272 INFO Goes into Track mode.
37.25274 INFO Goes into Escape mode.
37.26932 INFO Goes into Track mode.
37.26934 INFO Goes into Escape mode.
37.30244 INFO Goes into Track mode.
37.30246 INFO Goes into Escape mode.
37.31901 INFO Goes into Track mode.
37.31903 INFO Goes into Escape mode.
37.33555 INFO Goes into Track mode.
37.33558 INFO Goes into Escape mode.
37.35215 INFO Goes into Track mode.
37.35217 INFO Goes into Escape mode.
37.3687 INFO Goes into Track mode.
37.36872 INFO Goes into Escape mode.
37.40182 INFO Goes into Track mode.
37.40184 INFO Goes into Escape mode.
37.41843 INFO Goes into Track mode.
37.41845 INFO Goes into Escape mode.
37.43496 INFO Goes into Track mode.
37.43498 INFO Goes into Escape mode.
37.45161 INFO Goes into Track mode.
37.45164 INFO Goes into Escape mode.
37.48473 INFO Goes into Track mode.
37.48475 INFO Goes into Escape mode.
37.50126 INFO Goes into Dodge mode.
38.13083 INFO Goes into Track mode.
38.13086 INFO Goes into Escape mode.
38.13128 INFO Has hit obstacle
38.1639 INFO Goes into Track mode.
38.16393 INFO Goes into Escape mode.
38.18047 INFO Goes into Track mode.
39.32357 INFO Goes into Dodge mode.
39.75431 INFO Goes into Track mode.
39.87051 INFO Has hit obstacle
41.47761 INFO Has hit NightHunter_AI_A.
41.49408 INFO Has hit NightHunter_AI_A.
42.18961 INFO Goes into Escape mode.
42.22272 INFO Goes into Track mode.
42.22274 INFO Goes into Escape mode.
42.23928 INFO Goes into Track mode.
42.2393 INFO Goes into Escape mode.
42.25592 INFO Goes into Track mode.
42.25594 INFO Goes into Escape mode.
42.27244 INFO Goes into Track mode.
42.27247 INFO Goes into Escape mode.
42.28904 INFO Goes into Track mode.
42.28906 INFO Goes into Escape mode.
42.3222 INFO Goes into Track mode.
42.32222 INFO Goes into Escape mode.
42.33874 INFO Goes into Track mode.
42.33876 INFO Goes into Escape mode.
42.35529 INFO Goes into Track mode.
42.35532 INFO Goes into Escape mode.
42.37185 INFO Goes into Track mode.
42.37187 INFO Goes into Escape mode.
42.40496 INFO Goes into Track mode.
42.40499 INFO Goes into Escape mode.
42.42152 INFO Goes into Track mode.
42.42155 INFO Goes into Escape mode.
42.43809 INFO Goes into Track mode.
42.43811 INFO Goes into Escape mode.
42.45466 INFO Goes into Track mode.
42.45468 INFO Goes into Escape mode.
42.47128 INFO Goes into Track mode.
42.47131 INFO Goes into Escape mode.
42.50439 INFO Goes into Track mode.
42.50442 INFO Goes into Escape mode.
42.52093 INFO Goes into Track mode.
42.52095 INFO Goes into Escape mode.
42.53748 INFO Goes into Track mode.
42.5375 INFO Goes into Escape mode.
42.55404 INFO Goes into Track mode.
42.55406 INFO Goes into Escape mode.
42.57062 INFO Goes into Track mode.
42.57064 INFO Goes into Escape mode.
42.60376 INFO Goes into Track mode.
42.60379 INFO Goes into Escape mode.
42.62035 INFO Goes into Track mode.
42.62038 INFO Goes into Escape mode.
42.6369 INFO Goes into Track mode.
42.63692 INFO Goes into Escape mode.
42.6535 INFO Goes into Track mode.
42.65353 INFO Goes into Escape mode.
42.67002 INFO Goes into Track mode.
42.67004 INFO Goes into Escape mode.
42.70313 INFO Goes into Track mode.
42.70315 INFO Goes into Escape mode.
42.71972 INFO Goes into Track mode.
42.71974 INFO Goes into Escape mode.
42.73626 INFO Goes into Track mode.
42.73644 INFO Goes into Escape mode.
42.75288 INFO Goes into Track mode.
42.7529 INFO Goes into Escape mode.
42.76941 INFO Goes into Track mode.
42.76944 INFO Goes into Escape mode.
42.80256 INFO Goes into Track mode.
42.80258 INFO Goes into Escape mode.
42.81913 INFO Goes into Track mode.
42.81915 INFO Goes into Escape mode.
42.83569 INFO Goes into Track mode.
42.83571 INFO Goes into Escape mode.
42.85225 INFO Goes into Track mode.
42.85227 INFO Goes into Escape mode.
42.86882 INFO Goes into Track mode.
42.86885 INFO Goes into Escape mode.
42.90196 INFO Goes into Track mode.
42.90198 INFO Goes into Escape mode.
42.91851 INFO Goes into Track mode.
42.91853 INFO Goes into Escape mode.
42.93511 INFO Goes into Track mode.
42.93513 INFO Goes into Escape mode.
42.95164 INFO Goes into Track mode.
42.95166 INFO Goes into Escape mode.
42.98479 INFO Goes into Track mode.
42.98481 INFO Goes into Escape mode.
43.00136 INFO Goes into Track mode.
43.00138 INFO Goes into Escape mode.
43.01791 INFO Goes into Track mode.
43.01793 INFO Goes into Escape mode.
43.03448 INFO Goes into Track mode.
43.0345 INFO Goes into Escape mode.
43.05104 INFO Goes into Track mode.
43.05106 INFO Goes into Escape mode.
43.08418 INFO Goes into Track mode.
43.08421 INFO Goes into Escape mode.
43.10077 INFO Goes into Track mode.
43.10079 INFO Goes into Escape mode.
43.11731 INFO Goes into Track mode.
43.11733 INFO Goes into Escape mode.
43.13387 INFO Goes into Track mode.
43.13389 INFO Goes into Escape mode.
43.15046 INFO Goes into Track mode.
43.15048 INFO Goes into Escape mode.
43.18366 INFO Goes into Track mode.
43.18369 INFO Goes into Escape mode.
43.20016 INFO Goes into Track mode.
43.20018 INFO Goes into Escape mode.
43.21675 INFO Goes into Track mode.
43.21677 INFO Goes into Escape mode.
43.23328 INFO Goes into Track mode.
43.2333 INFO Goes into Escape mode.
43.24988 INFO Goes into Track mode.
43.2499 INFO Goes into Escape mode.
43.28302 INFO Goes into Track mode.
43.28304 INFO Goes into Escape mode.
43.29959 INFO Goes into Track mode.
43.29962 INFO Goes into Escape mode.
43.31616 INFO Goes into Track mode.
43.31619 INFO Goes into Escape mode.
43.33273 INFO Goes into Track mode.
43.33276 INFO Goes into Escape mode.
43.34927 INFO Goes into Track mode.
43.34929 INFO Goes into Escape mode.
43.3824 INFO Goes into Track mode.
43.38242 INFO Goes into Escape mode.
43.39902 INFO Goes into Track mode.
43.39904 INFO Goes into Escape mode.
43.41553 INFO Goes into Track mode.
43.41556 INFO Goes into Escape mode.
43.43213 INFO Goes into Track mode.
43.43215 INFO Goes into Escape mode.
43.44867 INFO Goes into Track mode.
43.44869 INFO Goes into Escape mode.
43.48465 INFO Goes into Track mode.
43.48468 INFO Goes into Escape mode.
43.49837 INFO Goes into Track mode.
43.49839 INFO Goes into Escape mode.
43.51493 INFO Goes into Track mode.
43.51496 INFO Goes into Escape mode.
43.53148 INFO Goes into Track mode.
43.53151 INFO Goes into Escape mode.
43.56462 INFO Goes into Track mode.
43.56464 INFO Goes into Escape mode.
43.58117 INFO Goes into Track mode.
43.5812 INFO Goes into Escape mode.
43.59776 INFO Goes into Track mode.
43.59778 INFO Goes into Escape mode.
43.61433 INFO Goes into Track mode.
43.61435 INFO Goes into Escape mode.
43.63087 INFO Goes into Track mode.
43.63089 INFO Goes into Escape mode.
43.66404 INFO Goes into Track mode.
43.66406 INFO Goes into Escape mode.
43.68061 INFO Goes into Track mode.
43.68064 INFO Goes into Escape mode.
43.69716 INFO Goes into Track mode.
43.69718 INFO Goes into Escape mode.
43.71373 INFO Goes into Track mode.
43.71375 INFO Goes into Escape mode.
43.73029 INFO Goes into Track mode.
43.73031 INFO Goes into Escape mode.
43.76346 INFO Goes into Track mode.
43.76349 INFO Goes into Escape mode.
43.77999 INFO Goes into Track mode.
43.78002 INFO Goes into Escape mode.
43.79662 INFO Goes into Track mode.
43.79665 INFO Goes into Escape mode.
43.81312 INFO Goes into Track mode.
43.81315 INFO Goes into Escape mode.
43.82971 INFO Goes into Track mode.
43.82979 INFO Goes into Escape mode.
43.86287 INFO Goes into Track mode.
43.86289 INFO Goes into Escape mode.
43.87938 INFO Goes into Track mode.
43.87941 INFO Goes into Escape mode.
43.89595 INFO Goes into Track mode.
43.89597 INFO Goes into Escape mode.
43.91258 INFO Goes into Track mode.
43.9126 INFO Goes into Escape mode.
43.92908 INFO Goes into Track mode.
43.9291 INFO Goes into Escape mode.
43.96224 INFO Goes into Track mode.
43.96226 INFO Goes into Escape mode.
43.97888 INFO Goes into Track mode.
43.9789 INFO Goes into Escape mode.
43.99535 INFO Goes into Track mode.
43.99537 INFO Goes into Escape mode.
44.01194 INFO Goes into Track mode.
44.01197 INFO Goes into Escape mode.
44.02848 INFO Goes into Track mode.
44.02851 INFO Goes into Escape mode.
44.06164 INFO Goes into Track mode.
47.72287 INFO Goes into Escape mode.
47.73944 INFO Goes into Track mode.
47.73947 INFO Goes into Escape mode.
47.75599 INFO Goes into Track mode.
47.75601 INFO Goes into Escape mode.
47.77259 INFO Goes into Track mode.
47.77261 INFO Goes into Escape mode.
47.78914 INFO Goes into Track mode.
47.78917 INFO Goes into Escape mode.
47.82226 INFO Goes into Track mode.
47.82228 INFO Goes into Escape mode.
47.83882 INFO Goes into Track mode.
47.83884 INFO Goes into Escape mode.
47.8554 INFO Goes into Track mode.
47.85542 INFO Goes into Escape mode.
47.87195 INFO Goes into Track mode.
47.87197 INFO Goes into Escape mode.
47.88852 INFO Goes into Track mode.
47.88854 INFO Goes into Escape mode.
47.92165 INFO Goes into Track mode.
47.92167 INFO Goes into Escape mode.
47.93821 INFO Goes into Track mode.
47.93823 INFO Goes into Escape mode.
47.95478 INFO Goes into Track mode.
47.95481 INFO Goes into Escape mode.
47.97137 INFO Goes into Track mode.
47.97139 INFO Goes into Escape mode.
48.0045 INFO Goes into Track mode.
48.00452 INFO Goes into Escape mode.
48.02109 INFO Goes into Track mode.
48.02111 INFO Goes into Escape mode.
48.03762 INFO Goes into Track mode.
48.03764 INFO Goes into Escape mode.
48.05425 INFO Goes into Track mode.
48.05428 INFO Goes into Escape mode.
48.07079 INFO Goes into Track mode.
48.07081 INFO Goes into Escape mode.
48.1039 INFO Goes into Track mode.
48.10392 INFO Goes into Escape mode.
48.12048 INFO Goes into Track mode.
48.1205 INFO Goes into Escape mode.
48.13701 INFO Goes into Track mode.
48.13704 INFO Goes into Escape mode.
48.15361 INFO Goes into Track mode.
48.15363 INFO Goes into Escape mode.
48.17015 INFO Goes into Track mode.
48.17017 INFO Goes into Escape mode.
48.20335 INFO Goes into Track mode.
48.20337 INFO Goes into Escape mode.
48.21989 INFO Goes into Track mode.
48.21992 INFO Goes into Escape mode.
48.23643 INFO Goes into Track mode.
48.23645 INFO Goes into Escape mode.
48.253 INFO Goes into Track mode.
48.25302 INFO Goes into Escape mode.
48.26958 INFO Goes into Track mode.
48.2696 INFO Goes into Escape mode.
48.30272 INFO Goes into Track mode.
48.30275 INFO Goes into Escape mode.
48.31925 INFO Goes into Track mode.
48.31927 INFO Goes into Escape mode.
48.33585 INFO Goes into Track mode.
48.33587 INFO Goes into Escape mode.
48.3524 INFO Goes into Track mode.
48.35242 INFO Goes into Escape mode.
48.36897 INFO Goes into Track mode.
48.36899 INFO Goes into Escape mode.
48.40208 INFO Goes into Track mode.
48.40211 INFO Goes into Escape mode.
48.41864 INFO Goes into Track mode.
48.41868 INFO Goes into Escape mode.
48.4352 INFO Goes into Track mode.
48.43523 INFO Goes into Escape mode.
48.4518 INFO Goes into Track mode.
48.45182 INFO Goes into Escape mode.
48.48494 INFO Goes into Track mode.
48.48497 INFO Goes into Escape mode.
48.50148 INFO Goes into Track mode.
48.50151 INFO Goes into Escape mode.
48.51806 INFO Goes into Track mode.
48.51809 INFO Goes into Escape mode.
48.5347 INFO Goes into Track mode.
48.53473 INFO Goes into Escape mode.
48.55118 INFO Goes into Track mode.
48.5512 INFO Goes into Escape mode.
48.58433 INFO Goes into Track mode.
48.58435 INFO Goes into Escape mode.
48.60093 INFO Goes into Track mode.
48.60096 INFO Goes into Escape mode.
48.61744 INFO Goes into Track mode.
48.61747 INFO Goes into Escape mode.
48.63407 INFO Goes into Track mode.
48.6341 INFO Goes into Escape mode.
48.6506 INFO Goes into Track mode.
48.65063 INFO Goes into Escape mode.
48.68375 INFO Goes into Track mode.
48.68378 INFO Goes into Escape mode.
48.70029 INFO Goes into Track mode.
48.70032 INFO Goes into Escape mode.
48.71686 INFO Goes into Track mode.
48.71688 INFO Goes into Escape mode.
48.7335 INFO Goes into Track mode.
48.73352 INFO Goes into Escape mode.
48.74998 INFO Goes into Track mode.
48.75 INFO Goes into Escape mode.
48.78318 INFO Goes into Track mode.
48.78321 INFO Goes into Escape mode.
48.79968 INFO Goes into Track mode.
48.7997 INFO Goes into Escape mode.
48.81627 INFO Goes into Track mode.
48.81629 INFO Goes into Escape mode.
48.83282 INFO Goes into Track mode.
48.83284 INFO Goes into Escape mode.
48.84938 INFO Goes into Track mode.
48.8494 INFO Goes into Escape mode.
48.8825 INFO Goes into Track mode.
48.88252 INFO Goes into Escape mode.
48.89909 INFO Goes into Track mode.
48.89911 INFO Goes into Escape mode.
48.91565 INFO Goes into Track mode.
48.91567 INFO Goes into Escape mode.
48.93222 INFO Goes into Track mode.
48.93223 INFO Goes into Escape mode.
48.94877 INFO Goes into Track mode.
48.9488 INFO Goes into Escape mode.
48.9819 INFO Goes into Track mode.
48.98193 INFO Goes into Escape mode.
48.99849 INFO Goes into Track mode.
51.03649 INFO Has hit NightHunter_AI_A.
55.93992 INFO Goes into Escape mode.
55.9565 INFO Goes into Track mode.
55.95653 INFO Goes into Escape mode.
55.97306 INFO Goes into Track mode.
55.97309 INFO Goes into Escape mode.
55.98969 INFO Goes into Track mode.
55.98971 INFO Goes into Escape mode.
56.02279 INFO Goes into Track mode.
56.02282 INFO Goes into Escape mode.
56.03932 INFO Goes into Track mode.
56.03934 INFO Goes into Escape mode.
56.05591 INFO Goes into Track mode.
56.05593 INFO Goes into Escape mode.
56.07247 INFO Goes into Track mode.
56.07249 INFO Goes into Escape mode.
56.08903 INFO Goes into Track mode.
56.08905 INFO Goes into Escape mode.
56.12215 INFO Goes into Track mode.
56.12217 INFO Goes into Escape mode.
56.13872 INFO Goes into Track mode.
56.13874 INFO Goes into Escape mode.
56.15527 INFO Goes into Track mode.
56.15529 INFO Goes into Escape mode.
56.17184 INFO Goes into Track mode.
56.17186 INFO Goes into Escape mode.
56.18842 INFO Goes into Track mode.
56.18845 INFO Goes into Escape mode.
56.22161 INFO Goes into Track mode.
56.22163 INFO Goes into Escape mode.
56.23812 INFO Goes into Track mode.
56.23814 INFO Goes into Escape mode.
56.25474 INFO Goes into Track mode.
56.25476 INFO Goes into Escape mode.
56.27127 INFO Goes into Track mode.
56.27129 INFO Goes into Escape mode.
56.30442 INFO Goes into Track mode.
56.30445 INFO Goes into Escape mode.
56.32097 INFO Goes into Track mode.
56.32099 INFO Goes into Escape mode.
56.33755 INFO Goes into Track mode.
56.33758 INFO Goes into Escape mode.
56.35413 INFO Goes into Track mode.
56.35415 INFO Goes into Escape mode.
56.37066 INFO Goes into Track mode.
56.37068 INFO Goes into Escape mode.
56.40379 INFO Goes into Track mode.
56.40382 INFO Goes into Escape mode.
56.42036 INFO Goes into Track mode.
56.42039 INFO Goes into Escape mode.
56.43692 INFO Goes into Track mode.
56.43694 INFO Goes into Escape mode.
56.45353 INFO Goes into Track mode.
56.45356 INFO Goes into Escape mode.
56.47012 INFO Goes into Track mode.
56.47015 INFO Goes into Escape mode.
56.50318 INFO Goes into Track mode.
56.5032 INFO Goes into Escape mode.
56.51976 INFO Goes into Track mode.
56.51979 INFO Goes into Escape mode.
56.53631 INFO Goes into Track mode.
56.53633 INFO Goes into Escape mode.
56.55291 INFO Goes into Track mode.
56.55294 INFO Goes into Escape mode.
56.56948 INFO Goes into Track mode.
56.56951 INFO Goes into Escape mode.
56.60258 INFO Goes into Track mode.
56.60261 INFO Goes into Escape mode.
56.61914 INFO Goes into Track mode.
56.61922 INFO Goes into Escape mode.
56.63571 INFO Goes into Track mode.
56.63573 INFO Goes into Escape mode.
56.65227 INFO Goes into Track mode.
56.65229 INFO Goes into Escape mode.
56.66886 INFO Goes into Track mode.
56.66889 INFO Goes into Escape mode.
56.70201 INFO Goes into Track mode.
56.70203 INFO Goes into Escape mode.
56.71856 INFO Goes into Track mode.
56.71858 INFO Goes into Escape mode.
56.73513 INFO Goes into Track mode.
56.73515 INFO Goes into Escape mode.
56.75169 INFO Goes into Track mode.
56.75172 INFO Goes into Escape mode.
56.78483 INFO Goes into Track mode.
56.78486 INFO Goes into Escape mode.
56.80138 INFO Goes into Track mode.
56.8014 INFO Goes into Escape mode.
56.81799 INFO Goes into Track mode.
56.81802 INFO Goes into Escape mode.
56.83452 INFO Goes into Track mode.
56.83454 INFO Goes into Escape mode.
56.85112 INFO Goes into Track mode.
56.85114 INFO Goes into Escape mode.
56.88426 INFO Goes into Track mode.
56.88428 INFO Goes into Escape mode.
56.90078 INFO Goes into Track mode.
56.90081 INFO Goes into Escape mode.
56.91739 INFO Goes into Track mode.
56.91742 INFO Goes into Escape mode.
56.93394 INFO Goes into Track mode.
56.93396 INFO Goes into Escape mode.
56.95052 INFO Goes into Track mode.
56.95054 INFO Goes into Escape mode.
56.98361 INFO Goes into Track mode.
56.98363 INFO Goes into Escape mode.
57.00018 INFO Goes into Track mode.
57.00019 INFO Goes into Escape mode.
57.01675 INFO Goes into Track mode.
58.64032 INFO Goes into Dodge mode.
59.10418 INFO Goes into Track mode.
61.27441 INFO Goes into Dodge mode.
61.68857 INFO Goes into Track mode.
61.82113 INFO Goes into Escape mode.
61.83765 INFO Goes into Track mode.
61.83768 INFO Goes into Escape mode.
61.85425 INFO Goes into Track mode.
61.85427 INFO Goes into Escape mode.
61.8708 INFO Goes into Track mode.
61.87083 INFO Goes into Escape mode.
61.90391 INFO Goes into Track mode.
61.90393 INFO Goes into Escape mode.
61.92047 INFO Goes into Track mode.
61.92049 INFO Goes into Escape mode.
61.93705 INFO Goes into Track mode.
61.93707 INFO Goes into Escape mode.
61.95362 INFO Goes into Track mode.
61.95364 INFO Goes into Escape mode.
61.97018 INFO Goes into Track mode.
61.9702 INFO Goes into Escape mode.
62.00333 INFO Goes into Track mode.
62.00335 INFO Goes into Escape mode.
62.01992 INFO Goes into Track mode.
62.01994 INFO Goes into Escape mode.
62.03646 INFO Goes into Track mode.
62.03648 INFO Goes into Escape mode.
62.05303 INFO Goes into Track mode.
62.05305 INFO Goes into Escape mode.
62.06961 INFO Goes into Track mode.
62.06963 INFO Goes into Escape mode.
62.10274 INFO Goes into Track mode.
62.10276 INFO Goes into Escape mode.
62.11932 INFO Goes into Track mode.
62.11934 INFO Goes into Escape mode.
62.13585 INFO Goes into Track mode.
62.13587 INFO Goes into Escape mode.
62.15244 INFO Goes into Track mode.
62.15247 INFO Goes into Escape mode.
62.16899 INFO Goes into Track mode.
62.16901 INFO Goes into Escape mode.
62.20213 INFO Goes into Track mode.
62.20216 INFO Goes into Escape mode.
62.21872 INFO Goes into Track mode.
62.21874 INFO Goes into Escape mode.
62.23526 INFO Goes into Track mode.
62.23528 INFO Goes into Escape mode.
62.25185 INFO Goes into Track mode.
62.25188 INFO Goes into Escape mode.
62.28497 INFO Goes into Track mode.
62.285 INFO Goes into Escape mode.
62.30153 INFO Goes into Track mode.
62.30156 INFO Goes into Escape mode.
62.3181 INFO Goes into Track mode.
62.31812 INFO Goes into Escape mode.
62.33469 INFO Goes into Track mode.
62.33471 INFO Goes into Escape mode.
62.35122 INFO Goes into Track mode.
62.35124 INFO Goes into Escape mode.
62.38438 INFO Goes into Track mode.
62.3844 INFO Goes into Escape mode.
62.40091 INFO Goes into Track mode.
62.40093 INFO Goes into Escape mode.
62.41749 INFO Goes into Track mode.
62.41751 INFO Goes into Escape mode.
62.43406 INFO Goes into Track mode.
62.43408 INFO Goes into Escape mode.
62.45063 INFO Goes into Track mode.
62.45065 INFO Goes into Escape mode.
62.48382 INFO Goes into Track mode.
62.48385 INFO Goes into Escape mode.
62.50039 INFO Goes into Track mode.
62.50041 INFO Goes into Escape mode.
62.51697 INFO Goes into Track mode.
62.51699 INFO Goes into Escape mode.
62.53348 INFO Goes into Track mode.
62.5335 INFO Goes into Escape mode.
62.55002 INFO Goes into Track mode.
62.55004 INFO Goes into Escape mode.
62.5832 INFO Goes into Track mode.
62.58323 INFO Goes into Escape mode.
62.59972 INFO Goes into Track mode.
62.59975 INFO Goes into Escape mode.
62.61631 INFO Goes into Track mode.
62.61634 INFO Goes into Escape mode.
62.63287 INFO Goes into Track mode.
62.63289 INFO Goes into Escape mode.
62.64945 INFO Goes into Track mode.
62.64948 INFO Goes into Escape mode.
62.68258 INFO Goes into Track mode.
62.6826 INFO Goes into Escape mode.
62.69913 INFO Goes into Track mode.
62.69915 INFO Goes into Escape mode.
62.71569 INFO Goes into Track mode.
62.71572 INFO Goes into Escape mode.
62.73229 INFO Goes into Track mode.
62.73232 INFO Goes into Escape mode.
62.74882 INFO Goes into Track mode.
62.74884 INFO Goes into Escape mode.
62.78195 INFO Goes into Track mode.
62.78197 INFO Goes into Escape mode.
62.79855 INFO Goes into Track mode.
62.79858 INFO Goes into Escape mode.
62.81508 INFO Goes into Track mode.
62.81511 INFO Goes into Escape mode.
62.83168 INFO Goes into Track mode.
62.8317 INFO Goes into Escape mode.
62.86479 INFO Goes into Track mode.
62.86481 INFO Goes into Escape mode.
62.88149 INFO Goes into Track mode.
62.88152 INFO Goes into Escape mode.
62.89793 INFO Goes into Track mode.
62.89795 INFO Goes into Escape mode.
62.91455 INFO Goes into Track mode.
62.91458 INFO Goes into Escape mode.
62.93105 INFO Goes into Track mode.
62.93107 INFO Goes into Escape mode.
62.96419 INFO Goes into Track mode.
62.96421 INFO Goes into Escape mode.
62.98074 INFO Goes into Track mode.
62.98076 INFO Goes into Escape mode.
62.99733 INFO Goes into Track mode.
62.99734 INFO Goes into Escape mode.
63.01387 INFO Goes into Track mode.
63.01389 INFO Goes into Escape mode.
63.03045 INFO Goes into Track mode.
63.03048 INFO Goes into Escape mode.
63.06359 INFO Goes into Track mode.
63.06362 INFO Goes into Escape mode.
63.0802 INFO Goes into Track mode.
63.08023 INFO Goes into Escape mode.
63.09674 INFO Goes into Track mode.
63.09677 INFO Goes into Escape mode.
63.11332 INFO Goes into Track mode.
63.11334 INFO Goes into Escape mode.
63.12986 INFO Goes into Track mode.
63.12988 INFO Goes into Escape mode.
63.16299 INFO Goes into Track mode.
63.16302 INFO Goes into Escape mode.
63.17955 INFO Goes into Track mode.
63.17957 INFO Goes into Escape mode.
63.19613 INFO Goes into Track mode.
63.19616 INFO Goes into Escape mode.
63.21269 INFO Goes into Track mode.
63.21272 INFO Goes into Escape mode.
63.22928 INFO Goes into Track mode.
63.2293 INFO Goes into Escape mode.
63.26244 INFO Goes into Track mode.
63.26247 INFO Goes into Escape mode.
63.27895 INFO Goes into Track mode.
63.27897 INFO Goes into Escape mode.
63.29557 INFO Goes into Track mode.
63.2956 INFO Goes into Escape mode.
63.31208 INFO Goes into Track mode.
63.3121 INFO Goes into Escape mode.
63.32867 INFO Goes into Track mode.
63.32869 INFO Goes into Escape mode.
63.36179 INFO Goes into Track mode.
63.36182 INFO Goes into Escape mode.
63.37836 INFO Goes into Track mode.
63.37838 INFO Goes into Escape mode.
63.39491 INFO Goes into Track mode.
63.39494 INFO Goes into Escape mode.
63.41147 INFO Goes into Track mode.
63.41149 INFO Goes into Escape mode.
63.44465 INFO Goes into Track mode.
63.44468 INFO Goes into Escape mode.
63.46671 INFO Shots : 34. Precision : 29.41176 %.
Time : 2/2/2017 12:24:26 AM logfile now closed.
