Time : 2/1/2017 10:16:20 PM
1.500435 INFO Goes into Track mode.
4.945884 INFO Goes into Dodge mode.
5.475895 INFO Goes into Track mode.
8.243028 INFO Has hit NightHunter_AI_B (1).
8.342089 INFO Goes into Dodge mode.
8.739707 INFO Goes into Track mode.
9.967083 INFO Missed a shot.
9.967109 INFO Missed a shot.
11.47316 INFO Goes into Dodge mode.
12.15239 INFO Goes into Track mode.
12.25241 INFO Has hit obstacle
14.15693 INFO Goes into Dodge mode.
14.67083 INFO Goes into Track mode.
14.67127 INFO Has hit obstacle
14.91936 INFO Has hit NightHunter_AI_B (1).
16.65999 INFO Missed a shot.
16.66002 INFO Missed a shot.
17.83505 INFO Has hit NightHunter_AI_B (1).
17.83509 INFO Has hit NightHunter_AI_B (1).
17.88474 INFO Has hit NightHunter_AI_B (2).
18.05075 INFO Has hit NightHunter_AI_B (1).
18.05078 INFO Has hit NightHunter_AI_B (1).
18.08366 INFO Has hit NightHunter_AI_B (2).
18.29906 INFO Has hit NightHunter_AI_B (1).
18.2991 INFO Has hit NightHunter_AI_B (1).
18.3322 INFO Has hit NightHunter_AI_B (2).
19.67527 INFO Missed a shot.
19.6753 INFO Missed a shot.
19.89016 INFO Missed a shot.
19.89019 INFO Missed a shot.
19.95536 INFO Goes into Dodge mode.
20.106 INFO Missed a shot.
20.10603 INFO Missed a shot.
20.22036 INFO Goes into Track mode.
20.99932 INFO Has hit NightHunter_AI_B (2).
20.99936 INFO Has hit NightHunter_AI_B (2).
22.61503 INFO Missed a shot.
22.61506 INFO Missed a shot.
26.3151 INFO Shots : 12. Precision : 108.3333 %.
Time : 2/1/2017 10:16:44 PM logfile now closed.
