Time : 2/2/2017 3:59:04 AM
1.441259 INFO Goes into Track mode.
4.352624 INFO Goes into Escape mode.
4.36944 INFO Goes into Track mode.
4.36946 INFO Goes into Escape mode.
4.385763 INFO Goes into Track mode.
4.38579 INFO Goes into Escape mode.
4.418884 INFO Goes into Track mode.
4.418903 INFO Goes into Escape mode.
4.435459 INFO Goes into Track mode.
4.43548 INFO Goes into Escape mode.
4.46032 INFO Goes into Track mode.
4.460342 INFO Goes into Escape mode.
4.476686 INFO Goes into Track mode.
4.476707 INFO Goes into Escape mode.
4.493244 INFO Goes into Track mode.
4.493264 INFO Goes into Escape mode.
4.509799 INFO Goes into Track mode.
4.509822 INFO Goes into Escape mode.
4.526385 INFO Goes into Track mode.
4.526407 INFO Goes into Escape mode.
4.559486 INFO Goes into Track mode.
4.559506 INFO Goes into Escape mode.
4.576098 INFO Goes into Track mode.
4.576121 INFO Goes into Escape mode.
4.592644 INFO Goes into Track mode.
4.592663 INFO Goes into Escape mode.
4.609207 INFO Goes into Track mode.
4.60923 INFO Goes into Escape mode.
4.625756 INFO Goes into Track mode.
4.625775 INFO Goes into Escape mode.
4.658902 INFO Goes into Track mode.
4.658922 INFO Goes into Escape mode.
4.675464 INFO Goes into Track mode.
4.675484 INFO Goes into Escape mode.
4.692331 INFO Goes into Track mode.
4.692352 INFO Goes into Escape mode.
4.708596 INFO Goes into Track mode.
4.708616 INFO Goes into Escape mode.
4.725155 INFO Goes into Track mode.
4.725174 INFO Goes into Escape mode.
4.758301 INFO Goes into Track mode.
4.758319 INFO Goes into Escape mode.
4.774859 INFO Goes into Track mode.
4.774879 INFO Goes into Escape mode.
4.791425 INFO Goes into Track mode.
4.791445 INFO Goes into Escape mode.
4.808018 INFO Goes into Track mode.
4.80804 INFO Goes into Escape mode.
4.824558 INFO Goes into Track mode.
4.824577 INFO Goes into Escape mode.
4.857915 INFO Goes into Track mode.
4.857934 INFO Goes into Escape mode.
4.87429 INFO Goes into Track mode.
4.874312 INFO Goes into Escape mode.
4.890821 INFO Goes into Track mode.
4.890839 INFO Goes into Escape mode.
4.907393 INFO Goes into Track mode.
4.907412 INFO Goes into Escape mode.
4.924016 INFO Goes into Track mode.
4.924042 INFO Goes into Escape mode.
4.957095 INFO Goes into Track mode.
4.957115 INFO Goes into Escape mode.
4.973704 INFO Goes into Track mode.
4.973724 INFO Goes into Escape mode.
4.990229 INFO Goes into Track mode.
4.990248 INFO Goes into Escape mode.
5.006793 INFO Goes into Track mode.
5.006813 INFO Goes into Escape mode.
5.039931 INFO Goes into Track mode.
5.03995 INFO Goes into Escape mode.
5.056479 INFO Goes into Track mode.
5.056497 INFO Goes into Escape mode.
5.073083 INFO Goes into Track mode.
5.073103 INFO Goes into Escape mode.
5.089622 INFO Goes into Track mode.
5.089641 INFO Goes into Escape mode.
5.106191 INFO Goes into Track mode.
5.106211 INFO Goes into Escape mode.
5.139347 INFO Goes into Track mode.
5.139383 INFO Goes into Escape mode.
5.155899 INFO Goes into Track mode.
5.155919 INFO Goes into Escape mode.
5.172484 INFO Goes into Track mode.
5.172506 INFO Goes into Escape mode.
5.189268 INFO Goes into Track mode.
5.18929 INFO Goes into Escape mode.
5.205602 INFO Goes into Track mode.
5.205622 INFO Goes into Escape mode.
5.238723 INFO Goes into Track mode.
5.238743 INFO Goes into Escape mode.
5.255292 INFO Goes into Track mode.
5.255312 INFO Goes into Escape mode.
5.271855 INFO Goes into Track mode.
5.271875 INFO Goes into Escape mode.
5.288431 INFO Goes into Track mode.
5.288451 INFO Goes into Escape mode.
5.305077 INFO Goes into Track mode.
5.305101 INFO Goes into Escape mode.
5.33812 INFO Goes into Track mode.
5.33814 INFO Goes into Escape mode.
5.354937 INFO Goes into Track mode.
5.354956 INFO Goes into Escape mode.
5.371272 INFO Goes into Track mode.
5.371294 INFO Goes into Escape mode.
5.387825 INFO Goes into Track mode.
5.387846 INFO Goes into Escape mode.
5.404405 INFO Goes into Track mode.
5.404426 INFO Goes into Escape mode.
5.437528 INFO Goes into Track mode.
5.437616 INFO Goes into Escape mode.
5.454114 INFO Goes into Track mode.
5.454136 INFO Goes into Escape mode.
5.470722 INFO Goes into Track mode.
5.470745 INFO Goes into Escape mode.
5.487231 INFO Goes into Track mode.
5.487252 INFO Goes into Escape mode.
5.520667 INFO Goes into Track mode.
5.520689 INFO Goes into Escape mode.
5.536956 INFO Goes into Track mode.
5.536975 INFO Goes into Escape mode.
5.553487 INFO Goes into Track mode.
5.553507 INFO Goes into Escape mode.
5.570058 INFO Goes into Track mode.
5.570076 INFO Goes into Escape mode.
5.586641 INFO Goes into Track mode.
5.58666 INFO Goes into Escape mode.
5.619768 INFO Goes into Track mode.
5.619788 INFO Goes into Escape mode.
5.63633 INFO Goes into Track mode.
5.63635 INFO Goes into Escape mode.
5.652913 INFO Goes into Track mode.
5.652931 INFO Goes into Escape mode.
5.669491 INFO Goes into Track mode.
5.669511 INFO Goes into Escape mode.
5.686296 INFO Goes into Track mode.
5.686316 INFO Goes into Escape mode.
5.719171 INFO Goes into Track mode.
5.719191 INFO Goes into Escape mode.
5.735733 INFO Goes into Track mode.
5.735751 INFO Goes into Escape mode.
5.752316 INFO Goes into Track mode.
5.752333 INFO Goes into Escape mode.
5.768866 INFO Goes into Track mode.
5.768885 INFO Goes into Escape mode.
5.785448 INFO Goes into Track mode.
5.785467 INFO Goes into Escape mode.
5.818624 INFO Goes into Track mode.
5.818644 INFO Goes into Escape mode.
5.835137 INFO Goes into Track mode.
5.835156 INFO Goes into Escape mode.
5.851943 INFO Goes into Track mode.
17.27483 INFO Goes into Escape mode.
17.29169 INFO Goes into Track mode.
17.29172 INFO Goes into Escape mode.
17.30796 INFO Goes into Track mode.
17.30798 INFO Goes into Escape mode.
17.3245 INFO Goes into Track mode.
17.32452 INFO Goes into Escape mode.
17.35762 INFO Goes into Track mode.
17.35764 INFO Goes into Escape mode.
17.38353 INFO Goes into Track mode.
17.38355 INFO Goes into Escape mode.
17.40012 INFO Goes into Track mode.
17.40014 INFO Goes into Escape mode.
17.41666 INFO Goes into Track mode.
17.41668 INFO Goes into Escape mode.
17.43321 INFO Goes into Track mode.
17.43323 INFO Goes into Escape mode.
17.44979 INFO Goes into Track mode.
17.44982 INFO Goes into Escape mode.
17.46663 INFO Goes into Track mode.
17.46666 INFO Goes into Escape mode.
17.49951 INFO Goes into Track mode.
17.49953 INFO Goes into Escape mode.
17.51606 INFO Goes into Track mode.
17.51608 INFO Goes into Escape mode.
17.53279 INFO Goes into Track mode.
17.53281 INFO Goes into Escape mode.
17.54937 INFO Goes into Track mode.
17.54939 INFO Goes into Escape mode.
17.56592 INFO Goes into Track mode.
17.56594 INFO Goes into Escape mode.
17.59906 INFO Goes into Track mode.
17.59908 INFO Goes into Escape mode.
17.61594 INFO Goes into Track mode.
17.61596 INFO Goes into Escape mode.
17.6322 INFO Goes into Track mode.
17.63222 INFO Goes into Escape mode.
17.64876 INFO Goes into Track mode.
17.64879 INFO Goes into Escape mode.
17.66532 INFO Goes into Track mode.
17.66534 INFO Goes into Escape mode.
17.69846 INFO Goes into Track mode.
17.69848 INFO Goes into Escape mode.
17.71502 INFO Goes into Track mode.
17.71503 INFO Goes into Escape mode.
17.73158 INFO Goes into Track mode.
17.7316 INFO Goes into Escape mode.
17.74815 INFO Goes into Track mode.
17.74817 INFO Goes into Escape mode.
17.76472 INFO Goes into Track mode.
17.76474 INFO Goes into Escape mode.
17.79787 INFO Goes into Track mode.
17.79789 INFO Goes into Escape mode.
17.81443 INFO Goes into Track mode.
17.81446 INFO Goes into Escape mode.
17.83099 INFO Goes into Track mode.
17.83101 INFO Goes into Escape mode.
17.84756 INFO Goes into Track mode.
17.84758 INFO Goes into Escape mode.
17.86411 INFO Goes into Track mode.
17.86413 INFO Goes into Escape mode.
17.89725 INFO Goes into Track mode.
17.89728 INFO Goes into Escape mode.
17.91382 INFO Goes into Track mode.
17.91384 INFO Goes into Escape mode.
17.93037 INFO Goes into Track mode.
17.93039 INFO Goes into Escape mode.
17.94733 INFO Goes into Track mode.
17.94741 INFO Goes into Escape mode.
17.98009 INFO Goes into Track mode.
17.98011 INFO Goes into Escape mode.
17.99666 INFO Goes into Track mode.
17.99668 INFO Goes into Escape mode.
18.01324 INFO Goes into Track mode.
18.01327 INFO Goes into Escape mode.
18.02978 INFO Goes into Track mode.
18.0298 INFO Goes into Escape mode.
18.04635 INFO Goes into Track mode.
18.04637 INFO Goes into Escape mode.
18.07952 INFO Goes into Track mode.
18.07953 INFO Goes into Escape mode.
18.09605 INFO Goes into Track mode.
18.09607 INFO Goes into Escape mode.
18.11293 INFO Goes into Track mode.
18.11295 INFO Goes into Escape mode.
18.12918 INFO Goes into Track mode.
18.12919 INFO Goes into Escape mode.
18.14576 INFO Goes into Track mode.
18.14578 INFO Goes into Escape mode.
18.17888 INFO Goes into Track mode.
18.1789 INFO Goes into Escape mode.
18.19546 INFO Goes into Track mode.
18.19548 INFO Goes into Escape mode.
18.21202 INFO Goes into Track mode.
18.21204 INFO Goes into Escape mode.
18.22858 INFO Goes into Track mode.
18.2286 INFO Goes into Escape mode.
18.24514 INFO Goes into Track mode.
18.24516 INFO Goes into Escape mode.
18.27854 INFO Goes into Track mode.
18.27857 INFO Goes into Escape mode.
18.29487 INFO Goes into Track mode.
18.29489 INFO Goes into Escape mode.
18.3115 INFO Goes into Track mode.
18.31153 INFO Goes into Escape mode.
18.32798 INFO Goes into Track mode.
18.328 INFO Goes into Escape mode.
18.34612 INFO Goes into Track mode.
18.34614 INFO Goes into Escape mode.
18.37928 INFO Goes into Track mode.
18.3793 INFO Goes into Escape mode.
18.39584 INFO Goes into Track mode.
18.39586 INFO Goes into Escape mode.
18.41241 INFO Goes into Track mode.
18.41243 INFO Goes into Escape mode.
18.42921 INFO Goes into Track mode.
18.42923 INFO Goes into Escape mode.
18.44559 INFO Goes into Track mode.
18.4456 INFO Goes into Escape mode.
18.47866 INFO Goes into Track mode.
18.47868 INFO Goes into Escape mode.
18.49524 INFO Goes into Track mode.
18.49526 INFO Goes into Escape mode.
18.5118 INFO Goes into Track mode.
18.51183 INFO Goes into Escape mode.
18.52839 INFO Goes into Track mode.
18.52841 INFO Goes into Escape mode.
18.54493 INFO Goes into Track mode.
18.54495 INFO Goes into Escape mode.
18.57807 INFO Goes into Track mode.
18.57809 INFO Goes into Escape mode.
18.59489 INFO Goes into Track mode.
18.59491 INFO Goes into Escape mode.
18.61121 INFO Goes into Track mode.
18.61123 INFO Goes into Escape mode.
18.62776 INFO Goes into Track mode.
18.62778 INFO Goes into Escape mode.
18.64433 INFO Goes into Track mode.
18.64436 INFO Goes into Escape mode.
18.67746 INFO Goes into Track mode.
18.67748 INFO Goes into Escape mode.
18.69406 INFO Goes into Track mode.
18.69408 INFO Goes into Escape mode.
18.71064 INFO Goes into Track mode.
18.71066 INFO Goes into Escape mode.
18.72716 INFO Goes into Track mode.
18.72718 INFO Goes into Escape mode.
18.76056 INFO Goes into Track mode.
18.76057 INFO Goes into Escape mode.
18.77687 INFO Goes into Track mode.
18.77689 INFO Goes into Escape mode.
18.79345 INFO Goes into Track mode.
18.79347 INFO Goes into Escape mode.
18.81002 INFO Goes into Track mode.
18.81004 INFO Goes into Escape mode.
18.82657 INFO Goes into Track mode.
18.82659 INFO Goes into Escape mode.
18.85969 INFO Goes into Track mode.
18.85971 INFO Goes into Escape mode.
18.87627 INFO Goes into Track mode.
18.87629 INFO Goes into Escape mode.
18.89282 INFO Goes into Track mode.
18.89284 INFO Goes into Escape mode.
18.90939 INFO Goes into Track mode.
18.90941 INFO Goes into Escape mode.
18.92621 INFO Goes into Track mode.
18.92623 INFO Goes into Escape mode.
18.9591 INFO Goes into Track mode.
18.95911 INFO Goes into Escape mode.
18.97568 INFO Goes into Track mode.
18.9757 INFO Goes into Escape mode.
18.99222 INFO Goes into Track mode.
18.99224 INFO Goes into Escape mode.
19.00963 INFO Goes into Track mode.
19.00965 INFO Goes into Escape mode.
19.02623 INFO Goes into Track mode.
19.02625 INFO Goes into Escape mode.
19.05933 INFO Goes into Track mode.
19.05935 INFO Goes into Escape mode.
19.07593 INFO Goes into Track mode.
19.07595 INFO Goes into Escape mode.
19.09269 INFO Goes into Track mode.
19.09271 INFO Goes into Escape mode.
19.10911 INFO Goes into Track mode.
19.10914 INFO Goes into Escape mode.
19.1256 INFO Goes into Track mode.
19.12562 INFO Goes into Escape mode.
19.15873 INFO Goes into Track mode.
19.15875 INFO Goes into Escape mode.
19.17531 INFO Goes into Track mode.
19.17533 INFO Goes into Escape mode.
19.19187 INFO Goes into Track mode.
19.19189 INFO Goes into Escape mode.
19.20844 INFO Goes into Track mode.
19.20846 INFO Goes into Escape mode.
19.22501 INFO Goes into Track mode.
19.22502 INFO Goes into Escape mode.
19.25838 INFO Goes into Track mode.
19.2584 INFO Goes into Escape mode.
19.27474 INFO Goes into Track mode.
19.27476 INFO Goes into Escape mode.
19.29128 INFO Goes into Track mode.
19.2913 INFO Goes into Escape mode.
19.30789 INFO Goes into Track mode.
19.30791 INFO Goes into Escape mode.
19.32441 INFO Goes into Track mode.
19.32443 INFO Goes into Escape mode.
19.35753 INFO Goes into Track mode.
19.35756 INFO Goes into Escape mode.
19.37411 INFO Goes into Track mode.
19.37413 INFO Goes into Escape mode.
19.39069 INFO Goes into Track mode.
19.39071 INFO Goes into Escape mode.
19.40724 INFO Goes into Track mode.
19.40726 INFO Goes into Escape mode.
19.44038 INFO Goes into Track mode.
19.4404 INFO Goes into Escape mode.
19.45694 INFO Goes into Track mode.
19.45695 INFO Goes into Escape mode.
19.47351 INFO Goes into Track mode.
19.47353 INFO Goes into Escape mode.
19.49006 INFO Goes into Track mode.
19.49008 INFO Goes into Escape mode.
19.50712 INFO Goes into Track mode.
19.50714 INFO Goes into Escape mode.
19.54033 INFO Goes into Track mode.
19.54037 INFO Goes into Escape mode.
19.55685 INFO Goes into Track mode.
19.55687 INFO Goes into Escape mode.
19.5734 INFO Goes into Track mode.
19.57342 INFO Goes into Escape mode.
19.59019 INFO Goes into Track mode.
19.59021 INFO Goes into Escape mode.
19.60661 INFO Goes into Track mode.
19.60663 INFO Goes into Escape mode.
19.63965 INFO Goes into Track mode.
19.63967 INFO Goes into Escape mode.
19.65621 INFO Goes into Track mode.
19.65623 INFO Goes into Escape mode.
19.67279 INFO Goes into Track mode.
19.67281 INFO Goes into Escape mode.
19.68935 INFO Goes into Track mode.
19.68937 INFO Goes into Escape mode.
19.70593 INFO Goes into Track mode.
19.70595 INFO Goes into Escape mode.
19.73905 INFO Goes into Track mode.
19.73907 INFO Goes into Escape mode.
19.75587 INFO Goes into Track mode.
19.75589 INFO Goes into Escape mode.
19.7722 INFO Goes into Track mode.
20.32079 INFO Goes into Dodge mode.
21.44928 INFO Goes into Track mode.
25.15754 INFO Goes into Escape mode.
25.1741 INFO Goes into Track mode.
25.17412 INFO Goes into Escape mode.
25.19094 INFO Goes into Track mode.
25.19097 INFO Goes into Escape mode.
25.20724 INFO Goes into Track mode.
25.20726 INFO Goes into Escape mode.
25.24036 INFO Goes into Track mode.
25.24038 INFO Goes into Escape mode.
25.25693 INFO Goes into Track mode.
25.25695 INFO Goes into Escape mode.
25.27526 INFO Goes into Track mode.
25.27528 INFO Goes into Escape mode.
25.29184 INFO Goes into Track mode.
25.29186 INFO Goes into Escape mode.
25.30843 INFO Goes into Track mode.
25.30846 INFO Goes into Escape mode.
25.32497 INFO Goes into Track mode.
25.32499 INFO Goes into Escape mode.
25.35834 INFO Goes into Track mode.
25.35836 INFO Goes into Escape mode.
25.37473 INFO Goes into Track mode.
25.37475 INFO Goes into Escape mode.
25.39124 INFO Goes into Track mode.
25.39126 INFO Goes into Escape mode.
25.4078 INFO Goes into Track mode.
25.40782 INFO Goes into Escape mode.
25.426 INFO Goes into Track mode.
25.42602 INFO Goes into Escape mode.
25.45913 INFO Goes into Track mode.
25.45916 INFO Goes into Escape mode.
25.47572 INFO Goes into Track mode.
25.47574 INFO Goes into Escape mode.
25.49228 INFO Goes into Track mode.
25.4923 INFO Goes into Escape mode.
25.50908 INFO Goes into Track mode.
25.5091 INFO Goes into Escape mode.
25.52548 INFO Goes into Track mode.
25.5255 INFO Goes into Escape mode.
25.55854 INFO Goes into Track mode.
25.55856 INFO Goes into Escape mode.
25.5751 INFO Goes into Track mode.
25.57512 INFO Goes into Escape mode.
25.5917 INFO Goes into Track mode.
25.59172 INFO Goes into Escape mode.
25.60826 INFO Goes into Track mode.
25.60828 INFO Goes into Escape mode.
25.62481 INFO Goes into Track mode.
25.62483 INFO Goes into Escape mode.
25.65822 INFO Goes into Track mode.
25.65825 INFO Goes into Escape mode.
25.67452 INFO Goes into Track mode.
25.67454 INFO Goes into Escape mode.
25.69107 INFO Goes into Track mode.
25.69109 INFO Goes into Escape mode.
25.7077 INFO Goes into Track mode.
25.70772 INFO Goes into Escape mode.
25.72423 INFO Goes into Track mode.
25.72425 INFO Goes into Escape mode.
25.75733 INFO Goes into Track mode.
25.75735 INFO Goes into Escape mode.
25.77391 INFO Goes into Track mode.
25.77393 INFO Goes into Escape mode.
25.79047 INFO Goes into Track mode.
25.79049 INFO Goes into Escape mode.
25.80706 INFO Goes into Track mode.
25.80708 INFO Goes into Escape mode.
25.84021 INFO Goes into Track mode.
25.84023 INFO Goes into Escape mode.
25.85673 INFO Goes into Track mode.
25.85675 INFO Goes into Escape mode.
25.87332 INFO Goes into Track mode.
25.87334 INFO Goes into Escape mode.
25.88986 INFO Goes into Track mode.
25.88988 INFO Goes into Escape mode.
25.90643 INFO Goes into Track mode.
25.90645 INFO Goes into Escape mode.
25.93956 INFO Goes into Track mode.
25.93958 INFO Goes into Escape mode.
25.95613 INFO Goes into Track mode.
25.95615 INFO Goes into Escape mode.
25.97273 INFO Goes into Track mode.
25.97275 INFO Goes into Escape mode.
25.98953 INFO Goes into Track mode.
25.98955 INFO Goes into Escape mode.
26.00584 INFO Goes into Track mode.
26.00586 INFO Goes into Escape mode.
26.03898 INFO Goes into Track mode.
26.039 INFO Goes into Escape mode.
26.05555 INFO Goes into Track mode.
26.05557 INFO Goes into Escape mode.
26.0721 INFO Goes into Track mode.
26.07212 INFO Goes into Escape mode.
26.08866 INFO Goes into Track mode.
26.08868 INFO Goes into Escape mode.
26.10527 INFO Goes into Track mode.
26.10529 INFO Goes into Escape mode.
26.13837 INFO Goes into Track mode.
26.13839 INFO Goes into Escape mode.
26.15519 INFO Goes into Track mode.
26.15521 INFO Goes into Escape mode.
26.17152 INFO Goes into Track mode.
26.17154 INFO Goes into Escape mode.
26.18807 INFO Goes into Track mode.
26.18809 INFO Goes into Escape mode.
26.20463 INFO Goes into Track mode.
26.20465 INFO Goes into Escape mode.
26.23789 INFO Goes into Track mode.
26.23792 INFO Goes into Escape mode.
26.25452 INFO Goes into Track mode.
26.25454 INFO Goes into Escape mode.
26.27103 INFO Goes into Track mode.
26.27105 INFO Goes into Escape mode.
26.2876 INFO Goes into Track mode.
26.28762 INFO Goes into Escape mode.
26.3042 INFO Goes into Track mode.
26.30423 INFO Goes into Escape mode.
26.33737 INFO Goes into Track mode.
26.33739 INFO Goes into Escape mode.
26.35387 INFO Goes into Track mode.
26.35389 INFO Goes into Escape mode.
26.37044 INFO Goes into Track mode.
26.37045 INFO Goes into Escape mode.
26.387 INFO Goes into Track mode.
26.38702 INFO Goes into Escape mode.
26.42012 INFO Goes into Track mode.
26.42014 INFO Goes into Escape mode.
26.43669 INFO Goes into Track mode.
26.43671 INFO Goes into Escape mode.
26.45327 INFO Goes into Track mode.
26.45329 INFO Goes into Escape mode.
26.46983 INFO Goes into Track mode.
26.46985 INFO Goes into Escape mode.
26.48666 INFO Goes into Track mode.
26.48668 INFO Goes into Escape mode.
26.51954 INFO Goes into Track mode.
26.51957 INFO Goes into Escape mode.
26.53612 INFO Goes into Track mode.
26.53614 INFO Goes into Escape mode.
26.55268 INFO Goes into Track mode.
26.5527 INFO Goes into Escape mode.
26.56923 INFO Goes into Track mode.
26.56925 INFO Goes into Escape mode.
26.58581 INFO Goes into Track mode.
26.5859 INFO Goes into Escape mode.
26.61893 INFO Goes into Track mode.
26.61895 INFO Goes into Escape mode.
26.6355 INFO Goes into Track mode.
26.63552 INFO Goes into Escape mode.
26.65232 INFO Goes into Track mode.
26.65234 INFO Goes into Escape mode.
26.66866 INFO Goes into Track mode.
26.66867 INFO Goes into Escape mode.
26.6852 INFO Goes into Track mode.
26.68524 INFO Goes into Escape mode.
26.71836 INFO Goes into Track mode.
26.71838 INFO Goes into Escape mode.
26.73491 INFO Goes into Track mode.
26.73492 INFO Goes into Escape mode.
26.75146 INFO Goes into Track mode.
26.75148 INFO Goes into Escape mode.
26.76803 INFO Goes into Track mode.
26.76805 INFO Goes into Escape mode.
26.78462 INFO Goes into Track mode.
26.78464 INFO Goes into Escape mode.
26.81801 INFO Goes into Track mode.
26.81803 INFO Goes into Escape mode.
26.83435 INFO Goes into Track mode.
26.83437 INFO Goes into Escape mode.
26.85088 INFO Goes into Track mode.
26.85089 INFO Goes into Escape mode.
26.86755 INFO Goes into Track mode.
26.86757 INFO Goes into Escape mode.
26.88401 INFO Goes into Track mode.
26.88403 INFO Goes into Escape mode.
26.91714 INFO Goes into Track mode.
26.91716 INFO Goes into Escape mode.
26.9337 INFO Goes into Track mode.
26.93373 INFO Goes into Escape mode.
26.95029 INFO Goes into Track mode.
26.95031 INFO Goes into Escape mode.
26.9669 INFO Goes into Track mode.
26.96692 INFO Goes into Escape mode.
26.99998 INFO Goes into Track mode.
27 INFO Goes into Escape mode.
27.01656 INFO Goes into Track mode.
27.01658 INFO Goes into Escape mode.
27.03312 INFO Goes into Track mode.
27.03314 INFO Goes into Escape mode.
27.04967 INFO Goes into Track mode.
27.04969 INFO Goes into Escape mode.
27.06624 INFO Goes into Track mode.
27.06626 INFO Goes into Escape mode.
27.09939 INFO Goes into Track mode.
27.09941 INFO Goes into Escape mode.
27.11596 INFO Goes into Track mode.
27.11598 INFO Goes into Escape mode.
27.13255 INFO Goes into Track mode.
27.13257 INFO Goes into Escape mode.
27.14933 INFO Goes into Track mode.
27.14935 INFO Goes into Escape mode.
27.16563 INFO Goes into Track mode.
27.16565 INFO Goes into Escape mode.
27.19877 INFO Goes into Track mode.
27.1988 INFO Goes into Escape mode.
27.21536 INFO Goes into Track mode.
27.21538 INFO Goes into Escape mode.
27.23225 INFO Goes into Track mode.
27.23227 INFO Goes into Escape mode.
27.24879 INFO Goes into Track mode.
27.24881 INFO Goes into Escape mode.
27.26539 INFO Goes into Track mode.
27.26541 INFO Goes into Escape mode.
27.29854 INFO Goes into Track mode.
27.29858 INFO Goes into Escape mode.
27.31532 INFO Goes into Track mode.
27.31534 INFO Goes into Escape mode.
27.33169 INFO Goes into Track mode.
27.33171 INFO Goes into Escape mode.
27.34819 INFO Goes into Track mode.
27.34821 INFO Goes into Escape mode.
27.36474 INFO Goes into Track mode.
27.36476 INFO Goes into Escape mode.
27.3979 INFO Goes into Track mode.
27.39792 INFO Goes into Escape mode.
27.41447 INFO Goes into Track mode.
27.41449 INFO Goes into Escape mode.
27.43102 INFO Goes into Track mode.
27.43104 INFO Goes into Escape mode.
27.44757 INFO Goes into Track mode.
27.44759 INFO Goes into Escape mode.
27.46416 INFO Goes into Track mode.
27.46418 INFO Goes into Escape mode.
27.49731 INFO Goes into Track mode.
27.49733 INFO Goes into Escape mode.
27.51388 INFO Goes into Track mode.
27.5139 INFO Goes into Escape mode.
27.53044 INFO Goes into Track mode.
27.53046 INFO Goes into Escape mode.
27.54699 INFO Goes into Track mode.
27.54701 INFO Goes into Escape mode.
27.57125 INFO Goes into Track mode.
27.57127 INFO Goes into Escape mode.
27.58782 INFO Goes into Track mode.
27.58784 INFO Goes into Escape mode.
27.60443 INFO Goes into Track mode.
27.60445 INFO Goes into Escape mode.
27.63753 INFO Goes into Track mode.
27.63755 INFO Goes into Escape mode.
27.65435 INFO Goes into Track mode.
27.65437 INFO Goes into Escape mode.
27.67067 INFO Goes into Track mode.
27.67069 INFO Goes into Escape mode.
27.68723 INFO Goes into Track mode.
27.6874 INFO Goes into Escape mode.
27.72036 INFO Goes into Track mode.
27.72038 INFO Goes into Escape mode.
27.73691 INFO Goes into Track mode.
27.73693 INFO Goes into Escape mode.
27.75348 INFO Goes into Track mode.
27.75349 INFO Goes into Escape mode.
27.77006 INFO Goes into Track mode.
27.77007 INFO Goes into Escape mode.
27.78664 INFO Goes into Track mode.
27.78666 INFO Goes into Escape mode.
27.81977 INFO Goes into Track mode.
27.81979 INFO Goes into Escape mode.
27.83632 INFO Goes into Track mode.
27.83635 INFO Goes into Escape mode.
27.85291 INFO Goes into Track mode.
27.85293 INFO Goes into Escape mode.
27.86946 INFO Goes into Track mode.
27.86948 INFO Goes into Escape mode.
27.88602 INFO Goes into Track mode.
27.88604 INFO Goes into Escape mode.
27.91916 INFO Goes into Track mode.
27.91918 INFO Goes into Escape mode.
27.93571 INFO Goes into Track mode.
27.93573 INFO Goes into Escape mode.
27.9523 INFO Goes into Track mode.
27.95232 INFO Goes into Escape mode.
27.96917 INFO Goes into Track mode.
27.9692 INFO Goes into Escape mode.
27.98544 INFO Goes into Track mode.
27.98546 INFO Goes into Escape mode.
28.01857 INFO Goes into Track mode.
28.01859 INFO Goes into Escape mode.
28.03512 INFO Goes into Track mode.
28.03514 INFO Goes into Escape mode.
28.05302 INFO Goes into Track mode.
28.05304 INFO Goes into Escape mode.
28.06961 INFO Goes into Track mode.
28.06963 INFO Goes into Escape mode.
28.08617 INFO Goes into Track mode.
28.08619 INFO Goes into Escape mode.
28.1193 INFO Goes into Track mode.
28.11932 INFO Goes into Escape mode.
28.13612 INFO Goes into Track mode.
28.13614 INFO Goes into Escape mode.
28.1525 INFO Goes into Track mode.
28.15252 INFO Goes into Escape mode.
28.16898 INFO Goes into Track mode.
28.169 INFO Goes into Escape mode.
28.18556 INFO Goes into Track mode.
28.18559 INFO Goes into Escape mode.
28.22033 INFO Goes into Track mode.
28.22035 INFO Goes into Escape mode.
28.23688 INFO Goes into Track mode.
28.2369 INFO Goes into Escape mode.
28.25347 INFO Goes into Track mode.
28.2535 INFO Goes into Escape mode.
28.27004 INFO Goes into Track mode.
28.27006 INFO Goes into Escape mode.
28.28684 INFO Goes into Track mode.
28.28687 INFO Goes into Escape mode.
28.31972 INFO Goes into Track mode.
28.31975 INFO Goes into Escape mode.
28.33629 INFO Goes into Track mode.
28.33632 INFO Goes into Escape mode.
28.35453 INFO Goes into Track mode.
28.35455 INFO Goes into Escape mode.
28.37107 INFO Goes into Track mode.
28.3711 INFO Goes into Escape mode.
28.38764 INFO Goes into Track mode.
28.38766 INFO Goes into Escape mode.
28.40425 INFO Goes into Track mode.
28.40429 INFO Goes into Escape mode.
28.43759 INFO Goes into Track mode.
28.43761 INFO Goes into Escape mode.
28.45399 INFO Goes into Track mode.
28.45401 INFO Goes into Escape mode.
28.47047 INFO Goes into Track mode.
28.47049 INFO Goes into Escape mode.
28.48703 INFO Goes into Track mode.
28.48705 INFO Goes into Escape mode.
28.52017 INFO Goes into Track mode.
28.52019 INFO Goes into Escape mode.
28.53677 INFO Goes into Track mode.
28.5368 INFO Goes into Escape mode.
28.55331 INFO Goes into Track mode.
28.55333 INFO Goes into Escape mode.
28.56987 INFO Goes into Track mode.
28.56989 INFO Goes into Escape mode.
28.58669 INFO Goes into Track mode.
28.58671 INFO Goes into Escape mode.
28.61958 INFO Goes into Track mode.
28.6196 INFO Goes into Escape mode.
28.63614 INFO Goes into Track mode.
28.63617 INFO Goes into Escape mode.
28.65269 INFO Goes into Track mode.
28.65271 INFO Goes into Escape mode.
28.66928 INFO Goes into Track mode.
28.6693 INFO Goes into Escape mode.
28.68585 INFO Goes into Track mode.
28.68587 INFO Goes into Escape mode.
28.71897 INFO Goes into Track mode.
28.71899 INFO Goes into Escape mode.
28.73561 INFO Goes into Track mode.
28.73563 INFO Goes into Escape mode.
28.75235 INFO Goes into Track mode.
28.75237 INFO Goes into Escape mode.
28.76867 INFO Goes into Track mode.
28.76869 INFO Goes into Escape mode.
28.78526 INFO Goes into Track mode.
28.78534 INFO Goes into Escape mode.
28.81839 INFO Goes into Track mode.
28.81841 INFO Goes into Escape mode.
28.83495 INFO Goes into Track mode.
28.83497 INFO Goes into Escape mode.
28.85152 INFO Goes into Track mode.
28.85154 INFO Goes into Escape mode.
28.86808 INFO Goes into Track mode.
28.8681 INFO Goes into Escape mode.
28.88465 INFO Goes into Track mode.
28.88467 INFO Goes into Escape mode.
28.91801 INFO Goes into Track mode.
28.91804 INFO Goes into Escape mode.
28.93435 INFO Goes into Track mode.
28.93437 INFO Goes into Escape mode.
28.95091 INFO Goes into Track mode.
28.95093 INFO Goes into Escape mode.
28.96753 INFO Goes into Track mode.
28.96755 INFO Goes into Escape mode.
28.98406 INFO Goes into Track mode.
28.98408 INFO Goes into Escape mode.
29.01718 INFO Goes into Track mode.
29.0172 INFO Goes into Escape mode.
29.03374 INFO Goes into Track mode.
29.03376 INFO Goes into Escape mode.
29.0503 INFO Goes into Track mode.
29.05032 INFO Goes into Escape mode.
29.06688 INFO Goes into Track mode.
29.0669 INFO Goes into Escape mode.
29.10002 INFO Goes into Track mode.
29.10004 INFO Goes into Escape mode.
29.11657 INFO Goes into Track mode.
29.11659 INFO Goes into Escape mode.
29.13313 INFO Goes into Track mode.
29.13315 INFO Goes into Escape mode.
29.14971 INFO Goes into Track mode.
29.14973 INFO Goes into Escape mode.
29.16629 INFO Goes into Track mode.
29.16631 INFO Goes into Escape mode.
29.19942 INFO Goes into Track mode.
29.19944 INFO Goes into Escape mode.
29.21598 INFO Goes into Track mode.
29.216 INFO Goes into Escape mode.
29.23255 INFO Goes into Track mode.
29.23257 INFO Goes into Escape mode.
29.24936 INFO Goes into Track mode.
29.24938 INFO Goes into Escape mode.
29.26569 INFO Goes into Track mode.
29.26571 INFO Goes into Escape mode.
29.29884 INFO Goes into Track mode.
29.29886 INFO Goes into Escape mode.
29.31538 INFO Goes into Track mode.
29.3154 INFO Goes into Escape mode.
29.33193 INFO Goes into Track mode.
29.33195 INFO Goes into Escape mode.
29.3485 INFO Goes into Track mode.
29.34852 INFO Goes into Escape mode.
29.36507 INFO Goes into Track mode.
29.36509 INFO Goes into Escape mode.
29.39821 INFO Goes into Track mode.
29.39823 INFO Goes into Escape mode.
29.41503 INFO Goes into Track mode.
29.41505 INFO Goes into Escape mode.
29.43134 INFO Goes into Track mode.
29.43137 INFO Goes into Escape mode.
29.4479 INFO Goes into Track mode.
29.44793 INFO Goes into Escape mode.
29.46449 INFO Goes into Track mode.
29.46451 INFO Goes into Escape mode.
29.49775 INFO Goes into Track mode.
29.49777 INFO Goes into Escape mode.
29.51433 INFO Goes into Track mode.
29.51435 INFO Goes into Escape mode.
29.5309 INFO Goes into Track mode.
29.53092 INFO Goes into Escape mode.
29.54746 INFO Goes into Track mode.
29.54748 INFO Goes into Escape mode.
29.56401 INFO Goes into Track mode.
29.56403 INFO Goes into Escape mode.
29.59722 INFO Goes into Track mode.
29.59724 INFO Goes into Escape mode.
29.61377 INFO Goes into Track mode.
29.61379 INFO Goes into Escape mode.
29.6303 INFO Goes into Track mode.
29.63034 INFO Goes into Escape mode.
29.64685 INFO Goes into Track mode.
29.64687 INFO Goes into Escape mode.
29.68 INFO Goes into Track mode.
29.68002 INFO Goes into Escape mode.
29.69656 INFO Goes into Track mode.
29.69658 INFO Goes into Escape mode.
29.71313 INFO Goes into Track mode.
29.71315 INFO Goes into Escape mode.
29.7297 INFO Goes into Track mode.
29.72972 INFO Goes into Escape mode.
29.74648 INFO Goes into Track mode.
29.7465 INFO Goes into Escape mode.
29.77942 INFO Goes into Track mode.
29.77944 INFO Goes into Escape mode.
29.79596 INFO Goes into Track mode.
29.79598 INFO Goes into Escape mode.
29.81255 INFO Goes into Track mode.
29.81257 INFO Goes into Escape mode.
29.82908 INFO Goes into Track mode.
29.8291 INFO Goes into Escape mode.
29.84565 INFO Goes into Track mode.
29.84566 INFO Goes into Escape mode.
29.8788 INFO Goes into Track mode.
29.87882 INFO Goes into Escape mode.
29.89535 INFO Goes into Track mode.
29.89537 INFO Goes into Escape mode.
29.91216 INFO Goes into Track mode.
29.91217 INFO Goes into Escape mode.
29.9285 INFO Goes into Track mode.
29.92852 INFO Goes into Escape mode.
29.94504 INFO Goes into Track mode.
29.94506 INFO Goes into Escape mode.
29.97825 INFO Goes into Track mode.
29.97828 INFO Goes into Escape mode.
29.9959 INFO Goes into Track mode.
29.99592 INFO Goes into Escape mode.
30.01248 INFO Goes into Track mode.
30.0125 INFO Goes into Escape mode.
30.02904 INFO Goes into Track mode.
30.02906 INFO Goes into Escape mode.
30.04568 INFO Goes into Track mode.
30.0457 INFO Goes into Escape mode.
30.07899 INFO Goes into Track mode.
30.07902 INFO Goes into Escape mode.
30.09538 INFO Goes into Track mode.
30.09541 INFO Goes into Escape mode.
30.11188 INFO Goes into Track mode.
30.1119 INFO Goes into Escape mode.
30.12843 INFO Goes into Track mode.
30.12845 INFO Goes into Escape mode.
30.14579 INFO Goes into Track mode.
30.14581 INFO Goes into Escape mode.
30.17894 INFO Goes into Track mode.
30.17896 INFO Goes into Escape mode.
30.19551 INFO Goes into Track mode.
30.19553 INFO Goes into Escape mode.
30.21205 INFO Goes into Track mode.
30.21207 INFO Goes into Escape mode.
30.22896 INFO Goes into Track mode.
30.22898 INFO Goes into Escape mode.
30.24527 INFO Goes into Track mode.
30.24529 INFO Goes into Escape mode.
30.27834 INFO Goes into Track mode.
35.55058 INFO Shots : 6. Precision : 0 %.
Time : 2/2/2017 3:59:38 AM logfile now closed.
