Time : 2/2/2017 4:02:55 AM
1.492145 INFO Goes into Track mode.
5.906218 INFO Goes into Dodge mode.
6.469258 INFO Goes into Track mode.
6.685214 INFO Has hit obstacle
8.92107 INFO Goes into Escape mode.
8.93766 INFO Goes into Track mode.
8.937674 INFO Goes into Escape mode.
8.970822 INFO Goes into Track mode.
8.970835 INFO Goes into Escape mode.
8.987355 INFO Goes into Track mode.
8.987367 INFO Goes into Escape mode.
9.003912 INFO Goes into Track mode.
9.003924 INFO Goes into Escape mode.
9.020583 INFO Goes into Track mode.
9.020595 INFO Goes into Escape mode.
9.037077 INFO Goes into Track mode.
9.037089 INFO Goes into Escape mode.
9.070212 INFO Goes into Track mode.
9.070225 INFO Goes into Escape mode.
9.086794 INFO Goes into Track mode.
9.086806 INFO Goes into Escape mode.
9.103323 INFO Goes into Track mode.
9.103338 INFO Goes into Escape mode.
9.119875 INFO Goes into Track mode.
9.119887 INFO Goes into Escape mode.
9.136464 INFO Goes into Track mode.
9.136477 INFO Goes into Escape mode.
9.169593 INFO Goes into Track mode.
9.169605 INFO Goes into Escape mode.
9.186317 INFO Goes into Track mode.
9.186338 INFO Goes into Escape mode.
9.202814 INFO Goes into Track mode.
9.202827 INFO Goes into Escape mode.
9.219306 INFO Goes into Track mode.
9.219317 INFO Goes into Escape mode.
9.252439 INFO Goes into Track mode.
9.252451 INFO Goes into Escape mode.
9.269011 INFO Goes into Track mode.
9.269025 INFO Goes into Escape mode.
9.28557 INFO Goes into Track mode.
9.285583 INFO Goes into Escape mode.
9.302127 INFO Goes into Track mode.
9.30214 INFO Goes into Escape mode.
9.318685 INFO Goes into Track mode.
9.318697 INFO Goes into Escape mode.
9.351849 INFO Goes into Track mode.
9.351862 INFO Goes into Escape mode.
9.368372 INFO Goes into Track mode.
9.368383 INFO Goes into Escape mode.
9.384971 INFO Goes into Track mode.
9.384983 INFO Goes into Escape mode.
9.401856 INFO Goes into Track mode.
9.401872 INFO Goes into Escape mode.
9.418117 INFO Goes into Track mode.
9.418129 INFO Goes into Escape mode.
9.451243 INFO Goes into Track mode.
9.451257 INFO Goes into Escape mode.
9.467809 INFO Goes into Track mode.
9.467821 INFO Goes into Escape mode.
9.484643 INFO Goes into Track mode.
9.484655 INFO Goes into Escape mode.
9.501017 INFO Goes into Track mode.
9.501039 INFO Goes into Escape mode.
9.517581 INFO Goes into Track mode.
9.517592 INFO Goes into Escape mode.
9.550671 INFO Goes into Track mode.
9.550683 INFO Goes into Escape mode.
9.567182 INFO Goes into Track mode.
9.567194 INFO Goes into Escape mode.
9.583757 INFO Goes into Track mode.
9.583771 INFO Goes into Escape mode.
9.600302 INFO Goes into Track mode.
9.600313 INFO Goes into Escape mode.
9.616956 INFO Goes into Track mode.
9.616972 INFO Goes into Escape mode.
9.650029 INFO Goes into Track mode.
9.650043 INFO Goes into Escape mode.
9.666599 INFO Goes into Track mode.
9.666611 INFO Goes into Escape mode.
9.683294 INFO Goes into Track mode.
9.683308 INFO Goes into Escape mode.
9.699994 INFO Goes into Track mode.
9.700006 INFO Goes into Escape mode.
9.716301 INFO Goes into Track mode.
9.716311 INFO Goes into Escape mode.
9.749411 INFO Goes into Track mode.
9.749423 INFO Goes into Escape mode.
9.766026 INFO Goes into Track mode.
9.766039 INFO Goes into Escape mode.
9.782576 INFO Goes into Track mode.
9.78259 INFO Goes into Escape mode.
9.799106 INFO Goes into Track mode.
9.799118 INFO Goes into Escape mode.
9.832273 INFO Goes into Track mode.
9.832286 INFO Goes into Escape mode.
9.84894 INFO Goes into Track mode.
9.848952 INFO Goes into Escape mode.
9.865692 INFO Goes into Track mode.
9.865705 INFO Goes into Escape mode.
9.881977 INFO Goes into Track mode.
9.88199 INFO Goes into Escape mode.
9.898524 INFO Goes into Track mode.
9.898537 INFO Goes into Escape mode.
9.931678 INFO Goes into Track mode.
9.93169 INFO Goes into Escape mode.
9.948236 INFO Goes into Track mode.
9.948249 INFO Goes into Escape mode.
9.96481 INFO Goes into Track mode.
9.964824 INFO Goes into Escape mode.
9.981381 INFO Goes into Track mode.
9.981395 INFO Goes into Escape mode.
9.997922 INFO Goes into Track mode.
9.997933 INFO Goes into Escape mode.
10.03113 INFO Goes into Track mode.
10.03115 INFO Goes into Escape mode.
10.04765 INFO Goes into Track mode.
10.04767 INFO Goes into Escape mode.
10.06422 INFO Goes into Track mode.
10.06423 INFO Goes into Escape mode.
10.0808 INFO Goes into Track mode.
10.08081 INFO Goes into Escape mode.
10.09733 INFO Goes into Track mode.
10.09734 INFO Goes into Escape mode.
10.13046 INFO Goes into Track mode.
10.13047 INFO Goes into Escape mode.
10.14711 INFO Goes into Track mode.
10.14712 INFO Goes into Escape mode.
10.16361 INFO Goes into Track mode.
10.16363 INFO Goes into Escape mode.
10.18031 INFO Goes into Track mode.
10.18032 INFO Goes into Escape mode.
10.19674 INFO Goes into Track mode.
10.19676 INFO Goes into Escape mode.
10.23012 INFO Goes into Track mode.
10.23013 INFO Goes into Escape mode.
10.24645 INFO Goes into Track mode.
10.24647 INFO Goes into Escape mode.
10.26326 INFO Goes into Track mode.
10.26327 INFO Goes into Escape mode.
10.27962 INFO Goes into Track mode.
10.27964 INFO Goes into Escape mode.
10.29655 INFO Goes into Track mode.
10.29656 INFO Goes into Escape mode.
10.32926 INFO Goes into Track mode.
10.32928 INFO Goes into Escape mode.
10.34584 INFO Goes into Track mode.
10.34586 INFO Goes into Escape mode.
10.3624 INFO Goes into Track mode.
10.36241 INFO Goes into Escape mode.
10.37896 INFO Goes into Track mode.
10.37897 INFO Goes into Escape mode.
10.41215 INFO Goes into Track mode.
10.41216 INFO Goes into Escape mode.
10.42867 INFO Goes into Track mode.
10.42868 INFO Goes into Escape mode.
10.44521 INFO Goes into Track mode.
10.44522 INFO Goes into Escape mode.
10.46182 INFO Goes into Track mode.
10.46183 INFO Goes into Escape mode.
10.47865 INFO Goes into Track mode.
10.47867 INFO Goes into Escape mode.
10.51151 INFO Goes into Track mode.
10.51152 INFO Goes into Escape mode.
10.52818 INFO Goes into Track mode.
10.52819 INFO Goes into Escape mode.
10.54467 INFO Goes into Track mode.
10.54468 INFO Goes into Escape mode.
10.56125 INFO Goes into Track mode.
10.56126 INFO Goes into Escape mode.
10.57781 INFO Goes into Track mode.
10.57782 INFO Goes into Escape mode.
10.611 INFO Goes into Track mode.
10.61101 INFO Goes into Escape mode.
10.62747 INFO Goes into Track mode.
10.62749 INFO Goes into Escape mode.
10.64407 INFO Goes into Track mode.
10.64409 INFO Goes into Escape mode.
10.66073 INFO Goes into Track mode.
10.66074 INFO Goes into Escape mode.
10.67718 INFO Goes into Track mode.
10.6772 INFO Goes into Escape mode.
10.71033 INFO Goes into Track mode.
10.71035 INFO Goes into Escape mode.
10.72691 INFO Goes into Track mode.
10.72692 INFO Goes into Escape mode.
10.74348 INFO Goes into Track mode.
10.7435 INFO Goes into Escape mode.
10.76009 INFO Goes into Track mode.
10.7601 INFO Goes into Escape mode.
10.7766 INFO Goes into Track mode.
10.77661 INFO Goes into Escape mode.
10.80979 INFO Goes into Track mode.
10.8098 INFO Goes into Escape mode.
10.8263 INFO Goes into Track mode.
10.82631 INFO Goes into Escape mode.
10.84289 INFO Goes into Track mode.
10.8429 INFO Goes into Escape mode.
10.85943 INFO Goes into Track mode.
10.85945 INFO Goes into Escape mode.
10.87602 INFO Goes into Track mode.
10.87603 INFO Goes into Escape mode.
10.90915 INFO Goes into Track mode.
10.90916 INFO Goes into Escape mode.
10.92569 INFO Goes into Track mode.
10.9257 INFO Goes into Escape mode.
10.9423 INFO Goes into Track mode.
10.94231 INFO Goes into Escape mode.
10.95886 INFO Goes into Track mode.
10.95887 INFO Goes into Escape mode.
10.99199 INFO Goes into Track mode.
10.992 INFO Goes into Escape mode.
11.00854 INFO Goes into Track mode.
11.00855 INFO Goes into Escape mode.
11.02507 INFO Goes into Track mode.
11.02508 INFO Goes into Escape mode.
11.04172 INFO Goes into Track mode.
11.04173 INFO Goes into Escape mode.
11.05827 INFO Goes into Track mode.
11.05828 INFO Goes into Escape mode.
11.09142 INFO Goes into Track mode.
11.09144 INFO Goes into Escape mode.
11.10795 INFO Goes into Track mode.
11.10796 INFO Goes into Escape mode.
11.12448 INFO Goes into Track mode.
11.12449 INFO Goes into Escape mode.
11.14122 INFO Goes into Track mode.
11.14124 INFO Goes into Escape mode.
11.15767 INFO Goes into Track mode.
11.15768 INFO Goes into Escape mode.
11.19082 INFO Goes into Track mode.
11.19083 INFO Goes into Escape mode.
11.20735 INFO Goes into Track mode.
11.20737 INFO Goes into Escape mode.
11.22388 INFO Goes into Track mode.
11.22389 INFO Goes into Escape mode.
11.24046 INFO Goes into Track mode.
11.24048 INFO Goes into Escape mode.
11.25706 INFO Goes into Track mode.
11.25707 INFO Goes into Escape mode.
11.29022 INFO Goes into Track mode.
11.29023 INFO Goes into Escape mode.
11.30674 INFO Goes into Track mode.
11.30675 INFO Goes into Escape mode.
11.32329 INFO Goes into Track mode.
13.36161 INFO Has hit obstacle
23.25186 INFO Has hit NightHunter_AI_B2 (2).
23.26837 INFO Has hit NightHunter_AI_B2 (2).
24.41105 INFO Goes into Escape mode.
24.42755 INFO Goes into Track mode.
24.42757 INFO Goes into Escape mode.
24.4441 INFO Goes into Track mode.
24.44411 INFO Goes into Escape mode.
24.4608 INFO Goes into Track mode.
24.46081 INFO Goes into Escape mode.
24.47726 INFO Goes into Track mode.
24.47728 INFO Goes into Escape mode.
24.51043 INFO Goes into Track mode.
24.51044 INFO Goes into Escape mode.
24.52695 INFO Goes into Track mode.
24.52697 INFO Goes into Escape mode.
24.54353 INFO Goes into Track mode.
24.54354 INFO Goes into Escape mode.
24.56011 INFO Goes into Track mode.
24.56012 INFO Goes into Escape mode.
24.57666 INFO Goes into Track mode.
24.57667 INFO Goes into Escape mode.
24.60977 INFO Goes into Track mode.
24.60978 INFO Goes into Escape mode.
24.62645 INFO Goes into Track mode.
24.62646 INFO Goes into Escape mode.
24.64307 INFO Goes into Track mode.
24.64308 INFO Goes into Escape mode.
24.65949 INFO Goes into Track mode.
24.6595 INFO Goes into Escape mode.
24.67607 INFO Goes into Track mode.
24.67608 INFO Goes into Escape mode.
24.70923 INFO Goes into Track mode.
24.70925 INFO Goes into Escape mode.
24.72575 INFO Goes into Track mode.
24.72576 INFO Goes into Escape mode.
24.7423 INFO Goes into Track mode.
24.74231 INFO Goes into Escape mode.
24.75897 INFO Goes into Track mode.
24.75898 INFO Goes into Escape mode.
24.79202 INFO Goes into Track mode.
24.79204 INFO Goes into Escape mode.
24.80862 INFO Goes into Track mode.
24.80864 INFO Goes into Escape mode.
24.8251 INFO Goes into Track mode.
24.82511 INFO Goes into Escape mode.
24.84172 INFO Goes into Track mode.
24.84173 INFO Goes into Escape mode.
24.8583 INFO Goes into Track mode.
24.85832 INFO Goes into Escape mode.
24.89147 INFO Goes into Track mode.
24.89148 INFO Goes into Escape mode.
24.90799 INFO Goes into Track mode.
24.90801 INFO Goes into Escape mode.
24.92454 INFO Goes into Track mode.
24.92455 INFO Goes into Escape mode.
24.9412 INFO Goes into Track mode.
24.94121 INFO Goes into Escape mode.
24.95772 INFO Goes into Track mode.
24.95773 INFO Goes into Escape mode.
24.99107 INFO Goes into Track mode.
24.99108 INFO Goes into Escape mode.
25.00743 INFO Goes into Track mode.
25.00744 INFO Goes into Escape mode.
25.024 INFO Goes into Track mode.
25.02401 INFO Goes into Escape mode.
25.04052 INFO Goes into Track mode.
25.04053 INFO Goes into Escape mode.
25.05711 INFO Goes into Track mode.
25.05712 INFO Goes into Escape mode.
25.09027 INFO Goes into Track mode.
25.09028 INFO Goes into Escape mode.
25.10691 INFO Goes into Track mode.
25.10692 INFO Goes into Escape mode.
25.12334 INFO Goes into Track mode.
25.12335 INFO Goes into Escape mode.
25.13993 INFO Goes into Track mode.
25.13994 INFO Goes into Escape mode.
25.15654 INFO Goes into Track mode.
25.15656 INFO Goes into Escape mode.
25.18967 INFO Goes into Track mode.
25.18968 INFO Goes into Escape mode.
25.20646 INFO Goes into Track mode.
25.20647 INFO Goes into Escape mode.
25.22278 INFO Goes into Track mode.
25.22279 INFO Goes into Escape mode.
25.2394 INFO Goes into Track mode.
25.23941 INFO Goes into Escape mode.
25.2725 INFO Goes into Track mode.
25.27252 INFO Goes into Escape mode.
25.28908 INFO Goes into Track mode.
25.28909 INFO Goes into Escape mode.
25.30563 INFO Goes into Track mode.
25.30564 INFO Goes into Escape mode.
25.3222 INFO Goes into Track mode.
25.32221 INFO Goes into Escape mode.
25.33871 INFO Goes into Track mode.
25.33873 INFO Goes into Escape mode.
25.3719 INFO Goes into Track mode.
25.37192 INFO Goes into Escape mode.
25.38845 INFO Goes into Track mode.
25.38846 INFO Goes into Escape mode.
25.3891 INFO Has hit NightHunter_AI_B2 (1).
25.40502 INFO Goes into Track mode.
25.40503 INFO Goes into Escape mode.
25.42163 INFO Goes into Track mode.
25.42165 INFO Goes into Escape mode.
25.4381 INFO Goes into Track mode.
25.43811 INFO Goes into Escape mode.
25.47125 INFO Goes into Track mode.
25.47126 INFO Goes into Escape mode.
25.48781 INFO Goes into Track mode.
25.48782 INFO Goes into Escape mode.
25.48857 INFO Has hit NightHunter_AI_B2 (2).
25.50435 INFO Goes into Track mode.
25.50436 INFO Goes into Escape mode.
25.5209 INFO Goes into Track mode.
25.52091 INFO Goes into Escape mode.
25.53748 INFO Goes into Track mode.
25.53749 INFO Goes into Escape mode.
25.53804 INFO Has hit NightHunter_AI_B2 (3).
25.57063 INFO Goes into Track mode.
25.57065 INFO Goes into Escape mode.
25.58727 INFO Goes into Track mode.
25.58729 INFO Goes into Escape mode.
25.60395 INFO Goes into Track mode.
25.60396 INFO Goes into Escape mode.
25.62031 INFO Goes into Track mode.
25.62032 INFO Goes into Escape mode.
25.63709 INFO Goes into Track mode.
25.63711 INFO Goes into Escape mode.
25.66995 INFO Goes into Track mode.
25.66996 INFO Goes into Escape mode.
25.68653 INFO Goes into Track mode.
25.68655 INFO Goes into Escape mode.
25.70307 INFO Goes into Track mode.
25.70308 INFO Goes into Escape mode.
25.71966 INFO Goes into Track mode.
25.71967 INFO Goes into Escape mode.
25.7363 INFO Goes into Track mode.
25.73631 INFO Goes into Escape mode.
25.76937 INFO Goes into Track mode.
25.76939 INFO Goes into Escape mode.
25.78592 INFO Goes into Track mode.
25.78593 INFO Goes into Escape mode.
25.80249 INFO Goes into Track mode.
25.80251 INFO Goes into Escape mode.
25.81904 INFO Goes into Track mode.
25.81906 INFO Goes into Escape mode.
25.85217 INFO Goes into Track mode.
25.85218 INFO Goes into Escape mode.
25.8688 INFO Goes into Track mode.
25.86881 INFO Goes into Escape mode.
25.88549 INFO Goes into Track mode.
25.88551 INFO Goes into Escape mode.
25.90195 INFO Goes into Track mode.
25.90196 INFO Goes into Escape mode.
25.91843 INFO Goes into Track mode.
25.91845 INFO Goes into Escape mode.
25.95161 INFO Goes into Track mode.
25.95162 INFO Goes into Escape mode.
25.96815 INFO Goes into Track mode.
25.96817 INFO Goes into Escape mode.
25.98481 INFO Goes into Track mode.
25.98482 INFO Goes into Escape mode.
26.00129 INFO Goes into Track mode.
26.00131 INFO Goes into Escape mode.
26.01785 INFO Goes into Track mode.
26.01786 INFO Goes into Escape mode.
26.051 INFO Goes into Track mode.
26.05101 INFO Goes into Escape mode.
26.06756 INFO Goes into Track mode.
26.06757 INFO Goes into Escape mode.
26.08416 INFO Goes into Track mode.
26.08417 INFO Goes into Escape mode.
26.10085 INFO Goes into Track mode.
26.10086 INFO Goes into Escape mode.
26.11729 INFO Goes into Track mode.
26.11731 INFO Goes into Escape mode.
26.15065 INFO Goes into Track mode.
26.15066 INFO Goes into Escape mode.
26.16694 INFO Goes into Track mode.
26.16695 INFO Goes into Escape mode.
26.18356 INFO Goes into Track mode.
26.18357 INFO Goes into Escape mode.
26.20007 INFO Goes into Track mode.
26.20008 INFO Goes into Escape mode.
26.21675 INFO Goes into Track mode.
26.21676 INFO Goes into Escape mode.
26.24977 INFO Goes into Track mode.
26.24979 INFO Goes into Escape mode.
26.26636 INFO Goes into Track mode.
26.26637 INFO Goes i