Time : 2/2/2017 4:02:55 AM
1.48444 INFO Goes into Track mode.
13.02937 INFO Goes into Escape mode.
13.04596 INFO Goes into Track mode.
13.04597 INFO Goes into Escape mode.
13.06263 INFO Goes into Track mode.
13.06265 INFO Goes into Escape mode.
13.07909 INFO Goes into Track mode.
13.0791 INFO Goes into Escape mode.
13.11222 INFO Goes into Track mode.
13.11223 INFO Goes into Escape mode.
13.12881 INFO Goes into Track mode.
13.12882 INFO Goes into Escape mode.
13.14538 INFO Goes into Track mode.
13.14539 INFO Goes into Escape mode.
13.16192 INFO Goes into Track mode.
13.16193 INFO Goes into Escape mode.
13.17847 INFO Goes into Track mode.
13.17849 INFO Goes into Escape mode.
13.21164 INFO Goes into Track mode.
13.21165 INFO Goes into Escape mode.
13.22828 INFO Goes into Track mode.
13.2283 INFO Goes into Escape mode.
13.24475 INFO Goes into Track mode.
13.24476 INFO Goes into Escape mode.
13.26137 INFO Goes into Track mode.
13.26138 INFO Goes into Escape mode.
13.27792 INFO Goes into Track mode.
13.27793 INFO Goes into Escape mode.
13.31103 INFO Goes into Track mode.
13.31104 INFO Goes into Escape mode.
13.32759 INFO Goes into Track mode.
13.32762 INFO Goes into Escape mode.
13.34414 INFO Goes into Track mode.
13.34416 INFO Goes into Escape mode.
13.36073 INFO Goes into Track mode.
13.36075 INFO Goes into Escape mode.
13.37729 INFO Goes into Track mode.
13.3773 INFO Goes into Escape mode.
13.41049 INFO Goes into Track mode.
13.4105 INFO Goes into Escape mode.
13.42698 INFO Goes into Track mode.
13.42699 INFO Goes into Escape mode.
13.44357 INFO Goes into Track mode.
13.44359 INFO Goes into Escape mode.
13.46013 INFO Goes into Track mode.
13.46015 INFO Goes into Escape mode.
13.47672 INFO Goes into Track mode.
13.47674 INFO Goes into Escape mode.
13.50986 INFO Goes into Track mode.
13.50987 INFO Goes into Escape mode.
13.52639 INFO Goes into Track mode.
13.5264 INFO Goes into Escape mode.
13.54295 INFO Goes into Track mode.
13.54297 INFO Goes into Escape mode.
13.55956 INFO Goes into Track mode.
13.55957 INFO Goes into Escape mode.
13.5761 INFO Goes into Track mode.
13.57611 INFO Goes into Escape mode.
13.6188 INFO Goes into Track mode.
13.61882 INFO Goes into Escape mode.
13.6258 INFO Goes into Track mode.
13.62582 INFO Goes into Escape mode.
13.64237 INFO Goes into Track mode.
13.64238 INFO Goes into Escape mode.
13.65893 INFO Goes into Track mode.
13.65894 INFO Goes into Escape mode.
13.69218 INFO Goes into Track mode.
13.6922 INFO Goes into Escape mode.
13.70868 INFO Goes into Track mode.
13.70869 INFO Goes into Escape mode.
13.72518 INFO Goes into Track mode.
13.72519 INFO Goes into Escape mode.
13.74177 INFO Goes into Track mode.
13.74178 INFO Goes into Escape mode.
13.75835 INFO Goes into Track mode.
13.75836 INFO Goes into Escape mode.
13.79147 INFO Goes into Track mode.
13.79148 INFO Goes into Escape mode.
13.80802 INFO Goes into Track mode.
13.80804 INFO Goes into Escape mode.
13.82458 INFO Goes into Track mode.
13.8246 INFO Goes into Escape mode.
13.84116 INFO Goes into Track mode.
13.84118 INFO Goes into Escape mode.
13.85787 INFO Goes into Track mode.
13.85789 INFO Goes into Escape mode.
13.89092 INFO Goes into Track mode.
13.89093 INFO Goes into Escape mode.
13.90742 INFO Goes into Track mode.
13.90743 INFO Goes into Escape mode.
13.92409 INFO Goes into Track mode.
13.9241 INFO Goes into Escape mode.
13.94063 INFO Goes into Track mode.
13.94065 INFO Goes into Escape mode.
13.95716 INFO Goes into Track mode.
13.95717 INFO Goes into Escape mode.
13.99027 INFO Goes into Track mode.
13.99028 INFO Goes into Escape mode.
14.00684 INFO Goes into Track mode.
14.00686 INFO Goes into Escape mode.
14.02351 INFO Goes into Track mode.
14.02352 INFO Goes into Escape mode.
14.04001 INFO Goes into Track mode.
14.04002 INFO Goes into Escape mode.
14.05658 INFO Goes into Track mode.
14.05659 INFO Goes into Escape mode.
14.08971 INFO Goes into Track mode.
14.08973 INFO Goes into Escape mode.
14.1063 INFO Goes into Track mode.
14.10637 INFO Goes into Escape mode.
14.12282 INFO Goes into Track mode.
14.12283 INFO Goes into Escape mode.
14.13938 INFO Goes into Track mode.
14.13939 INFO Goes into Escape mode.
14.15597 INFO Goes into Track mode.
14.15598 INFO Goes into Escape mode.
14.18923 INFO Goes into Track mode.
14.18925 INFO Goes into Escape mode.
14.20566 INFO Goes into Track mode.
14.20567 INFO Goes into Escape mode.
14.22221 INFO Goes into Track mode.
14.22222 INFO Goes into Escape mode.
14.23878 INFO Goes into Track mode.
14.23879 INFO Goes into Escape mode.
14.27192 INFO Goes into Track mode.
14.27193 INFO Goes into Escape mode.
14.28849 INFO Goes into Track mode.
14.2885 INFO Goes into Escape mode.
14.30504 INFO Goes into Track mode.
14.30506 INFO Goes into Escape mode.
14.32159 INFO Goes into Track mode.
14.3216 INFO Goes into Escape mode.
14.33816 INFO Goes into Track mode.
14.33817 INFO Goes into Escape mode.
14.37131 INFO Goes into Track mode.
14.37132 INFO Goes into Escape mode.
14.38788 INFO Goes into Track mode.
14.38789 INFO Goes into Escape mode.
14.40445 INFO Goes into Track mode.
14.40446 INFO Goes into Escape mode.
14.42101 INFO Goes into Track mode.
14.42102 INFO Goes into Escape mode.
14.43756 INFO Goes into Track mode.
14.43758 INFO Goes into Escape mode.
14.47072 INFO Goes into Track mode.
14.47073 INFO Goes into Escape mode.
14.48729 INFO Goes into Track mode.
14.4873 INFO Goes into Escape mode.
14.50386 INFO Goes into Track mode.
14.50387 INFO Goes into Escape mode.
14.50491 INFO Has hit NightHunter_AI_B2 (5).
14.53692 INFO Goes into Track mode.
14.952 INFO Has hit NightHunter_AI_B2 (1).
15.5309 INFO Goes into Escape mode.
15.54745 INFO Goes into Track mode.
15.54747 INFO Goes into Escape mode.
15.56403 INFO Goes into Track mode.
15.56405 INFO Goes into Escape mode.
15.58059 INFO Goes into Track mode.
15.58062 INFO Goes into Escape mode.
15.59715 INFO Goes into Track mode.
15.59717 INFO Goes into Escape mode.
15.63037 INFO Goes into Track mode.
15.63039 INFO Goes into Escape mode.
15.64688 INFO Goes into Track mode.
15.64691 INFO Goes into Escape mode.
15.66344 INFO Goes into Track mode.
15.66346 INFO Goes into Escape mode.
15.68002 INFO Goes into Track mode.
15.68004 INFO Goes into Escape mode.
15.69656 INFO Goes into Track mode.
15.69658 INFO Goes into Escape mode.
15.7297 INFO Goes into Track mode.
15.72974 INFO Goes into Escape mode.
15.74625 INFO Goes into Track mode.
15.74627 INFO Goes into Escape mode.
15.76283 INFO Goes into Track mode.
15.76286 INFO Goes into Escape mode.
15.7794 INFO Goes into Track mode.
15.77943 INFO Goes into Escape mode.
15.79599 INFO Goes into Track mode.
15.79601 INFO Goes into Escape mode.
15.82909 INFO Goes into Track mode.
15.82911 INFO Goes into Escape mode.
15.84565 INFO Goes into Track mode.
15.84567 INFO Goes into Escape mode.
15.86229 INFO Goes into Track mode.
15.8623 INFO Goes into Escape mode.
15.87884 INFO Goes into Track mode.
15.87885 INFO Goes into Escape mode.
15.91199 INFO Goes into Track mode.
15.912 INFO Goes into Escape mode.
15.92852 INFO Goes into Track mode.
15.92854 INFO Goes into Escape mode.
15.94518 INFO Goes into Track mode.
15.94519 INFO Goes into Escape mode.
15.9617 INFO Goes into Track mode.
15.96171 INFO Goes into Escape mode.
15.97823 INFO Goes into Track mode.
15.97824 INFO Goes into Escape mode.
16.01138 INFO Goes into Track mode.
16.01139 INFO Goes into Escape mode.
16.02794 INFO Goes into Track mode.
16.02795 INFO Goes into Escape mode.
16.04447 INFO Goes into Track mode.
16.04448 INFO Goes into Escape mode.
16.06109 INFO Goes into Track mode.
16.06111 INFO Goes into Escape mode.
16.07765 INFO Goes into Track mode.
16.07766 INFO Goes into Escape mode.
16.11077 INFO Goes into Track mode.
16.1108 INFO Goes into Escape mode.
16.12733 INFO Goes into Track mode.
16.12734 INFO Goes into Escape mode.
16.1439 INFO Goes into Track mode.
16.14392 INFO Goes into Escape mode.
16.16057 INFO Goes into Track mode.
16.16059 INFO Goes into Escape mode.
16.17703 INFO Goes into Track mode.
16.17704 INFO Goes into Escape mode.
16.21015 INFO Goes into Track mode.
16.21016 INFO Goes into Escape mode.
16.22674 INFO Goes into Track mode.
16.22676 INFO Goes into Escape mode.
16.24328 INFO Goes into Track mode.
16.24329 INFO Goes into Escape mode.
16.25992 INFO Goes into Track mode.
16.25993 INFO Goes into Escape mode.
16.27666 INFO Goes into Track mode.
16.27668 INFO Goes into Escape mode.
16.30957 INFO Goes into Track mode.
16.30958 INFO Goes into Escape mode.
16.32622 INFO Goes into Track mode.
16.32623 INFO Goes into Escape mode.
16.34271 INFO Goes into Track mode.
16.34272 INFO Goes into Escape mode.
16.35926 INFO Goes into Track mode.
16.35927 INFO Goes into Escape mode.
16.37591 INFO Goes into Track mode.
16.37593 INFO Goes into Escape mode.
16.40901 INFO Goes into Track mode.
16.40903 INFO Goes into Escape mode.
16.42554 INFO Goes into Track mode.
16.42556 INFO Goes into Escape mode.
16.4421 INFO Goes into Track mode.
16.44211 INFO Goes into Escape mode.
16.45865 INFO Goes into Track mode.
16.45866 INFO Goes into Escape mode.
16.49206 INFO Goes into Track mode.
16.49207 INFO Goes into Escape mode.
16.50838 INFO Goes into Track mode.
16.50839 INFO Goes into Escape mode.
16.52495 INFO Goes into Track mode.
16.52496 INFO Goes into Escape mode.
16.54149 INFO Goes into Track mode.
16.5415 INFO Goes into Escape mode.
16.55809 INFO Goes into Track mode.
16.5581 INFO Goes into Escape mode.
16.59122 INFO Goes into Track mode.
16.59124 INFO Goes into Escape mode.
16.60775 INFO Goes into Track mode.
16.60776 INFO Goes into Escape mode.
16.62439 INFO Goes into Track mode.
16.62441 INFO Goes into Escape mode.
16.64102 INFO Goes into Track mode.
16.64104 INFO Goes into Escape mode.
16.65747 INFO Goes into Track mode.
16.65749 INFO Goes into Escape mode.
16.6906 INFO Goes into Track mode.
16.69061 INFO Goes into Escape mode.
16.70717 INFO Goes into Track mode.
16.70718 INFO Goes into Escape mode.
16.72374 INFO Goes into Track mode.
16.72375 INFO Goes into Escape mode.
16.74027 INFO Goes into Track mode.
16.74028 INFO Goes into Escape mode.
16.75688 INFO Goes into Track mode.
16.7569 INFO Goes into Escape mode.
16.79003 INFO Goes into Track mode.
16.79004 INFO Goes into Escape mode.
16.80665 INFO Goes into Track mode.
16.80667 INFO Goes into Escape mode.
16.82314 INFO Goes into Track mode.
16.82315 INFO Goes into Escape mode.
16.83968 INFO Goes into Track mode.
16.83969 INFO Goes into Escape mode.
16.85629 INFO Goes into Track mode.
16.8563 INFO Goes into Escape mode.
16.88939 INFO Goes into Track mode.
16.8894 INFO Goes into Escape mode.
16.90596 INFO Goes into Track mode.
16.90597 INFO Goes into Escape mode.
16.92251 INFO Goes into Track mode.
16.92252 INFO Goes into Escape mode.
16.93916 INFO Goes into Track mode.
16.93917 INFO Goes into Escape mode.
16.97223 INFO Goes into Track mode.
16.97224 INFO Goes into Escape mode.
16.98878 INFO Goes into Track mode.
16.9888 INFO Goes into Escape mode.
17.00536 INFO Goes into Track mode.
17.00537 INFO Goes into Escape mode.
17.02192 INFO Goes into Track mode.
17.02193 INFO Goes into Escape mode.
17.03849 INFO Goes into Track mode.
17.0385 INFO Goes into Escape mode.
17.07164 INFO Goes into Track mode.
17.07166 INFO Goes into Escape mode.
17.08819 INFO Goes into Track mode.
17.08821 INFO Goes into Escape mode.
17.10476 INFO Goes into Track mode.
17.10477 INFO Goes into Escape mode.
17.12144 INFO Goes into Track mode.
17.12145 INFO Goes into Escape mode.
17.1379 INFO Goes into Track mode.
17.13791 INFO Goes into Escape mode.
17.17103 INFO Goes into Track mode.
17.17105 INFO Goes into Escape mode.
17.18761 INFO Goes into Track mode.
17.18762 INFO Goes into Escape mode.
17.20417 INFO Goes into Track mode.
17.20418 INFO Goes into Escape mode.
17.22072 INFO Goes into Track mode.
17.22073 INFO Goes into Escape mode.
17.23728 INFO Goes into Track mode.
17.23729 INFO Goes into Escape mode.
17.27044 INFO Goes into Track mode.
17.27045 INFO Goes into Escape mode.
17.287 INFO Goes into Track mode.
17.28701 INFO Goes into Escape mode.
17.30356 INFO Goes into Track mode.
17.30357 INFO Goes into Escape mode.
17.32013 INFO Goes into Track mode.
17.32014 INFO Goes into Escape mode.
17.33671 INFO Goes into Track mode.
17.33672 INFO Goes into Escape mode.
17.36985 INFO Goes into Track mode.
17.36987 INFO Goes into Escape mode.
17.38641 INFO Goes into Track mode.
17.38642 INFO Goes into Escape mode.
17.40298 INFO Goes into Track mode.
17.403 INFO Goes into Escape mode.
17.41953 INFO Goes into Track mode.
17.41955 INFO Goes into Escape mode.
17.43607 INFO Goes into Track mode.
17.43608 INFO Goes into Escape mode.
17.46928 INFO Goes into Track mode.
17.46929 INFO Goes into Escape mode.
17.48579 INFO Goes into Track mode.
17.4858 INFO Goes into Escape mode.
17.50234 INFO Goes into Track mode.
17.50236 INFO Goes into Escape mode.
17.51889 INFO Goes into Track mode.
17.51891 INFO Goes into Escape mode.
17.55203 INFO Goes into Track mode.
17.55204 INFO Goes into Escape mode.
17.56859 INFO Goes into Track mode.
17.5686 INFO Goes into Escape mode.
17.58516 INFO Goes into Track mode.
17.58517 INFO Goes into Escape mode.
17.60172 INFO Goes into Track mode.
17.60173 INFO Goes into Escape mode.
17.61838 INFO Goes into Track mode.
17.6184 INFO Goes into Escape mode.
17.65146 INFO Goes into Track mode.
17.65147 INFO Goes into Escape mode.
17.66803 INFO Goes into Track mode.
17.66804 INFO Goes into Escape mode.
17.68459 INFO Goes into Track mode.
17.6846 INFO Goes into Escape mode.
17.7012 INFO Goes into Track mode.
17.70121 INFO Goes into Escape mode.
17.71769 INFO Goes into Track mode.
17.7177 INFO Goes into Escape mode.
17.75086 INFO Goes into Track mode.
17.75087 INFO Goes into Escape mode.
17.76742 INFO Goes into Track mode.
17.76743 INFO Goes into Escape mode.
17.78407 INFO Goes into Track mode.
17.78408 INFO Goes into Escape mode.
17.80055 INFO Goes into Track mode.
17.80056 INFO Goes into Escape mode.
17.81708 INFO Goes into Track mode.
17.8171 INFO Goes into Escape mode.
17.85024 INFO Goes into Track mode.
17.85025 INFO Goes into Escape mode.
17.86686 INFO Goes into Track mode.
17.86687 INFO Goes into Escape mode.
17.8834 INFO Goes into Track mode.
17.88342 INFO Goes into Escape mode.
17.90006 INFO Goes into Track mode.
17.90008 INFO Goes into Escape mode.
17.91656 INFO Goes into Track mode.
17.91657 INFO Goes into Escape mode.
17.94972 INFO Goes into Track mode.
17.94973 INFO Goes into Escape mode.
17.96629 INFO Goes into Track mode.
17.9663 INFO Goes into Escape mode.
17.98281 INFO Goes into Track mode.
17.98283 INFO Goes into Escape mode.
17.99939 INFO Goes into Track mode.
17.9994 INFO Goes into Escape mode.
18.01595 INFO Goes into Track mode.
19.44189 INFO Has hit NightHunter_AI_B1 (1).
21.09731 INFO Goes into Escape mode.
21.13046 INFO Goes into Track mode.
21.13049 INFO Goes into Escape mode.
21.14703 INFO Goes into Track mode.
21.14705 INFO Goes into Escape mode.
21.1636 INFO Goes into Track mode.
21.16363 INFO Goes into Escape mode.
21.18018 INFO Goes into Track mode.
21.1802 INFO Goes into Escape mode.
21.19685 INFO Goes into Track mode.
21.19687 INFO Goes into Escape mode.
21.22986 INFO Goes into Track mode.
21.22988 INFO Goes into Escape mode.
21.24645 INFO Goes into Track mode.
21.24647 INFO Goes into Escape mode.
21.263 INFO Goes into Track mode.
21.26302 INFO Goes into Escape mode.
21.27956 INFO Goes into Track mode.
21.27958 INFO Goes into Escape mode.
21.29613 INFO Goes into Track mode.
21.29615 INFO Goes into Escape mode.
21.32928 INFO Goes into Track mode.
21.32931 INFO Goes into Escape mode.
21.34585 INFO Goes into Track mode.
21.34588 INFO Goes into Escape mode.
21.36248 INFO Goes into Track mode.
24.07934 INFO Goes into Escape mode.
24.09591 INFO Goes into Track mode.
24.09592 INFO Goes into Escape mode.
24.12902 INFO Goes into Track mode.
24.12903 INFO Goes into Escape mode.
24.14571 INFO Goes into Track mode.
24.14572 INFO Goes into Escape mode.
24.16217 INFO Goes into Track mode.
24.16218 INFO Goes into Escape mode.
24.17874 INFO Goes into Track mode.
24.17875 INFO Goes into Escape mode.
24.21187 INFO Goes into Track mode.
24.21188 INFO Goes into Escape mode.
24.22841 INFO Goes into Track mode.
24.22842 INFO Goes into Escape mode.
24.24498 INFO Goes into Track mode.
24.245 INFO Goes into Escape mode.
24.26157 INFO Goes into Track mode.
24.26158 INFO Goes into Escape mode.
24.27811 INFO Goes into Track mode.
24.27814 INFO Goes into Escape mode.
24.31127 INFO Goes into Track mode.
24.31128 INFO Goes into Escape mode.
24.32781 INFO Goes into Track mode.
24.32782 INFO Goes into Escape mode.
24.34437 INFO Goes into Track mode.
24.34438 INFO Goes into Escape mode.
24.36095 INFO Goes into Track mode.
24.36097 INFO Goes into Escape mode.
24.37754 INFO Goes into Track mode.
24.37756 INFO Goes into Escape mode.
24.41065 INFO Goes into Track mode.
24.41067 INFO Goes into Escape mode.
24.42721 INFO Goes into Track mode.
24.42723 INFO Goes into Escape mode.
24.44378 INFO Goes into Track mode.
24.44379 INFO Goes into Escape mode.
24.46048 INFO Goes into Track mode.
24.46049 INFO Goes into Escape mode.
24.47692 INFO Goes into Track mode.
24.47693 INFO Goes into Escape mode.
24.51007 INFO Goes into Track mode.
24.51008 INFO Goes into Escape mode.
24.52663 INFO Goes into Track mode.
24.52664 INFO Goes into Escape mode.
24.54319 INFO Goes into Track mode.
24.54321 INFO Goes into Escape mode.
24.55976 INFO Goes into Track mode.
24.55978 INFO Goes into Escape mode.
24.57632 INFO Goes into Track mode.
24.57634 INFO Goes into Escape mode.
24.60945 INFO Goes into Track mode.
24.60946 INFO Goes into Escape mode.
24.62611 INFO Goes into Track mode.
24.62613 INFO Goes into Escape mode.
24.64259 INFO Goes into Track mode.
24.6426 INFO Goes into Escape mode.
24.65915 INFO Goes into Track mode.
24.65917 INFO Goes into Escape mode.
24.67574 INFO Goes into Track mode.
24.67575 INFO Goes into Escape mode.
24.70888 INFO Goes into Track mode.
24.70889 INFO Goes into Escape mode.
24.72545 INFO Goes into Track mode.
24.72546 INFO Goes into Escape mode.
24.74197 INFO Goes into Track mode.
24.74199 INFO Goes into Escape mode.
24.75857 INFO Goes into Track mode.
24.75858 INFO Goes into Escape mode.
24.79169 INFO Goes into Track mode.
24.79171 INFO Goes into Escape mode.
24.80829 INFO Goes into Track mode.
24.8083 INFO Goes into Escape mode.
24.8248 INFO Goes into Track mode.
24.82481 INFO Goes into Escape mode.
24.84138 INFO Goes into Track mode.
24.84139 INFO Goes into Escape mode.
24.85796 INFO Goes into Track mode.
24.85798 INFO Goes into Escape mode.
24.89109 INFO Goes into Track mode.
24.8911 INFO Goes into Escape mode.
24.90766 INFO Goes into Track mode.
24.90767 INFO Goes into Escape mode.
24.9242 INFO Goes into Track mode.
24.92422 INFO Goes into Escape mode.
24.94086 INFO Goes into Track mode.
24.94087 INFO Goes into Escape mode.
24.95736 INFO Goes into Track mode.
24.95737 INFO Goes into Escape mode.
24.99072 INFO Goes into Track mode.
24.99073 INFO Goes into Escape mode.
25.00706 INFO Goes into Track mode.
25.00707 INFO Goes into Escape mode.
25.02368 INFO Goes into Track mode.
25.02369 INFO Goes into Escape mode.
25.04018 INFO Goes into Track mode.
25.0402 INFO Goes into Escape mode.
25.05675 INFO Goes into Track mode.
25.05676 INFO Goes into Escape mode.
25.0899 INFO Goes into Track mode.
25.08992 INFO Goes into Escape mode.
25.10655 INFO Goes into Track mode.
25.10656 INFO Goes into Escape mode.
25.123 INFO Goes into Track mode.
25.12301 INFO Goes into Escape mode.
25.13957 INFO Goes into Track mode.
25.13959 INFO Goes into Escape mode.
25.15618 INFO Goes into Track mode.
25.15619 INFO Goes into Escape mode.
25.1893 INFO Goes into Track mode.
25.18931 INFO Goes into Escape mode.
25.20585 INFO Goes into Track mode.
25.20587 INFO Goes into Escape mode.
25.22241 INFO Goes into Track mode.
25.22243 INFO Goes into Escape mode.
25.23898 INFO Goes into Track mode.
25.23899 INFO Goes into Escape mode.
25.27213 INFO Goes into Track mode.
25.27215 INFO Goes into Escape mode.
25.2887 INFO Goes into Track mode.
25.28872 INFO Goes into Escape mode.
25.30526 INFO Goes into Track mode.
25.30527 INFO Goes into Escape mode.
25.32182 INFO Goes into Track mode.
25.32183 INFO Goes into Escape mode.
25.33837 INFO Goes into Track mode.
25.33838 INFO Goes into Escape mode.
25.37152 INFO Goes into Track mode.
25.37153 INFO Goes into Escape mode.
25.38808 INFO Goes into Track mode.
25.38809 INFO Goes into Escape mode.
25.40466 INFO Goes into Track mode.
25.40468 INFO Goes into Escape mode.
25.42131 INFO Goes into Track mode.
25.42132 INFO Goes into Escape mode.
25.43777 INFO Goes into Track mode.
25.43779 INFO Goes into Escape mode.
25.47092 INFO Goes into Track mode.
35.22943 INFO Has hit NightHunter_AI_B2 (2).
35.24598 INFO Has hit NightHunter_AI_B2 (2).
38.12777 INFO Goes into Escape mode.
38.14433 INFO Goes into Track mode.
38.14436 INFO Goes into Escape mode.
38.16092 INFO Goes into Track mode.
38.16094 INFO Goes into Escape mode.
38.17746 INFO Goes into Track mode.
38.17749 INFO Goes into Escape mode.
38.21062 INFO Goes into Track mode.
38.21064 INFO Goes into Escape mode.
38.22719 INFO Goes into Track mode.
38.22721 INFO Goes into Escape mode.
38.24375 INFO Goes into Track mode.
38.24379 INFO Goes into Escape mode.
38.26031 INFO Goes into Track mode.
38.26033 INFO Goes into Escape mode.
38.27689 INFO Goes into Track mode.
38.27691 INFO Goes into Escape mode.
38.31002 INFO Goes into Track mode.
38.31004 INFO Goes into Escape mode.
38.32657 INFO Goes into Track mode.
38.32659 INFO Goes into Escape mode.
38.34313 INFO Goes into Track mode.
38.34315 INFO Goes into Escape mode.
38.3597 INFO Goes into Track mode.
38.35973 INFO Goes into Escape mode.
38.37628 INFO Goes into Track mode.
38.3763 INFO Goes into Escape mode.
38.40944 INFO Goes into Track mode.
38.40946 INFO Goes into Escape mode.
38.42599 INFO Goes into Track mode.
38.42602 INFO Goes into Escape mode.
38.44252 INFO Goes into Track mode.
38.44254 INFO Goes into Escape mode.
38.45912 INFO Goes into Track mode.
38.45914 INFO Goes into Escape mode.
38.47569 INFO Goes into Track mode.
38.4757 INFO Goes into Escape mode.
38.50882 INFO Goes into Track mode.
38.50884 INFO Goes into Escape mode.
38.52538 INFO Goes into Track mode.
38.5254 INFO Goes into Escape mode.
38.54194 INFO Goes into Track mode.
38.54196 INFO Goes into Escape mode.
38.55851 INFO Goes into Track mode.
38.55854 INFO Goes into Escape mode.
38.59165 INFO Goes into Track mode.
38.59167 INFO Goes into Escape mode.
38.6082 INFO Goes into Track mode.
38.60822 INFO Goes into Escape mode.
38.6249 INFO Goes into Track mode.
38.62492 INFO Goes into Escape mode.
38.64133 INFO Goes into Track mode.
38.64135 INFO Goes into Escape mode.
38.65791 INFO Goes into Track mode.
38.65792 INFO Goes into Escape mode.
38.69105 INFO Goes into Track mode.
38.69107 INFO Goes into Escape mode.
38.70761 INFO Goes into Track mode.
38.70763 INFO Goes into Escape mode.
38.72417 INFO Goes into Track mode.
38.72419 INFO Goes into Escape mode.
38.74074 INFO Goes into Track mode.
38.74076 INFO Goes into Escape mode.
38.75731 INFO Goes into Track mode.
38.75733 INFO Goes into Escape mode.
38.79045 INFO Goes into Track mode.
38.79048 INFO Goes into Escape mode.
38.80702 INFO Goes into Track mode.
38.80704 INFO Goes into Escape mode.
38.82357 INFO Goes into Track mode.
38.82359 INFO Goes into Escape mode.
38.84014 INFO Goes into Track mode.
38.84016 INFO Goes into Escape mode.
38.85672 INFO Goes into Track mode.
38.85674 INFO Goes into Escape mode.
38.88988 INFO Goes into Track mode.
38.8899 INFO Goes into Escape mode.
38.90641 INFO Goes into Track mode.
38.90643 INFO Goes into Escape mode.
38.92296 INFO Goes into Track mode.
38.92299 INFO Goes into Escape mode.
38.93953 INFO Goes into Track mode.
38.93955 INFO Goes into Escape mode.
38.95612 INFO Goes into Track mode.
38.95614 INFO Goes into Escape mode.
38.98924 INFO Goes into Track mode.
38.98941 INFO Goes into Escape mode.
39.00581 INFO Goes into Track mode.
39.00584 INFO Goes into Escape mode.
39.02237 INFO Goes into Track mode.
39.02239 INFO Goes into Escape mode.
39.03897 INFO Goes into Track mode.
39.03899 INFO Goes into Escape mode.
39.07209 INFO Goes into Track mode.
39.07211 INFO Goes into Escape mode.
39.08867 INFO Goes into Track mode.
39.08869 INFO Goes into Escape mode.
39.10522 INFO Goes into Track mode.
39.10525 INFO Goes into Escape mode.
39.12177 INFO Goes into Track mode.
39.12179 INFO Goes into Escape mode.
39.13834 INFO Goes into Track mode.
39.13836 INFO Goes into Escape mode.
39.17149 INFO Goes into Track mode.
39.17151 INFO Goes into Escape mode.
39.18806 INFO Goes into Track mode.
39.18808 INFO Goes into Escape mode.
39.20461 INFO Goes into Track mode.
39.20462 INFO Goes into Escape mode.
39.22117 INFO Goes into Track mode.
39.22119 INFO Goes into Escape mode.
39.23773 INFO Goes into Track mode.
39.23775 INFO Goes into Escape mode.
39.27098 INFO Goes into Track mode.
39.271 INFO Goes into Escape mode.
39.28746 INFO Goes into Track mode.
39.28748 INFO Goes into Escape mode.
39.30404 INFO Goes into Track mode.
39.30407 INFO Goes into Escape mode.
39.32057 INFO Goes into Track mode.
39.32059 INFO Goes into Escape mode.
39.33715 INFO Goes into Track mode.
39.33717 INFO Goes into Escape mode.
39.37028 INFO Goes into Track mode.
39.3703 INFO Goes into Escape mode.
39.38685 INFO Goes into Track mode.
39.38687 INFO Goes into Escape mode.
39.40345 INFO Goes into Track mode.
39.40347 INFO Goes into Escape mode.
39.42 INFO Goes into Track mode.
39.42002 INFO Goes into Escape mode.
39.43663 INFO Goes into Track mode.
39.43665 INFO Goes into Escape mode.
39.46968 INFO Goes into Track mode.
39.4697 INFO Goes into Escape mode.
39.48626 INFO Goes into Track mode.
39.48629 INFO Goes into Escape mode.
39.50283 INFO Goes into Track mode.
39.50285 INFO Goes into Escape mode.
39.51938 INFO Goes into Track mode.
39.5194 INFO Goes into Escape mode.
39.53595 INFO Goes into Track mode.
39.53597 INFO Goes into Escape mode.
39.56908 INFO Goes into Track mode.
39.5691 INFO Goes into Escape mode.
39.58565 INFO Goes into Track mode.
39.58567 INFO Goes into Escape mode.
39.60232 INFO Goes into Track mode.
39.60234 INFO Goes into Escape mode.
39.61878 INFO Goes into Track mode.
39.6188 INFO Goes into Escape mode.
39.65191 INFO Goes into Track mode.
39.65194 INFO Goes into Escape mode.
39.66848 INFO Goes into Track mode.
39.81758 INFO Goes into Dodge mode.
40.08332 INFO Has hit obstacle
40.74532 INFO Goes into Track mode.
41.39145 INFO Goes into Dodge mode.
41.87183 INFO Goes into Track mode.
46.79222 INFO Goes into Escape mode.
46.80882 INFO Goes into Track mode.
46.80884 INFO Goes into Escape mode.
46.82531 INFO Goes into Track mode.
46.82533 INFO Goes into Escape mode.
46.84184 INFO Goes into Track mode.
46.84186 INFO Goes into Escape mode.
46.85841 INFO Goes into Track mode.
46.85844 INFO Goes into Escape mode.
46.89161 INFO Goes into Track mode.
46.89163 INFO Goes into Escape mode.
46.90812 INFO Goes into Track mode.
46.90814 INFO Goes into Escape mode.
46.92468 INFO Goes into Track mode.
46.9247 INFO Goes into Escape mode.
46.94126 INFO Goes into Track mode.
46.94128 INFO Goes into Escape mode.
46.95782 INFO Goes into Track mode.
46.95784 INFO Goes into Escape mode.
46.99095 INFO Goes into Track mode.
46.99097 INFO Goes into Escape mode.
47.00751 INFO Goes into Track mode.
47.00753 INFO Goes into Escape mode.
47.02409 INFO Goes into Track mode.
47.02411 INFO Goes into Escape mode.
47.04063 INFO Goes into Track mode.
47.04066 INFO Goes into Escape mode.
47.05723 INFO Goes into Track mode.
47.05725 INFO Goes into Escape mode.
47.09036 INFO Goes into Track mode.
47.09038 INFO Goes into Escape mode.
47.10693 INFO Goes into Track mode.
47.10695 INFO Goes into Escape mode.
47.12347 INFO Goes into Track mode.
47.12349 INFO Goes into Escape mode.
47.14004 INFO Goes into Track mode.
47.14006 INFO Goes into Escape mode.
47.15662 INFO Goes into Track mode.
47.15664 INFO Goes into Escape mode.
47.18975 INFO Goes into Track mode.
47.18978 INFO Goes into Escape mode.
47.20633 INFO Goes into Track mode.
47.20635 INFO Goes into Escape mode.
47.22289 INFO Goes into Track mode.
47.22291 INFO Goes into Escape mode.
47.23943 INFO Goes into Track mode.
47.23945 INFO Goes into Escape mode.
47.25602 INFO Goes into Track mode.
47.25605 INFO Goes into Escape mode.
47.28915 INFO Goes into Track mode.
47.28921 INFO Goes into Escape mode.
47.30572 INFO Goes into Track mode.
47.30574 INFO Goes into Escape mode.
47.32229 INFO Goes into Track mode.
47.32231 INFO Goes into Escape mode.
47.33884 INFO Goes into Track mode.
47.33887 INFO Goes into Escape mode.
47.37199 INFO Goes into Track mode.
47.37201 INFO Goes into Escape mode.
47.38856 INFO Goes into Track mode.
47.38858 INFO Goes into Escape mode.
47.40513 INFO Goes into Track mode.
47.40516 INFO Goes into Escape mode.
47.42167 INFO Goes into Track mode.
47.42169 INFO Goes into Escape mode.
47.43825 INFO Goes into Track mode.
47.43827 INFO Goes into Escape mode.
47.47137 INFO Goes into Track mode.
47.47139 INFO Goes into Escape mode.
47.48795 INFO Goes into Track mode.
47.48797 INFO Goes into Escape mode.
47.50457 INFO Goes into Track mode.
47.50459 INFO Goes into Escape mode.
47.5211 INFO Goes into Track mode.
47.52113 INFO Goes into Escape mode.
47.53765 INFO Goes into Track mode.
47.53767 INFO Goes into Escape mode.
47.57079 INFO Goes into Track mode.
47.57081 INFO Goes into Escape mode.
47.58735 INFO Goes into Track mode.
47.58737 INFO Goes into Escape mode.
47.6039 INFO Goes into Track mode.
47.60393 INFO Goes into Escape mode.
47.62063 INFO Goes into Track mode.
47.62065 INFO Goes into Escape mode.
47.63704 INFO Goes into Track mode.
47.63706 INFO Goes into Escape mode.
47.67018 INFO Goes into Track mode.
47.6702 INFO Goes into Escape mode.
47.68676 INFO Goes into Track mode.
47.68679 INFO Goes into Escape mode.
47.70334 INFO Goes into Track mode.
47.70336 INFO Goes into Escape mode.
47.71988 INFO Goes into Track mode.
47.71989 INFO Goes into Escape mode.
47.73643 INFO Goes into Track mode.
47.73646 INFO Goes into Escape mode.
47.76958 INFO Goes into Track mode.
47.76961 INFO Goes into Escape mode.
47.78631 INFO Goes into Track mode.
47.78633 INFO Goes into Escape mode.
47.80275 INFO Goes into Track mode.
47.80277 INFO Goes into Escape mode.
47.81928 INFO Goes into Track mode.
47.81931 INFO Goes into Escape mode.
47.83584 INFO Goes into Track mode.
47.83586 INFO Goes into Escape mode.
47.869 INFO Goes into Track mode.
47.86901 INFO Goes into Escape mode.
47.88559 INFO Goes into Track mode.
47.88561 INFO Goes into Escape mode.
47.90211 INFO Goes into Track mode.
47.90213 INFO Goes into Escape mode.
47.91867 INFO Goes into Track mode.
47.91869 INFO Goes into Escape mode.
47.95182 INFO Goes into Track mode.
47.95184 INFO Goes into Escape mode.
47.96838 INFO Goes into Track mode.
47.9684 INFO Goes into Escape mode.
47.98494 INFO Goes into Track mode.
47.98496 INFO Goes into Escape mode.
48.0015 INFO Goes into Track mode.
48.00153 INFO Goes into Escape mode.
48.01807 INFO Goes into Track mode.
48.01809 INFO Goes into Escape mode.
48.0512 INFO Goes into Track mode.
48.05123 INFO Goes into Escape mode.
48.06778 INFO Goes into Track mode.
48.0678 INFO Goes into Escape mode.
48.08435 INFO Goes into Track mode.
48.08438 INFO Goes into Escape mode.
48.10092 INFO Goes into Track mode.
48.10094 INFO Goes into Escape mode.
48.11749 INFO Goes into Track mode.
48.11751 INFO Goes into Escape mode.
48.1506 INFO Goes into Track mode.
48.15063 INFO Goes into Escape mode.
48.16718 INFO Goes into Track mode.
48.16721 INFO Goes into Escape mode.
48.18375 INFO Goes into Track mode.
48.18377 INFO Goes into Escape mode.
48.20035 INFO Goes into Track mode.
48.20037 INFO Goes into Escape mode.
48.21688 INFO Goes into Track mode.
48.2169 INFO Goes into Escape mode.
48.25003 INFO Goes into Tra